[ 2016-05-24T07:12:20+08:00 ] 111.30.132.195 /multi/App/Index/index/shopid/136
INFO: [ app_init ] --START--
INFO: Run Behavior\BuildLiteBehavior [ RunTime:0.000021s ]
INFO: [ app_init ] --END-- [ RunTime:0.000439s ]
INFO: [ app_begin ] --START--
INFO: Run Behavior\ReadHtmlCacheBehavior [ RunTime:0.000684s ]
INFO: [ app_begin ] --END-- [ RunTime:0.000772s ]
NOTIC: [2048] Declaration of Common\Model\ConfigModel::add() should be compatible with Think\Model::add($data = '', $options = Array, $replace = false) /www/users/HA84691/WEB/multi/Application/Common/Model/ConfigModel.class.php 第 7 行.
NOTIC: [2048] Declaration of Common\Model\ConfigModel::addAll() should be compatible with Think\Model::addAll($dataList, $options = Array, $replace = false) /www/users/HA84691/WEB/multi/Application/Common/Model/ConfigModel.class.php 第 7 行.
NOTIC: [2048] Declaration of Common\Model\ConfigModel::save() should be compatible with Think\Model::save($data = '', $options = Array) /www/users/HA84691/WEB/multi/Application/Common/Model/ConfigModel.class.php 第 7 行.
SQL: SHOW COLUMNS FROM `multi_config` [ RunTime:0.0025s ]
SQL: SELECT * FROM `multi_config` LIMIT 1   [ RunTime:0.0016s ]
SQL: SELECT * FROM `multi_config` LIMIT 1   [ RunTime:0.0014s ]
NOTIC: [2048] Declaration of Common\Model\UserModel::add() should be compatible with Think\Model::add($data = '', $options = Array, $replace = false) /www/users/HA84691/WEB/multi/Application/Common/Model/UserModel.class.php 第 7 行.
NOTIC: [2048] Declaration of Common\Model\UserModel::addAll() should be compatible with Think\Model::addAll($dataList, $options = Array, $replace = false) /www/users/HA84691/WEB/multi/Application/Common/Model/UserModel.class.php 第 7 行.
NOTIC: [2048] Declaration of Common\Model\UserModel::save() should be compatible with Think\Model::save($data = '', $options = Array) /www/users/HA84691/WEB/multi/Application/Common/Model/UserModel.class.php 第 7 行.
SQL: SHOW COLUMNS FROM `multi_user` [ RunTime:0.0027s ]
SQL: SELECT * FROM `multi_user` WHERE `id` = 2 LIMIT 1   [ RunTime:0.0015s ]
NOTIC: [2048] Declaration of Common\Model\ContactModel::add() should be compatible with Think\Model::add($data = '', $options = Array, $replace = false) /www/users/HA84691/WEB/multi/Application/Common/Model/ContactModel.class.php 第 79 行.
NOTIC: [2048] Declaration of Common\Model\ContactModel::addAll() should be compatible with Think\Model::addAll($dataList, $options = Array, $replace = false) /www/users/HA84691/WEB/multi/Application/Common/Model/ContactModel.class.php 第 79 行.
NOTIC: [2048] Declaration of Common\Model\ContactModel::save() should be compatible with Think\Model::save($data = '', $options = Array) /www/users/HA84691/WEB/multi/Application/Common/Model/ContactModel.class.php 第 79 行.
SQL: SHOW COLUMNS FROM `multi_contact` [ RunTime:0.0021s ]
SQL: SELECT * FROM `multi_contact` WHERE ( 1=1 AND user_id='2' )  [ RunTime:0.0016s ]
NOTIC: [2048] Declaration of Common\Model\AuthGroupAccessModel::add() should be compatible with Think\Model::add($data = '', $options = Array, $replace = false) /www/users/HA84691/WEB/multi/Application/Common/Model/AuthGroupAccessModel.class.php 第 23 行.
SQL: SHOW COLUMNS FROM `multi_auth_group_access` [ RunTime:0.0029s ]
SQL: SELECT * FROM `multi_auth_group_access` WHERE ( 1=1 AND uid='2' ) LIMIT 1   [ RunTime:0.0012s ]
SQL: SHOW COLUMNS FROM `multi_shop` [ RunTime:0.0024s ]
SQL: SELECT * FROM `multi_shop` WHERE ( 1=1 AND user_id='2' )  [ RunTime:0.0019s ]
SQL: SELECT * FROM `multi_config` LIMIT 1   [ RunTime:0.0013s ]
SQL: SELECT * FROM `multi_shop` WHERE `id` = 136 LIMIT 1   [ RunTime:0.2469s ]
NOTIC: [2048] Declaration of Common\Model\MenuModel::add() should be compatible with Think\Model::add($data = '', $options = Array, $replace = false) /www/users/HA84691/WEB/multi/Application/Common/Model/MenuModel.class.php 第 144 行.
NOTIC: [2048] Declaration of Common\Model\MenuModel::addAll() should be compatible with Think\Model::addAll($dataList, $options = Array, $replace = false) /www/users/HA84691/WEB/multi/Application/Common/Model/MenuModel.class.php 第 144 行.
NOTIC: [2048] Declaration of Common\Model\MenuModel::save() should be compatible with Think\Model::save($data = '', $options = Array) /www/users/HA84691/WEB/multi/Application/Common/Model/MenuModel.class.php 第 144 行.
SQL: SHOW COLUMNS FROM `multi_menu` [ RunTime:0.0025s ]
SQL: SELECT * FROM `multi_menu` WHERE `shop_id` = 136 ORDER BY rank desc,id desc  [ RunTime:0.0018s ]
NOTIC: [2048] Declaration of Common\Model\FileModel::add() should be compatible with Think\Model::add($data = '', $options = Array, $replace = false) /www/users/HA84691/WEB/multi/Application/Common/Model/FileModel.class.php 第 137 行.
NOTIC: [2048] Declaration of Common\Model\FileModel::addAll() should be compatible with Think\Model::addAll($dataList, $options = Array, $replace = false) /www/users/HA84691/WEB/multi/Application/Common/Model/FileModel.class.php 第 137 行.
NOTIC: [2048] Declaration of Common\Model\FileModel::save() should be compatible with Think\Model::save($data = '', $options = Array) /www/users/HA84691/WEB/multi/Application/Common/Model/FileModel.class.php 第 137 行.
SQL: SHOW COLUMNS FROM `multi_file` [ RunTime:0.0024s ]
SQL: SELECT * FROM `multi_file` WHERE ( 1=1 AND id='0' ) LIMIT 1   [ RunTime:0.0015s ]
SQL: SELECT * FROM `multi_shop` WHERE ( 1=1 AND id='136' ) LIMIT 1   [ RunTime:0.0020s ]
SQL: SELECT * FROM `multi_file` WHERE ( 1=1 AND id='45' ) LIMIT 1   [ RunTime:0.0018s ]
SQL: SELECT * FROM `multi_shop` WHERE ( 1=1 AND id='136' ) LIMIT 1   [ RunTime:0.0018s ]
SQL: SELECT * FROM `multi_file` WHERE ( 1=1 AND id='0' ) LIMIT 1   [ RunTime:0.0013s ]
SQL: SELECT * FROM `multi_shop` WHERE ( 1=1 AND id='136' ) LIMIT 1   [ RunTime:0.0016s ]
SQL: SELECT * FROM `multi_file` WHERE ( 1=1 AND id='0' ) LIMIT 1   [ RunTime:0.0015s ]
SQL: SELECT * FROM `multi_shop` WHERE ( 1=1 AND id='136' ) LIMIT 1   [ RunTime:0.0015s ]
NOTIC: [2048] Declaration of Common\Model\ProductModel::add() should be compatible with Think\Model::add($data = '', $options = Array, $replace = false) /www/users/HA84691/WEB/multi/Application/Common/Model/ProductModel.class.php 第 243 行.
NOTIC: [2048] Declaration of Common\Model\ProductModel::addAll() should be compatible with Think\Model::addAll($dataList, $options = Array, $replace = false) /www/users/HA84691/WEB/multi/Application/Common/Model/ProductModel.class.php 第 243 行.
NOTIC: [2048] Declaration of Common\Model\ProductModel::save() should be compatible with Think\Model::save($data = '', $options = Array) /www/users/HA84691/WEB/multi/Application/Common/Model/ProductModel.class.php 第 243 行.
SQL: SHOW COLUMNS FROM `multi_product` [ RunTime:0.0025s ]
SQL: SELECT * FROM `multi_product` WHERE `status` <> -1 AND `shop_id` = 136 ORDER BY rank desc  [ RunTime:0.0017s ]
SQL: SELECT * FROM `multi_menu` WHERE ( 1=1 AND id='1' ) LIMIT 1   [ RunTime:0.0010s ]
SQL: SELECT * FROM `multi_file` WHERE ( 1=1 AND id='10' ) LIMIT 1   [ RunTime:0.0012s ]
NOTIC: [2048] Declaration of Common\Model\CommentModel::add() should be compatible with Think\Model::add($data = '', $options = Array, $replace = false) /www/users/HA84691/WEB/multi/Application/Common/Model/CommentModel.class.php 第 140 行.
NOTIC: [2048] Declaration of Common\Model\CommentModel::addAll() should be compatible with Think\Model::addAll($dataList, $options = Array, $replace = false) /www/users/HA84691/WEB/multi/Application/Common/Model/CommentModel.class.php 第 140 行.
NOTIC: [2048] Declaration of Common\Model\CommentModel::save() should be compatible with Think\Model::save($data = '', $options = Array) /www/users/HA84691/WEB/multi/Application/Common/Model/CommentModel.class.php 第 140 行.
SQL: SHOW COLUMNS FROM `multi_comment` [ RunTime:0.0026s ]
SQL: SELECT * FROM `multi_comment` WHERE ( 1=1 AND product_id='1' )  [ RunTime:0.0012s ]
NOTIC: [2048] Declaration of Common\Model\ProductSkuModel::add() should be compatible with Think\Model::add($data = '', $options = Array, $replace = false) /www/users/HA84691/WEB/multi/Application/Common/Model/ProductSkuModel.class.php 第 69 行.
NOTIC: [2048] Declaration of Common\Model\ProductSkuModel::addAll() should be compatible with Think\Model::addAll($dataList, $options = Array, $replace = false) /www/users/HA84691/WEB/multi/Application/Common/Model/ProductSkuModel.class.php 第 69 行.
NOTIC: [2048] Declaration of Common\Model\ProductSkuModel::save() should be compatible with Think\Model::save($data = '', $options = Array) /www/users/HA84691/WEB/multi/Application/Common/Model/ProductSkuModel.class.php 第 69 行.
SQL: SHOW COLUMNS FROM `multi_product_sku` [ RunTime:0.0023s ]
SQL: SELECT * FROM `multi_product_sku` WHERE ( 1=1 AND product_id='1' )  [ RunTime:0.0016s ]
SQL: SELECT * FROM `multi_shop` WHERE ( 1=1 AND id='136' ) LIMIT 1   [ RunTime:0.0015s ]
SQL: SELECT * FROM `multi_menu` WHERE ( 1=1 AND id='15' ) LIMIT 1   [ RunTime:0.0028s ]
SQL: SELECT * FROM `multi_file` WHERE ( 1=1 AND id='42' ) LIMIT 1   [ RunTime:0.0012s ]
SQL: SELECT * FROM `multi_comment` WHERE ( 1=1 AND product_id='26' )  [ RunTime:0.0013s ]
SQL: SELECT * FROM `multi_product_sku` WHERE ( 1=1 AND product_id='26' )  [ RunTime:0.0045s ]
SQL: SELECT * FROM `multi_shop` WHERE ( 1=1 AND id='136' ) LIMIT 1   [ RunTime:0.0022s ]
NOTIC: [2048] Declaration of Common\Model\AdsModel::add() should be compatible with Think\Model::add($data = '', $options = Array, $replace = false) /www/users/HA84691/WEB/multi/Application/Common/Model/AdsModel.class.php 第 135 行.
NOTIC: [2048] Declaration of Common\Model\AdsModel::addAll() should be compatible with Think\Model::addAll($dataList, $options = Array, $replace = false) /www/users/HA84691/WEB/multi/Application/Common/Model/AdsModel.class.php 第 135 行.
NOTIC: [2048] Declaration of Common\Model\AdsModel::save() should be compatible with Think\Model::save($data = '', $options = Array) /www/users/HA84691/WEB/multi/Application/Common/Model/AdsModel.class.php 第 135 行.
SQL: SHOW COLUMNS FROM `multi_ads` [ RunTime:0.0024s ]
SQL: SELECT * FROM `multi_ads` WHERE `shop_id` = 136 ORDER BY id desc  [ RunTime:0.0020s ]
SQL: SELECT * FROM `multi_file` WHERE ( 1=1 AND id='31' ) LIMIT 1   [ RunTime:0.0014s ]
SQL: SELECT * FROM `multi_shop` WHERE ( 1=1 AND id='136' ) LIMIT 1   [ RunTime:0.0014s ]
SQL: SELECT * FROM `multi_file` WHERE ( 1=1 AND id='42' ) LIMIT 1   [ RunTime:0.0010s ]
SQL: SELECT * FROM `multi_shop` WHERE ( 1=1 AND id='136' ) LIMIT 1   [ RunTime:0.0016s ]
SQL: SELECT * FROM `multi_file` WHERE ( 1=1 AND id='44' ) LIMIT 1   [ RunTime:0.0011s ]
SQL: SELECT * FROM `multi_shop` WHERE ( 1=1 AND id='136' ) LIMIT 1   [ RunTime:0.0015s ]
SQL: SELECT * FROM `multi_file` WHERE ( 1=1 AND id='43' ) LIMIT 1   [ RunTime:0.0022s ]
SQL: SELECT * FROM `multi_shop` WHERE ( 1=1 AND id='136' ) LIMIT 1   [ RunTime:0.0022s ]
SQL: SELECT * FROM `multi_file` WHERE ( 1=1 AND id='34' ) LIMIT 1   [ RunTime:0.0040s ]
SQL: SELECT * FROM `multi_shop` WHERE ( 1=1 AND id='136' ) LIMIT 1   [ RunTime:0.0033s ]
SQL: SELECT * FROM `multi_file` WHERE ( 1=1 AND id='33' ) LIMIT 1   [ RunTime:0.0017s ]
SQL: SELECT * FROM `multi_shop` WHERE ( 1=1 AND id='136' ) LIMIT 1   [ RunTime:0.0023s ]
SQL: SELECT * FROM `multi_file` WHERE ( 1=1 AND id='45' ) LIMIT 1   [ RunTime:0.0020s ]
SQL: SELECT * FROM `multi_shop` WHERE ( 1=1 AND id='136' ) LIMIT 1   [ RunTime:0.0015s ]
SQL: SELECT * FROM `multi_file` WHERE ( 1=1 AND id='2' ) LIMIT 1   [ RunTime:0.0012s ]
SQL: SELECT * FROM `multi_shop` WHERE ( 1=1 AND id='136' ) LIMIT 1   [ RunTime:0.0039s ]
SQL: SELECT * FROM `multi_file` WHERE ( 1=1 AND id='3' ) LIMIT 1   [ RunTime:0.0013s ]
SQL: SELECT * FROM `multi_shop` WHERE ( 1=1 AND id='136' ) LIMIT 1   [ RunTime:0.0016s ]
SQL: SELECT * FROM `multi_file` WHERE ( 1=1 AND id='4' ) LIMIT 1   [ RunTime:0.0011s ]
SQL: SELECT * FROM `multi_shop` WHERE ( 1=1 AND id='136' ) LIMIT 1   [ RunTime:0.0078s ]
SQL: SELECT * FROM `multi_file` WHERE ( 1=1 AND id='5' ) LIMIT 1   [ RunTime:0.0014s ]
SQL: SELECT * FROM `multi_shop` WHERE ( 1=1 AND id='136' ) LIMIT 1   [ RunTime:0.0077s ]
SQL: SELECT * FROM `multi_file` WHERE ( 1=1 AND id='31' ) LIMIT 1   [ RunTime:0.0013s ]
SQL: SELECT * FROM `multi_shop` WHERE ( 1=1 AND id='136' ) LIMIT 1   [ RunTime:0.0018s ]
SQL: SELECT * FROM `multi_file` WHERE ( 1=1 AND id='30' ) LIMIT 1   [ RunTime:0.0011s ]
SQL: SELECT * FROM `multi_shop` WHERE ( 1=1 AND id='136' ) LIMIT 1   [ RunTime:0.0016s ]
NOTIC: [2048] Declaration of Common\Model\WxConfigModel::add() should be compatible with Think\Model::add($data = '', $options = Array, $replace = false) /www/users/HA84691/WEB/multi/Application/Common/Model/WxConfigModel.class.php 第 62 行.
NOTIC: [2048] Declaration of Common\Model\WxConfigModel::addAll() should be compatible with Think\Model::addAll($dataList, $options = Array, $replace = false) /www/users/HA84691/WEB/multi/Application/Common/Model/WxConfigModel.class.php 第 62 行.
NOTIC: [2048] Declaration of Common\Model\WxConfigModel::save() should be compatible with Think\Model::save($data = '', $options = Array) /www/users/HA84691/WEB/multi/Application/Common/Model/WxConfigModel.class.php 第 62 行.
SQL: SHOW COLUMNS FROM `multi_wx_config` [ RunTime:0.0025s ]
SQL: SELECT * FROM `multi_wx_config` LIMIT 1   [ RunTime:0.0011s ]
INFO: [ view_parse ] --START--
NOTIC: [8] Undefined offset: 1 /www/users/HA84691/WEB/multi/ThinkPHP/Library/Think/Template.class.php 第 527 行.
NOTIC: [8] Undefined offset: 1 /www/users/HA84691/WEB/multi/ThinkPHP/Library/Think/Template.class.php 第 527 行.
NOTIC: [8] Undefined offset: 1 /www/users/HA84691/WEB/multi/ThinkPHP/Library/Think/Template.class.php 第 527 行.
NOTIC: [8] Undefined offset: 1 /www/users/HA84691/WEB/multi/ThinkPHP/Library/Think/Template.class.php 第 527 行.
NOTIC: [8] Undefined offset: 1 /www/users/HA84691/WEB/multi/ThinkPHP/Library/Think/Template.class.php 第 527 行.
NOTIC: [8] Undefined offset: 1 /www/users/HA84691/WEB/multi/ThinkPHP/Library/Think/Template.class.php 第 527 行.
INFO: [ template_filter ] --START--
INFO: Run Behavior\ContentReplaceBehavior [ RunTime:0.000144s ]
INFO: [ template_filter ] --END-- [ RunTime:0.000229s ]
INFO: Run Behavior\ParseTemplateBehavior [ RunTime:0.085749s ]
INFO: [ view_parse ] --END-- [ RunTime:0.085917s ]
INFO: [ view_filter ] --START--
INFO: Run Behavior\WriteHtmlCacheBehavior [ RunTime:0.006541s ]
INFO: [ view_filter ] --END-- [ RunTime:0.006635s ]
INFO: [ app_end ] --START--
INFO: Run Behavior\ShowPageTraceBehavior [ RunTime:0.000930s ]
INFO: [ app_end ] --END-- [ RunTime:0.001006s ]

[ 2016-05-24T07:12:53+08:00 ] 123.151.42.57 /multi/App/Index/index/shopid/136
INFO: [ app_init ] --START--
INFO: Run Behavior\BuildLiteBehavior [ RunTime:0.000024s ]
INFO: [ app_init ] --END-- [ RunTime:0.000554s ]
INFO: [ app_begin ] --START--
INFO: Run Behavior\ReadHtmlCacheBehavior [ RunTime:0.000622s ]
INFO: [ app_begin ] --END-- [ RunTime:0.000720s ]
NOTIC: [2048] Declaration of Common\Model\ConfigModel::add() should be compatible with Think\Model::add($data = '', $options = Array, $replace = false) /www/users/HA84691/WEB/multi/Application/Common/Model/ConfigModel.class.php 第 7 行.
NOTIC: [2048] Declaration of Common\Model\ConfigModel::addAll() should be compatible with Think\Model::addAll($dataList, $options = Array, $replace = false) /www/users/HA84691/WEB/multi/Application/Common/Model/ConfigModel.class.php 第 7 行.
NOTIC: [2048] Declaration of Common\Model\ConfigModel::save() should be compatible with Think\Model::save($data = '', $options = Array) /www/users/HA84691/WEB/multi/Application/Common/Model/ConfigModel.class.php 第 7 行.
SQL: SHOW COLUMNS FROM `multi_config` [ RunTime:0.0032s ]
SQL: SELECT * FROM `multi_config` LIMIT 1   [ RunTime:0.0015s ]
SQL: SELECT * FROM `multi_config` LIMIT 1   [ RunTime:0.0016s ]
NOTIC: [2048] Declaration of Common\Model\UserModel::add() should be compatible with Think\Model::add($data = '', $options = Array, $replace = false) /www/users/HA84691/WEB/multi/Application/Common/Model/UserModel.class.php 第 7 行.
NOTIC: [2048] Declaration of Common\Model\UserModel::addAll() should be compatible with Think\Model::addAll($dataList, $options = Array, $replace = false) /www/users/HA84691/WEB/multi/Application/Common/Model/UserModel.class.php 第 7 行.
NOTIC: [2048] Declaration of Common\Model\UserModel::save() should be compatible with Think\Model::save($data = '', $options = Array) /www/users/HA84691/WEB/multi/Application/Common/Model/UserModel.class.php 第 7 行.
SQL: SHOW COLUMNS FROM `multi_user` [ RunTime:0.0060s ]
SQL: SELECT * FROM `multi_user` WHERE `id` = 2 LIMIT 1   [ RunTime:0.0020s ]
NOTIC: [2048] Declaration of Common\Model\ContactModel::add() should be compatible with Think\Model::add($data = '', $options = Array, $replace = false) /www/users/HA84691/WEB/multi/Application/Common/Model/ContactModel.class.php 第 79 行.
NOTIC: [2048] Declaration of Common\Model\ContactModel::addAll() should be compatible with Think\Model::addAll($dataList, $options = Array, $replace = false) /www/users/HA84691/WEB/multi/Application/Common/Model/ContactModel.class.php 第 79 行.
NOTIC: [2048] Declaration of Common\Model\ContactModel::save() should be compatible with Think\Model::save($data = '', $options = Array) /www/users/HA84691/WEB/multi/Application/Common/Model/ContactModel.class.php 第 79 行.
SQL: SHOW COLUMNS FROM `multi_contact` [ RunTime:0.0025s ]
SQL: SELECT * FROM `multi_contact` WHERE ( 1=1 AND user_id='2' )  [ RunTime:0.0012s ]
NOTIC: [2048] Declaration of Common\Model\AuthGroupAccessModel::add() should be compatible with Think\Model::add($data = '', $options = Array, $replace = false) /www/users/HA84691/WEB/multi/Application/Common/Model/AuthGroupAccessModel.class.php 第 23 行.
SQL: SHOW COLUMNS FROM `multi_auth_group_access` [ RunTime:0.0025s ]
SQL: SELECT * FROM `multi_auth_group_access` WHERE ( 1=1 AND uid='2' ) LIMIT 1   [ RunTime:0.0014s ]
SQL: SHOW COLUMNS FROM `multi_shop` [ RunTime:0.0116s ]
SQL: SELECT * FROM `multi_shop` WHERE ( 1=1 AND user_id='2' )  [ RunTime:0.0025s ]
SQL: SELECT * FROM `multi_config` LIMIT 1   [ RunTime:0.0016s ]
SQL: SELECT * FROM `multi_shop` WHERE `id` = 136 LIMIT 1   [ RunTime:0.0016s ]
NOTIC: [2048] Declaration of Common\Model\MenuModel::add() should be compatible with Think\Model::add($data = '', $options = Array, $replace = false) /www/users/HA84691/WEB/multi/Application/Common/Model/MenuModel.class.php 第 144 行.
NOTIC: [2048] Declaration of Common\Model\MenuModel::addAll() should be compatible with Think\Model::addAll($dataList, $options = Array, $replace = false) /www/users/HA84691/WEB/multi/Application/Common/Model/MenuModel.class.php 第 144 行.
NOTIC: [2048] Declaration of Common\Model\MenuModel::save() should be compatible with Think\Model::save($data = '', $options = Array) /www/users/HA84691/WEB/multi/Application/Common/Model/MenuModel.class.php 第 144 行.
SQL: SHOW COLUMNS FROM `multi_menu` [ RunTime:0.0026s ]
SQL: SELECT * FROM `multi_menu` WHERE `shop_id` = 136 ORDER BY rank desc,id desc  [ RunTime:0.0018s ]
NOTIC: [2048] Declaration of Common\Model\FileModel::add() should be compatible with Think\Model::add($data = '', $options = Array, $replace = false) /www/users/HA84691/WEB/multi/Application/Common/Model/FileModel.class.php 第 137 行.
NOTIC: [2048] Declaration of Common\Model\FileModel::addAll() should be compatible with Think\Model::addAll($dataList, $options = Array, $replace = false) /www/users/HA84691/WEB/multi/Application/Common/Model/FileModel.class.php 第 137 行.
NOTIC: [2048] Declaration of Common\Model\FileModel::save() should be compatible with Think\Model::save($data = '', $options = Array) /www/users/HA84691/WEB/multi/Application/Common/Model/FileModel.class.php 第 137 行.
SQL: SHOW COLUMNS FROM `multi_file` [ RunTime:0.0092s ]
SQL: SELECT * FROM `multi_file` WHERE ( 1=1 AND id='0' ) LIMIT 1   [ RunTime:0.0016s ]
SQL: SELECT * FROM `multi_shop` WHERE ( 1=1 AND id='136' ) LIMIT 1   [ RunTime:0.0025s ]
SQL: SELECT * FROM `multi_file` WHERE ( 1=1 AND id='45' ) LIMIT 1   [ RunTime:0.0022s ]
SQL: SELECT * FROM `multi_shop` WHERE ( 1=1 AND id='136' ) LIMIT 1   [ RunTime:0.0017s ]
SQL: SELECT * FROM `multi_file` WHERE ( 1=1 AND id='0' ) LIMIT 1   [ RunTime:0.0051s ]
SQL: SELECT * FROM `multi_shop` WHERE ( 1=1 AND id='136' ) LIMIT 1   [ RunTime:0.0025s ]
SQL: SELECT * FROM `multi_file` WHERE ( 1=1 AND id='0' ) LIMIT 1   [ RunTime:0.0014s ]
SQL: SELECT * FROM `multi_shop` WHERE ( 1=1 AND id='136' ) LIMIT 1   [ RunTime:0.0020s ]
NOTIC: [2048] Declaration of Common\Model\ProductModel::add() should be compatible with Think\Model::add($data = '', $options = Array, $replace = false) /www/users/HA84691/WEB/multi/Application/Common/Model/ProductModel.class.php 第 243 行.
NOTIC: [2048] Declaration of Common\Model\ProductModel::addAll() should be compatible with Think\Model::addAll($dataList, $options = Array, $replace = false) /www/users/HA84691/WEB/multi/Application/Common/Model/ProductModel.class.php 第 243 行.
NOTIC: [2048] Declaration of Common\Model\ProductModel::save() should be compatible with Think\Model::save($data = '', $options = Array) /www/users/HA84691/WEB/multi/Application/Common/Model/ProductModel.class.php 第 243 行.
SQL: SHOW COLUMNS FROM `multi_product` [ RunTime:0.0034s ]
SQL: SELECT * FROM `multi_product` WHERE `status` <> -1 AND `shop_id` = 136 ORDER BY rank desc  [ RunTime:0.0022s ]
SQL: SELECT * FROM `multi_menu` WHERE ( 1=1 AND id='1' ) LIMIT 1   [ RunTime:0.0026s ]
SQL: SELECT * FROM `multi_file` WHERE ( 1=1 AND id='10' ) LIMIT 1   [ RunTime:0.0027s ]
NOTIC: [2048] Declaration of Common\Model\CommentModel::add() should be compatible with Think\Model::add($data = '', $options = Array, $replace = false) /www/users/HA84691/WEB/multi/Application/Common/Model/CommentModel.class.php 第 140 行.
NOTIC: [2048] Declaration of Common\Model\CommentModel::addAll() should be compatible with Think\Model::addAll($dataList, $options = Array, $replace = false) /www/users/HA84691/WEB/multi/Application/Common/Model/CommentModel.class.php 第 140 行.
NOTIC: [2048] Declaration of Common\Model\CommentModel::save() should be compatible with Think\Model::save($data = '', $options = Array) /www/users/HA84691/WEB/multi/Application/Common/Model/CommentModel.class.php 第 140 行.
SQL: SHOW COLUMNS FROM `multi_comment` [ RunTime:0.0029s ]
SQL: SELECT * FROM `multi_comment` WHERE ( 1=1 AND product_id='1' )  [ RunTime:0.0014s ]
NOTIC: [2048] Declaration of Common\Model\ProductSkuModel::add() should be compatible with Think\Model::add($data = '', $options = Array, $replace = false) /www/users/HA84691/WEB/multi/Application/Common/Model/ProductSkuModel.class.php 第 69 行.
NOTIC: [2048] Declaration of Common\Model\ProductSkuModel::addAll() should be compatible with Think\Model::addAll($dataList, $options = Array, $replace = false) /www/users/HA84691/WEB/multi/Application/Common/Model/ProductSkuModel.class.php 第 69 行.
NOTIC: [2048] Declaration of Common\Model\ProductSkuModel::save() should be compatible with Think\Model::save($data = '', $options = Array) /www/users/HA84691/WEB/multi/Application/Common/Model/ProductSkuModel.class.php 第 69 行.
SQL: SHOW COLUMNS FROM `multi_product_sku` [ RunTime:0.0086s ]
SQL: SELECT * FROM `multi_product_sku` WHERE ( 1=1 AND product_id='1' )  [ RunTime:0.0069s ]
SQL: SELECT * FROM `multi_shop` WHERE ( 1=1 AND id='136' ) LIMIT 1   [ RunTime:0.0027s ]
SQL: SELECT * FROM `multi_menu` WHERE ( 1=1 AND id='15' ) LIMIT 1   [ RunTime:0.0014s ]
SQL: SELECT * FROM `multi_file` WHERE ( 1=1 AND id='42' ) LIMIT 1   [ RunTime:0.0036s ]
SQL: SELECT * FROM `multi_comment` WHERE ( 1=1 AND product_id='26' )  [ RunTime:0.0015s ]
SQL: SELECT * FROM `multi_product_sku` WHERE ( 1=1 AND product_id='26' )  [ RunTime:0.0040s ]
SQL: SELECT * FROM `multi_shop` WHERE ( 1=1 AND id='136' ) LIMIT 1   [ RunTime:0.0019s ]
NOTIC: [2048] Declaration of Common\Model\AdsModel::add() should be compatible with Think\Model::add($data = '', $options = Array, $replace = false) /www/users/HA84691/WEB/multi/Application/Common/Model/AdsModel.class.php 第 135 行.
NOTIC: [2048] Declaration of Common\Model\AdsModel::addAll() should be compatible with Think\Model::addAll($dataList, $options = Array, $replace = false) /www/users/HA84691/WEB/multi/Application/Common/Model/AdsModel.class.php 第 135 行.
NOTIC: [2048] Declaration of Common\Model\AdsModel::save() should be compatible with Think\Model::save($data = '', $options = Array) /www/users/HA84691/WEB/multi/Application/Common/Model/AdsModel.class.php 第 135 行.
SQL: SHOW COLUMNS FROM `multi_ads` [ RunTime:0.0023s ]
SQL: SELECT * FROM `multi_ads` WHERE `shop_id` = 136 ORDER BY id desc  [ RunTime:0.0071s ]
SQL: SELECT * FROM `multi_file` WHERE ( 1=1 AND id='31' ) LIMIT 1   [ RunTime:0.0011s ]
SQL: SELECT * FROM `multi_shop` WHERE ( 1=1 AND id='136' ) LIMIT 1   [ RunTime:0.0040s ]
SQL: SELECT * FROM `multi_file` WHERE ( 1=1 AND id='42' ) LIMIT 1   [ RunTime:0.0011s ]
SQL: SELECT * FROM `multi_shop` WHERE ( 1=1 AND id='136' ) LIMIT 1   [ RunTime:0.0016s ]
SQL: SELECT * FROM `multi_file` WHERE ( 1=1 AND id='44' ) LIMIT 1   [ RunTime:0.0011s ]
SQL: SELECT * FROM `multi_shop` WHERE ( 1=1 AND id='136' ) LIMIT 1   [ RunTime:0.0016s ]
SQL: SELECT * FROM `multi_file` WHERE ( 1=1 AND id='43' ) LIMIT 1   [ RunTime:0.0012s ]
SQL: SELECT * FROM `multi_shop` WHERE ( 1=1 AND id='136' ) LIMIT 1   [ RunTime:0.0014s ]
SQL: SELECT * FROM `multi_file` WHERE ( 1=1 AND id='34' ) LIMIT 1   [ RunTime:0.0013s ]
SQL: SELECT * FROM `multi_shop` WHERE ( 1=1 AND id='136' ) LIMIT 1   [ RunTime:0.0014s ]
SQL: SELECT * FROM `multi_file` WHERE ( 1=1 AND id='33' ) LIMIT 1   [ RunTime:0.0013s ]
SQL: SELECT * FROM `multi_shop` WHERE ( 1=1 AND id='136' ) LIMIT 1   [ RunTime:0.0017s ]
SQL: SELECT * FROM `multi_file` WHERE ( 1=1 AND id='45' ) LIMIT 1   [ RunTime:0.0011s ]
SQL: SELECT * FROM `multi_shop` WHERE ( 1=1 AND id='136' ) LIMIT 1   [ RunTime:0.0018s ]
SQL: SELECT * FROM `multi_file` WHERE ( 1=1 AND id='2' ) LIMIT 1   [ RunTime:0.0014s ]
SQL: SELECT * FROM `multi_shop` WHERE ( 1=1 AND id='136' ) LIMIT 1   [ RunTime:0.0019s ]
SQL: SELECT * FROM `multi_file` WHERE ( 1=1 AND id='3' ) LIMIT 1   [ RunTime:0.0011s ]
SQL: SELECT * FROM `multi_shop` WHERE ( 1=1 AND id='136' ) LIMIT 1   [ RunTime:0.0014s ]
SQL: SELECT * FROM `multi_file` WHERE ( 1=1 AND id='4' ) LIMIT 1   [ RunTime:0.0012s ]
SQL: SELECT * FROM `multi_shop` WHERE ( 1=1 AND id='136' ) LIMIT 1   [ RunTime:0.0014s ]
SQL: SELECT * FROM `multi_file` WHERE ( 1=1 AND id='5' ) LIMIT 1   [ RunTime:0.0011s ]
SQL: SELECT * FROM `multi_shop` WHERE ( 1=1 AND id='136' ) LIMIT 1   [ RunTime:0.0016s ]
SQL: SELECT * FROM `multi_file` WHERE ( 1=1 AND id='31' ) LIMIT 1   [ RunTime:0.0012s ]
SQL: SELECT * FROM `multi_shop` WHERE ( 1=1 AND id='136' ) LIMIT 1   [ RunTime:0.0013s ]
SQL: SELECT * FROM `multi_file` WHERE ( 1=1 AND id='30' ) LIMIT 1   [ RunTime:0.0010s ]
SQL: SELECT * FROM `multi_shop` WHERE ( 1=1 AND id='136' ) LIMIT 1   [ RunTime:0.0022s ]
NOTIC: [2048] Declaration of Common\Model\WxConfigModel::add() should be compatible with Think\Model::add($data = '', $options = Array, $replace = false) /www/users/HA84691/WEB/multi/Application/Common/Model/WxConfigModel.class.php 第 62 行.
NOTIC: [2048] Declaration of Common\Model\WxConfigModel::addAll() should be compatible with Think\Model::addAll($dataList, $options = Array, $replace = false) /www/users/HA84691/WEB/multi/Application/Common/Model/WxConfigModel.class.php 第 62 行.
NOTIC: [2048] Declaration of Common\Model\WxConfigModel::save() should be compatible with Think\Model::save($data = '', $options = Array) /www/users/HA84691/WEB/multi/Application/Common/Model/WxConfigModel.class.php 第 62 行.
SQL: SHOW COLUMNS FROM `multi_wx_config` [ RunTime:0.0050s ]
SQL: SELECT * FROM `multi_wx_config` LIMIT 1   [ RunTime:0.0013s ]
INFO: [ view_parse ] --START--
NOTIC: [8] Undefined offset: 1 /www/users/HA84691/WEB/multi/ThinkPHP/Library/Think/Template.class.php 第 527 行.
NOTIC: [8] Undefined offset: 1 /www/users/HA84691/WEB/multi/ThinkPHP/Library/Think/Template.class.php 第 527 行.
NOTIC: [8] Undefined offset: 1 /www/users/HA84691/WEB/multi/ThinkPHP/Library/Think/Template.class.php 第 527 行.
NOTIC: [8] Undefined offset: 1 /www/users/HA84691/WEB/multi/ThinkPHP/Library/Think/Template.class.php 第 527 行.
NOTIC: [8] Undefined offset: 1 /www/users/HA84691/WEB/multi/ThinkPHP/Library/Think/Template.class.php 第 527 行.
NOTIC: [8] Undefined offset: 1 /www/users/HA84691/WEB/multi/ThinkPHP/Library/Think/Template.class.php 第 527 行.
INFO: [ template_filter ] --START--
INFO: Run Behavior\ContentReplaceBehavior [ RunTime:0.000109s ]
INFO: [ template_filter ] --END-- [ RunTime:0.000173s ]
INFO: Run Behavior\ParseTemplateBehavior [ RunTime:0.016039s ]
INFO: [ view_parse ] --END-- [ RunTime:0.016147s ]
INFO: [ view_filter ] --START--
INFO: Run Behavior\WriteHtmlCacheBehavior [ RunTime:0.000291s ]
INFO: [ view_filter ] --END-- [ RunTime:0.000342s ]
INFO: [ app_end ] --START--
INFO: Run Behavior\ShowPageTraceBehavior [ RunTime:0.000610s ]
INFO: [ app_end ] --END-- [ RunTime:0.000688s ]

[ 2016-05-24T07:13:04+08:00 ] 111.30.132.195 /multi/App/User/getUser?getOrder=true
INFO: [ app_init ] --START--
INFO: Run Behavior\BuildLiteBehavior [ RunTime:0.000026s ]
INFO: [ app_init ] --END-- [ RunTime:0.000599s ]
INFO: [ app_begin ] --START--
INFO: Run Behavior\ReadHtmlCacheBehavior [ RunTime:0.001144s ]
INFO: [ app_begin ] --END-- [ RunTime:0.002030s ]
NOTIC: [2048] Declaration of Common\Model\ConfigModel::add() should be compatible with Think\Model::add($data = '', $options = Array, $replace = false) /www/users/HA84691/WEB/multi/Application/Common/Model/ConfigModel.class.php 第 7 行.
NOTIC: [2048] Declaration of Common\Model\ConfigModel::addAll() should be compatible with Think\Model::addAll($dataList, $options = Array, $replace = false) /www/users/HA84691/WEB/multi/Application/Common/Model/ConfigModel.class.php 第 7 行.
NOTIC: [2048] Declaration of Common\Model\ConfigModel::save() should be compatible with Think\Model::save($data = '', $options = Array) /www/users/HA84691/WEB/multi/Application/Common/Model/ConfigModel.class.php 第 7 行.
SQL: SHOW COLUMNS FROM `multi_config` [ RunTime:0.0033s ]
SQL: SELECT * FROM `multi_config` LIMIT 1   [ RunTime:0.0017s ]
NOTIC: [2048] Declaration of Common\Model\UserModel::add() should be compatible with Think\Model::add($data = '', $options = Array, $replace = false) /www/users/HA84691/WEB/multi/Application/Common/Model/UserModel.class.php 第 7 行.
NOTIC: [2048] Declaration of Common\Model\UserModel::addAll() should be compatible with Think\Model::addAll($dataList, $options = Array, $replace = false) /www/users/HA84691/WEB/multi/Application/Common/Model/UserModel.class.php 第 7 行.
NOTIC: [2048] Declaration of Common\Model\UserModel::save() should be compatible with Think\Model::save($data = '', $options = Array) /www/users/HA84691/WEB/multi/Application/Common/Model/UserModel.class.php 第 7 行.
SQL: SHOW COLUMNS FROM `multi_user` [ RunTime:0.0030s ]
SQL: SELECT * FROM `multi_user` WHERE `id` = 2 LIMIT 1   [ RunTime:0.0014s ]
NOTIC: [2048] Declaration of Common\Model\ContactModel::add() should be compatible with Think\Model::add($data = '', $options = Array, $replace = false) /www/users/HA84691/WEB/multi/Application/Common/Model/ContactModel.class.php 第 79 行.
NOTIC: [2048] Declaration of Common\Model\ContactModel::addAll() should be compatible with Think\Model::addAll($dataList, $options = Array, $replace = false) /www/users/HA84691/WEB/multi/Application/Common/Model/ContactModel.class.php 第 79 行.
NOTIC: [2048] Declaration of Common\Model\ContactModel::save() should be compatible with Think\Model::save($data = '', $options = Array) /www/users/HA84691/WEB/multi/Application/Common/Model/ContactModel.class.php 第 79 行.
SQL: SHOW COLUMNS FROM `multi_contact` [ RunTime:0.0028s ]
SQL: SELECT * FROM `multi_contact` WHERE ( 1=1 AND user_id='2' )  [ RunTime:0.0016s ]
NOTIC: [2048] Declaration of Common\Model\AuthGroupAccessModel::add() should be compatible with Think\Model::add($data = '', $options = Array, $replace = false) /www/users/HA84691/WEB/multi/Application/Common/Model/AuthGroupAccessModel.class.php 第 23 行.
SQL: SHOW COLUMNS FROM `multi_auth_group_access` [ RunTime:0.0021s ]
SQL: SELECT * FROM `multi_auth_group_access` WHERE ( 1=1 AND uid='2' ) LIMIT 1   [ RunTime:0.0013s ]
SQL: SHOW COLUMNS FROM `multi_shop` [ RunTime:0.0028s ]
SQL: SELECT * FROM `multi_shop` WHERE ( 1=1 AND user_id='2' )  [ RunTime:0.0019s ]
NOTIC: [2048] Declaration of Common\Model\OrderModel::add() should be compatible with Think\Model::add($data = '', $options = Array, $replace = false) /www/users/HA84691/WEB/multi/Application/Common/Model/OrderModel.class.php 第 229 行.
NOTIC: [2048] Declaration of Common\Model\OrderModel::addAll() should be compatible with Think\Model::addAll($dataList, $options = Array, $replace = false) /www/users/HA84691/WEB/multi/Application/Common/Model/OrderModel.class.php 第 229 行.
NOTIC: [2048] Declaration of Common\Model\OrderModel::save() should be compatible with Think\Model::save($data = '', $options = Array) /www/users/HA84691/WEB/multi/Application/Common/Model/OrderModel.class.php 第 229 行.
SQL: SHOW COLUMNS FROM `multi_order` [ RunTime:0.0034s ]
SQL: SELECT * FROM `multi_order` WHERE `user_id` = 2 AND `status` > -1 ORDER BY id desc  [ RunTime:0.0074s ]
NOTIC: [2048] Declaration of Common\Model\OrderContactModel::add() should be compatible with Think\Model::add($data = '', $options = Array, $replace = false) /www/users/HA84691/WEB/multi/Application/Common/Model/OrderContactModel.class.php 第 69 行.
NOTIC: [2048] Declaration of Common\Model\OrderContactModel::addAll() should be compatible with Think\Model::addAll($dataList, $options = Array, $replace = false) /www/users/HA84691/WEB/multi/Application/Common/Model/OrderContactModel.class.php 第 69 行.
NOTIC: [2048] Declaration of Common\Model\OrderContactModel::save() should be compatible with Think\Model::save($data = '', $options = Array) /www/users/HA84691/WEB/multi/Application/Common/Model/OrderContactModel.class.php 第 69 行.
SQL: SHOW COLUMNS FROM `multi_order_contact` [ RunTime:0.0024s ]
SQL: SELECT * FROM `multi_order_contact` WHERE ( 1=1 AND order_id='35' ) LIMIT 1   [ RunTime:0.0015s ]
SQL: SELECT * FROM `multi_user` WHERE ( 1=1 AND id='2' ) LIMIT 1   [ RunTime:0.0016s ]
NOTIC: [2048] Declaration of Common\Model\OrderDetailModel::add() should be compatible with Think\Model::add($data = '', $options = Array, $replace = false) /www/users/HA84691/WEB/multi/Application/Common/Model/OrderDetailModel.class.php 第 94 行.
NOTIC: [2048] Declaration of Common\Model\OrderDetailModel::addAll() should be compatible with Think\Model::addAll($dataList, $options = Array, $replace = false) /www/users/HA84691/WEB/multi/Application/Common/Model/OrderDetailModel.class.php 第 94 行.
NOTIC: [2048] Declaration of Common\Model\OrderDetailModel::save() should be compatible with Think\Model::save($data = '', $options = Array) /www/users/HA84691/WEB/multi/Application/Common/Model/OrderDetailModel.class.php 第 94 行.
SQL: SHOW COLUMNS FROM `multi_order_detail` [ RunTime:0.0025s ]
SQL: SELECT * FROM `multi_order_detail` WHERE ( 1=1 AND order_id='35' )  [ RunTime:0.0016s ]
SQL: SELECT * FROM `multi_shop` WHERE ( 1=1 AND id='0' ) LIMIT 1   [ RunTime:0.0013s ]
SQL: SELECT * FROM `multi_order_contact` WHERE ( 1=1 AND order_id='34' ) LIMIT 1   [ RunTime:0.0014s ]
SQL: SELECT * FROM `multi_user` WHERE ( 1=1 AND id='2' ) LIMIT 1   [ RunTime:0.0028s ]
SQL: SELECT * FROM `multi_order_detail` WHERE ( 1=1 AND order_id='34' )  [ RunTime:0.0021s ]
SQL: SELECT * FROM `multi_shop` WHERE ( 1=1 AND id='149' ) LIMIT 1   [ RunTime:0.0014s ]
SQL: SELECT * FROM `multi_order_contact` WHERE ( 1=1 AND order_id='33' ) LIMIT 1   [ RunTime:0.0014s ]
SQL: SELECT * FROM `multi_user` WHERE ( 1=1 AND id='2' ) LIMIT 1   [ RunTime:0.0014s ]
SQL: SELECT * FROM `multi_order_detail` WHERE ( 1=1 AND order_id='33' )  [ RunTime:0.0014s ]
SQL: SELECT * FROM `multi_shop` WHERE ( 1=1 AND id='149' ) LIMIT 1   [ RunTime:0.0017s ]
SQL: SELECT * FROM `multi_order_contact` WHERE ( 1=1 AND order_id='32' ) LIMIT 1   [ RunTime:0.0018s ]
SQL: SELECT * FROM `multi_user` WHERE ( 1=1 AND id='2' ) LIMIT 1   [ RunTime:0.0016s ]
SQL: SELECT * FROM `multi_order_detail` WHERE ( 1=1 AND order_id='32' )  [ RunTime:0.0021s ]
SQL: SELECT * FROM `multi_shop` WHERE ( 1=1 AND id='0' ) LIMIT 1   [ RunTime:0.0017s ]
SQL: SELECT * FROM `multi_order_contact` WHERE ( 1=1 AND order_id='28' ) LIMIT 1   [ RunTime:0.0016s ]
SQL: SELECT * FROM `multi_user` WHERE ( 1=1 AND id='2' ) LIMIT 1   [ RunTime:0.0015s ]
SQL: SELECT * FROM `multi_order_detail` WHERE ( 1=1 AND order_id='28' )  [ RunTime:0.0015s ]
SQL: SELECT * FROM `multi_shop` WHERE ( 1=1 AND id='149' ) LIMIT 1   [ RunTime:0.0017s ]
SQL: SELECT * FROM `multi_order_contact` WHERE ( 1=1 AND order_id='27' ) LIMIT 1   [ RunTime:0.0014s ]
SQL: SELECT * FROM `multi_user` WHERE ( 1=1 AND id='2' ) LIMIT 1   [ RunTime:0.0019s ]
SQL: SELECT * FROM `multi_order_detail` WHERE ( 1=1 AND order_id='27' )  [ RunTime:0.0017s ]
SQL: SELECT * FROM `multi_shop` WHERE ( 1=1 AND id='0' ) LIMIT 1   [ RunTime:0.0015s ]
SQL: SELECT * FROM `multi_order_contact` WHERE ( 1=1 AND order_id='26' ) LIMIT 1   [ RunTime:0.0015s ]
SQL: SELECT * FROM `multi_user` WHERE ( 1=1 AND id='2' ) LIMIT 1   [ RunTime:0.0017s ]
SQL: SELECT * FROM `multi_order_detail` WHERE ( 1=1 AND order_id='26' )  [ RunTime:0.0016s ]
SQL: SELECT * FROM `multi_shop` WHERE ( 1=1 AND id='0' ) LIMIT 1   [ RunTime:0.0015s ]
SQL: SELECT * FROM `multi_order_contact` WHERE ( 1=1 AND order_id='25' ) LIMIT 1   [ RunTime:0.0014s ]
SQL: SELECT * FROM `multi_user` WHERE ( 1=1 AND id='2' ) LIMIT 1   [ RunTime:0.0017s ]
SQL: SELECT * FROM `multi_order_detail` WHERE ( 1=1 AND order_id='25' )  [ RunTime:0.0018s ]
SQL: SELECT * FROM `multi_shop` WHERE ( 1=1 AND id='0' ) LIMIT 1   [ RunTime:0.0020s ]
SQL: SELECT * FROM `multi_order_contact` WHERE ( 1=1 AND order_id='24' ) LIMIT 1   [ RunTime:0.0014s ]
SQL: SELECT * FROM `multi_user` WHERE ( 1=1 AND id='2' ) LIMIT 1   [ RunTime:0.0018s ]
SQL: SELECT * FROM `multi_order_detail` WHERE ( 1=1 AND order_id='24' )  [ RunTime:0.0017s ]
SQL: SELECT * FROM `multi_shop` WHERE ( 1=1 AND id='0' ) LIMIT 1   [ RunTime:0.0019s ]
SQL: SELECT * FROM `multi_order_contact` WHERE ( 1=1 AND order_id='23' ) LIMIT 1   [ RunTime:0.0017s ]
SQL: SELECT * FROM `multi_user` WHERE ( 1=1 AND id='2' ) LIMIT 1   [ RunTime:0.0016s ]
SQL: SELECT * FROM `multi_order_detail` WHERE ( 1=1 AND order_id='23' )  [ RunTime:0.0016s ]
SQL: SELECT * FROM `multi_shop` WHERE ( 1=1 AND id='0' ) LIMIT 1   [ RunTime:0.0019s ]
SQL: SELECT * FROM `multi_order_contact` WHERE ( 1=1 AND order_id='22' ) LIMIT 1   [ RunTime:0.0064s ]
SQL: SELECT * FROM `multi_user` WHERE ( 1=1 AND id='2' ) LIMIT 1   [ RunTime:0.0051s ]
SQL: SELECT * FROM `multi_order_detail` WHERE ( 1=1 AND order_id='22' )  [ RunTime:0.0021s ]
SQL: SELECT * FROM `multi_shop` WHERE ( 1=1 AND id='0' ) LIMIT 1   [ RunTime:0.0014s ]
SQL: SELECT * FROM `multi_order_contact` WHERE ( 1=1 AND order_id='21' ) LIMIT 1   [ RunTime:0.0015s ]
SQL: SELECT * FROM `multi_user` WHERE ( 1=1 AND id='2' ) LIMIT 1   [ RunTime:0.0028s ]
SQL: SELECT * FROM `multi_order_detail` WHERE ( 1=1 AND order_id='21' )  [ RunTime:0.0013s ]
SQL: SELECT * FROM `multi_shop` WHERE ( 1=1 AND id='0' ) LIMIT 1   [ RunTime:0.0015s ]
SQL: SELECT * FROM `multi_order_contact` WHERE ( 1=1 AND order_id='20' ) LIMIT 1   [ RunTime:0.0014s ]
SQL: SELECT * FROM `multi_user` WHERE ( 1=1 AND id='2' ) LIMIT 1   [ RunTime:0.0015s ]
SQL: SELECT * FROM `multi_order_detail` WHERE ( 1=1 AND order_id='20' )  [ RunTime:0.0014s ]
SQL: SELECT * FROM `multi_shop` WHERE ( 1=1 AND id='0' ) LIMIT 1   [ RunTime:0.0019s ]
SQL: SELECT * FROM `multi_order_contact` WHERE ( 1=1 AND order_id='19' ) LIMIT 1   [ RunTime:0.0015s ]
SQL: SELECT * FROM `multi_user` WHERE ( 1=1 AND id='2' ) LIMIT 1   [ RunTime:0.0015s ]
SQL: SELECT * FROM `multi_order_detail` WHERE ( 1=1 AND order_id='19' )  [ RunTime:0.0015s ]
SQL: SELECT * FROM `multi_shop` WHERE ( 1=1 AND id='0' ) LIMIT 1   [ RunTime:0.0046s ]
SQL: SELECT * FROM `multi_order_contact` WHERE ( 1=1 AND order_id='18' ) LIMIT 1   [ RunTime:0.0017s ]
SQL: SELECT * FROM `multi_user` WHERE ( 1=1 AND id='2' ) LIMIT 1   [ RunTime:0.0014s ]
SQL: SELECT * FROM `multi_order_detail` WHERE ( 1=1 AND order_id='18' )  [ RunTime:0.0015s ]
SQL: SELECT * FROM `multi_shop` WHERE ( 1=1 AND id='0' ) LIMIT 1   [ RunTime:0.0016s ]
SQL: SELECT * FROM `multi_order_contact` WHERE ( 1=1 AND order_id='17' ) LIMIT 1   [ RunTime:0.0014s ]
SQL: SELECT * FROM `multi_user` WHERE ( 1=1 AND id='2' ) LIMIT 1   [ RunTime:0.0017s ]
SQL: SELECT * FROM `multi_order_detail` WHERE ( 1=1 AND order_id='17' )  [ RunTime:0.0016s ]
SQL: SELECT * FROM `multi_shop` WHERE ( 1=1 AND id='0' ) LIMIT 1   [ RunTime:0.0015s ]
SQL: SELECT * FROM `multi_order_contact` WHERE ( 1=1 AND order_id='16' ) LIMIT 1   [ RunTime:0.0014s ]
SQL: SELECT * FROM `multi_user` WHERE ( 1=1 AND id='2' ) LIMIT 1   [ RunTime:0.0017s ]
SQL: SELECT * FROM `multi_order_detail` WHERE ( 1=1 AND order_id='16' )  [ RunTime:0.0013s ]
SQL: SELECT * FROM `multi_shop` WHERE ( 1=1 AND id='0' ) LIMIT 1   [ RunTime:0.0018s ]
SQL: SELECT * FROM `multi_order_contact` WHERE ( 1=1 AND order_id='12' ) LIMIT 1   [ RunTime:0.0016s ]
SQL: SELECT * FROM `multi_user` WHERE ( 1=1 AND id='2' ) LIMIT 1   [ RunTime:0.0018s ]
SQL: SELECT * FROM `multi_order_detail` WHERE ( 1=1 AND order_id='12' )  [ RunTime:0.0022s ]
SQL: SELECT * FROM `multi_shop` WHERE ( 1=1 AND id='135' ) LIMIT 1   [ RunTime:0.0042s ]
SQL: SELECT * FROM `multi_order_contact` WHERE ( 1=1 AND order_id='1' ) LIMIT 1   [ RunTime:0.0035s ]
SQL: SELECT * FROM `multi_user` WHERE ( 1=1 AND id='2' ) LIMIT 1   [ RunTime:0.0018s ]
SQL: SELECT * FROM `multi_order_detail` WHERE ( 1=1 AND order_id='1' )  [ RunTime:0.0014s ]
SQL: SELECT * FROM `multi_shop` WHERE ( 1=1 AND id='136' ) LIMIT 1   [ RunTime:0.0015s ]

[ 2016-05-24T07:13:05+08:00 ] 111.30.132.195 /multi/App/User/getUser?getOrder=true
INFO: [ app_init ] --START--
INFO: Run Behavior\BuildLiteBehavior [ RunTime:0.000023s ]
INFO: [ app_init ] --END-- [ RunTime:0.000552s ]
INFO: [ app_begin ] --START--
INFO: Run Behavior\ReadHtmlCacheBehavior [ RunTime:0.005656s ]
INFO: [ app_begin ] --END-- [ RunTime:0.005744s ]
NOTIC: [2048] Declaration of Common\Model\ConfigModel::add() should be compatible with Think\Model::add($data = '', $options = Array, $replace = false) /www/users/HA84691/WEB/multi/Application/Common/Model/ConfigModel.class.php 第 7 行.
NOTIC: [2048] Declaration of Common\Model\ConfigModel::addAll() should be compatible with Think\Model::addAll($dataList, $options = Array, $replace = false) /www/users/HA84691/WEB/multi/Application/Common/Model/ConfigModel.class.php 第 7 行.
NOTIC: [2048] Declaration of Common\Model\ConfigModel::save() should be compatible with Think\Model::save($data = '', $options = Array) /www/users/HA84691/WEB/multi/Application/Common/Model/ConfigModel.class.php 第 7 行.
SQL: SHOW COLUMNS FROM `multi_config` [ RunTime:0.0059s ]
SQL: SELECT * FROM `multi_config` LIMIT 1   [ RunTime:0.0020s ]
NOTIC: [2048] Declaration of Common\Model\UserModel::add() should be compatible with Think\Model::add($data = '', $options = Array, $replace = false) /www/users/HA84691/WEB/multi/Application/Common/Model/UserModel.class.php 第 7 行.
NOTIC: [2048] Declaration of Common\Model\UserModel::addAll() should be compatible with Think\Model::addAll($dataList, $options = Array, $replace = false) /www/users/HA84691/WEB/multi/Application/Common/Model/UserModel.class.php 第 7 行.
NOTIC: [2048] Declaration of Common\Model\UserModel::save() should be compatible with Think\Model::save($data = '', $options = Array) /www/users/HA84691/WEB/multi/Application/Common/Model/UserModel.class.php 第 7 行.
SQL: SHOW COLUMNS FROM `multi_user` [ RunTime:0.0026s ]
SQL: SELECT * FROM `multi_user` WHERE `id` = 2 LIMIT 1   [ RunTime:0.0021s ]
NOTIC: [2048] Declaration of Common\Model\ContactModel::add() should be compatible with Think\Model::add($data = '', $options = Array, $replace = false) /www/users/HA84691/WEB/multi/Application/Common/Model/ContactModel.class.php 第 79 行.
NOTIC: [2048] Declaration of Common\Model\ContactModel::addAll() should be compatible with Think\Model::addAll($dataList, $options = Array, $replace = false) /www/users/HA84691/WEB/multi/Application/Common/Model/ContactModel.class.php 第 79 行.
NOTIC: [2048] Declaration of Common\Model\ContactModel::save() should be compatible with Think\Model::save($data = '', $options = Array) /www/users/HA84691/WEB/multi/Application/Common/Model/ContactModel.class.php 第 79 行.
SQL: SHOW COLUMNS FROM `multi_contact` [ RunTime:0.0025s ]
SQL: SELECT * FROM `multi_contact` WHERE ( 1=1 AND user_id='2' )  [ RunTime:0.0032s ]
NOTIC: [2048] Declaration of Common\Model\AuthGroupAccessModel::add() should be compatible with Think\Model::add($data = '', $options = Array, $replace = false) /www/users/HA84691/WEB/multi/Application/Common/Model/AuthGroupAccessModel.class.php 第 23 行.
SQL: SHOW COLUMNS FROM `multi_auth_group_access` [ RunTime:0.0025s ]
SQL: SELECT * FROM `multi_auth_group_access` WHERE ( 1=1 AND uid='2' ) LIMIT 1   [ RunTime:0.0012s ]
SQL: SHOW COLUMNS FROM `multi_shop` [ RunTime:0.0029s ]
SQL: SELECT * FROM `multi_shop` WHERE ( 1=1 AND user_id='2' )  [ RunTime:0.0026s ]
NOTIC: [2048] Declaration of Common\Model\OrderModel::add() should be compatible with Think\Model::add($data = '', $options = Array, $replace = false) /www/users/HA84691/WEB/multi/Application/Common/Model/OrderModel.class.php 第 229 行.
NOTIC: [2048] Declaration of Common\Model\OrderModel::addAll() should be compatible with Think\Model::addAll($dataList, $options = Array, $replace = false) /www/users/HA84691/WEB/multi/Application/Common/Model/OrderModel.class.php 第 229 行.
NOTIC: [2048] Declaration of Common\Model\OrderModel::save() should be compatible with Think\Model::save($data = '', $options = Array) /www/users/HA84691/WEB/multi/Application/Common/Model/OrderModel.class.php 第 229 行.
SQL: SHOW COLUMNS FROM `multi_order` [ RunTime:0.0024s ]
SQL: SELECT * FROM `multi_order` WHERE `user_id` = 2 AND `status` > -1 ORDER BY id desc  [ RunTime:0.0019s ]
NOTIC: [2048] Declaration of Common\Model\OrderContactModel::add() should be compatible with Think\Model::add($data = '', $options = Array, $replace = false) /www/users/HA84691/WEB/multi/Application/Common/Model/OrderContactModel.class.php 第 69 行.
NOTIC: [2048] Declaration of Common\Model\OrderContactModel::addAll() should be compatible with Think\Model::addAll($dataList, $options = Array, $replace = false) /www/users/HA84691/WEB/multi/Application/Common/Model/OrderContactModel.class.php 第 69 行.
NOTIC: [2048] Declaration of Common\Model\OrderContactModel::save() should be compatible with Think\Model::save($data = '', $options = Array) /www/users/HA84691/WEB/multi/Application/Common/Model/OrderContactModel.class.php 第 69 行.
SQL: SHOW COLUMNS FROM `multi_order_contact` [ RunTime:0.0050s ]
SQL: SELECT * FROM `multi_order_contact` WHERE ( 1=1 AND order_id='35' ) LIMIT 1   [ RunTime:0.0016s ]
SQL: SELECT * FROM `multi_user` WHERE ( 1=1 AND id='2' ) LIMIT 1   [ RunTime:0.0018s ]
NOTIC: [2048] Declaration of Common\Model\OrderDetailModel::add() should be compatible with Think\Model::add($data = '', $options = Array, $replace = false) /www/users/HA84691/WEB/multi/Application/Common/Model/OrderDetailModel.class.php 第 94 行.
NOTIC: [2048] Declaration of Common\Model\OrderDetailModel::addAll() should be compatible with Think\Model::addAll($dataList, $options = Array, $replace = false) /www/users/HA84691/WEB/multi/Application/Common/Model/OrderDetailModel.class.php 第 94 行.
NOTIC: [2048] Declaration of Common\Model\OrderDetailModel::save() should be compatible with Think\Model::save($data = '', $options = Array) /www/users/HA84691/WEB/multi/Application/Common/Model/OrderDetailModel.class.php 第 94 行.
SQL: SHOW COLUMNS FROM `multi_order_detail` [ RunTime:0.0034s ]
SQL: SELECT * FROM `multi_order_detail` WHERE ( 1=1 AND order_id='35' )  [ RunTime:0.0017s ]
SQL: SELECT * FROM `multi_shop` WHERE ( 1=1 AND id='0' ) LIMIT 1   [ RunTime:0.0040s ]
SQL: SELECT * FROM `multi_order_contact` WHERE ( 1=1 AND order_id='34' ) LIMIT 1   [ RunTime:0.0027s ]
SQL: SELECT * FROM `multi_user` WHERE ( 1=1 AND id='2' ) LIMIT 1   [ RunTime:0.0020s ]
SQL: SELECT * FROM `multi_order_detail` WHERE ( 1=1 AND order_id='34' )  [ RunTime:0.0016s ]
SQL: SELECT * FROM `multi_shop` WHERE ( 1=1 AND id='149' ) LIMIT 1   [ RunTime:0.0021s ]
SQL: SELECT * FROM `multi_order_contact` WHERE ( 1=1 AND order_id='33' ) LIMIT 1   [ RunTime:0.0018s ]
SQL: SELECT * FROM `multi_user` WHERE ( 1=1 AND id='2' ) LIMIT 1   [ RunTime:0.0017s ]
SQL: SELECT * FROM `multi_order_detail` WHERE ( 1=1 AND order_id='33' )  [ RunTime:0.0016s ]
SQL: SELECT * FROM `multi_shop` WHERE ( 1=1 AND id='149' ) LIMIT 1   [ RunTime:0.0024s ]
SQL: SELECT * FROM `multi_order_contact` WHERE ( 1=1 AND order_id='32' ) LIMIT 1   [ RunTime:0.0030s ]
SQL: SELECT * FROM `multi_user` WHERE ( 1=1 AND id='2' ) LIMIT 1   [ RunTime:0.0017s ]
SQL: SELECT * FROM `multi_order_detail` WHERE ( 1=1 AND order_id='32' )  [ RunTime:0.0058s ]
SQL: SELECT * FROM `multi_shop` WHERE ( 1=1 AND id='0' ) LIMIT 1   [ RunTime:0.0015s ]
SQL: SELECT * FROM `multi_order_contact` WHERE ( 1=1 AND order_id='28' ) LIMIT 1   [ RunTime:0.0018s ]
SQL: SELECT * FROM `multi_user` WHERE ( 1=1 AND id='2' ) LIMIT 1   [ RunTime:0.0020s ]
SQL: SELECT * FROM `multi_order_detail` WHERE ( 1=1 AND order_id='28' )  [ RunTime:0.0016s ]
SQL: SELECT * FROM `multi_shop` WHERE ( 1=1 AND id='149' ) LIMIT 1   [ RunTime:0.0018s ]
SQL: SELECT * FROM `multi_order_contact` WHERE ( 1=1 AND order_id='27' ) LIMIT 1   [ RunTime:0.0022s ]
SQL: SELECT * FROM `multi_user` WHERE ( 1=1 AND id='2' ) LIMIT 1   [ RunTime:0.0018s ]
SQL: SELECT * FROM `multi_order_detail` WHERE ( 1=1 AND order_id='27' )  [ RunTime:0.0019s ]
SQL: SELECT * FROM `multi_shop` WHERE ( 1=1 AND id='0' ) LIMIT 1   [ RunTime:0.0015s ]
SQL: SELECT * FROM `multi_order_contact` WHERE ( 1=1 AND order_id='26' ) LIMIT 1   [ RunTime:0.0016s ]
SQL: SELECT * FROM `multi_user` WHERE ( 1=1 AND id='2' ) LIMIT 1   [ RunTime:0.0023s ]
SQL: SELECT * FROM `multi_order_detail` WHERE ( 1=1 AND order_id='26' )  [ RunTime:0.0015s ]
SQL: SELECT * FROM `multi_shop` WHERE ( 1=1 AND id='0' ) LIMIT 1   [ RunTime:0.0015s ]
SQL: SELECT * FROM `multi_order_contact` WHERE ( 1=1 AND order_id='25' ) LIMIT 1   [ RunTime:0.0019s ]
SQL: SELECT * FROM `multi_user` WHERE ( 1=1 AND id='2' ) LIMIT 1   [ RunTime:0.0019s ]
SQL: SELECT * FROM `multi_order_detail` WHERE ( 1=1 AND order_id='25' )  [ RunTime:0.0018s ]
SQL: SELECT * FROM `multi_shop` WHERE ( 1=1 AND id='0' ) LIMIT 1   [ RunTime:0.0017s ]
SQL: SELECT * FROM `multi_order_contact` WHERE ( 1=1 AND order_id='24' ) LIMIT 1   [ RunTime:0.0022s ]
SQL: SELECT * FROM `multi_user` WHERE ( 1=1 AND id='2' ) LIMIT 1   [ RunTime:0.0022s ]
SQL: SELECT * FROM `multi_order_detail` WHERE ( 1=1 AND order_id='24' )  [ RunTime:0.0015s ]
SQL: SELECT * FROM `multi_shop` WHERE ( 1=1 AND id='0' ) LIMIT 1   [ RunTime:0.0017s ]
SQL: SELECT * FROM `multi_order_contact` WHERE ( 1=1 AND order_id='23' ) LIMIT 1   [ RunTime:0.0016s ]
SQL: SELECT * FROM `multi_user` WHERE ( 1=1 AND id='2' ) LIMIT 1   [ RunTime:0.0017s ]
SQL: SELECT * FROM `multi_order_detail` WHERE ( 1=1 AND order_id='23' )  [ RunTime:0.0015s ]
SQL: SELECT * FROM `multi_shop` WHERE ( 1=1 AND id='0' ) LIMIT 1   [ RunTime:0.0018s ]
SQL: SELECT * FROM `multi_order_contact` WHERE ( 1=1 AND order_id='22' ) LIMIT 1   [ RunTime:0.0033s ]
SQL: SELECT * FROM `multi_user` WHERE ( 1=1 AND id='2' ) LIMIT 1   [ RunTime:0.0018s ]
SQL: SELECT * FROM `multi_order_detail` WHERE ( 1=1 AND order_id='22' )  [ RunTime:0.0016s ]
SQL: SELECT * FROM `multi_shop` WHERE ( 1=1 AND id='0' ) LIMIT 1   [ RunTime:0.0019s ]
SQL: SELECT * FROM `multi_order_contact` WHERE ( 1=1 AND order_id='21' ) LIMIT 1   [ RunTime:0.0033s ]
SQL: SELECT * FROM `multi_user` WHERE ( 1=1 AND id='2' ) LIMIT 1   [ RunTime:0.0019s ]
SQL: SELECT * FROM `multi_order_detail` WHERE ( 1=1 AND order_id='21' )  [ RunTime:0.0016s ]
SQL: SELECT * FROM `multi_shop` WHERE ( 1=1 AND id='0' ) LIMIT 1   [ RunTime:0.0016s ]
SQL: SELECT * FROM `multi_order_contact` WHERE ( 1=1 AND order_id='20' ) LIMIT 1   [ RunTime:0.0017s ]
SQL: SELECT * FROM `multi_user` WHERE ( 1=1 AND id='2' ) LIMIT 1   [ RunTime:0.0019s ]
SQL: SELECT * FROM `multi_order_detail` WHERE ( 1=1 AND order_id='20' )  [ RunTime:0.0020s ]
SQL: SELECT * FROM `multi_shop` WHERE ( 1=1 AND id='0' ) LIMIT 1   [ RunTime:0.0034s ]
SQL: SELECT * FROM `multi_order_contact` WHERE ( 1=1 AND order_id='19' ) LIMIT 1   [ RunTime:0.0041s ]
SQL: SELECT * FROM `multi_user` WHERE ( 1=1 AND id='2' ) LIMIT 1   [ RunTime:0.0028s ]
SQL: SELECT * FROM `multi_order_detail` WHERE ( 1=1 AND order_id='19' )  [ RunTime:0.0015s ]
SQL: SELECT * FROM `multi_shop` WHERE ( 1=1 AND id='0' ) LIMIT 1   [ RunTime:0.0017s ]
SQL: SELECT * FROM `multi_order_contact` WHERE ( 1=1 AND order_id='18' ) LIMIT 1   [ RunTime:0.0018s ]
SQL: SELECT * FROM `multi_user` WHERE ( 1=1 AND id='2' ) LIMIT 1   [ RunTime:0.0015s ]
SQL: SELECT * FROM `multi_order_detail` WHERE ( 1=1 AND order_id='18' )  [ RunTime:0.0017s ]
SQL: SELECT * FROM `multi_shop` WHERE ( 1=1 AND id='0' ) LIMIT 1   [ RunTime:0.0017s ]
SQL: SELECT * FROM `multi_order_contact` WHERE ( 1=1 AND order_id='17' ) LIMIT 1   [ RunTime:0.0017s ]
SQL: SELECT * FROM `multi_user` WHERE ( 1=1 AND id='2' ) LIMIT 1   [ RunTime:0.0019s ]
SQL: SELECT * FROM `multi_order_detail` WHERE ( 1=1 AND order_id='17' )  [ RunTime:0.0014s ]
SQL: SELECT * FROM `multi_shop` WHERE ( 1=1 AND id='0' ) LIMIT 1   [ RunTime:0.0020s ]
SQL: SELECT * FROM `multi_order_contact` WHERE ( 1=1 AND order_id='16' ) LIMIT 1   [ RunTime:0.0049s ]
SQL: SELECT * FROM `multi_user` WHERE ( 1=1 AND id='2' ) LIMIT 1   [ RunTime:0.0034s ]
SQL: SELECT * FROM `multi_order_detail` WHERE ( 1=1 AND order_id='16' )  [ RunTime:0.0035s ]
SQL: SELECT * FROM `multi_shop` WHERE ( 1=1 AND id='0' ) LIMIT 1   [ RunTime:0.0018s ]
SQL: SELECT * FROM `multi_order_contact` WHERE ( 1=1 AND order_id='12' ) LIMIT 1   [ RunTime:0.0018s ]
SQL: SELECT * FROM `multi_user` WHERE ( 1=1 AND id='2' ) LIMIT 1   [ RunTime:0.0016s ]
SQL: SELECT * FROM `multi_order_detail` WHERE ( 1=1 AND order_id='12' )  [ RunTime:0.0015s ]
SQL: SELECT * FROM `multi_shop` WHERE ( 1=1 AND id='135' ) LIMIT 1   [ RunTime:0.0021s ]
SQL: SELECT * FROM `multi_order_contact` WHERE ( 1=1 AND order_id='1' ) LIMIT 1   [ RunTime:0.0016s ]
SQL: SELECT * FROM `multi_user` WHERE ( 1=1 AND id='2' ) LIMIT 1   [ RunTime:0.0016s ]
SQL: SELECT * FROM `multi_order_detail` WHERE ( 1=1 AND order_id='1' )  [ RunTime:0.0018s ]
SQL: SELECT * FROM `multi_shop` WHERE ( 1=1 AND id='136' ) LIMIT 1   [ RunTime:0.0017s ]

