[ 2016-05-26T10:27:19+08:00 ] 202.104.111.150 /multi/App/Artical/index/id/10
INFO: [ app_init ] --START--
INFO: Run Behavior\BuildLiteBehavior [ RunTime:0.000022s ]
INFO: [ app_init ] --END-- [ RunTime:0.000452s ]
INFO: [ app_begin ] --START--
INFO: Run Behavior\ReadHtmlCacheBehavior [ RunTime:0.001799s ]
INFO: [ app_begin ] --END-- [ RunTime:0.001896s ]
NOTIC: [2048] Declaration of Common\Model\ArticalModel::add() should be compatible with Think\Model::add($data = '', $options = Array, $replace = false) /www/users/HA84691/WEB/multi/Application/Common/Model/ArticalModel.class.php 第 7 行.
NOTIC: [2048] Declaration of Common\Model\ArticalModel::addAll() should be compatible with Think\Model::addAll($dataList, $options = Array, $replace = false) /www/users/HA84691/WEB/multi/Application/Common/Model/ArticalModel.class.php 第 7 行.
NOTIC: [2048] Declaration of Common\Model\ArticalModel::save() should be compatible with Think\Model::save($data = '', $options = Array) /www/users/HA84691/WEB/multi/Application/Common/Model/ArticalModel.class.php 第 7 行.
SQL: SHOW COLUMNS FROM `multi_artical` [ RunTime:0.0115s ]
SQL: SELECT * FROM `multi_artical` WHERE `id` = 10 LIMIT 1   [ RunTime:0.0041s ]
NOTIC: [2048] Declaration of Common\Model\FileModel::add() should be compatible with Think\Model::add($data = '', $options = Array, $replace = false) /www/users/HA84691/WEB/multi/Application/Common/Model/FileModel.class.php 第 137 行.
NOTIC: [2048] Declaration of Common\Model\FileModel::addAll() should be compatible with Think\Model::addAll($dataList, $options = Array, $replace = false) /www/users/HA84691/WEB/multi/Application/Common/Model/FileModel.class.php 第 137 行.
NOTIC: [2048] Declaration of Common\Model\FileModel::save() should be compatible with Think\Model::save($data = '', $options = Array) /www/users/HA84691/WEB/multi/Application/Common/Model/FileModel.class.php 第 137 行.
SQL: SHOW COLUMNS FROM `multi_file` [ RunTime:0.0060s ]
SQL: SELECT * FROM `multi_file` WHERE ( 1=1 AND id='0' ) LIMIT 1   [ RunTime:0.0036s ]
SQL: SHOW COLUMNS FROM `multi_shop` [ RunTime:0.0048s ]
SQL: SELECT * FROM `multi_shop` WHERE ( 1=1 AND id='187' ) LIMIT 1   [ RunTime:0.0047s ]
SQL: UPDATE `multi_artical` SET `visiter`=visiter+1 WHERE `id` = 10 [ RunTime:0.0981s ]
NOTIC: [2048] Declaration of Common\Model\ConfigModel::add() should be compatible with Think\Model::add($data = '', $options = Array, $replace = false) /www/users/HA84691/WEB/multi/Application/Common/Model/ConfigModel.class.php 第 51 行.
NOTIC: [2048] Declaration of Common\Model\ConfigModel::addAll() should be compatible with Think\Model::addAll($dataList, $options = Array, $replace = false) /www/users/HA84691/WEB/multi/Application/Common/Model/ConfigModel.class.php 第 51 行.
NOTIC: [2048] Declaration of Common\Model\ConfigModel::save() should be compatible with Think\Model::save($data = '', $options = Array) /www/users/HA84691/WEB/multi/Application/Common/Model/ConfigModel.class.php 第 51 行.
SQL: SHOW COLUMNS FROM `multi_config` [ RunTime:0.0059s ]
SQL: SELECT * FROM `multi_config` LIMIT 1   [ RunTime:0.0039s ]
INFO: [ view_parse ] --START--
INFO: [ template_filter ] --START--
INFO: Run Behavior\ContentReplaceBehavior [ RunTime:0.000173s ]
INFO: [ template_filter ] --END-- [ RunTime:0.000258s ]
INFO: Run Behavior\ParseTemplateBehavior [ RunTime:0.051033s ]
INFO: [ view_parse ] --END-- [ RunTime:0.051172s ]
INFO: [ view_filter ] --START--
INFO: Run Behavior\WriteHtmlCacheBehavior [ RunTime:0.000378s ]
INFO: [ view_filter ] --END-- [ RunTime:0.000435s ]
INFO: [ app_end ] --START--
INFO: Run Behavior\ShowPageTraceBehavior [ RunTime:0.000962s ]
INFO: [ app_end ] --END-- [ RunTime:0.001047s ]

[ 2016-05-26T20:23:31+08:00 ] 182.140.184.154 /multi/App/Index/shop
INFO: [ app_init ] --START--
INFO: Run Behavior\BuildLiteBehavior [ RunTime:0.000021s ]
INFO: [ app_init ] --END-- [ RunTime:0.000437s ]
INFO: [ app_begin ] --START--
INFO: Run Behavior\ReadHtmlCacheBehavior [ RunTime:0.000715s ]
INFO: [ app_begin ] --END-- [ RunTime:0.000798s ]
NOTIC: [2048] Declaration of Common\Model\ConfigModel::add() should be compatible with Think\Model::add($data = '', $options = Array, $replace = false) /www/users/HA84691/WEB/multi/Application/Common/Model/ConfigModel.class.php 第 7 行.
NOTIC: [2048] Declaration of Common\Model\ConfigModel::addAll() should be compatible with Think\Model::addAll($dataList, $options = Array, $replace = false) /www/users/HA84691/WEB/multi/Application/Common/Model/ConfigModel.class.php 第 7 行.
NOTIC: [2048] Declaration of Common\Model\ConfigModel::save() should be compatible with Think\Model::save($data = '', $options = Array) /www/users/HA84691/WEB/multi/Application/Common/Model/ConfigModel.class.php 第 7 行.
SQL: SHOW COLUMNS FROM `multi_config` [ RunTime:0.0078s ]
SQL: SELECT * FROM `multi_config` LIMIT 1   [ RunTime:0.0060s ]
SQL: SELECT * FROM `multi_config` LIMIT 1   [ RunTime:0.0040s ]
NOTIC: [2048] Declaration of Common\Model\UserModel::add() should be compatible with Think\Model::add($data = '', $options = Array, $replace = false) /www/users/HA84691/WEB/multi/Application/Common/Model/UserModel.class.php 第 7 行.
NOTIC: [2048] Declaration of Common\Model\UserModel::addAll() should be compatible with Think\Model::addAll($dataList, $options = Array, $replace = false) /www/users/HA84691/WEB/multi/Application/Common/Model/UserModel.class.php 第 7 行.
NOTIC: [2048] Declaration of Common\Model\UserModel::save() should be compatible with Think\Model::save($data = '', $options = Array) /www/users/HA84691/WEB/multi/Application/Common/Model/UserModel.class.php 第 7 行.
SQL: SHOW COLUMNS FROM `multi_user` [ RunTime:0.0040s ]
SQL: SELECT * FROM `multi_user` WHERE `id` = 2 LIMIT 1   [ RunTime:0.0021s ]
NOTIC: [2048] Declaration of Common\Model\ContactModel::add() should be compatible with Think\Model::add($data = '', $options = Array, $replace = false) /www/users/HA84691/WEB/multi/Application/Common/Model/ContactModel.class.php 第 79 行.
NOTIC: [2048] Declaration of Common\Model\ContactModel::addAll() should be compatible with Think\Model::addAll($dataList, $options = Array, $replace = false) /www/users/HA84691/WEB/multi/Application/Common/Model/ContactModel.class.php 第 79 行.
NOTIC: [2048] Declaration of Common\Model\ContactModel::save() should be compatible with Think\Model::save($data = '', $options = Array) /www/users/HA84691/WEB/multi/Application/Common/Model/ContactModel.class.php 第 79 行.
SQL: SHOW COLUMNS FROM `multi_contact` [ RunTime:0.0025s ]
SQL: SELECT * FROM `multi_contact` WHERE ( 1=1 AND user_id='2' )  [ RunTime:0.0028s ]
NOTIC: [2048] Declaration of Common\Model\AuthGroupAccessModel::add() should be compatible with Think\Model::add($data = '', $options = Array, $replace = false) /www/users/HA84691/WEB/multi/Application/Common/Model/AuthGroupAccessModel.class.php 第 23 行.
SQL: SHOW COLUMNS FROM `multi_auth_group_access` [ RunTime:0.0030s ]
SQL: SELECT * FROM `multi_auth_group_access` WHERE ( 1=1 AND uid='2' ) LIMIT 1   [ RunTime:0.0020s ]
SQL: SHOW COLUMNS FROM `multi_shop` [ RunTime:0.0036s ]
SQL: SELECT * FROM `multi_shop` WHERE ( 1=1 AND user_id='2' )  [ RunTime:0.0031s ]
SQL: SELECT * FROM `multi_config` LIMIT 1   [ RunTime:0.0026s ]
NOTIC: [8] Undefined variable: shopId /www/users/HA84691/WEB/multi/Application/App/Controller/IndexController.class.php 第 72 行.
SQL: SELECT * FROM `multi_shop` WHERE `id` = null LIMIT 1   [ RunTime:0.0029s ]
NOTIC: [2048] Declaration of Common\Model\WxConfigModel::add() should be compatible with Think\Model::add($data = '', $options = Array, $replace = false) /www/users/HA84691/WEB/multi/Application/Common/Model/WxConfigModel.class.php 第 62 行.
NOTIC: [2048] Declaration of Common\Model\WxConfigModel::addAll() should be compatible with Think\Model::addAll($dataList, $options = Array, $replace = false) /www/users/HA84691/WEB/multi/Application/Common/Model/WxConfigModel.class.php 第 62 行.
NOTIC: [2048] Declaration of Common\Model\WxConfigModel::save() should be compatible with Think\Model::save($data = '', $options = Array) /www/users/HA84691/WEB/multi/Application/Common/Model/WxConfigModel.class.php 第 62 行.
SQL: SHOW COLUMNS FROM `multi_wx_config` [ RunTime:0.0038s ]
SQL: SELECT * FROM `multi_wx_config` LIMIT 1   [ RunTime:0.0041s ]
INFO: [ view_parse ] --START--
NOTIC: [8] Undefined offset: 1 /www/users/HA84691/WEB/multi/ThinkPHP/Library/Think/Template.class.php 第 527 行.
NOTIC: [8] Undefined offset: 1 /www/users/HA84691/WEB/multi/ThinkPHP/Library/Think/Template.class.php 第 527 行.
NOTIC: [8] Undefined offset: 1 /www/users/HA84691/WEB/multi/ThinkPHP/Library/Think/Template.class.php 第 527 行.
NOTIC: [8] Undefined offset: 1 /www/users/HA84691/WEB/multi/ThinkPHP/Library/Think/Template.class.php 第 527 行.
NOTIC: [8] Undefined offset: 1 /www/users/HA84691/WEB/multi/ThinkPHP/Library/Think/Template.class.php 第 527 行.
NOTIC: [8] Undefined offset: 1 /www/users/HA84691/WEB/multi/ThinkPHP/Library/Think/Template.class.php 第 527 行.
INFO: [ template_filter ] --START--
INFO: Run Behavior\ContentReplaceBehavior [ RunTime:0.000235s ]
INFO: [ template_filter ] --END-- [ RunTime:0.000308s ]
NOTIC: [8] Undefined variable: ads /www/users/HA84691/WEB/multi/Application/Runtime/Cache/App/643fd0c28bdcb8d7b2203c6c89413993.php 第 43 行.
NOTIC: [8] Undefined variable: menu /www/users/HA84691/WEB/multi/Application/Runtime/Cache/App/643fd0c28bdcb8d7b2203c6c89413993.php 第 44 行.
NOTIC: [8] Undefined variable: product /www/users/HA84691/WEB/multi/Application/Runtime/Cache/App/643fd0c28bdcb8d7b2203c6c89413993.php 第 45 行.
INFO: Run Behavior\ParseTemplateBehavior [ RunTime:0.052089s ]
INFO: [ view_parse ] --END-- [ RunTime:0.052183s ]
INFO: [ view_filter ] --START--
INFO: Run Behavior\WriteHtmlCacheBehavior [ RunTime:0.000365s ]
INFO: [ view_filter ] --END-- [ RunTime:0.000437s ]
INFO: [ app_end ] --START--
INFO: Run Behavior\ShowPageTraceBehavior [ RunTime:0.000784s ]
INFO: [ app_end ] --END-- [ RunTime:0.000837s ]

[ 2016-05-26T20:23:59+08:00 ] 182.140.184.154 /multi/App/Index/index/shopid/136
INFO: [ app_init ] --START--
INFO: Run Behavior\BuildLiteBehavior [ RunTime:0.000022s ]
INFO: [ app_init ] --END-- [ RunTime:0.000513s ]
INFO: [ app_begin ] --START--
INFO: Run Behavior\ReadHtmlCacheBehavior [ RunTime:0.000696s ]
INFO: [ app_begin ] --END-- [ RunTime:0.000767s ]
NOTIC: [2048] Declaration of Common\Model\ConfigModel::add() should be compatible with Think\Model::add($data = '', $options = Array, $replace = false) /www/users/HA84691/WEB/multi/Application/Common/Model/ConfigModel.class.php 第 7 行.
NOTIC: [2048] Declaration of Common\Model\ConfigModel::addAll() should be compatible with Think\Model::addAll($dataList, $options = Array, $replace = false) /www/users/HA84691/WEB/multi/Application/Common/Model/ConfigModel.class.php 第 7 行.
NOTIC: [2048] Declaration of Common\Model\ConfigModel::save() should be compatible with Think\Model::save($data = '', $options = Array) /www/users/HA84691/WEB/multi/Application/Common/Model/ConfigModel.class.php 第 7 行.
SQL: SHOW COLUMNS FROM `multi_config` [ RunTime:0.0041s ]
SQL: SELECT * FROM `multi_config` LIMIT 1   [ RunTime:0.0034s ]
SQL: SELECT * FROM `multi_config` LIMIT 1   [ RunTime:0.0030s ]
NOTIC: [2048] Declaration of Common\Model\UserModel::add() should be compatible with Think\Model::add($data = '', $options = Array, $replace = false) /www/users/HA84691/WEB/multi/Application/Common/Model/UserModel.class.php 第 7 行.
NOTIC: [2048] Declaration of Common\Model\UserModel::addAll() should be compatible with Think\Model::addAll($dataList, $options = Array, $replace = false) /www/users/HA84691/WEB/multi/Application/Common/Model/UserModel.class.php 第 7 行.
NOTIC: [2048] Declaration of Common\Model\UserModel::save() should be compatible with Think\Model::save($data = '', $options = Array) /www/users/HA84691/WEB/multi/Application/Common/Model/UserModel.class.php 第 7 行.
SQL: SHOW COLUMNS FROM `multi_user` [ RunTime:0.0034s ]
SQL: SELECT * FROM `multi_user` WHERE `id` = 2 LIMIT 1   [ RunTime:0.0033s ]
NOTIC: [2048] Declaration of Common\Model\ContactModel::add() should be compatible with Think\Model::add($data = '', $options = Array, $replace = false) /www/users/HA84691/WEB/multi/Application/Common/Model/ContactModel.class.php 第 79 行.
NOTIC: [2048] Declaration of Common\Model\ContactModel::addAll() should be compatible with Think\Model::addAll($dataList, $options = Array, $replace = false) /www/users/HA84691/WEB/multi/Application/Common/Model/ContactModel.class.php 第 79 行.
NOTIC: [2048] Declaration of Common\Model\ContactModel::save() should be compatible with Think\Model::save($data = '', $options = Array) /www/users/HA84691/WEB/multi/Application/Common/Model/ContactModel.class.php 第 79 行.
SQL: SHOW COLUMNS FROM `multi_contact` [ RunTime:0.0028s ]
SQL: SELECT * FROM `multi_contact` WHERE ( 1=1 AND user_id='2' )  [ RunTime:0.0029s ]
NOTIC: [2048] Declaration of Common\Model\AuthGroupAccessModel::add() should be compatible with Think\Model::add($data = '', $options = Array, $replace = false) /www/users/HA84691/WEB/multi/Application/Common/Model/AuthGroupAccessModel.class.php 第 23 行.
SQL: SHOW COLUMNS FROM `multi_auth_group_access` [ RunTime:0.0036s ]
SQL: SELECT * FROM `multi_auth_group_access` WHERE ( 1=1 AND uid='2' ) LIMIT 1   [ RunTime:0.0063s ]
SQL: SHOW COLUMNS FROM `multi_shop` [ RunTime:0.0038s ]
SQL: SELECT * FROM `multi_shop` WHERE ( 1=1 AND user_id='2' )  [ RunTime:0.0048s ]
SQL: SELECT * FROM `multi_config` LIMIT 1   [ RunTime:0.0071s ]
SQL: SELECT * FROM `multi_shop` WHERE `id` = 136 LIMIT 1   [ RunTime:0.0040s ]
NOTIC: [2048] Declaration of Common\Model\MenuModel::add() should be compatible with Think\Model::add($data = '', $options = Array, $replace = false) /www/users/HA84691/WEB/multi/Application/Common/Model/MenuModel.class.php 第 144 行.
NOTIC: [2048] Declaration of Common\Model\MenuModel::addAll() should be compatible with Think\Model::addAll($dataList, $options = Array, $replace = false) /www/users/HA84691/WEB/multi/Application/Common/Model/MenuModel.class.php 第 144 行.
NOTIC: [2048] Declaration of Common\Model\MenuModel::save() should be compatible with Think\Model::save($data = '', $options = Array) /www/users/HA84691/WEB/multi/Application/Common/Model/MenuModel.class.php 第 144 行.
SQL: SHOW COLUMNS FROM `multi_menu` [ RunTime:0.0054s ]
SQL: SELECT * FROM `multi_menu` WHERE `shop_id` = 136 ORDER BY rank desc,id desc  [ RunTime:0.0037s ]
NOTIC: [2048] Declaration of Common\Model\FileModel::add() should be compatible with Think\Model::add($data = '', $options = Array, $replace = false) /www/users/HA84691/WEB/multi/Application/Common/Model/FileModel.class.php 第 137 行.
NOTIC: [2048] Declaration of Common\Model\FileModel::addAll() should be compatible with Think\Model::addAll($dataList, $options = Array, $replace = false) /www/users/HA84691/WEB/multi/Application/Common/Model/FileModel.class.php 第 137 行.
NOTIC: [2048] Declaration of Common\Model\FileModel::save() should be compatible with Think\Model::save($data = '', $options = Array) /www/users/HA84691/WEB/multi/Application/Common/Model/FileModel.class.php 第 137 行.
SQL: SHOW COLUMNS FROM `multi_file` [ RunTime:0.0058s ]
SQL: SELECT * FROM `multi_file` WHERE ( 1=1 AND id='0' ) LIMIT 1   [ RunTime:0.0023s ]
SQL: SELECT * FROM `multi_shop` WHERE ( 1=1 AND id='136' ) LIMIT 1   [ RunTime:0.0018s ]
SQL: SELECT * FROM `multi_file` WHERE ( 1=1 AND id='45' ) LIMIT 1   [ RunTime:0.0018s ]
SQL: SELECT * FROM `multi_shop` WHERE ( 1=1 AND id='136' ) LIMIT 1   [ RunTime:0.0025s ]
SQL: SELECT * FROM `multi_file` WHERE ( 1=1 AND id='0' ) LIMIT 1   [ RunTime:0.0079s ]
SQL: SELECT * FROM `multi_shop` WHERE ( 1=1 AND id='136' ) LIMIT 1   [ RunTime:0.0053s ]
SQL: SELECT * FROM `multi_file` WHERE ( 1=1 AND id='0' ) LIMIT 1   [ RunTime:0.0024s ]
SQL: SELECT * FROM `multi_shop` WHERE ( 1=1 AND id='136' ) LIMIT 1   [ RunTime:0.0045s ]
NOTIC: [2048] Declaration of Common\Model\ProductModel::add() should be compatible with Think\Model::add($data = '', $options = Array, $replace = false) /www/users/HA84691/WEB/multi/Application/Common/Model/ProductModel.class.php 第 243 行.
NOTIC: [2048] Declaration of Common\Model\ProductModel::addAll() should be compatible with Think\Model::addAll($dataList, $options = Array, $replace = false) /www/users/HA84691/WEB/multi/Application/Common/Model/ProductModel.class.php 第 243 行.
NOTIC: [2048] Declaration of Common\Model\ProductModel::save() should be compatible with Think\Model::save($data = '', $options = Array) /www/users/HA84691/WEB/multi/Application/Common/Model/ProductModel.class.php 第 243 行.
SQL: SHOW COLUMNS FROM `multi_product` [ RunTime:0.0034s ]
SQL: SELECT * FROM `multi_product` WHERE `status` <> -1 AND `shop_id` = 136 ORDER BY rank desc  [ RunTime:0.0026s ]
SQL: SELECT * FROM `multi_menu` WHERE ( 1=1 AND id='1' ) LIMIT 1   [ RunTime:0.0015s ]
SQL: SELECT * FROM `multi_file` WHERE ( 1=1 AND id='10' ) LIMIT 1   [ RunTime:0.0020s ]
NOTIC: [2048] Declaration of Common\Model\CommentModel::add() should be compatible with Think\Model::add($data = '', $options = Array, $replace = false) /www/users/HA84691/WEB/multi/Application/Common/Model/CommentModel.class.php 第 140 行.
NOTIC: [2048] Declaration of Common\Model\CommentModel::addAll() should be compatible with Think\Model::addAll($dataList, $options = Array, $replace = false) /www/users/HA84691/WEB/multi/Application/Common/Model/CommentModel.class.php 第 140 行.
NOTIC: [2048] Declaration of Common\Model\CommentModel::save() should be compatible with Think\Model::save($data = '', $options = Array) /www/users/HA84691/WEB/multi/Application/Common/Model/CommentModel.class.php 第 140 行.
SQL: SHOW COLUMNS FROM `multi_comment` [ RunTime:0.1435s ]
SQL: SELECT * FROM `multi_comment` WHERE ( 1=1 AND product_id='1' )  [ RunTime:0.0054s ]
NOTIC: [2048] Declaration of Common\Model\ProductSkuModel::add() should be compatible with Think\Model::add($data = '', $options = Array, $replace = false) /www/users/HA84691/WEB/multi/Application/Common/Model/ProductSkuModel.class.php 第 69 行.
NOTIC: [2048] Declaration of Common\Model\ProductSkuModel::addAll() should be compatible with Think\Model::addAll($dataList, $options = Array, $replace = false) /www/users/HA84691/WEB/multi/Application/Common/Model/ProductSkuModel.class.php 第 69 行.
NOTIC: [2048] Declaration of Common\Model\ProductSkuModel::save() should be compatible with Think\Model::save($data = '', $options = Array) /www/users/HA84691/WEB/multi/Application/Common/Model/ProductSkuModel.class.php 第 69 行.
SQL: SHOW COLUMNS FROM `multi_product_sku` [ RunTime:0.0069s ]
SQL: SELECT * FROM `multi_product_sku` WHERE ( 1=1 AND product_id='1' )  [ RunTime:0.0030s ]
SQL: SELECT * FROM `multi_shop` WHERE ( 1=1 AND id='136' ) LIMIT 1   [ RunTime:0.0024s ]
SQL: SELECT * FROM `multi_menu` WHERE ( 1=1 AND id='15' ) LIMIT 1   [ RunTime:0.0028s ]
SQL: SELECT * FROM `multi_file` WHERE ( 1=1 AND id='42' ) LIMIT 1   [ RunTime:0.0031s ]
SQL: SELECT * FROM `multi_comment` WHERE ( 1=1 AND product_id='26' )  [ RunTime:0.0059s ]
SQL: SELECT * FROM `multi_product_sku` WHERE ( 1=1 AND product_id='26' )  [ RunTime:0.0047s ]
SQL: SELECT * FROM `multi_shop` WHERE ( 1=1 AND id='136' ) LIMIT 1   [ RunTime:0.0024s ]
NOTIC: [2048] Declaration of Common\Model\AdsModel::add() should be compatible with Think\Model::add($data = '', $options = Array, $replace = false) /www/users/HA84691/WEB/multi/Application/Common/Model/AdsModel.class.php 第 135 行.
NOTIC: [2048] Declaration of Common\Model\AdsModel::addAll() should be compatible with Think\Model::addAll($dataList, $options = Array, $replace = false) /www/users/HA84691/WEB/multi/Application/Common/Model/AdsModel.class.php 第 135 行.
NOTIC: [2048] Declaration of Common\Model\AdsModel::save() should be compatible with Think\Model::save($data = '', $options = Array) /www/users/HA84691/WEB/multi/Application/Common/Model/AdsModel.class.php 第 135 行.
SQL: SHOW COLUMNS FROM `multi_ads` [ RunTime:0.0038s ]
SQL: SELECT * FROM `multi_ads` WHERE `shop_id` = 136 ORDER BY id desc  [ RunTime:0.0026s ]
SQL: SELECT * FROM `multi_file` WHERE ( 1=1 AND id='31' ) LIMIT 1   [ RunTime:0.0025s ]
SQL: SELECT * FROM `multi_shop` WHERE ( 1=1 AND id='136' ) LIMIT 1   [ RunTime:0.0115s ]
SQL: SELECT * FROM `multi_file` WHERE ( 1=1 AND id='42' ) LIMIT 1   [ RunTime:0.0047s ]
SQL: SELECT * FROM `multi_shop` WHERE ( 1=1 AND id='136' ) LIMIT 1   [ RunTime:0.0042s ]
SQL: SELECT * FROM `multi_file` WHERE ( 1=1 AND id='44' ) LIMIT 1   [ RunTime:0.0035s ]
SQL: SELECT * FROM `multi_shop` WHERE ( 1=1 AND id='136' ) LIMIT 1   [ RunTime:0.0037s ]
SQL: SELECT * FROM `multi_file` WHERE ( 1=1 AND id='43' ) LIMIT 1   [ RunTime:0.0026s ]
SQL: SELECT * FROM `multi_shop` WHERE ( 1=1 AND id='136' ) LIMIT 1   [ RunTime:0.0035s ]
SQL: SELECT * FROM `multi_file` WHERE ( 1=1 AND id='34' ) LIMIT 1   [ RunTime:0.0039s ]
SQL: SELECT * FROM `multi_shop` WHERE ( 1=1 AND id='136' ) LIMIT 1   [ RunTime:0.0032s ]
SQL: SELECT * FROM `multi_file` WHERE ( 1=1 AND id='33' ) LIMIT 1   [ RunTime:0.0026s ]
SQL: SELECT * FROM `multi_shop` WHERE ( 1=1 AND id='136' ) LIMIT 1   [ RunTime:0.0039s ]
SQL: SELECT * FROM `multi_file` WHERE ( 1=1 AND id='45' ) LIMIT 1   [ RunTime:0.0032s ]
SQL: SELECT * FROM `multi_shop` WHERE ( 1=1 AND id='136' ) LIMIT 1   [ RunTime:0.0036s ]
SQL: SELECT * FROM `multi_file` WHERE ( 1=1 AND id='2' ) LIMIT 1   [ RunTime:0.0066s ]
SQL: SELECT * FROM `multi_shop` WHERE ( 1=1 AND id='136' ) LIMIT 1   [ RunTime:0.0051s ]
SQL: SELECT * FROM `multi_file` WHERE ( 1=1 AND id='3' ) LIMIT 1   [ RunTime:0.0040s ]
SQL: SELECT * FROM `multi_shop` WHERE ( 1=1 AND id='136' ) LIMIT 1   [ RunTime:0.0033s ]
SQL: SELECT * FROM `multi_file` WHERE ( 1=1 AND id='4' ) LIMIT 1   [ RunTime:0.0033s ]
SQL: SELECT * FROM `multi_shop` WHERE ( 1=1 AND id='136' ) LIMIT 1   [ RunTime:0.0023s ]
SQL: SELECT * FROM `multi_file` WHERE ( 1=1 AND id='5' ) LIMIT 1   [ RunTime:0.0036s ]
SQL: SELECT * FROM `multi_shop` WHERE ( 1=1 AND id='136' ) LIMIT 1   [ RunTime:0.0046s ]
SQL: SELECT * FROM `multi_file` WHERE ( 1=1 AND id='31' ) LIMIT 1   [ RunTime:0.0045s ]
SQL: SELECT * FROM `multi_shop` WHERE ( 1=1 AND id='136' ) LIMIT 1   [ RunTime:0.0045s ]
SQL: SELECT * FROM `multi_file` WHERE ( 1=1 AND id='30' ) LIMIT 1   [ RunTime:0.0023s ]
SQL: SELECT * FROM `multi_shop` WHERE ( 1=1 AND id='136' ) LIMIT 1   [ RunTime:0.0027s ]
NOTIC: [2048] Declaration of Common\Model\WxConfigModel::add() should be compatible with Think\Model::add($data = '', $options = Array, $replace = false) /www/users/HA84691/WEB/multi/Application/Common/Model/WxConfigModel.class.php 第 62 行.
NOTIC: [2048] Declaration of Common\Model\WxConfigModel::addAll() should be compatible with Think\Model::addAll($dataList, $options = Array, $replace = false) /www/users/HA84691/WEB/multi/Application/Common/Model/WxConfigModel.class.php 第 62 行.
NOTIC: [2048] Declaration of Common\Model\WxConfigModel::save() should be compatible with Think\Model::save($data = '', $options = Array) /www/users/HA84691/WEB/multi/Application/Common/Model/WxConfigModel.class.php 第 62 行.
SQL: SHOW COLUMNS FROM `multi_wx_config` [ RunTime:0.0054s ]
SQL: SELECT * FROM `multi_wx_config` LIMIT 1   [ RunTime:0.0030s ]
INFO: [ view_parse ] --START--
NOTIC: [8] Undefined offset: 1 /www/users/HA84691/WEB/multi/ThinkPHP/Library/Think/Template.class.php 第 527 行.
NOTIC: [8] Undefined offset: 1 /www/users/HA84691/WEB/multi/ThinkPHP/Library/Think/Template.class.php 第 527 行.
NOTIC: [8] Undefined offset: 1 /www/users/HA84691/WEB/multi/ThinkPHP/Library/Think/Template.class.php 第 527 行.
NOTIC: [8] Undefined offset: 1 /www/users/HA84691/WEB/multi/ThinkPHP/Library/Think/Template.class.php 第 527 行.
NOTIC: [8] Undefined offset: 1 /www/users/HA84691/WEB/multi/ThinkPHP/Library/Think/Template.class.php 第 527 行.
NOTIC: [8] Undefined offset: 1 /www/users/HA84691/WEB/multi/ThinkPHP/Library/Think/Template.class.php 第 527 行.
INFO: [ template_filter ] --START--
INFO: Run Behavior\ContentReplaceBehavior [ RunTime:0.000137s ]
INFO: [ template_filter ] --END-- [ RunTime:0.000229s ]
INFO: Run Behavior\ParseTemplateBehavior [ RunTime:0.018182s ]
INFO: [ view_parse ] --END-- [ RunTime:0.018263s ]
INFO: [ view_filter ] --START--
INFO: Run Behavior\WriteHtmlCacheBehavior [ RunTime:0.000829s ]
INFO: [ view_filter ] --END-- [ RunTime:0.000897s ]
INFO: [ app_end ] --START--
INFO: Run Behavior\ShowPageTraceBehavior [ RunTime:0.001000s ]
INFO: [ app_end ] --END-- [ RunTime:0.001192s ]

