[ 2016-05-22T17:30:02+08:00 ] 222.134.42.170 /multi/App/Artical/index/id/5
INFO: [ app_init ] --START--
INFO: Run Behavior\BuildLiteBehavior [ RunTime:0.000029s ]
INFO: [ app_init ] --END-- [ RunTime:0.000695s ]
INFO: [ app_begin ] --START--
INFO: Run Behavior\ReadHtmlCacheBehavior [ RunTime:0.001160s ]
INFO: [ app_begin ] --END-- [ RunTime:0.001265s ]
NOTIC: [2048] Declaration of Common\Model\ArticalModel::add() should be compatible with Think\Model::add($data = '', $options = Array, $replace = false) /www/users/HA84691/WEB/multi/Application/Common/Model/ArticalModel.class.php 第 7 行.
NOTIC: [2048] Declaration of Common\Model\ArticalModel::addAll() should be compatible with Think\Model::addAll($dataList, $options = Array, $replace = false) /www/users/HA84691/WEB/multi/Application/Common/Model/ArticalModel.class.php 第 7 行.
NOTIC: [2048] Declaration of Common\Model\ArticalModel::save() should be compatible with Think\Model::save($data = '', $options = Array) /www/users/HA84691/WEB/multi/Application/Common/Model/ArticalModel.class.php 第 7 行.
SQL: SHOW COLUMNS FROM `multi_artical` [ RunTime:0.0030s ]
SQL: SELECT * FROM `multi_artical` WHERE `id` = 5 LIMIT 1   [ RunTime:0.0043s ]
NOTIC: [2048] Declaration of Common\Model\FileModel::add() should be compatible with Think\Model::add($data = '', $options = Array, $replace = false) /www/users/HA84691/WEB/multi/Application/Common/Model/FileModel.class.php 第 137 行.
NOTIC: [2048] Declaration of Common\Model\FileModel::addAll() should be compatible with Think\Model::addAll($dataList, $options = Array, $replace = false) /www/users/HA84691/WEB/multi/Application/Common/Model/FileModel.class.php 第 137 行.
NOTIC: [2048] Declaration of Common\Model\FileModel::save() should be compatible with Think\Model::save($data = '', $options = Array) /www/users/HA84691/WEB/multi/Application/Common/Model/FileModel.class.php 第 137 行.
SQL: SHOW COLUMNS FROM `multi_file` [ RunTime:0.0049s ]
SQL: SELECT * FROM `multi_file` WHERE ( 1=1 AND id='47' ) LIMIT 1   [ RunTime:0.0017s ]
SQL: SHOW COLUMNS FROM `multi_shop` [ RunTime:0.0022s ]
SQL: SELECT * FROM `multi_shop` WHERE ( 1=1 AND id='0' ) LIMIT 1   [ RunTime:0.0015s ]
SQL: UPDATE `multi_artical` SET `visiter`=visiter+1 WHERE `id` = 5 [ RunTime:0.0540s ]
NOTIC: [2048] Declaration of Common\Model\ConfigModel::add() should be compatible with Think\Model::add($data = '', $options = Array, $replace = false) /www/users/HA84691/WEB/multi/Application/Common/Model/ConfigModel.class.php 第 51 行.
NOTIC: [2048] Declaration of Common\Model\ConfigModel::addAll() should be compatible with Think\Model::addAll($dataList, $options = Array, $replace = false) /www/users/HA84691/WEB/multi/Application/Common/Model/ConfigModel.class.php 第 51 行.
NOTIC: [2048] Declaration of Common\Model\ConfigModel::save() should be compatible with Think\Model::save($data = '', $options = Array) /www/users/HA84691/WEB/multi/Application/Common/Model/ConfigModel.class.php 第 51 行.
SQL: SHOW COLUMNS FROM `multi_config` [ RunTime:0.0058s ]
SQL: SELECT * FROM `multi_config` LIMIT 1   [ RunTime:0.0022s ]
INFO: [ view_parse ] --START--
INFO: [ template_filter ] --START--
INFO: Run Behavior\ContentReplaceBehavior [ RunTime:0.000086s ]
INFO: [ template_filter ] --END-- [ RunTime:0.000162s ]
INFO: Run Behavior\ParseTemplateBehavior [ RunTime:0.052176s ]
INFO: [ view_parse ] --END-- [ RunTime:0.052276s ]
INFO: [ view_filter ] --START--
INFO: Run Behavior\WriteHtmlCacheBehavior [ RunTime:0.000344s ]
INFO: [ view_filter ] --END-- [ RunTime:0.000397s ]
INFO: [ app_end ] --START--
INFO: Run Behavior\ShowPageTraceBehavior [ RunTime:0.000632s ]
INFO: [ app_end ] --END-- [ RunTime:0.000682s ]

[ 2016-05-22T17:35:17+08:00 ] 222.134.42.170 /multi/App/Index/index/shopId/186
INFO: [ app_init ] --START--
INFO: Run Behavior\BuildLiteBehavior [ RunTime:0.000023s ]
INFO: [ app_init ] --END-- [ RunTime:0.000595s ]
INFO: [ app_begin ] --START--
INFO: Run Behavior\ReadHtmlCacheBehavior [ RunTime:0.001922s ]
INFO: [ app_begin ] --END-- [ RunTime:0.002104s ]
NOTIC: [2048] Declaration of Common\Model\ConfigModel::add() should be compatible with Think\Model::add($data = '', $options = Array, $replace = false) /www/users/HA84691/WEB/multi/Application/Common/Model/ConfigModel.class.php 第 7 行.
NOTIC: [2048] Declaration of Common\Model\ConfigModel::addAll() should be compatible with Think\Model::addAll($dataList, $options = Array, $replace = false) /www/users/HA84691/WEB/multi/Application/Common/Model/ConfigModel.class.php 第 7 行.
NOTIC: [2048] Declaration of Common\Model\ConfigModel::save() should be compatible with Think\Model::save($data = '', $options = Array) /www/users/HA84691/WEB/multi/Application/Common/Model/ConfigModel.class.php 第 7 行.
SQL: SHOW COLUMNS FROM `multi_config` [ RunTime:0.0026s ]
SQL: SELECT * FROM `multi_config` LIMIT 1   [ RunTime:0.0050s ]
SQL: SELECT * FROM `multi_config` LIMIT 1   [ RunTime:0.0027s ]
NOTIC: [2048] Declaration of Common\Model\UserModel::add() should be compatible with Think\Model::add($data = '', $options = Array, $replace = false) /www/users/HA84691/WEB/multi/Application/Common/Model/UserModel.class.php 第 7 行.
NOTIC: [2048] Declaration of Common\Model\UserModel::addAll() should be compatible with Think\Model::addAll($dataList, $options = Array, $replace = false) /www/users/HA84691/WEB/multi/Application/Common/Model/UserModel.class.php 第 7 行.
NOTIC: [2048] Declaration of Common\Model\UserModel::save() should be compatible with Think\Model::save($data = '', $options = Array) /www/users/HA84691/WEB/multi/Application/Common/Model/UserModel.class.php 第 7 行.
SQL: SHOW COLUMNS FROM `multi_user` [ RunTime:0.0062s ]
SQL: SELECT * FROM `multi_user` WHERE `id` = 2 LIMIT 1   [ RunTime:0.0023s ]
NOTIC: [2048] Declaration of Common\Model\ContactModel::add() should be compatible with Think\Model::add($data = '', $options = Array, $replace = false) /www/users/HA84691/WEB/multi/Application/Common/Model/ContactModel.class.php 第 79 行.
NOTIC: [2048] Declaration of Common\Model\ContactModel::addAll() should be compatible with Think\Model::addAll($dataList, $options = Array, $replace = false) /www/users/HA84691/WEB/multi/Application/Common/Model/ContactModel.class.php 第 79 行.
NOTIC: [2048] Declaration of Common\Model\ContactModel::save() should be compatible with Think\Model::save($data = '', $options = Array) /www/users/HA84691/WEB/multi/Application/Common/Model/ContactModel.class.php 第 79 行.
SQL: SHOW COLUMNS FROM `multi_contact` [ RunTime:0.0031s ]
SQL: SELECT * FROM `multi_contact` WHERE ( 1=1 AND user_id='2' )  [ RunTime:0.0014s ]
NOTIC: [2048] Declaration of Common\Model\AuthGroupAccessModel::add() should be compatible with Think\Model::add($data = '', $options = Array, $replace = false) /www/users/HA84691/WEB/multi/Application/Common/Model/AuthGroupAccessModel.class.php 第 23 行.
SQL: SHOW COLUMNS FROM `multi_auth_group_access` [ RunTime:0.0041s ]
SQL: SELECT * FROM `multi_auth_group_access` WHERE ( 1=1 AND uid='2' ) LIMIT 1   [ RunTime:0.0024s ]
SQL: SHOW COLUMNS FROM `multi_shop` [ RunTime:0.0030s ]
SQL: SELECT * FROM `multi_shop` WHERE ( 1=1 AND user_id='2' )  [ RunTime:0.0024s ]
SQL: SELECT * FROM `multi_config` LIMIT 1   [ RunTime:0.0080s ]
SQL: SELECT * FROM `multi_shop` WHERE `id` = 0 LIMIT 1   [ RunTime:0.0015s ]
NOTIC: [2048] Declaration of Common\Model\MenuModel::add() should be compatible with Think\Model::add($data = '', $options = Array, $replace = false) /www/users/HA84691/WEB/multi/Application/Common/Model/MenuModel.class.php 第 144 行.
NOTIC: [2048] Declaration of Common\Model\MenuModel::addAll() should be compatible with Think\Model::addAll($dataList, $options = Array, $replace = false) /www/users/HA84691/WEB/multi/Application/Common/Model/MenuModel.class.php 第 144 行.
NOTIC: [2048] Declaration of Common\Model\MenuModel::save() should be compatible with Think\Model::save($data = '', $options = Array) /www/users/HA84691/WEB/multi/Application/Common/Model/MenuModel.class.php 第 144 行.
SQL: SHOW COLUMNS FROM `multi_menu` [ RunTime:0.0163s ]
SQL: SELECT * FROM `multi_menu` WHERE `shop_id` = 0 ORDER BY rank desc,id desc  [ RunTime:0.0017s ]
NOTIC: [2048] Declaration of Common\Model\FileModel::add() should be compatible with Think\Model::add($data = '', $options = Array, $replace = false) /www/users/HA84691/WEB/multi/Application/Common/Model/FileModel.class.php 第 137 行.
NOTIC: [2048] Declaration of Common\Model\FileModel::addAll() should be compatible with Think\Model::addAll($dataList, $options = Array, $replace = false) /www/users/HA84691/WEB/multi/Application/Common/Model/FileModel.class.php 第 137 行.
NOTIC: [2048] Declaration of Common\Model\FileModel::save() should be compatible with Think\Model::save($data = '', $options = Array) /www/users/HA84691/WEB/multi/Application/Common/Model/FileModel.class.php 第 137 行.
SQL: SHOW COLUMNS FROM `multi_file` [ RunTime:0.0062s ]
SQL: SELECT * FROM `multi_file` WHERE ( 1=1 AND id='24' ) LIMIT 1   [ RunTime:0.0017s ]
SQL: SELECT * FROM `multi_shop` WHERE ( 1=1 AND id='0' ) LIMIT 1   [ RunTime:0.0045s ]
SQL: SELECT * FROM `multi_file` WHERE ( 1=1 AND id='24' ) LIMIT 1   [ RunTime:0.0014s ]
SQL: SELECT * FROM `multi_shop` WHERE ( 1=1 AND id='0' ) LIMIT 1   [ RunTime:0.0017s ]
NOTIC: [2048] Declaration of Common\Model\ProductModel::add() should be compatible with Think\Model::add($data = '', $options = Array, $replace = false) /www/users/HA84691/WEB/multi/Application/Common/Model/ProductModel.class.php 第 243 行.
NOTIC: [2048] Declaration of Common\Model\ProductModel::addAll() should be compatible with Think\Model::addAll($dataList, $options = Array, $replace = false) /www/users/HA84691/WEB/multi/Application/Common/Model/ProductModel.class.php 第 243 行.
NOTIC: [2048] Declaration of Common\Model\ProductModel::save() should be compatible with Think\Model::save($data = '', $options = Array) /www/users/HA84691/WEB/multi/Application/Common/Model/ProductModel.class.php 第 243 行.
SQL: SHOW COLUMNS FROM `multi_product` [ RunTime:0.0029s ]
SQL: SELECT * FROM `multi_product` WHERE `status` <> -1 AND `shop_id` = 0 ORDER BY rank desc  [ RunTime:0.0041s ]
SQL: SELECT * FROM `multi_menu` WHERE ( 1=1 AND id='5' ) LIMIT 1   [ RunTime:0.0032s ]
SQL: SELECT * FROM `multi_file` WHERE ( 1=1 AND id='11' ) LIMIT 1   [ RunTime:0.0015s ]
NOTIC: [2048] Declaration of Common\Model\CommentModel::add() should be compatible with Think\Model::add($data = '', $options = Array, $replace = false) /www/users/HA84691/WEB/multi/Application/Common/Model/CommentModel.class.php 第 140 行.
NOTIC: [2048] Declaration of Common\Model\CommentModel::addAll() should be compatible with Think\Model::addAll($dataList, $options = Array, $replace = false) /www/users/HA84691/WEB/multi/Application/Common/Model/CommentModel.class.php 第 140 行.
NOTIC: [2048] Declaration of Common\Model\CommentModel::save() should be compatible with Think\Model::save($data = '', $options = Array) /www/users/HA84691/WEB/multi/Application/Common/Model/CommentModel.class.php 第 140 行.
SQL: SHOW COLUMNS FROM `multi_comment` [ RunTime:0.0030s ]
SQL: SELECT * FROM `multi_comment` WHERE ( 1=1 AND product_id='3' )  [ RunTime:0.0049s ]
NOTIC: [2048] Declaration of Common\Model\ProductSkuModel::add() should be compatible with Think\Model::add($data = '', $options = Array, $replace = false) /www/users/HA84691/WEB/multi/Application/Common/Model/ProductSkuModel.class.php 第 69 行.
NOTIC: [2048] Declaration of Common\Model\ProductSkuModel::addAll() should be compatible with Think\Model::addAll($dataList, $options = Array, $replace = false) /www/users/HA84691/WEB/multi/Application/Common/Model/ProductSkuModel.class.php 第 69 行.
NOTIC: [2048] Declaration of Common\Model\ProductSkuModel::save() should be compatible with Think\Model::save($data = '', $options = Array) /www/users/HA84691/WEB/multi/Application/Common/Model/ProductSkuModel.class.php 第 69 行.
SQL: SHOW COLUMNS FROM `multi_product_sku` [ RunTime:0.0037s ]
SQL: SELECT * FROM `multi_product_sku` WHERE ( 1=1 AND product_id='3' )  [ RunTime:0.0024s ]
SQL: SELECT * FROM `multi_shop` WHERE ( 1=1 AND id='0' ) LIMIT 1   [ RunTime:0.0027s ]
SQL: SELECT * FROM `multi_menu` WHERE ( 1=1 AND id='1' ) LIMIT 1   [ RunTime:0.0021s ]
SQL: SELECT * FROM `multi_file` WHERE ( 1=1 AND id='17' ) LIMIT 1   [ RunTime:0.0106s ]
SQL: SELECT * FROM `multi_comment` WHERE ( 1=1 AND product_id='4' )  [ RunTime:0.0033s ]
SQL: SELECT * FROM `multi_product_sku` WHERE ( 1=1 AND product_id='4' )  [ RunTime:0.0019s ]
SQL: SELECT * FROM `multi_shop` WHERE ( 1=1 AND id='0' ) LIMIT 1   [ RunTime:0.0018s ]
SQL: SELECT * FROM `multi_menu` WHERE ( 1=1 AND id='1' ) LIMIT 1   [ RunTime:0.0026s ]
SQL: SELECT * FROM `multi_file` WHERE ( 1=1 AND id='16' ) LIMIT 1   [ RunTime:0.0018s ]
SQL: SELECT * FROM `multi_comment` WHERE ( 1=1 AND product_id='5' )  [ RunTime:0.0021s ]
SQL: SELECT * FROM `multi_product_sku` WHERE ( 1=1 AND product_id='5' )  [ RunTime:0.0020s ]
SQL: SELECT * FROM `multi_shop` WHERE ( 1=1 AND id='0' ) LIMIT 1   [ RunTime:0.0015s ]
SQL: SELECT * FROM `multi_menu` WHERE ( 1=1 AND id='1' ) LIMIT 1   [ RunTime:0.0012s ]
SQL: SELECT * FROM `multi_file` WHERE ( 1=1 AND id='15' ) LIMIT 1   [ RunTime:0.0011s ]
SQL: SELECT * FROM `multi_comment` WHERE ( 1=1 AND product_id='6' )  [ RunTime:0.0015s ]
SQL: SELECT * FROM `multi_product_sku` WHERE ( 1=1 AND product_id='6' )  [ RunTime:0.0020s ]
SQL: SELECT * FROM `multi_shop` WHERE ( 1=1 AND id='0' ) LIMIT 1   [ RunTime:0.0136s ]
SQL: SELECT * FROM `multi_menu` WHERE ( 1=1 AND id='1' ) LIMIT 1   [ RunTime:0.0024s ]
SQL: SELECT * FROM `multi_file` WHERE ( 1=1 AND id='14' ) LIMIT 1   [ RunTime:0.0068s ]
SQL: SELECT * FROM `multi_comment` WHERE ( 1=1 AND product_id='7' )  [ RunTime:0.0079s ]
SQL: SELECT * FROM `multi_product_sku` WHERE ( 1=1 AND product_id='7' )  [ RunTime:0.0061s ]
SQL: SELECT * FROM `multi_shop` WHERE ( 1=1 AND id='0' ) LIMIT 1   [ RunTime:0.0024s ]
SQL: SELECT * FROM `multi_menu` WHERE ( 1=1 AND id='1' ) LIMIT 1   [ RunTime:0.0049s ]
SQL: SELECT * FROM `multi_file` WHERE ( 1=1 AND id='13' ) LIMIT 1   [ RunTime:0.0019s ]
SQL: SELECT * FROM `multi_comment` WHERE ( 1=1 AND product_id='8' )  [ RunTime:0.0070s ]
SQL: SELECT * FROM `multi_product_sku` WHERE ( 1=1 AND product_id='8' )  [ RunTime:0.0016s ]
SQL: SELECT * FROM `multi_shop` WHERE ( 1=1 AND id='0' ) LIMIT 1   [ RunTime:0.0016s ]
SQL: SELECT * FROM `multi_menu` WHERE ( 1=1 AND id='1' ) LIMIT 1   [ RunTime:0.0017s ]
SQL: SELECT * FROM `multi_file` WHERE ( 1=1 AND id='12' ) LIMIT 1   [ RunTime:0.0077s ]
SQL: SELECT * FROM `multi_comment` WHERE ( 1=1 AND product_id='9' )  [ RunTime:0.0015s ]
SQL: SELECT * FROM `multi_product_sku` WHERE ( 1=1 AND product_id='9' )  [ RunTime:0.0027s ]
SQL: SELECT * FROM `multi_shop` WHERE ( 1=1 AND id='0' ) LIMIT 1   [ RunTime:0.0020s ]
SQL: SELECT * FROM `multi_menu` WHERE ( 1=1 AND id='2' ) LIMIT 1   [ RunTime:0.0016s ]
SQL: SELECT * FROM `multi_file` WHERE ( 1=1 AND id='24' ) LIMIT 1   [ RunTime:0.0012s ]
SQL: SELECT * FROM `multi_comment` WHERE ( 1=1 AND product_id='10' )  [ RunTime:0.0020s ]
SQL: SELECT * FROM `multi_product_sku` WHERE ( 1=1 AND product_id='10' )  [ RunTime:0.0018s ]
SQL: SELECT * FROM `multi_shop` WHERE ( 1=1 AND id='0' ) LIMIT 1   [ RunTime:0.0023s ]
SQL: SELECT * FROM `multi_menu` WHERE ( 1=1 AND id='2' ) LIMIT 1   [ RunTime:0.0022s ]
SQL: SELECT * FROM `multi_file` WHERE ( 1=1 AND id='18' ) LIMIT 1   [ RunTime:0.0012s ]
SQL: SELECT * FROM `multi_comment` WHERE ( 1=1 AND product_id='11' )  [ RunTime:0.0012s ]
SQL: SELECT * FROM `multi_product_sku` WHERE ( 1=1 AND product_id='11' )  [ RunTime:0.0023s ]
SQL: SELECT * FROM `multi_shop` WHERE ( 1=1 AND id='0' ) LIMIT 1   [ RunTime:0.0017s ]
SQL: SELECT * FROM `multi_menu` WHERE ( 1=1 AND id='2' ) LIMIT 1   [ RunTime:0.0023s ]
SQL: SELECT * FROM `multi_file` WHERE ( 1=1 AND id='26' ) LIMIT 1   [ RunTime:0.0019s ]
SQL: SELECT * FROM `multi_comment` WHERE ( 1=1 AND product_id='12' )  [ RunTime:0.0014s ]
SQL: SELECT * FROM `multi_product_sku` WHERE ( 1=1 AND product_id='12' )  [ RunTime:0.0027s ]
SQL: SELECT * FROM `multi_shop` WHERE ( 1=1 AND id='0' ) LIMIT 1   [ RunTime:0.0019s ]
SQL: SELECT * FROM `multi_menu` WHERE ( 1=1 AND id='2' ) LIMIT 1   [ RunTime:0.0024s ]
SQL: SELECT * FROM `multi_file` WHERE ( 1=1 AND id='25' ) LIMIT 1   [ RunTime:0.0017s ]
SQL: SELECT * FROM `multi_comment` WHERE ( 1=1 AND product_id='13' )  [ RunTime:0.0013s ]
SQL: SELECT * FROM `multi_product_sku` WHERE ( 1=1 AND product_id='13' )  [ RunTime:0.0036s ]
SQL: SELECT * FROM `multi_shop` WHERE ( 1=1 AND id='0' ) LIMIT 1   [ RunTime:0.0014s ]
SQL: SELECT * FROM `multi_menu` WHERE ( 1=1 AND id='2' ) LIMIT 1   [ RunTime:0.0013s ]
SQL: SELECT * FROM `multi_file` WHERE ( 1=1 AND id='23' ) LIMIT 1   [ RunTime:0.0015s ]
SQL: SELECT * FROM `multi_comment` WHERE ( 1=1 AND product_id='14' )  [ RunTime:0.0012s ]
SQL: SELECT * FROM `multi_product_sku` WHERE ( 1=1 AND product_id='14' )  [ RunTime:0.0023s ]
SQL: SELECT * FROM `multi_shop` WHERE ( 1=1 AND id='0' ) LIMIT 1   [ RunTime:0.0017s ]
SQL: SELECT * FROM `multi_menu` WHERE ( 1=1 AND id='5' ) LIMIT 1   [ RunTime:0.0045s ]
SQL: SELECT * FROM `multi_file` WHERE ( 1=1 AND id='22' ) LIMIT 1   [ RunTime:0.0049s ]
SQL: SELECT * FROM `multi_comment` WHERE ( 1=1 AND product_id='15' )  [ RunTime:0.0021s ]
SQL: SELECT * FROM `multi_product_sku` WHERE ( 1=1 AND product_id='15' )  [ RunTime:0.0037s ]
SQL: SELECT * FROM `multi_shop` WHERE ( 1=1 AND id='0' ) LIMIT 1   [ RunTime:0.0023s ]
SQL: SELECT * FROM `multi_menu` WHERE ( 1=1 AND id='2' ) LIMIT 1   [ RunTime:0.0014s ]
SQL: SELECT * FROM `multi_file` WHERE ( 1=1 AND id='20' ) LIMIT 1   [ RunTime:0.0019s ]
SQL: SELECT * FROM `multi_comment` WHERE ( 1=1 AND product_id='16' )  [ RunTime:0.0018s ]
SQL: SELECT * FROM `multi_product_sku` WHERE ( 1=1 AND product_id='16' )  [ RunTime:0.0044s ]
SQL: SELECT * FROM `multi_shop` WHERE ( 1=1 AND id='0' ) LIMIT 1   [ RunTime:0.0053s ]
SQL: SELECT * FROM `multi_menu` WHERE ( 1=1 AND id='2' ) LIMIT 1   [ RunTime:0.0047s ]
SQL: SELECT * FROM `multi_file` WHERE ( 1=1 AND id='19' ) LIMIT 1   [ RunTime:0.0069s ]
SQL: SELECT * FROM `multi_comment` WHERE ( 1=1 AND product_id='17' )  [ RunTime:0.0019s ]
SQL: SELECT * FROM `multi_product_sku` WHERE ( 1=1 AND product_id='17' )  [ RunTime:0.0029s ]
SQL: SELECT * FROM `multi_shop` WHERE ( 1=1 AND id='0' ) LIMIT 1   [ RunTime:0.0020s ]
SQL: SELECT * FROM `multi_menu` WHERE ( 1=1 AND id='5' ) LIMIT 1   [ RunTime:0.0012s ]
SQL: SELECT * FROM `multi_file` WHERE ( 1=1 AND id='21' ) LIMIT 1   [ RunTime:0.0017s ]
SQL: SELECT * FROM `multi_comment` WHERE ( 1=1 AND product_id='18' )  [ RunTime:0.0031s ]
SQL: SELECT * FROM `multi_product_sku` WHERE ( 1=1 AND product_id='18' )  [ RunTime:0.0021s ]
SQL: SELECT * FROM `multi_shop` WHERE ( 1=1 AND id='0' ) LIMIT 1   [ RunTime:0.0032s ]
SQL: SELECT * FROM `multi_menu` WHERE ( 1=1 AND id='5' ) LIMIT 1   [ RunTime:0.0014s ]
SQL: SELECT * FROM `multi_file` WHERE ( 1=1 AND id='27' ) LIMIT 1   [ RunTime:0.0018s ]
SQL: SELECT * FROM `multi_comment` WHERE ( 1=1 AND product_id='19' )  [ RunTime:0.0016s ]
SQL: SELECT * FROM `multi_product_sku` WHERE ( 1=1 AND product_id='19' )  [ RunTime:0.0027s ]
SQL: SELECT * FROM `multi_shop` WHERE ( 1=1 AND id='0' ) LIMIT 1   [ RunTime:0.0020s ]
NOTIC: [2048] Declaration of Common\Model\AdsModel::add() should be compatible with Think\Model::add($data = '', $options = Array, $replace = false) /www/users/HA84691/WEB/multi/Application/Common/Model/AdsModel.class.php 第 135 行.
NOTIC: [2048] Declaration of Common\Model\AdsModel::addAll() should be compatible with Think\Model::addAll($dataList, $options = Array, $replace = false) /www/users/HA84691/WEB/multi/Application/Common/Model/AdsModel.class.php 第 135 行.
NOTIC: [2048] Declaration of Common\Model\AdsModel::save() should be compatible with Think\Model::save($data = '', $options = Array) /www/users/HA84691/WEB/multi/Application/Common/Model/AdsModel.class.php 第 135 行.
SQL: SHOW COLUMNS FROM `multi_ads` [ RunTime:0.0027s ]
SQL: SELECT * FROM `multi_ads` WHERE `shop_id` = 0 ORDER BY id desc  [ RunTime:0.0018s ]
NOTIC: [2048] Declaration of Common\Model\WxConfigModel::add() should be compatible with Think\Model::add($data = '', $options = Array, $replace = false) /www/users/HA84691/WEB/multi/Application/Common/Model/WxConfigModel.class.php 第 62 行.
NOTIC: [2048] Declaration of Common\Model\WxConfigModel::addAll() should be compatible with Think\Model::addAll($dataList, $options = Array, $replace = false) /www/users/HA84691/WEB/multi/Application/Common/Model/WxConfigModel.class.php 第 62 行.
NOTIC: [2048] Declaration of Common\Model\WxConfigModel::save() should be compatible with Think\Model::save($data = '', $options = Array) /www/users/HA84691/WEB/multi/Application/Common/Model/WxConfigModel.class.php 第 62 行.
SQL: SHOW COLUMNS FROM `multi_wx_config` [ RunTime:0.0020s ]
SQL: SELECT * FROM `multi_wx_config` LIMIT 1   [ RunTime:0.0014s ]
INFO: [ view_parse ] --START--
NOTIC: [8] Undefined offset: 1 /www/users/HA84691/WEB/multi/ThinkPHP/Library/Think/Template.class.php 第 527 行.
NOTIC: [8] Undefined offset: 1 /www/users/HA84691/WEB/multi/ThinkPHP/Library/Think/Template.class.php 第 527 行.
NOTIC: [8] Undefined offset: 1 /www/users/HA84691/WEB/multi/ThinkPHP/Library/Think/Template.class.php 第 527 行.
NOTIC: [8] Undefined offset: 1 /www/users/HA84691/WEB/multi/ThinkPHP/Library/Think/Template.class.php 第 527 行.
NOTIC: [8] Undefined offset: 1 /www/users/HA84691/WEB/multi/ThinkPHP/Library/Think/Template.class.php 第 527 行.
NOTIC: [8] Undefined offset: 1 /www/users/HA84691/WEB/multi/ThinkPHP/Library/Think/Template.class.php 第 527 行.
INFO: [ template_filter ] --START--
INFO: Run Behavior\ContentReplaceBehavior [ RunTime:0.000115s ]
INFO: [ template_filter ] --END-- [ RunTime:0.000183s ]
INFO: Run Behavior\ParseTemplateBehavior [ RunTime:0.031117s ]
INFO: [ view_parse ] --END-- [ RunTime:0.031196s ]
INFO: [ view_filter ] --START--
INFO: Run Behavior\WriteHtmlCacheBehavior [ RunTime:0.000291s ]
INFO: [ view_filter ] --END-- [ RunTime:0.000361s ]
INFO: [ app_end ] --START--
INFO: Run Behavior\ShowPageTraceBehavior [ RunTime:0.010240s ]
INFO: [ app_end ] --END-- [ RunTime:0.010320s ]

[ 2016-05-22T17:35:42+08:00 ] 222.134.42.170 /multi/App/Index/index/shopId/186
INFO: [ app_init ] --START--
INFO: Run Behavior\BuildLiteBehavior [ RunTime:0.000030s ]
INFO: [ app_init ] --END-- [ RunTime:0.001267s ]
INFO: [ app_begin ] --START--
INFO: Run Behavior\ReadHtmlCacheBehavior [ RunTime:0.000816s ]
INFO: [ app_begin ] --END-- [ RunTime:0.000912s ]
NOTIC: [2048] Declaration of Common\Model\ConfigModel::add() should be compatible with Think\Model::add($data = '', $options = Array, $replace = false) /www/users/HA84691/WEB/multi/Application/Common/Model/ConfigModel.class.php 第 7 行.
NOTIC: [2048] Declaration of Common\Model\ConfigModel::addAll() should be compatible with Think\Model::addAll($dataList, $options = Array, $replace = false) /www/users/HA84691/WEB/multi/Application/Common/Model/ConfigModel.class.php 第 7 行.
NOTIC: [2048] Declaration of Common\Model\ConfigModel::save() should be compatible with Think\Model::save($data = '', $options = Array) /www/users/HA84691/WEB/multi/Application/Common/Model/ConfigModel.class.php 第 7 行.
SQL: SHOW COLUMNS FROM `multi_config` [ RunTime:0.0056s ]
SQL: SELECT * FROM `multi_config` LIMIT 1   [ RunTime:0.0024s ]
SQL: SELECT * FROM `multi_config` LIMIT 1   [ RunTime:0.0094s ]
NOTIC: [2048] Declaration of Common\Model\UserModel::add() should be compatible with Think\Model::add($data = '', $options = Array, $replace = false) /www/users/HA84691/WEB/multi/Application/Common/Model/UserModel.class.php 第 7 行.
NOTIC: [2048] Declaration of Common\Model\UserModel::addAll() should be compatible with Think\Model::addAll($dataList, $options = Array, $replace = false) /www/users/HA84691/WEB/multi/Application/Common/Model/UserModel.class.php 第 7 行.
NOTIC: [2048] Declaration of Common\Model\UserModel::save() should be compatible with Think\Model::save($data = '', $options = Array) /www/users/HA84691/WEB/multi/Application/Common/Model/UserModel.class.php 第 7 行.
SQL: SHOW COLUMNS FROM `multi_user` [ RunTime:0.0039s ]
SQL: SELECT * FROM `multi_user` WHERE `id` = 2 LIMIT 1   [ RunTime:0.0017s ]
NOTIC: [2048] Declaration of Common\Model\ContactModel::add() should be compatible with Think\Model::add($data = '', $options = Array, $replace = false) /www/users/HA84691/WEB/multi/Application/Common/Model/ContactModel.class.php 第 79 行.
NOTIC: [2048] Declaration of Common\Model\ContactModel::addAll() should be compatible with Think\Model::addAll($dataList, $options = Array, $replace = false) /www/users/HA84691/WEB/multi/Application/Common/Model/ContactModel.class.php 第 79 行.
NOTIC: [2048] Declaration of Common\Model\ContactModel::save() should be compatible with Think\Model::save($data = '', $options = Array) /www/users/HA84691/WEB/multi/Application/Common/Model/ContactModel.class.php 第 79 行.
SQL: SHOW COLUMNS FROM `multi_contact` [ RunTime:0.0032s ]
SQL: SELECT * FROM `multi_contact` WHERE ( 1=1 AND user_id='2' )  [ RunTime:0.0020s ]
NOTIC: [2048] Declaration of Common\Model\AuthGroupAccessModel::add() should be compatible with Think\Model::add($data = '', $options = Array, $replace = false) /www/users/HA84691/WEB/multi/Application/Common/Model/AuthGroupAccessModel.class.php 第 23 行.
SQL: SHOW COLUMNS FROM `multi_auth_group_access` [ RunTime:0.0032s ]
SQL: SELECT * FROM `multi_auth_group_access` WHERE ( 1=1 AND uid='2' ) LIMIT 1   [ RunTime:0.0014s ]
SQL: SHOW COLUMNS FROM `multi_shop` [ RunTime:0.0051s ]
SQL: SELECT * FROM `multi_shop` WHERE ( 1=1 AND user_id='2' )  [ RunTime:0.0046s ]
SQL: SELECT * FROM `multi_config` LIMIT 1   [ RunTime:0.0032s ]
SQL: SELECT * FROM `multi_shop` WHERE `id` = 0 LIMIT 1   [ RunTime:0.0019s ]
NOTIC: [2048] Declaration of Common\Model\MenuModel::add() should be compatible with Think\Model::add($data = '', $options = Array, $replace = false) /www/users/HA84691/WEB/multi/Application/Common/Model/MenuModel.class.php 第 144 行.
NOTIC: [2048] Declaration of Common\Model\MenuModel::addAll() should be compatible with Think\Model::addAll($dataList, $options = Array, $replace = false) /www/users/HA84691/WEB/multi/Application/Common/Model/MenuModel.class.php 第 144 行.
NOTIC: [2048] Declaration of Common\Model\MenuModel::save() should be compatible with Think\Model::save($data = '', $options = Array) /www/users/HA84691/WEB/multi/Application/Common/Model/MenuModel.class.php 第 144 行.
SQL: SHOW COLUMNS FROM `multi_menu` [ RunTime:0.0026s ]
SQL: SELECT * FROM `multi_menu` WHERE `shop_id` = 0 ORDER BY rank desc,id desc  [ RunTime:0.0019s ]
NOTIC: [2048] Declaration of Common\Model\FileModel::add() should be compatible with Think\Model::add($data = '', $options = Array, $replace = false) /www/users/HA84691/WEB/multi/Application/Common/Model/FileModel.class.php 第 137 行.
NOTIC: [2048] Declaration of Common\Model\FileModel::addAll() should be compatible with Think\Model::addAll($dataList, $options = Array, $replace = false) /www/users/HA84691/WEB/multi/Application/Common/Model/FileModel.class.php 第 137 行.
NOTIC: [2048] Declaration of Common\Model\FileModel::save() should be compatible with Think\Model::save($data = '', $options = Array) /www/users/HA84691/WEB/multi/Application/Common/Model/FileModel.class.php 第 137 行.
SQL: SHOW COLUMNS FROM `multi_file` [ RunTime:0.0043s ]
SQL: SELECT * FROM `multi_file` WHERE ( 1=1 AND id='24' ) LIMIT 1   [ RunTime:0.0027s ]
SQL: SELECT * FROM `multi_shop` WHERE ( 1=1 AND id='0' ) LIMIT 1   [ RunTime:0.0023s ]
SQL: SELECT * FROM `multi_file` WHERE ( 1=1 AND id='24' ) LIMIT 1   [ RunTime:0.0016s ]
SQL: SELECT * FROM `multi_shop` WHERE ( 1=1 AND id='0' ) LIMIT 1   [ RunTime:0.0028s ]
NOTIC: [2048] Declaration of Common\Model\ProductModel::add() should be compatible with Think\Model::add($data = '', $options = Array, $replace = false) /www/users/HA84691/WEB/multi/Application/Common/Model/ProductModel.class.php 第 243 行.
NOTIC: [2048] Declaration of Common\Model\ProductModel::addAll() should be compatible with Think\Model::addAll($dataList, $options = Array, $replace = false) /www/users/HA84691/WEB/multi/Application/Common/Model/ProductModel.class.php 第 243 行.
NOTIC: [2048] Declaration of Common\Model\ProductModel::save() should be compatible with Think\Model::save($data = '', $options = Array) /www/users/HA84691/WEB/multi/Application/Common/Model/ProductModel.class.php 第 243 行.
SQL: SHOW COLUMNS FROM `multi_product` [ RunTime:0.0026s ]
SQL: SELECT * FROM `multi_product` WHERE `status` <> -1 AND `shop_id` = 0 ORDER BY rank desc  [ RunTime:0.0065s ]
SQL: SELECT * FROM `multi_menu` WHERE ( 1=1 AND id='5' ) LIMIT 1   [ RunTime:0.0020s ]
SQL: SELECT * FROM `multi_file` WHERE ( 1=1 AND id='11' ) LIMIT 1   [ RunTime:0.0026s ]
NOTIC: [2048] Declaration of Common\Model\CommentModel::add() should be compatible with Think\Model::add($data = '', $options = Array, $replace = false) /www/users/HA84691/WEB/multi/Application/Common/Model/CommentModel.class.php 第 140 行.
NOTIC: [2048] Declaration of Common\Model\CommentModel::addAll() should be compatible with Think\Model::addAll($dataList, $options = Array, $replace = false) /www/users/HA84691/WEB/multi/Application/Common/Model/CommentModel.class.php 第 140 行.
NOTIC: [2048] Declaration of Common\Model\CommentModel::save() should be compatible with Think\Model::save($data = '', $options = Array) /www/users/HA84691/WEB/multi/Application/Common/Model/CommentModel.class.php 第 140 行.
SQL: SHOW COLUMNS FROM `multi_comment` [ RunTime:0.0044s ]
SQL: SELECT * FROM `multi_comment` WHERE ( 1=1 AND product_id='3' )  [ RunTime:0.0023s ]
NOTIC: [2048] Declaration of Common\Model\ProductSkuModel::add() should be compatible with Think\Model::add($data = '', $options = Array, $replace = false) /www/users/HA84691/WEB/multi/Application/Common/Model/ProductSkuModel.class.php 第 69 行.
NOTIC: [2048] Declaration of Common\Model\ProductSkuModel::addAll() should be compatible with Think\Model::addAll($dataList, $options = Array, $replace = false) /www/users/HA84691/WEB/multi/Application/Common/Model/ProductSkuModel.class.php 第 69 行.
NOTIC: [2048] Declaration of Common\Model\ProductSkuModel::save() should be compatible with Think\Model::save($data = '', $options = Array) /www/users/HA84691/WEB/multi/Application/Common/Model/ProductSkuModel.class.php 第 69 行.
SQL: SHOW COLUMNS FROM `multi_product_sku` [ RunTime:0.0025s ]
SQL: SELECT * FROM `multi_product_sku` WHERE ( 1=1 AND product_id='3' )  [ RunTime:0.0026s ]
SQL: SELECT * FROM `multi_shop` WHERE ( 1=1 AND id='0' ) LIMIT 1   [ RunTime:0.0027s ]
SQL: SELECT * FROM `multi_menu` WHERE ( 1=1 AND id='1' ) LIMIT 1   [ RunTime:0.0026s ]
SQL: SELECT * FROM `multi_file` WHERE ( 1=1 AND id='17' ) LIMIT 1   [ RunTime:0.0041s ]
SQL: SELECT * FROM `multi_comment` WHERE ( 1=1 AND product_id='4' )  [ RunTime:0.0029s ]
SQL: SELECT * FROM `multi_product_sku` WHERE ( 1=1 AND product_id='4' )  [ RunTime:0.0020s ]
SQL: SELECT * FROM `multi_shop` WHERE ( 1=1 AND id='0' ) LIMIT 1   [ RunTime:0.0029s ]
SQL: SELECT * FROM `multi_menu` WHERE ( 1=1 AND id='1' ) LIMIT 1   [ RunTime:0.0027s ]
SQL: SELECT * FROM `multi_file` WHERE ( 1=1 AND id='16' ) LIMIT 1   [ RunTime:0.0018s ]
SQL: SELECT * FROM `multi_comment` WHERE ( 1=1 AND product_id='5' )  [ RunTime:0.0020s ]
SQL: SELECT * FROM `multi_product_sku` WHERE ( 1=1 AND product_id='5' )  [ RunTime:0.0043s ]
SQL: SELECT * FROM `multi_shop` WHERE ( 1=1 AND id='0' ) LIMIT 1   [ RunTime:0.0035s ]
SQL: SELECT * FROM `multi_menu` WHERE ( 1=1 AND id='1' ) LIMIT 1   [ RunTime:0.0031s ]
SQL: SELECT * FROM `multi_file` WHERE ( 1=1 AND id='15' ) LIMIT 1   [ RunTime:0.0034s ]
SQL: SELECT * FROM `multi_comment` WHERE ( 1=1 AND product_id='6' )  [ RunTime:0.0041s ]
SQL: SELECT * FROM `multi_product_sku` WHERE ( 1=1 AND product_id='6' )  [ RunTime:0.0043s ]
SQL: SELECT * FROM `multi_shop` WHERE ( 1=1 AND id='0' ) LIMIT 1   [ RunTime:0.0024s ]
SQL: SELECT * FROM `multi_menu` WHERE ( 1=1 AND id='1' ) LIMIT 1   [ RunTime:0.0018s ]
SQL: SELECT * FROM `multi_file` WHERE ( 1=1 AND id='14' ) LIMIT 1   [ RunTime:0.0015s ]
SQL: SELECT * FROM `multi_comment` WHERE ( 1=1 AND product_id='7' )  [ RunTime:0.0047s ]
SQL: SELECT * FROM `multi_product_sku` WHERE ( 1=1 AND product_id='7' )  [ RunTime:0.0072s ]
SQL: SELECT * FROM `multi_shop` WHERE ( 1=1 AND id='0' ) LIMIT 1   [ RunTime:0.0040s ]
SQL: SELECT * FROM `multi_menu` WHERE ( 1=1 AND id='1' ) LIMIT 1   [ RunTime:0.0023s ]
SQL: SELECT * FROM `multi_file` WHERE ( 1=1 AND id='13' ) LIMIT 1   [ RunTime:0.0025s ]
SQL: SELECT * FROM `multi_comment` WHERE ( 1=1 AND product_id='8' )  [ RunTime:0.0037s ]
SQL: SELECT * FROM `multi_product_sku` WHERE ( 1=1 AND product_id='8' )  [ RunTime:0.0026s ]
SQL: SELECT * FROM `multi_shop` WHERE ( 1=1 AND id='0' ) LIMIT 1   [ RunTime:0.0039s ]
SQL: SELECT * FROM `multi_menu` WHERE ( 1=1 AND id='1' ) LIMIT 1   [ RunTime:0.0049s ]
SQL: SELECT * FROM `multi_file` WHERE ( 1=1 AND id='12' ) LIMIT 1   [ RunTime:0.0030s ]
SQL: SELECT * FROM `multi_comment` WHERE ( 1=1 AND product_id='9' )  [ RunTime:0.0029s ]
SQL: SELECT * FROM `multi_product_sku` WHERE ( 1=1 AND product_id='9' )  [ RunTime:0.0033s ]
SQL: SELECT * FROM `multi_shop` WHERE ( 1=1 AND id='0' ) LIMIT 1   [ RunTime:0.0017s ]
SQL: SELECT * FROM `multi_menu` WHERE ( 1=1 AND id='2' ) LIMIT 1   [ RunTime:0.0017s ]
SQL: SELECT * FROM `multi_file` WHERE ( 1=1 AND id='24' ) LIMIT 1   [ RunTime:0.0022s ]
SQL: SELECT * FROM `multi_comment` WHERE ( 1=1 AND product_id='10' )  [ RunTime:0.0020s ]
SQL: SELECT * FROM `multi_product_sku` WHERE ( 1=1 AND product_id='10' )  [ RunTime:0.0024s ]
SQL: SELECT * FROM `multi_shop` WHERE ( 1=1 AND id='0' ) LIMIT 1   [ RunTime:0.0031s ]
SQL: SELECT * FROM `multi_menu` WHERE ( 1=1 AND id='2' ) LIMIT 1   [ RunTime:0.0022s ]
SQL: SELECT * FROM `multi_file` WHERE ( 1=1 AND id='18' ) LIMIT 1   [ RunTime:0.0021s ]
SQL: SELECT * FROM `multi_comment` WHERE ( 1=1 AND product_id='11' )  [ RunTime:0.0020s ]
SQL: SELECT * FROM `multi_product_sku` WHERE ( 1=1 AND product_id='11' )  [ RunTime:0.0027s ]
SQL: SELECT * FROM `multi_shop` WHERE ( 1=1 AND id='0' ) LIMIT 1   [ RunTime:0.0022s ]
SQL: SELECT * FROM `multi_menu` WHERE ( 1=1 AND id='2' ) LIMIT 1   [ RunTime:0.0020s ]
SQL: SELECT * FROM `multi_file` WHERE ( 1=1 AND id='26' ) LIMIT 1   [ RunTime:0.0020s ]
SQL: SELECT * FROM `multi_comment` WHERE ( 1=1 AND product_id='12' )  [ RunTime:0.0016s ]
SQL: SELECT * FROM `multi_product_sku` WHERE ( 1=1 AND product_id='12' )  [ RunTime:0.0020s ]
SQL: SELECT * FROM `multi_shop` WHERE ( 1=1 AND id='0' ) LIMIT 1   [ RunTime:0.0020s ]
SQL: SELECT * FROM `multi_menu` WHERE ( 1=1 AND id='2' ) LIMIT 1   [ RunTime:0.0021s ]
SQL: SELECT * FROM `multi_file` WHERE ( 1=1 AND id='25' ) LIMIT 1   [ RunTime:0.0024s ]
SQL: SELECT * FROM `multi_comment` WHERE ( 1=1 AND product_id='13' )  [ RunTime:0.0020s ]
SQL: SELECT * FROM `multi_product_sku` WHERE ( 1=1 AND product_id='13' )  [ RunTime:0.0019s ]
SQL: SELECT * FROM `multi_shop` WHERE ( 1=1 AND id='0' ) LIMIT 1   [ RunTime:0.0021s ]
SQL: SELECT * FROM `multi_menu` WHERE ( 1=1 AND id='2' ) LIMIT 1   [ RunTime:0.0031s ]
SQL: SELECT * FROM `multi_file` WHERE ( 1=1 AND id='23' ) LIMIT 1   [ RunTime:0.0020s ]
SQL: SELECT * FROM `multi_comment` WHERE ( 1=1 AND product_id='14' )  [ RunTime:0.0017s ]
SQL: SELECT * FROM `multi_product_sku` WHERE ( 1=1 AND product_id='14' )  [ RunTime:0.0019s ]
SQL: SELECT * FROM `multi_shop` WHERE ( 1=1 AND id='0' ) LIMIT 1   [ RunTime:0.0027s ]
SQL: SELECT * FROM `multi_menu` WHERE ( 1=1 AND id='5' ) LIMIT 1   [ RunTime:0.0020s ]
SQL: SELECT * FROM `multi_file` WHERE ( 1=1 AND id='22' ) LIMIT 1   [ RunTime:0.0022s ]
SQL: SELECT * FROM `multi_comment` WHERE ( 1=1 AND product_id='15' )  [ RunTime:0.0023s ]
SQL: SELECT * FROM `multi_product_sku` WHERE ( 1=1 AND product_id='15' )  [ RunTime:0.0021s ]
SQL: SELECT * FROM `multi_shop` WHERE ( 1=1 AND id='0' ) LIMIT 1   [ RunTime:0.0029s ]
SQL: SELECT * FROM `multi_menu` WHERE ( 1=1 AND id='2' ) LIMIT 1   [ RunTime:0.0019s ]
SQL: SELECT * FROM `multi_file` WHERE ( 1=1 AND id='20' ) LIMIT 1   [ RunTime:0.0017s ]
SQL: SELECT * FROM `multi_comment` WHERE ( 1=1 AND product_id='16' )  [ RunTime:0.0017s ]
SQL: SELECT * FROM `multi_product_sku` WHERE ( 1=1 AND product_id='16' )  [ RunTime:0.0028s ]
SQL: SELECT * FROM `multi_shop` WHERE ( 1=1 AND id='0' ) LIMIT 1   [ RunTime:0.0024s ]
SQL: SELECT * FROM `multi_menu` WHERE ( 1=1 AND id='2' ) LIMIT 1   [ RunTime:0.0034s ]
SQL: SELECT * FROM `multi_file` WHERE ( 1=1 AND id='19' ) LIMIT 1   [ RunTime:0.0027s ]
SQL: SELECT * FROM `multi_comment` WHERE ( 1=1 AND product_id='17' )  [ RunTime:0.0019s ]
SQL: SELECT * FROM `multi_product_sku` WHERE ( 1=1 AND product_id='17' )  [ RunTime:0.0024s ]
SQL: SELECT * FROM `multi_shop` WHERE ( 1=1 AND id='0' ) LIMIT 1   [ RunTime:0.0061s ]
SQL: SELECT * FROM `multi_menu` WHERE ( 1=1 AND id='5' ) LIMIT 1   [ RunTime:0.0028s ]
SQL: SELECT * FROM `multi_file` WHERE ( 1=1 AND id='21' ) LIMIT 1   [ RunTime:0.0019s ]
SQL: SELECT * FROM `multi_comment` WHERE ( 1=1 AND product_id='18' )  [ RunTime:0.0028s ]
SQL: SELECT * FROM `multi_product_sku` WHERE ( 1=1 AND product_id='18' )  [ RunTime:0.0071s ]
SQL: SELECT * FROM `multi_shop` WHERE ( 1=1 AND id='0' ) LIMIT 1   [ RunTime:0.0021s ]
SQL: SELECT * FROM `multi_menu` WHERE ( 1=1 AND id='5' ) LIMIT 1   [ RunTime:0.0020s ]
SQL: SELECT * FROM `multi_file` WHERE ( 1=1 AND id='27' ) LIMIT 1   [ RunTime:0.0096s ]
SQL: SELECT * FROM `multi_comment` WHERE ( 1=1 AND product_id='19' )  [ RunTime:0.0023s ]
SQL: SELECT * FROM `multi_product_sku` WHERE ( 1=1 AND product_id='19' )  [ RunTime:0.0037s ]
SQL: SELECT * FROM `multi_shop` WHERE ( 1=1 AND id='0' ) LIMIT 1   [ RunTime:0.0044s ]
NOTIC: [2048] Declaration of Common\Model\AdsModel::add() should be compatible with Think\Model::add($data = '', $options = Array, $replace = false) /www/users/HA84691/WEB/multi/Application/Common/Model/AdsModel.class.php 第 135 行.
NOTIC: [2048] Declaration of Common\Model\AdsModel::addAll() should be compatible with Think\Model::addAll($dataList, $options = Array, $replace = false) /www/users/HA84691/WEB/multi/Application/Common/Model/AdsModel.class.php 第 135 行.
NOTIC: [2048] Declaration of Common\Model\AdsModel::save() should be compatible with Think\Model::save($data = '', $options = Array) /www/users/HA84691/WEB/multi/Application/Common/Model/AdsModel.class.php 第 135 行.
SQL: SHOW COLUMNS FROM `multi_ads` [ RunTime:0.0024s ]
SQL: SELECT * FROM `multi_ads` WHERE `shop_id` = 0 ORDER BY id desc  [ RunTime:0.0025s ]
NOTIC: [2048] Declaration of Common\Model\WxConfigModel::add() should be compatible with Think\Model::add($data = '', $options = Array, $replace = false) /www/users/HA84691/WEB/multi/Application/Common/Model/WxConfigModel.class.php 第 62 行.
NOTIC: [2048] Declaration of Common\Model\WxConfigModel::addAll() should be compatible with Think\Model::addAll($dataList, $options = Array, $replace = false) /www/users/HA84691/WEB/multi/Application/Common/Model/WxConfigModel.class.php 第 62 行.
NOTIC: [2048] Declaration of Common\Model\WxConfigModel::save() should be compatible with Think\Model::save($data = '', $options = Array) /www/users/HA84691/WEB/multi/Application/Common/Model/WxConfigModel.class.php 第 62 行.
SQL: SHOW COLUMNS FROM `multi_wx_config` [ RunTime:0.0041s ]
SQL: SELECT * FROM `multi_wx_config` LIMIT 1   [ RunTime:0.0023s ]
INFO: [ view_parse ] --START--
NOTIC: [8] Undefined offset: 1 /www/users/HA84691/WEB/multi/ThinkPHP/Library/Think/Template.class.php 第 527 行.
NOTIC: [8] Undefined offset: 1 /www/users/HA84691/WEB/multi/ThinkPHP/Library/Think/Template.class.php 第 527 行.
NOTIC: [8] Undefined offset: 1 /www/users/HA84691/WEB/multi/ThinkPHP/Library/Think/Template.class.php 第 527 行.
NOTIC: [8] Undefined offset: 1 /www/users/HA84691/WEB/multi/ThinkPHP/Library/Think/Template.class.php 第 527 行.
NOTIC: [8] Undefined offset: 1 /www/users/HA84691/WEB/multi/ThinkPHP/Library/Think/Template.class.php 第 527 行.
NOTIC: [8] Undefined offset: 1 /www/users/HA84691/WEB/multi/ThinkPHP/Library/Think/Template.class.php 第 527 行.
INFO: [ template_filter ] --START--
INFO: Run Behavior\ContentReplaceBehavior [ RunTime:0.000113s ]
INFO: [ template_filter ] --END-- [ RunTime:0.000180s ]
INFO: Run Behavior\ParseTemplateBehavior [ RunTime:0.032727s ]
INFO: [ view_parse ] --END-- [ RunTime:0.032802s ]
INFO: [ view_filter ] --START--
INFO: Run Behavior\WriteHtmlCacheBehavior [ RunTime:0.000333s ]
INFO: [ view_filter ] --END-- [ RunTime:0.000384s ]
INFO: [ app_end ] --START--
INFO: Run Behavior\ShowPageTraceBehavior [ RunTime:0.006401s ]
INFO: [ app_end ] --END-- [ RunTime:0.006483s ]

[ 2016-05-22T17:35:45+08:00 ] 222.134.42.170 /multi/App/Shop/getProduct?id=3
INFO: [ app_init ] --START--
INFO: Run Behavior\BuildLiteBehavior [ RunTime:0.000029s ]
INFO: [ app_init ] --END-- [ RunTime:0.000659s ]
INFO: [ app_begin ] --START--
INFO: Run Behavior\ReadHtmlCacheBehavior [ RunTime:0.000924s ]
INFO: [ app_begin ] --END-- [ RunTime:0.001044s ]
NOTIC: [2048] Declaration of Common\Model\ConfigModel::add() should be compatible with Think\Model::add($data = '', $options = Array, $replace = false) /www/users/HA84691/WEB/multi/Application/Common/Model/ConfigModel.class.php 第 7 行.
NOTIC: [2048] Declaration of Common\Model\ConfigModel::addAll() should be compatible with Think\Model::addAll($dataList, $options = Array, $replace = false) /www/users/HA84691/WEB/multi/Application/Common/Model/ConfigModel.class.php 第 7 行.
NOTIC: [2048] Declaration of Common\Model\ConfigModel::save() should be compatible with Think\Model::save($data = '', $options = Array) /www/users/HA84691/WEB/multi/Application/Common/Model/ConfigModel.class.php 第 7 行.
SQL: SHOW COLUMNS FROM `multi_config` [ RunTime:0.0135s ]
SQL: SELECT * FROM `multi_config` LIMIT 1   [ RunTime:0.0029s ]
NOTIC: [2048] Declaration of Common\Model\ProductModel::add() should be compatible with Think\Model::add($data = '', $options = Array, $replace = false) /www/users/HA84691/WEB/multi/Application/Common/Model/ProductModel.class.php 第 7 行.
NOTIC: [2048] Declaration of Common\Model\ProductModel::addAll() should be compatible with Think\Model::addAll($dataList, $options = Array, $replace = false) /www/users/HA84691/WEB/multi/Application/Common/Model/ProductModel.class.php 第 7 行.
NOTIC: [2048] Declaration of Common\Model\ProductModel::save() should be compatible with Think\Model::save($data = '', $options = Array) /www/users/HA84691/WEB/multi/Application/Common/Model/ProductModel.class.php 第 7 行.
SQL: SHOW COLUMNS FROM `multi_product` [ RunTime:0.0066s ]
SQL: SELECT * FROM `multi_product` WHERE `id` = 3 LIMIT 1   [ RunTime:0.0021s ]
NOTIC: [2048] Declaration of Common\Model\MenuModel::add() should be compatible with Think\Model::add($data = '', $options = Array, $replace = false) /www/users/HA84691/WEB/multi/Application/Common/Model/MenuModel.class.php 第 144 行.
NOTIC: [2048] Declaration of Common\Model\MenuModel::addAll() should be compatible with Think\Model::addAll($dataList, $options = Array, $replace = false) /www/users/HA84691/WEB/multi/Application/Common/Model/MenuModel.class.php 第 144 行.
NOTIC: [2048] Declaration of Common\Model\MenuModel::save() should be compatible with Think\Model::save($data = '', $options = Array) /www/users/HA84691/WEB/multi/Application/Common/Model/MenuModel.class.php 第 144 行.
SQL: SHOW COLUMNS FROM `multi_menu` [ RunTime:0.0057s ]
SQL: SELECT * FROM `multi_menu` WHERE ( 1=1 AND id='5' ) LIMIT 1   [ RunTime:0.0030s ]
NOTIC: [2048] Declaration of Common\Model\FileModel::add() should be compatible with Think\Model::add($data = '', $options = Array, $replace = false) /www/users/HA84691/WEB/multi/Application/Common/Model/FileModel.class.php 第 137 行.
NOTIC: [2048] Declaration of Common\Model\FileModel::addAll() should be compatible with Think\Model::addAll($dataList, $options = Array, $replace = false) /www/users/HA84691/WEB/multi/Application/Common/Model/FileModel.class.php 第 137 行.
NOTIC: [2048] Declaration of Common\Model\FileModel::save() should be compatible with Think\Model::save($data = '', $options = Array) /www/users/HA84691/WEB/multi/Application/Common/Model/FileModel.class.php 第 137 行.
SQL: SHOW COLUMNS FROM `multi_file` [ RunTime:0.0028s ]
SQL: SELECT * FROM `multi_file` WHERE ( 1=1 AND id='11' ) LIMIT 1   [ RunTime:0.0040s ]
NOTIC: [2048] Declaration of Common\Model\CommentModel::add() should be compatible with Think\Model::add($data = '', $options = Array, $replace = false) /www/users/HA84691/WEB/multi/Application/Common/Model/CommentModel.class.php 第 140 行.
NOTIC: [2048] Declaration of Common\Model\CommentModel::addAll() should be compatible with Think\Model::addAll($dataList, $options = Array, $replace = false) /www/users/HA84691/WEB/multi/Application/Common/Model/CommentModel.class.php 第 140 行.
NOTIC: [2048] Declaration of Common\Model\CommentModel::save() should be compatible with Think\Model::save($data = '', $options = Array) /www/users/HA84691/WEB/multi/Application/Common/Model/CommentModel.class.php 第 140 行.
SQL: SHOW COLUMNS FROM `multi_comment` [ RunTime:0.0160s ]
SQL: SELECT * FROM `multi_comment` WHERE ( 1=1 AND product_id='3' )  [ RunTime:0.0022s ]
NOTIC: [2048] Declaration of Common\Model\ProductSkuModel::add() should be compatible with Think\Model::add($data = '', $options = Array, $replace = false) /www/users/HA84691/WEB/multi/Application/Common/Model/ProductSkuModel.class.php 第 69 行.
NOTIC: [2048] Declaration of Common\Model\ProductSkuModel::addAll() should be compatible with Think\Model::addAll($dataList, $options = Array, $replace = false) /www/users/HA84691/WEB/multi/Application/Common/Model/ProductSkuModel.class.php 第 69 行.
NOTIC: [2048] Declaration of Common\Model\ProductSkuModel::save() should be compatible with Think\Model::save($data = '', $options = Array) /www/users/HA84691/WEB/multi/Application/Common/Model/ProductSkuModel.class.php 第 69 行.
SQL: SHOW COLUMNS FROM `multi_product_sku` [ RunTime:0.0038s ]
SQL: SELECT * FROM `multi_product_sku` WHERE ( 1=1 AND product_id='3' )  [ RunTime:0.0032s ]
SQL: SHOW COLUMNS FROM `multi_shop` [ RunTime:0.0034s ]
SQL: SELECT * FROM `multi_shop` WHERE ( 1=1 AND id='0' ) LIMIT 1   [ RunTime:0.0037s ]
SQL: SELECT * FROM `multi_file` WHERE `id` IN ('') ORDER BY id desc  [ RunTime:0.0037s ]

[ 2016-05-22T17:38:53+08:00 ] 222.134.42.170 /multi/App/Index/index/shopId/186
INFO: [ app_init ] --START--
INFO: Run Behavior\BuildLiteBehavior [ RunTime:0.000025s ]
INFO: [ app_init ] --END-- [ RunTime:0.000543s ]
INFO: [ app_begin ] --START--
INFO: Run Behavior\ReadHtmlCacheBehavior [ RunTime:0.000717s ]
INFO: [ app_begin ] --END-- [ RunTime:0.000788s ]
NOTIC: [2048] Declaration of Common\Model\ConfigModel::add() should be compatible with Think\Model::add($data = '', $options = Array, $replace = false) /www/users/HA84691/WEB/multi/Application/Common/Model/ConfigModel.class.php 第 7 行.
NOTIC: [2048] Declaration of Common\Model\ConfigModel::addAll() should be compatible with Think\Model::addAll($dataList, $options = Array, $replace = false) /www/users/HA84691/WEB/multi/Application/Common/Model/ConfigModel.class.php 第 7 行.
NOTIC: [2048] Declaration of Common\Model\ConfigModel::save() should be compatible with Think\Model::save($data = '', $options = Array) /www/users/HA84691/WEB/multi/Application/Common/Model/ConfigModel.class.php 第 7 行.
SQL: SHOW COLUMNS FROM `multi_config` [ RunTime:0.0044s ]
SQL: SELECT * FROM `multi_config` LIMIT 1   [ RunTime:0.0023s ]
SQL: SELECT * FROM `multi_config` LIMIT 1   [ RunTime:0.0016s ]
NOTIC: [2048] Declaration of Common\Model\UserModel::add() should be compatible with Think\Model::add($data = '', $options = Array, $replace = false) /www/users/HA84691/WEB/multi/Application/Common/Model/UserModel.class.php 第 7 行.
NOTIC: [2048] Declaration of Common\Model\UserModel::addAll() should be compatible with Think\Model::addAll($dataList, $options = Array, $replace = false) /www/users/HA84691/WEB/multi/Application/Common/Model/UserModel.class.php 第 7 行.
NOTIC: [2048] Declaration of Common\Model\UserModel::save() should be compatible with Think\Model::save($data = '', $options = Array) /www/users/HA84691/WEB/multi/Application/Common/Model/UserModel.class.php 第 7 行.
SQL: SHOW COLUMNS FROM `multi_user` [ RunTime:0.0044s ]
SQL: SELECT * FROM `multi_user` WHERE `id` = 2 LIMIT 1   [ RunTime:0.0030s ]
NOTIC: [2048] Declaration of Common\Model\ContactModel::add() should be compatible with Think\Model::add($data = '', $options = Array, $replace = false) /www/users/HA84691/WEB/multi/Application/Common/Model/ContactModel.class.php 第 79 行.
NOTIC: [2048] Declaration of Common\Model\ContactModel::addAll() should be compatible with Think\Model::addAll($dataList, $options = Array, $replace = false) /www/users/HA84691/WEB/multi/Application/Common/Model/ContactModel.class.php 第 79 行.
NOTIC: [2048] Declaration of Common\Model\ContactModel::save() should be compatible with Think\Model::save($data = '', $options = Array) /www/users/HA84691/WEB/multi/Application/Common/Model/ContactModel.class.php 第 79 行.
SQL: SHOW COLUMNS FROM `multi_contact` [ RunTime:0.0050s ]
SQL: SELECT * FROM `multi_contact` WHERE ( 1=1 AND user_id='2' )  [ RunTime:0.0028s ]
NOTIC: [2048] Declaration of Common\Model\AuthGroupAccessModel::add() should be compatible with Think\Model::add($data = '', $options = Array, $replace = false) /www/users/HA84691/WEB/multi/Application/Common/Model/AuthGroupAccessModel.class.php 第 23 行.
SQL: SHOW COLUMNS FROM `multi_auth_group_access` [ RunTime:0.0052s ]
SQL: SELECT * FROM `multi_auth_group_access` WHERE ( 1=1 AND uid='2' ) LIMIT 1   [ RunTime:0.0036s ]
SQL: SHOW COLUMNS FROM `multi_shop` [ RunTime:0.0027s ]
SQL: SELECT * FROM `multi_shop` WHERE ( 1=1 AND user_id='2' )  [ RunTime:0.0032s ]
SQL: SELECT * FROM `multi_config` LIMIT 1   [ RunTime:0.0018s ]
SQL: SELECT * FROM `multi_shop` WHERE `id` = 0 LIMIT 1   [ RunTime:0.0024s ]
NOTIC: [2048] Declaration of Common\Model\MenuModel::add() should be compatible with Think\Model::add($data = '', $options = Array, $replace = false) /www/users/HA84691/WEB/multi/Application/Common/Model/MenuModel.class.php 第 144 行.
NOTIC: [2048] Declaration of Common\Model\MenuModel::addAll() should be compatible with Think\Model::addAll($dataList, $options = Array, $replace = false) /www/users/HA84691/WEB/multi/Application/Common/Model/MenuModel.class.php 第 144 行.
NOTIC: [2048] Declaration of Common\Model\MenuModel::save() should be compatible with Think\Model::save($data = '', $options = Array) /www/users/HA84691/WEB/multi/Application/Common/Model/MenuModel.class.php 第 144 行.
SQL: SHOW COLUMNS FROM `multi_menu` [ RunTime:0.0047s ]
SQL: SELECT * FROM `multi_menu` WHERE `shop_id` = 0 ORDER BY rank desc,id desc  [ RunTime:0.0019s ]
NOTIC: [2048] Declaration of Common\Model\FileModel::add() should be compatible with Think\Model::add($data = '', $options = Array, $replace = false) /www/users/HA84691/WEB/multi/Application/Common/Model/FileModel.class.php 第 137 行.
NOTIC: [2048] Declaration of Common\Model\FileModel::addAll() should be compatible with Think\Model::addAll($dataList, $options = Array, $replace = false) /www/users/HA84691/WEB/multi/Application/Common/Model/FileModel.class.php 第 137 行.
NOTIC: [2048] Declaration of Common\Model\FileModel::save() should be compatible with Think\Model::save($data = '', $options = Array) /www/users/HA84691/WEB/multi/Application/Common/Model/FileModel.class.php 第 137 行.
SQL: SHOW COLUMNS FROM `multi_file` [ RunTime:0.0040s ]
SQL: SELECT * FROM `multi_file` WHERE ( 1=1 AND id='24' ) LIMIT 1   [ RunTime:0.0029s ]
SQL: SELECT * FROM `multi_shop` WHERE ( 1=1 AND id='0' ) LIMIT 1   [ RunTime:0.0019s ]
SQL: SELECT * FROM `multi_file` WHERE ( 1=1 AND id='24' ) LIMIT 1   [ RunTime:0.0021s ]
SQL: SELECT * FROM `multi_shop` WHERE ( 1=1 AND id='0' ) LIMIT 1   [ RunTime:0.0018s ]
NOTIC: [2048] Declaration of Common\Model\ProductModel::add() should be compatible with Think\Model::add($data = '', $options = Array, $replace = false) /www/users/HA84691/WEB/multi/Application/Common/Model/ProductModel.class.php 第 243 行.
NOTIC: [2048] Declaration of Common\Model\ProductModel::addAll() should be compatible with Think\Model::addAll($dataList, $options = Array, $replace = false) /www/users/HA84691/WEB/multi/Application/Common/Model/ProductModel.class.php 第 243 行.
NOTIC: [2048] Declaration of Common\Model\ProductModel::save() should be compatible with Think\Model::save($data = '', $options = Array) /www/users/HA84691/WEB/multi/Application/Common/Model/ProductModel.class.php 第 243 行.
SQL: SHOW COLUMNS FROM `multi_product` [ RunTime:0.0040s ]
SQL: SELECT * FROM `multi_product` WHERE `status` <> -1 AND `shop_id` = 0 ORDER BY rank desc  [ RunTime:0.0046s ]
SQL: SELECT * FROM `multi_menu` WHERE ( 1=1 AND id='5' ) LIMIT 1   [ RunTime:0.0020s ]
SQL: SELECT * FROM `multi_file` WHERE ( 1=1 AND id='11' ) LIMIT 1   [ RunTime:0.0015s ]
NOTIC: [2048] Declaration of Common\Model\CommentModel::add() should be compatible with Think\Model::add($data = '', $options = Array, $replace = false) /www/users/HA84691/WEB/multi/Application/Common/Model/CommentModel.class.php 第 140 行.
NOTIC: [2048] Declaration of Common\Model\CommentModel::addAll() should be compatible with Think\Model::addAll($dataList, $options = Array, $replace = false) /www/users/HA84691/WEB/multi/Application/Common/Model/CommentModel.class.php 第 140 行.
NOTIC: [2048] Declaration of Common\Model\CommentModel::save() should be compatible with Think\Model::save($data = '', $options = Array) /www/users/HA84691/WEB/multi/Application/Common/Model/CommentModel.class.php 第 140 行.
SQL: SHOW COLUMNS FROM `multi_comment` [ RunTime:0.0051s ]
SQL: SELECT * FROM `multi_comment` WHERE ( 1=1 AND product_id='3' )  [ RunTime:0.0025s ]
NOTIC: [2048] Declaration of Common\Model\ProductSkuModel::add() should be compatible with Think\Model::add($data = '', $options = Array, $replace = false) /www/users/HA84691/WEB/multi/Application/Common/Model/ProductSkuModel.class.php 第 69 行.
NOTIC: [2048] Declaration of Common\Model\ProductSkuModel::addAll() should be compatible with Think\Model::addAll($dataList, $options = Array, $replace = false) /www/users/HA84691/WEB/multi/Application/Common/Model/ProductSkuModel.class.php 第 69 行.
NOTIC: [2048] Declaration of Common\Model\ProductSkuModel::save() should be compatible with Think\Model::save($data = '', $options = Array) /www/users/HA84691/WEB/multi/Application/Common/Model/ProductSkuModel.class.php 第 69 行.
SQL: SHOW COLUMNS FROM `multi_product_sku` [ RunTime:0.0030s ]
SQL: SELECT * FROM `multi_product_sku` WHERE ( 1=1 AND product_id='3' )  [ RunTime:0.0027s ]
SQL: SELECT * FROM `multi_shop` WHERE ( 1=1 AND id='0' ) LIMIT 1   [ RunTime:0.0020s ]
SQL: SELECT * FROM `multi_menu` WHERE ( 1=1 AND id='1' ) LIMIT 1   [ RunTime:0.0018s ]
SQL: SELECT * FROM `multi_file` WHERE ( 1=1 AND id='17' ) LIMIT 1   [ RunTime:0.0021s ]
SQL: SELECT * FROM `multi_comment` WHERE ( 1=1 AND product_id='4' )  [ RunTime:0.0040s ]
SQL: SELECT * FROM `multi_product_sku` WHERE ( 1=1 AND product_id='4' )  [ RunTime:0.0017s ]
SQL: SELECT * FROM `multi_shop` WHERE ( 1=1 AND id='0' ) LIMIT 1   [ RunTime:0.0026s ]
SQL: SELECT * FROM `multi_menu` WHERE ( 1=1 AND id='1' ) LIMIT 1   [ RunTime:0.0020s ]
SQL: SELECT * FROM `multi_file` WHERE ( 1=1 AND id='16' ) LIMIT 1   [ RunTime:0.0018s ]
SQL: SELECT * FROM `multi_comment` WHERE ( 1=1 AND product_id='5' )  [ RunTime:0.0023s ]
SQL: SELECT * FROM `multi_product_sku` WHERE ( 1=1 AND product_id='5' )  [ RunTime:0.0029s ]
SQL: SELECT * FROM `multi_shop` WHERE ( 1=1 AND id='0' ) LIMIT 1   [ RunTime:0.0016s ]
SQL: SELECT * FROM `multi_menu` WHERE ( 1=1 AND id='1' ) LIMIT 1   [ RunTime:0.0015s ]
SQL: SELECT * FROM `multi_file` WHERE ( 1=1 AND id='15' ) LIMIT 1   [ RunTime:0.0030s ]
SQL: SELECT * FROM `multi_comment` WHERE ( 1=1 AND product_id='6' )  [ RunTime:0.0025s ]
SQL: SELECT * FROM `multi_product_sku` WHERE ( 1=1 AND product_id='6' )  [ RunTime:0.0022s ]
SQL: SELECT * FROM `multi_shop` WHERE ( 1=1 AND id='0' ) LIMIT 1   [ RunTime:0.0044s ]
SQL: SELECT * FROM `multi_menu` WHERE ( 1=1 AND id='1' ) LIMIT 1   [ RunTime:0.0028s ]
SQL: SELECT * FROM `multi_file` WHERE ( 1=1 AND id='14' ) LIMIT 1   [ RunTime:0.0045s ]
SQL: SELECT * FROM `multi_comment` WHERE ( 1=1 AND product_id='7' )  [ RunTime:0.0021s ]
SQL: SELECT * FROM `multi_product_sku` WHERE ( 1=1 AND product_id='7' )  [ RunTime:0.0030s ]
SQL: SELECT * FROM `multi_shop` WHERE ( 1=1 AND id='0' ) LIMIT 1   [ RunTime:0.0084s ]
SQL: SELECT * FROM `multi_menu` WHERE ( 1=1 AND id='1' ) LIMIT 1   [ RunTime:0.0028s ]
SQL: SELECT * FROM `multi_file` WHERE ( 1=1 AND id='13' ) LIMIT 1   [ RunTime:0.0019s ]
SQL: SELECT * FROM `multi_comment` WHERE ( 1=1 AND product_id='8' )  [ RunTime:0.0018s ]
SQL: SELECT * FROM `multi_product_sku` WHERE ( 1=1 AND product_id='8' )  [ RunTime:0.0020s ]
SQL: SELECT * FROM `multi_shop` WHERE ( 1=1 AND id='0' ) LIMIT 1   [ RunTime:0.0018s ]
SQL: SELECT * FROM `multi_menu` WHERE ( 1=1 AND id='1' ) LIMIT 1   [ RunTime:0.0263s ]
SQL: SELECT * FROM `multi_file` WHERE ( 1=1 AND id='12' ) LIMIT 1   [ RunTime:0.0027s ]
SQL: SELECT * FROM `multi_comment` WHERE ( 1=1 AND product_id='9' )  [ RunTime:0.0023s ]
SQL: SELECT * FROM `multi_product_sku` WHERE ( 1=1 AND product_id='9' )  [ RunTime:0.0035s ]
SQL: SELECT * FROM `multi_shop` WHERE ( 1=1 AND id='0' ) LIMIT 1   [ RunTime:0.0020s ]
SQL: SELECT * FROM `multi_menu` WHERE ( 1=1 AND id='2' ) LIMIT 1   [ RunTime:0.0022s ]
SQL: SELECT * FROM `multi_file` WHERE ( 1=1 AND id='24' ) LIMIT 1   [ RunTime:0.0032s ]
SQL: SELECT * FROM `multi_comment` WHERE ( 1=1 AND product_id='10' )  [ RunTime:0.0021s ]
SQL: SELECT * FROM `multi_product_sku` WHERE ( 1=1 AND product_id='10' )  [ RunTime:0.0027s ]
SQL: SELECT * FROM `multi_shop` WHERE ( 1=1 AND id='0' ) LIMIT 1   [ RunTime:0.0024s ]
SQL: SELECT * FROM `multi_menu` WHERE ( 1=1 AND id='2' ) LIMIT 1   [ RunTime:0.0018s ]
SQL: SELECT * FROM `multi_file` WHERE ( 1=1 AND id='18' ) LIMIT 1   [ RunTime:0.0064s ]
SQL: SELECT * FROM `multi_comment` WHERE ( 1=1 AND product_id='11' )  [ RunTime:0.0110s ]
SQL: SELECT * FROM `multi_product_sku` WHERE ( 1=1 AND product_id='11' )  [ RunTime:0.0030s ]
SQL: SELECT * FROM `multi_shop` WHERE ( 1=1 AND id='0' ) LIMIT 1   [ RunTime:0.0061s ]
SQL: SELECT * FROM `multi_menu` WHERE ( 1=1 AND id='2' ) LIMIT 1   [ RunTime:0.0025s ]
SQL: SELECT * FROM `multi_file` WHERE ( 1=1 AND id='26' ) LIMIT 1   [ RunTime:0.0025s ]
SQL: SELECT * FROM `multi_comment` WHERE ( 1=1 AND product_id='12' )  [ RunTime:0.0015s ]
SQL: SELECT * FROM `multi_product_sku` WHERE ( 1=1 AND product_id='12' )  [ RunTime:0.0037s ]
SQL: SELECT * FROM `multi_shop` WHERE ( 1=1 AND id='0' ) LIMIT 1   [ RunTime:0.0018s ]
SQL: SELECT * FROM `multi_menu` WHERE ( 1=1 AND id='2' ) LIMIT 1   [ RunTime:0.0020s ]
SQL: SELECT * FROM `multi_file` WHERE ( 1=1 AND id='25' ) LIMIT 1   [ RunTime:0.0054s ]
SQL: SELECT * FROM `multi_comment` WHERE ( 1=1 AND product_id='13' )  [ RunTime:0.0037s ]
SQL: SELECT * FROM `multi_product_sku` WHERE ( 1=1 AND product_id='13' )  [ RunTime:0.0025s ]
SQL: SELECT * FROM `multi_shop` WHERE ( 1=1 AND id='0' ) LIMIT 1   [ RunTime:0.0021s ]
SQL: SELECT * FROM `multi_menu` WHERE ( 1=1 AND id='2' ) LIMIT 1   [ RunTime:0.0060s ]
SQL: SELECT * FROM `multi_file` WHERE ( 1=1 AND id='23' ) LIMIT 1   [ RunTime:0.2052s ]
SQL: SELECT * FROM `multi_comment` WHERE ( 1=1 AND product_id='14' )  [ RunTime:0.0035s ]
SQL: SELECT * FROM `multi_product_sku` WHERE ( 1=1 AND product_id='14' )  [ RunTime:0.0027s ]
SQL: SELECT * FROM `multi_shop` WHERE ( 1=1 AND id='0' ) LIMIT 1   [ RunTime:0.0020s ]
SQL: SELECT * FROM `multi_menu` WHERE ( 1=1 AND id='5' ) LIMIT 1   [ RunTime:0.0020s ]
SQL: SELECT * FROM `multi_file` WHERE ( 1=1 AND id='22' ) LIMIT 1   [ RunTime:0.0041s ]
SQL: SELECT * FROM `multi_comment` WHERE ( 1=1 AND product_id='15' )  [ RunTime:0.0026s ]
SQL: SELECT * FROM `multi_product_sku` WHERE ( 1=1 AND product_id='15' )  [ RunTime:0.0025s ]
SQL: SELECT * FROM `multi_shop` WHERE ( 1=1 AND id='0' ) LIMIT 1   [ RunTime:0.0049s ]
SQL: SELECT * FROM `multi_menu` WHERE ( 1=1 AND id='2' ) LIMIT 1   [ RunTime:0.0023s ]
SQL: SELECT * FROM `multi_file` WHERE ( 1=1 AND id='20' ) LIMIT 1   [ RunTime:0.0026s ]
SQL: SELECT * FROM `multi_comment` WHERE ( 1=1 AND product_id='16' )  [ RunTime:0.0021s ]
SQL: SELECT * FROM `multi_product_sku` WHERE ( 1=1 AND product_id='16' )  [ RunTime:0.0026s ]
SQL: SELECT * FROM `multi_shop` WHERE ( 1=1 AND id='0' ) LIMIT 1   [ RunTime:0.0017s ]
SQL: SELECT * FROM `multi_menu` WHERE ( 1=1 AND id='2' ) LIMIT 1   [ RunTime:0.0034s ]
SQL: SELECT * FROM `multi_file` WHERE ( 1=1 AND id='19' ) LIMIT 1   [ RunTime:0.0013s ]
SQL: SELECT * FROM `multi_comment` WHERE ( 1=1 AND product_id='17' )  [ RunTime:0.0018s ]
SQL: SELECT * FROM `multi_product_sku` WHERE ( 1=1 AND product_id='17' )  [ RunTime:0.0021s ]
SQL: SELECT * FROM `multi_shop` WHERE ( 1=1 AND id='0' ) LIMIT 1   [ RunTime:0.0017s ]
SQL: SELECT * FROM `multi_menu` WHERE ( 1=1 AND id='5' ) LIMIT 1   [ RunTime:0.0013s ]
SQL: SELECT * FROM `multi_file` WHERE ( 1=1 AND id='21' ) LIMIT 1   [ RunTime:0.0029s ]
SQL: SELECT * FROM `multi_comment` WHERE ( 1=1 AND product_id='18' )  [ RunTime:0.0023s ]
SQL: SELECT * FROM `multi_product_sku` WHERE ( 1=1 AND product_id='18' )  [ RunTime:0.0019s ]
SQL: SELECT * FROM `multi_shop` WHERE ( 1=1 AND id='0' ) LIMIT 1   [ RunTime:0.0024s ]
SQL: SELECT * FROM `multi_menu` WHERE ( 1=1 AND id='5' ) LIMIT 1   [ RunTime:0.0023s ]
SQL: SELECT * FROM `multi_file` WHERE ( 1=1 AND id='27' ) LIMIT 1   [ RunTime:0.0016s ]
SQL: SELECT * FROM `multi_comment` WHERE ( 1=1 AND product_id='19' )  [ RunTime:0.0033s ]
SQL: SELECT * FROM `multi_product_sku` WHERE ( 1=1 AND product_id='19' )  [ RunTime:0.0042s ]
SQL: SELECT * FROM `multi_shop` WHERE ( 1=1 AND id='0' ) LIMIT 1   [ RunTime:0.0029s ]
NOTIC: [2048] Declaration of Common\Model\AdsModel::add() should be compatible with Think\Model::add($data = '', $options = Array, $replace = false) /www/users/HA84691/WEB/multi/Application/Common/Model/AdsModel.class.php 第 135 行.
NOTIC: [2048] Declaration of Common\Model\AdsModel::addAll() should be compatible with Think\Model::addAll($dataList, $options = Array, $replace = false) /www/users/HA84691/WEB/multi/Application/Common/Model/AdsModel.class.php 第 135 行.
NOTIC: [2048] Declaration of Common\Model\AdsModel::save() should be compatible with Think\Model::save($data = '', $options = Array) /www/users/HA84691/WEB/multi/Application/Common/Model/AdsModel.class.php 第 135 行.
SQL: SHOW COLUMNS FROM `multi_ads` [ RunTime:0.0089s ]
SQL: SELECT * FROM `multi_ads` WHERE `shop_id` = 0 ORDER BY id desc  [ RunTime:0.0017s ]
NOTIC: [2048] Declaration of Common\Model\WxConfigModel::add() should be compatible with Think\Model::add($data = '', $options = Array, $replace = false) /www/users/HA84691/WEB/multi/Application/Common/Model/WxConfigModel.class.php 第 62 行.
NOTIC: [2048] Declaration of Common\Model\WxConfigModel::addAll() should be compatible with Think\Model::addAll($dataList, $options = Array, $replace = false) /www/users/HA84691/WEB/multi/Application/Common/Model/WxConfigModel.class.php 第 62 行.
NOTIC: [2048] Declaration of Common\Model\WxConfigModel::save() should be compatible with Think\Model::save($data = '', $options = Array) /www/users/HA84691/WEB/multi/Application/Common/Model/WxConfigModel.class.php 第 62 行.
SQL: SHOW COLUMNS FROM `multi_wx_config` [ RunTime:0.0034s ]
SQL: SELECT * FROM `multi_wx_config` LIMIT 1   [ RunTime:0.0019s ]
INFO: [ view_parse ] --START--
NOTIC: [8] Undefined offset: 1 /www/users/HA84691/WEB/multi/ThinkPHP/Library/Think/Template.class.php 第 527 行.
NOTIC: [8] Undefined offset: 1 /www/users/HA84691/WEB/multi/ThinkPHP/Library/Think/Template.class.php 第 527 行.
NOTIC: [8] Undefined offset: 1 /www/users/HA84691/WEB/multi/ThinkPHP/Library/Think/Template.class.php 第 527 行.
NOTIC: [8] Undefined offset: 1 /www/users/HA84691/WEB/multi/ThinkPHP/Library/Think/Template.class.php 第 527 行.
NOTIC: [8] Undefined offset: 1 /www/users/HA84691/WEB/multi/ThinkPHP/Library/Think/Template.class.php 第 527 行.
NOTIC: [8] Undefined offset: 1 /www/users/HA84691/WEB/multi/ThinkPHP/Library/Think/Template.class.php 第 527 行.
INFO: [ template_filter ] --START--
INFO: Run Behavior\ContentReplaceBehavior [ RunTime:0.000171s ]
INFO: [ template_filter ] --END-- [ RunTime:0.000252s ]
INFO: Run Behavior\ParseTemplateBehavior [ RunTime:0.020154s ]
INFO: [ view_parse ] --END-- [ RunTime:0.020251s ]
INFO: [ view_filter ] --START--
INFO: Run Behavior\WriteHtmlCacheBehavior [ RunTime:0.000409s ]
INFO: [ view_filter ] --END-- [ RunTime:0.000471s ]
INFO: [ app_end ] --START--
INFO: Run Behavior\ShowPageTraceBehavior [ RunTime:0.001036s ]
INFO: [ app_end ] --END-- [ RunTime:0.001128s ]

[ 2016-05-22T18:57:08+08:00 ] 116.1.56.240 /multi/App/Artical/index/id/9
INFO: [ app_init ] --START--
INFO: Run Behavior\BuildLiteBehavior [ RunTime:0.000063s ]
INFO: [ app_init ] --END-- [ RunTime:0.001719s ]
INFO: [ app_begin ] --START--
INFO: Run Behavior\ReadHtmlCacheBehavior [ RunTime:0.000782s ]
INFO: [ app_begin ] --END-- [ RunTime:0.000938s ]
NOTIC: [2048] Declaration of Common\Model\ArticalModel::add() should be compatible with Think\Model::add($data = '', $options = Array, $replace = false) /www/users/HA84691/WEB/multi/Application/Common/Model/ArticalModel.class.php 第 7 行.
NOTIC: [2048] Declaration of Common\Model\ArticalModel::addAll() should be compatible with Think\Model::addAll($dataList, $options = Array, $replace = false) /www/users/HA84691/WEB/multi/Application/Common/Model/ArticalModel.class.php 第 7 行.
NOTIC: [2048] Declaration of Common\Model\ArticalModel::save() should be compatible with Think\Model::save($data = '', $options = Array) /www/users/HA84691/WEB/multi/Application/Common/Model/ArticalModel.class.php 第 7 行.
SQL: SHOW COLUMNS FROM `multi_artical` [ RunTime:0.0024s ]
SQL: SELECT * FROM `multi_artical` WHERE `id` = 9 LIMIT 1   [ RunTime:0.0019s ]
NOTIC: [2048] Declaration of Common\Model\FileModel::add() should be compatible with Think\Model::add($data = '', $options = Array, $replace = false) /www/users/HA84691/WEB/multi/Application/Common/Model/FileModel.class.php 第 137 行.
NOTIC: [2048] Declaration of Common\Model\FileModel::addAll() should be compatible with Think\Model::addAll($dataList, $options = Array, $replace = false) /www/users/HA84691/WEB/multi/Application/Common/Model/FileModel.class.php 第 137 行.
NOTIC: [2048] Declaration of Common\Model\FileModel::save() should be compatible with Think\Model::save($data = '', $options = Array) /www/users/HA84691/WEB/multi/Application/Common/Model/FileModel.class.php 第 137 行.
SQL: SHOW COLUMNS FROM `multi_file` [ RunTime:0.0017s ]
SQL: SELECT * FROM `multi_file` WHERE ( 1=1 AND id='0' ) LIMIT 1   [ RunTime:0.0015s ]
SQL: SHOW COLUMNS FROM `multi_shop` [ RunTime:0.0026s ]
SQL: SELECT * FROM `multi_shop` WHERE ( 1=1 AND id='186' ) LIMIT 1   [ RunTime:0.0023s ]
SQL: UPDATE `multi_artical` SET `visiter`=visiter+1 WHERE `id` = 9 [ RunTime:0.0462s ]
NOTIC: [2048] Declaration of Common\Model\ConfigModel::add() should be compatible with Think\Model::add($data = '', $options = Array, $replace = false) /www/users/HA84691/WEB/multi/Application/Common/Model/ConfigModel.class.php 第 51 行.
NOTIC: [2048] Declaration of Common\Model\ConfigModel::addAll() should be compatible with Think\Model::addAll($dataList, $options = Array, $replace = false) /www/users/HA84691/WEB/multi/Application/Common/Model/ConfigModel.class.php 第 51 行.
NOTIC: [2048] Declaration of Common\Model\ConfigModel::save() should be compatible with Think\Model::save($data = '', $options = Array) /www/users/HA84691/WEB/multi/Application/Common/Model/ConfigModel.class.php 第 51 行.
SQL: SHOW COLUMNS FROM `multi_config` [ RunTime:0.0025s ]
SQL: SELECT * FROM `multi_config` LIMIT 1   [ RunTime:0.0017s ]
INFO: [ view_parse ] --START--
INFO: [ template_filter ] --START--
INFO: Run Behavior\ContentReplaceBehavior [ RunTime:0.000111s ]
INFO: [ template_filter ] --END-- [ RunTime:0.000239s ]
INFO: Run Behavior\ParseTemplateBehavior [ RunTime:0.030338s ]
INFO: [ view_parse ] --END-- [ RunTime:0.030437s ]
INFO: [ view_filter ] --START--
INFO: Run Behavior\WriteHtmlCacheBehavior [ RunTime:0.000399s ]
INFO: [ view_filter ] --END-- [ RunTime:0.000466s ]
INFO: [ app_end ] --START--
INFO: Run Behavior\ShowPageTraceBehavior [ RunTime:0.005083s ]
INFO: [ app_end ] --END-- [ RunTime:0.005178s ]

[ 2016-05-22T18:58:08+08:00 ] 116.1.56.240 /multi/App/Artical/index/id/5
INFO: [ app_init ] --START--
INFO: Run Behavior\BuildLiteBehavior [ RunTime:0.000034s ]
INFO: [ app_init ] --END-- [ RunTime:0.002145s ]
INFO: [ app_begin ] --START--
INFO: Run Behavior\ReadHtmlCacheBehavior [ RunTime:0.000937s ]
INFO: [ app_begin ] --END-- [ RunTime:0.005722s ]
NOTIC: [2048] Declaration of Common\Model\ArticalModel::add() should be compatible with Think\Model::add($data = '', $options = Array, $replace = false) /www/users/HA84691/WEB/multi/Application/Common/Model/ArticalModel.class.php 第 7 行.
NOTIC: [2048] Declaration of Common\Model\ArticalModel::addAll() should be compatible with Think\Model::addAll($dataList, $options = Array, $replace = false) /www/users/HA84691/WEB/multi/Application/Common/Model/ArticalModel.class.php 第 7 行.
NOTIC: [2048] Declaration of Common\Model\ArticalModel::save() should be compatible with Think\Model::save($data = '', $options = Array) /www/users/HA84691/WEB/multi/Application/Common/Model/ArticalModel.class.php 第 7 行.
SQL: SHOW COLUMNS FROM `multi_artical` [ RunTime:0.0032s ]
SQL: SELECT * FROM `multi_artical` WHERE `id` = 5 LIMIT 1   [ RunTime:0.0020s ]
NOTIC: [2048] Declaration of Common\Model\FileModel::add() should be compatible with Think\Model::add($data = '', $options = Array, $replace = false) /www/users/HA84691/WEB/multi/Application/Common/Model/FileModel.class.php 第 137 行.
NOTIC: [2048] Declaration of Common\Model\FileModel::addAll() should be compatible with Think\Model::addAll($dataList, $options = Array, $replace = false) /www/users/HA84691/WEB/multi/Application/Common/Model/FileModel.class.php 第 137 行.
NOTIC: [2048] Declaration of Common\Model\FileModel::save() should be compatible with Think\Model::save($data = '', $options = Array) /www/users/HA84691/WEB/multi/Application/Common/Model/FileModel.class.php 第 137 行.
SQL: SHOW COLUMNS FROM `multi_file` [ RunTime:0.0024s ]
SQL: SELECT * FROM `multi_file` WHERE ( 1=1 AND id='47' ) LIMIT 1   [ RunTime:0.0021s ]
SQL: SHOW COLUMNS FROM `multi_shop` [ RunTime:0.0035s ]
SQL: SELECT * FROM `multi_shop` WHERE ( 1=1 AND id='0' ) LIMIT 1   [ RunTime:0.0019s ]
SQL: UPDATE `multi_artical` SET `visiter`=visiter+1 WHERE `id` = 5 [ RunTime:0.1028s ]
NOTIC: [2048] Declaration of Common\Model\ConfigModel::add() should be compatible with Think\Model::add($data = '', $options = Array, $replace = false) /www/users/HA84691/WEB/multi/Application/Common/Model/ConfigModel.class.php 第 51 行.
NOTIC: [2048] Declaration of Common\Model\ConfigModel::addAll() should be compatible with Think\Model::addAll($dataList, $options = Array, $replace = false) /www/users/HA84691/WEB/multi/Application/Common/Model/ConfigModel.class.php 第 51 行.
NOTIC: [2048] Declaration of Common\Model\ConfigModel::save() should be compatible with Think\Model::save($data = '', $options = Array) /www/users/HA84691/WEB/multi/Application/Common/Model/ConfigModel.class.php 第 51 行.
SQL: SHOW COLUMNS FROM `multi_config` [ RunTime:0.0040s ]
SQL: SELECT * FROM `multi_config` LIMIT 1   [ RunTime:0.0034s ]
INFO: [ view_parse ] --START--
INFO: [ template_filter ] --START--
INFO: Run Behavior\ContentReplaceBehavior [ RunTime:0.000193s ]
INFO: [ template_filter ] --END-- [ RunTime:0.000347s ]
INFO: Run Behavior\ParseTemplateBehavior [ RunTime:0.022016s ]
INFO: [ view_parse ] --END-- [ RunTime:0.022127s ]
INFO: [ view_filter ] --START--
INFO: Run Behavior\WriteHtmlCacheBehavior [ RunTime:0.000426s ]
INFO: [ view_filter ] --END-- [ RunTime:0.000495s ]
INFO: [ app_end ] --START--
INFO: Run Behavior\ShowPageTraceBehavior [ RunTime:0.000832s ]
INFO: [ app_end ] --END-- [ RunTime:0.000953s ]

