[ 2016-08-10T10:57:06+08:00 ] 127.0.0.1 /App/Artical/index/id/15
INFO: [ app_init ] --START--
INFO: Run Behavior\BuildLiteBehavior [ RunTime:0.000016s ]
INFO: [ app_init ] --END-- [ RunTime:0.000683s ]
INFO: [ app_begin ] --START--
INFO: Run Behavior\ReadHtmlCacheBehavior [ RunTime:0.000986s ]
INFO: [ app_begin ] --END-- [ RunTime:0.001057s ]
NOTIC: [2] Declaration of Common\Model\ArticalModel::add($data) should be compatible with Think\Model::add($data = '', $options = Array, $replace = false) C:\Users\D.Y\Documents\WebServer\Website\multi_putong\Application\Common\Model\ArticalModel.class.php 第 6 行.
NOTIC: [2] Declaration of Common\Model\ArticalModel::addAll($data) should be compatible with Think\Model::addAll($dataList, $options = Array, $replace = false) C:\Users\D.Y\Documents\WebServer\Website\multi_putong\Application\Common\Model\ArticalModel.class.php 第 6 行.
NOTIC: [2] Declaration of Common\Model\ArticalModel::save($data) should be compatible with Think\Model::save($data = '', $options = Array) C:\Users\D.Y\Documents\WebServer\Website\multi_putong\Application\Common\Model\ArticalModel.class.php 第 6 行.
SQL: SHOW COLUMNS FROM `multi_artical` [ RunTime:0.0165s ]
SQL: SELECT * FROM `multi_artical` WHERE `id` = 15 LIMIT 1   [ RunTime:0.0159s ]
NOTIC: [2] Declaration of Common\Model\FileModel::add($data) should be compatible with Think\Model::add($data = '', $options = Array, $replace = false) C:\Users\D.Y\Documents\WebServer\Website\multi_putong\Application\Common\Model\FileModel.class.php 第 137 行.
NOTIC: [2] Declaration of Common\Model\FileModel::addAll($data) should be compatible with Think\Model::addAll($dataList, $options = Array, $replace = false) C:\Users\D.Y\Documents\WebServer\Website\multi_putong\Application\Common\Model\FileModel.class.php 第 137 行.
NOTIC: [2] Declaration of Common\Model\FileModel::save($data) should be compatible with Think\Model::save($data = '', $options = Array) C:\Users\D.Y\Documents\WebServer\Website\multi_putong\Application\Common\Model\FileModel.class.php 第 137 行.
SQL: SHOW COLUMNS FROM `multi_file` [ RunTime:0.0165s ]
SQL: SELECT * FROM `multi_file` WHERE ( 1=1 AND id='348' ) LIMIT 1   [ RunTime:0.0166s ]
SQL: SHOW COLUMNS FROM `multi_shop` [ RunTime:0.0167s ]
SQL: SELECT * FROM `multi_shop` WHERE ( 1=1 AND id='203' ) LIMIT 1   [ RunTime:0.0161s ]
SQL: UPDATE `multi_artical` SET `visiter`=visiter+1 WHERE `id` = 15 [ RunTime:0.0226s ]
NOTIC: [2] Declaration of Common\Model\ConfigModel::add($data) should be compatible with Think\Model::add($data = '', $options = Array, $replace = false) C:\Users\D.Y\Documents\WebServer\Website\multi_putong\Application\Common\Model\ConfigModel.class.php 第 51 行.
NOTIC: [2] Declaration of Common\Model\ConfigModel::addAll($data) should be compatible with Think\Model::addAll($dataList, $options = Array, $replace = false) C:\Users\D.Y\Documents\WebServer\Website\multi_putong\Application\Common\Model\ConfigModel.class.php 第 51 行.
NOTIC: [2] Declaration of Common\Model\ConfigModel::save($data) should be compatible with Think\Model::save($data = '', $options = Array) C:\Users\D.Y\Documents\WebServer\Website\multi_putong\Application\Common\Model\ConfigModel.class.php 第 51 行.
SQL: SHOW COLUMNS FROM `multi_config` [ RunTime:0.0168s ]
SQL: SELECT * FROM `multi_config` LIMIT 1   [ RunTime:0.0164s ]
INFO: [ view_parse ] --START--
INFO: [ template_filter ] --START--
INFO: Run Behavior\ContentReplaceBehavior [ RunTime:0.000049s ]
INFO: [ template_filter ] --END-- [ RunTime:0.000118s ]
INFO: Run Behavior\ParseTemplateBehavior [ RunTime:0.009714s ]
INFO: [ view_parse ] --END-- [ RunTime:0.009795s ]
INFO: [ view_filter ] --START--
INFO: Run Behavior\WriteHtmlCacheBehavior [ RunTime:0.000868s ]
INFO: [ view_filter ] --END-- [ RunTime:0.000927s ]
INFO: [ app_end ] --START--
INFO: Run Behavior\ShowPageTraceBehavior [ RunTime:0.001187s ]
INFO: [ app_end ] --END-- [ RunTime:0.001250s ]

[ 2016-08-10T10:57:10+08:00 ] 127.0.0.1 /App/Artical/index/id/14
INFO: [ app_init ] --START--
INFO: Run Behavior\BuildLiteBehavior [ RunTime:0.000012s ]
INFO: [ app_init ] --END-- [ RunTime:0.000586s ]
INFO: [ app_begin ] --START--
INFO: Run Behavior\ReadHtmlCacheBehavior [ RunTime:0.000659s ]
INFO: [ app_begin ] --END-- [ RunTime:0.000699s ]
NOTIC: [2] Declaration of Common\Model\ArticalModel::add($data) should be compatible with Think\Model::add($data = '', $options = Array, $replace = false) C:\Users\D.Y\Documents\WebServer\Website\multi_putong\Application\Common\Model\ArticalModel.class.php 第 6 行.
NOTIC: [2] Declaration of Common\Model\ArticalModel::addAll($data) should be compatible with Think\Model::addAll($dataList, $options = Array, $replace = false) C:\Users\D.Y\Documents\WebServer\Website\multi_putong\Application\Common\Model\ArticalModel.class.php 第 6 行.
NOTIC: [2] Declaration of Common\Model\ArticalModel::save($data) should be compatible with Think\Model::save($data = '', $options = Array) C:\Users\D.Y\Documents\WebServer\Website\multi_putong\Application\Common\Model\ArticalModel.class.php 第 6 行.
SQL: SHOW COLUMNS FROM `multi_artical` [ RunTime:0.0200s ]
SQL: SELECT * FROM `multi_artical` WHERE `id` = 14 LIMIT 1   [ RunTime:0.0195s ]
NOTIC: [2] Declaration of Common\Model\FileModel::add($data) should be compatible with Think\Model::add($data = '', $options = Array, $replace = false) C:\Users\D.Y\Documents\WebServer\Website\multi_putong\Application\Common\Model\FileModel.class.php 第 137 行.
NOTIC: [2] Declaration of Common\Model\FileModel::addAll($data) should be compatible with Think\Model::addAll($dataList, $options = Array, $replace = false) C:\Users\D.Y\Documents\WebServer\Website\multi_putong\Application\Common\Model\FileModel.class.php 第 137 行.
NOTIC: [2] Declaration of Common\Model\FileModel::save($data) should be compatible with Think\Model::save($data = '', $options = Array) C:\Users\D.Y\Documents\WebServer\Website\multi_putong\Application\Common\Model\FileModel.class.php 第 137 行.
SQL: SHOW COLUMNS FROM `multi_file` [ RunTime:0.0199s ]
SQL: SELECT * FROM `multi_file` WHERE ( 1=1 AND id='57' ) LIMIT 1   [ RunTime:0.0199s ]
SQL: SHOW COLUMNS FROM `multi_shop` [ RunTime:0.0204s ]
SQL: SELECT * FROM `multi_shop` WHERE ( 1=1 AND id='193' ) LIMIT 1   [ RunTime:0.0196s ]
SQL: UPDATE `multi_artical` SET `visiter`=visiter+1 WHERE `id` = 14 [ RunTime:0.0251s ]
NOTIC: [2] Declaration of Common\Model\ConfigModel::add($data) should be compatible with Think\Model::add($data = '', $options = Array, $replace = false) C:\Users\D.Y\Documents\WebServer\Website\multi_putong\Application\Common\Model\ConfigModel.class.php 第 51 行.
NOTIC: [2] Declaration of Common\Model\ConfigModel::addAll($data) should be compatible with Think\Model::addAll($dataList, $options = Array, $replace = false) C:\Users\D.Y\Documents\WebServer\Website\multi_putong\Application\Common\Model\ConfigModel.class.php 第 51 行.
NOTIC: [2] Declaration of Common\Model\ConfigModel::save($data) should be compatible with Think\Model::save($data = '', $options = Array) C:\Users\D.Y\Documents\WebServer\Website\multi_putong\Application\Common\Model\ConfigModel.class.php 第 51 行.
SQL: SHOW COLUMNS FROM `multi_config` [ RunTime:0.0202s ]
SQL: SELECT * FROM `multi_config` LIMIT 1   [ RunTime:0.0197s ]
INFO: [ view_parse ] --START--
INFO: [ template_filter ] --START--
INFO: Run Behavior\ContentReplaceBehavior [ RunTime:0.000037s ]
INFO: [ template_filter ] --END-- [ RunTime:0.000081s ]
INFO: Run Behavior\ParseTemplateBehavior [ RunTime:0.006666s ]
INFO: [ view_parse ] --END-- [ RunTime:0.006716s ]
INFO: [ view_filter ] --START--
INFO: Run Behavior\WriteHtmlCacheBehavior [ RunTime:0.000565s ]
INFO: [ view_filter ] --END-- [ RunTime:0.000599s ]
INFO: [ app_end ] --START--
INFO: Run Behavior\ShowPageTraceBehavior [ RunTime:0.001090s ]
INFO: [ app_end ] --END-- [ RunTime:0.001139s ]

[ 2016-08-10T10:57:46+08:00 ] 127.0.0.1 /App/Artical/index/id/15
INFO: [ app_init ] --START--
INFO: Run Behavior\BuildLiteBehavior [ RunTime:0.000011s ]
INFO: [ app_init ] --END-- [ RunTime:0.000551s ]
INFO: [ app_begin ] --START--
INFO: Run Behavior\ReadHtmlCacheBehavior [ RunTime:0.000758s ]
INFO: [ app_begin ] --END-- [ RunTime:0.000798s ]
NOTIC: [2] Declaration of Common\Model\ArticalModel::add($data) should be compatible with Think\Model::add($data = '', $options = Array, $replace = false) C:\Users\D.Y\Documents\WebServer\Website\multi_putong\Application\Common\Model\ArticalModel.class.php 第 6 行.
NOTIC: [2] Declaration of Common\Model\ArticalModel::addAll($data) should be compatible with Think\Model::addAll($dataList, $options = Array, $replace = false) C:\Users\D.Y\Documents\WebServer\Website\multi_putong\Application\Common\Model\ArticalModel.class.php 第 6 行.
NOTIC: [2] Declaration of Common\Model\ArticalModel::save($data) should be compatible with Think\Model::save($data = '', $options = Array) C:\Users\D.Y\Documents\WebServer\Website\multi_putong\Application\Common\Model\ArticalModel.class.php 第 6 行.
SQL: SHOW COLUMNS FROM `multi_artical` [ RunTime:0.0163s ]
SQL: SELECT * FROM `multi_artical` WHERE `id` = 15 LIMIT 1   [ RunTime:0.0159s ]
NOTIC: [2] Declaration of Common\Model\FileModel::add($data) should be compatible with Think\Model::add($data = '', $options = Array, $replace = false) C:\Users\D.Y\Documents\WebServer\Website\multi_putong\Application\Common\Model\FileModel.class.php 第 137 行.
NOTIC: [2] Declaration of Common\Model\FileModel::addAll($data) should be compatible with Think\Model::addAll($dataList, $options = Array, $replace = false) C:\Users\D.Y\Documents\WebServer\Website\multi_putong\Application\Common\Model\FileModel.class.php 第 137 行.
NOTIC: [2] Declaration of Common\Model\FileModel::save($data) should be compatible with Think\Model::save($data = '', $options = Array) C:\Users\D.Y\Documents\WebServer\Website\multi_putong\Application\Common\Model\FileModel.class.php 第 137 行.
SQL: SHOW COLUMNS FROM `multi_file` [ RunTime:0.0162s ]
SQL: SELECT * FROM `multi_file` WHERE ( 1=1 AND id='348' ) LIMIT 1   [ RunTime:0.0157s ]
SQL: SHOW COLUMNS FROM `multi_shop` [ RunTime:0.0166s ]
SQL: SELECT * FROM `multi_shop` WHERE ( 1=1 AND id='203' ) LIMIT 1   [ RunTime:0.0158s ]
SQL: UPDATE `multi_artical` SET `visiter`=visiter+1 WHERE `id` = 15 [ RunTime:0.0202s ]
NOTIC: [2] Declaration of Common\Model\ConfigModel::add($data) should be compatible with Think\Model::add($data = '', $options = Array, $replace = false) C:\Users\D.Y\Documents\WebServer\Website\multi_putong\Application\Common\Model\ConfigModel.class.php 第 51 行.
NOTIC: [2] Declaration of Common\Model\ConfigModel::addAll($data) should be compatible with Think\Model::addAll($dataList, $options = Array, $replace = false) C:\Users\D.Y\Documents\WebServer\Website\multi_putong\Application\Common\Model\ConfigModel.class.php 第 51 行.
NOTIC: [2] Declaration of Common\Model\ConfigModel::save($data) should be compatible with Think\Model::save($data = '', $options = Array) C:\Users\D.Y\Documents\WebServer\Website\multi_putong\Application\Common\Model\ConfigModel.class.php 第 51 行.
SQL: SHOW COLUMNS FROM `multi_config` [ RunTime:0.0163s ]
SQL: SELECT * FROM `multi_config` LIMIT 1   [ RunTime:0.0157s ]
INFO: [ view_parse ] --START--
INFO: [ template_filter ] --START--
INFO: Run Behavior\ContentReplaceBehavior [ RunTime:0.000037s ]
INFO: [ template_filter ] --END-- [ RunTime:0.000079s ]
INFO: Run Behavior\ParseTemplateBehavior [ RunTime:0.007079s ]
INFO: [ view_parse ] --END-- [ RunTime:0.007128s ]
INFO: [ view_filter ] --START--
INFO: Run Behavior\WriteHtmlCacheBehavior [ RunTime:0.000857s ]
INFO: [ view_filter ] --END-- [ RunTime:0.000893s ]
INFO: [ app_end ] --START--
INFO: Run Behavior\ShowPageTraceBehavior [ RunTime:0.000779s ]
INFO: [ app_end ] --END-- [ RunTime:0.000812s ]

[ 2016-08-10T10:57:51+08:00 ] 127.0.0.1 /App/Artical/index/id/5
INFO: [ app_init ] --START--
INFO: Run Behavior\BuildLiteBehavior [ RunTime:0.000011s ]
INFO: [ app_init ] --END-- [ RunTime:0.000471s ]
INFO: [ app_begin ] --START--
INFO: Run Behavior\ReadHtmlCacheBehavior [ RunTime:0.000592s ]
INFO: [ app_begin ] --END-- [ RunTime:0.000627s ]
NOTIC: [2] Declaration of Common\Model\ArticalModel::add($data) should be compatible with Think\Model::add($data = '', $options = Array, $replace = false) C:\Users\D.Y\Documents\WebServer\Website\multi_putong\Application\Common\Model\ArticalModel.class.php 第 6 行.
NOTIC: [2] Declaration of Common\Model\ArticalModel::addAll($data) should be compatible with Think\Model::addAll($dataList, $options = Array, $replace = false) C:\Users\D.Y\Documents\WebServer\Website\multi_putong\Application\Common\Model\ArticalModel.class.php 第 6 行.
NOTIC: [2] Declaration of Common\Model\ArticalModel::save($data) should be compatible with Think\Model::save($data = '', $options = Array) C:\Users\D.Y\Documents\WebServer\Website\multi_putong\Application\Common\Model\ArticalModel.class.php 第 6 行.
SQL: SHOW COLUMNS FROM `multi_artical` [ RunTime:0.0167s ]
SQL: SELECT * FROM `multi_artical` WHERE `id` = 5 LIMIT 1   [ RunTime:0.0159s ]
NOTIC: [2] Declaration of Common\Model\FileModel::add($data) should be compatible with Think\Model::add($data = '', $options = Array, $replace = false) C:\Users\D.Y\Documents\WebServer\Website\multi_putong\Application\Common\Model\FileModel.class.php 第 137 行.
NOTIC: [2] Declaration of Common\Model\FileModel::addAll($data) should be compatible with Think\Model::addAll($dataList, $options = Array, $replace = false) C:\Users\D.Y\Documents\WebServer\Website\multi_putong\Application\Common\Model\FileModel.class.php 第 137 行.
NOTIC: [2] Declaration of Common\Model\FileModel::save($data) should be compatible with Think\Model::save($data = '', $options = Array) C:\Users\D.Y\Documents\WebServer\Website\multi_putong\Application\Common\Model\FileModel.class.php 第 137 行.
SQL: SHOW COLUMNS FROM `multi_file` [ RunTime:0.0163s ]
SQL: SELECT * FROM `multi_file` WHERE ( 1=1 AND id='47' ) LIMIT 1   [ RunTime:0.0158s ]
SQL: SHOW COLUMNS FROM `multi_shop` [ RunTime:0.0166s ]
SQL: SELECT * FROM `multi_shop` WHERE ( 1=1 AND id='0' ) LIMIT 1   [ RunTime:0.0160s ]
SQL: UPDATE `multi_artical` SET `visiter`=visiter+1 WHERE `id` = 5 [ RunTime:0.0237s ]
NOTIC: [2] Declaration of Common\Model\ConfigModel::add($data) should be compatible with Think\Model::add($data = '', $options = Array, $replace = false) C:\Users\D.Y\Documents\WebServer\Website\multi_putong\Application\Common\Model\ConfigModel.class.php 第 51 行.
NOTIC: [2] Declaration of Common\Model\ConfigModel::addAll($data) should be compatible with Think\Model::addAll($dataList, $options = Array, $replace = false) C:\Users\D.Y\Documents\WebServer\Website\multi_putong\Application\Common\Model\ConfigModel.class.php 第 51 行.
NOTIC: [2] Declaration of Common\Model\ConfigModel::save($data) should be compatible with Think\Model::save($data = '', $options = Array) C:\Users\D.Y\Documents\WebServer\Website\multi_putong\Application\Common\Model\ConfigModel.class.php 第 51 行.
SQL: SHOW COLUMNS FROM `multi_config` [ RunTime:0.0165s ]
SQL: SELECT * FROM `multi_config` LIMIT 1   [ RunTime:0.0173s ]
INFO: [ view_parse ] --START--
INFO: [ template_filter ] --START--
INFO: Run Behavior\ContentReplaceBehavior [ RunTime:0.000036s ]
INFO: [ template_filter ] --END-- [ RunTime:0.000081s ]
INFO: Run Behavior\ParseTemplateBehavior [ RunTime:0.007233s ]
INFO: [ view_parse ] --END-- [ RunTime:0.007292s ]
INFO: [ view_filter ] --START--
INFO: Run Behavior\WriteHtmlCacheBehavior [ RunTime:0.000827s ]
INFO: [ view_filter ] --END-- [ RunTime:0.000873s ]
INFO: [ app_end ] --START--
INFO: Run Behavior\ShowPageTraceBehavior [ RunTime:0.000779s ]
INFO: [ app_end ] --END-- [ RunTime:0.000812s ]

[ 2016-08-10T10:58:44+08:00 ] 127.0.0.1 /App/Artical/index/id/15
INFO: [ app_init ] --START--
INFO: Run Behavior\BuildLiteBehavior [ RunTime:0.000011s ]
INFO: [ app_init ] --END-- [ RunTime:0.000477s ]
INFO: [ app_begin ] --START--
INFO: Run Behavior\ReadHtmlCacheBehavior [ RunTime:0.000656s ]
INFO: [ app_begin ] --END-- [ RunTime:0.000715s ]
NOTIC: [2] Declaration of Common\Model\ArticalModel::add($data) should be compatible with Think\Model::add($data = '', $options = Array, $replace = false) C:\Users\D.Y\Documents\WebServer\Website\multi_putong\Application\Common\Model\ArticalModel.class.php 第 6 行.
NOTIC: [2] Declaration of Common\Model\ArticalModel::addAll($data) should be compatible with Think\Model::addAll($dataList, $options = Array, $replace = false) C:\Users\D.Y\Documents\WebServer\Website\multi_putong\Application\Common\Model\ArticalModel.class.php 第 6 行.
NOTIC: [2] Declaration of Common\Model\ArticalModel::save($data) should be compatible with Think\Model::save($data = '', $options = Array) C:\Users\D.Y\Documents\WebServer\Website\multi_putong\Application\Common\Model\ArticalModel.class.php 第 6 行.
SQL: SHOW COLUMNS FROM `multi_artical` [ RunTime:0.0163s ]
SQL: SELECT * FROM `multi_artical` WHERE `id` = 15 LIMIT 1   [ RunTime:0.0161s ]
NOTIC: [2] Declaration of Common\Model\FileModel::add($data) should be compatible with Think\Model::add($data = '', $options = Array, $replace = false) C:\Users\D.Y\Documents\WebServer\Website\multi_putong\Application\Common\Model\FileModel.class.php 第 137 行.
NOTIC: [2] Declaration of Common\Model\FileModel::addAll($data) should be compatible with Think\Model::addAll($dataList, $options = Array, $replace = false) C:\Users\D.Y\Documents\WebServer\Website\multi_putong\Application\Common\Model\FileModel.class.php 第 137 行.
NOTIC: [2] Declaration of Common\Model\FileModel::save($data) should be compatible with Think\Model::save($data = '', $options = Array) C:\Users\D.Y\Documents\WebServer\Website\multi_putong\Application\Common\Model\FileModel.class.php 第 137 行.
SQL: SHOW COLUMNS FROM `multi_file` [ RunTime:0.0163s ]
SQL: SELECT * FROM `multi_file` WHERE ( 1=1 AND id='348' ) LIMIT 1   [ RunTime:0.0156s ]
SQL: SHOW COLUMNS FROM `multi_shop` [ RunTime:0.0168s ]
SQL: SELECT * FROM `multi_shop` WHERE ( 1=1 AND id='203' ) LIMIT 1   [ RunTime:0.0158s ]
SQL: UPDATE `multi_artical` SET `visiter`=visiter+1 WHERE `id` = 15 [ RunTime:0.0226s ]
NOTIC: [2] Declaration of Common\Model\ConfigModel::add($data) should be compatible with Think\Model::add($data = '', $options = Array, $replace = false) C:\Users\D.Y\Documents\WebServer\Website\multi_putong\Application\Common\Model\ConfigModel.class.php 第 51 行.
NOTIC: [2] Declaration of Common\Model\ConfigModel::addAll($data) should be compatible with Think\Model::addAll($dataList, $options = Array, $replace = false) C:\Users\D.Y\Documents\WebServer\Website\multi_putong\Application\Common\Model\ConfigModel.class.php 第 51 行.
NOTIC: [2] Declaration of Common\Model\ConfigModel::save($data) should be compatible with Think\Model::save($data = '', $options = Array) C:\Users\D.Y\Documents\WebServer\Website\multi_putong\Application\Common\Model\ConfigModel.class.php 第 51 行.
SQL: SHOW COLUMNS FROM `multi_config` [ RunTime:0.0163s ]
SQL: SELECT * FROM `multi_config` LIMIT 1   [ RunTime:0.0160s ]
INFO: [ view_parse ] --START--
INFO: [ template_filter ] --START--
INFO: Run Behavior\ContentReplaceBehavior [ RunTime:0.000038s ]
INFO: [ template_filter ] --END-- [ RunTime:0.000085s ]
INFO: Run Behavior\ParseTemplateBehavior [ RunTime:0.007862s ]
INFO: [ view_parse ] --END-- [ RunTime:0.007915s ]
INFO: [ view_filter ] --START--
INFO: Run Behavior\WriteHtmlCacheBehavior [ RunTime:0.000782s ]
INFO: [ view_filter ] --END-- [ RunTime:0.000832s ]
INFO: [ app_end ] --START--
INFO: Run Behavior\ShowPageTraceBehavior [ RunTime:0.001024s ]
INFO: [ app_end ] --END-- [ RunTime:0.001071s ]

