[ 2016-04-11T18:49:54+08:00 ] 101.226.89.14 /multi/App/Admin/order/shopId/136
INFO: [ app_init ] --START--
INFO: Run Behavior\BuildLiteBehavior [ RunTime:0.000031s ]
INFO: [ app_init ] --END-- [ RunTime:0.020336s ]
INFO: [ app_begin ] --START--
INFO: Run Behavior\ReadHtmlCacheBehavior [ RunTime:0.016414s ]
INFO: [ app_begin ] --END-- [ RunTime:0.016542s ]
NOTIC: [2048] Declaration of Common\Model\ConfigModel::add() should be compatible with Think\Model::add($data = '', $options = Array, $replace = false) /www/users/HA84691/WEB/multi/Application/Common/Model/ConfigModel.class.php 第 7 行.
NOTIC: [2048] Declaration of Common\Model\ConfigModel::addAll() should be compatible with Think\Model::addAll($dataList, $options = Array, $replace = false) /www/users/HA84691/WEB/multi/Application/Common/Model/ConfigModel.class.php 第 7 行.
NOTIC: [2048] Declaration of Common\Model\ConfigModel::save() should be compatible with Think\Model::save($data = '', $options = Array) /www/users/HA84691/WEB/multi/Application/Common/Model/ConfigModel.class.php 第 7 行.
SQL: SHOW COLUMNS FROM `multi_config` [ RunTime:0.0041s ]
SQL: SELECT * FROM `multi_config` LIMIT 1   [ RunTime:0.0048s ]
SQL: SELECT * FROM `multi_config` LIMIT 1   [ RunTime:0.0021s ]
SQL: SELECT * FROM `multi_config` LIMIT 1   [ RunTime:0.0017s ]
NOTIC: [2048] Declaration of Common\Model\WxConfigModel::add() should be compatible with Think\Model::add($data = '', $options = Array, $replace = false) /www/users/HA84691/WEB/multi/Application/Common/Model/WxConfigModel.class.php 第 62 行.
NOTIC: [2048] Declaration of Common\Model\WxConfigModel::addAll() should be compatible with Think\Model::addAll($dataList, $options = Array, $replace = false) /www/users/HA84691/WEB/multi/Application/Common/Model/WxConfigModel.class.php 第 62 行.
NOTIC: [2048] Declaration of Common\Model\WxConfigModel::save() should be compatible with Think\Model::save($data = '', $options = Array) /www/users/HA84691/WEB/multi/Application/Common/Model/WxConfigModel.class.php 第 62 行.
SQL: SHOW COLUMNS FROM `multi_wx_config` [ RunTime:0.0070s ]
SQL: SELECT * FROM `multi_wx_config` LIMIT 1   [ RunTime:0.0021s ]

[ 2016-04-11T18:49:56+08:00 ] 101.226.89.14 /multi/App/Admin/order/shopId/136?code=04163d00ba4df1dd26c873e73fb4b2aA&state=
INFO: [ app_init ] --START--
INFO: Run Behavior\BuildLiteBehavior [ RunTime:0.000029s ]
INFO: [ app_init ] --END-- [ RunTime:0.000641s ]
INFO: [ app_begin ] --START--
INFO: Run Behavior\ReadHtmlCacheBehavior [ RunTime:0.001900s ]
INFO: [ app_begin ] --END-- [ RunTime:0.002046s ]
NOTIC: [2048] Declaration of Common\Model\ConfigModel::add() should be compatible with Think\Model::add($data = '', $options = Array, $replace = false) /www/users/HA84691/WEB/multi/Application/Common/Model/ConfigModel.class.php 第 7 行.
NOTIC: [2048] Declaration of Common\Model\ConfigModel::addAll() should be compatible with Think\Model::addAll($dataList, $options = Array, $replace = false) /www/users/HA84691/WEB/multi/Application/Common/Model/ConfigModel.class.php 第 7 行.
NOTIC: [2048] Declaration of Common\Model\ConfigModel::save() should be compatible with Think\Model::save($data = '', $options = Array) /www/users/HA84691/WEB/multi/Application/Common/Model/ConfigModel.class.php 第 7 行.
SQL: SHOW COLUMNS FROM `multi_config` [ RunTime:0.0030s ]
SQL: SELECT * FROM `multi_config` LIMIT 1   [ RunTime:0.0027s ]
SQL: SELECT * FROM `multi_config` LIMIT 1   [ RunTime:0.0013s ]
SQL: SELECT * FROM `multi_config` LIMIT 1   [ RunTime:0.0024s ]
NOTIC: [2048] Declaration of Common\Model\WxConfigModel::add() should be compatible with Think\Model::add($data = '', $options = Array, $replace = false) /www/users/HA84691/WEB/multi/Application/Common/Model/WxConfigModel.class.php 第 62 行.
NOTIC: [2048] Declaration of Common\Model\WxConfigModel::addAll() should be compatible with Think\Model::addAll($dataList, $options = Array, $replace = false) /www/users/HA84691/WEB/multi/Application/Common/Model/WxConfigModel.class.php 第 62 行.
NOTIC: [2048] Declaration of Common\Model\WxConfigModel::save() should be compatible with Think\Model::save($data = '', $options = Array) /www/users/HA84691/WEB/multi/Application/Common/Model/WxConfigModel.class.php 第 62 行.
SQL: SHOW COLUMNS FROM `multi_wx_config` [ RunTime:0.0027s ]
SQL: SELECT * FROM `multi_wx_config` LIMIT 1   [ RunTime:0.0046s ]
NOTIC: [2048] Declaration of Common\Model\UserModel::add() should be compatible with Think\Model::add($data = '', $options = Array, $replace = false) /www/users/HA84691/WEB/multi/Application/Common/Model/UserModel.class.php 第 7 行.
NOTIC: [2048] Declaration of Common\Model\UserModel::addAll() should be compatible with Think\Model::addAll($dataList, $options = Array, $replace = false) /www/users/HA84691/WEB/multi/Application/Common/Model/UserModel.class.php 第 7 行.
NOTIC: [2048] Declaration of Common\Model\UserModel::save() should be compatible with Think\Model::save($data = '', $options = Array) /www/users/HA84691/WEB/multi/Application/Common/Model/UserModel.class.php 第 7 行.
SQL: SHOW COLUMNS FROM `multi_user` [ RunTime:0.0108s ]
SQL: SELECT * FROM `multi_user` WHERE `openid` = 'oojFxs4s3PSZVjL-X5UpFPhNfG0c' LIMIT 1   [ RunTime:0.0019s ]
SQL: UPDATE `multi_user` SET `username`='AI.何青.wemall',`subscribe`='1',`sex`='1',`language`='zh_CN',`city`='',`province`='Louth',`avater`='http://wx.qlogo.cn/mmopen/ajNVdqHZLLDVc2kT8kAf3zOaicA94KJGfXofhVBcibYkJr6qaviazGtAprVBKkvEISFShWiaCu0LFbiakQIz9pjTOicg/0',`status`='1' WHERE `id` = '2' [ RunTime:0.0316s ]
SQL: SELECT * FROM `multi_user` WHERE `id` = 2 LIMIT 1   [ RunTime:0.0180s ]
NOTIC: [2048] Declaration of Common\Model\ContactModel::add() should be compatible with Think\Model::add($data = '', $options = Array, $replace = false) /www/users/HA84691/WEB/multi/Application/Common/Model/ContactModel.class.php 第 79 行.
NOTIC: [2048] Declaration of Common\Model\ContactModel::addAll() should be compatible with Think\Model::addAll($dataList, $options = Array, $replace = false) /www/users/HA84691/WEB/multi/Application/Common/Model/ContactModel.class.php 第 79 行.
NOTIC: [2048] Declaration of Common\Model\ContactModel::save() should be compatible with Think\Model::save($data = '', $options = Array) /www/users/HA84691/WEB/multi/Application/Common/Model/ContactModel.class.php 第 79 行.
SQL: SHOW COLUMNS FROM `multi_contact` [ RunTime:0.0102s ]
SQL: SELECT * FROM `multi_contact` WHERE ( 1=1 AND user_id='2' )  [ RunTime:0.0039s ]
NOTIC: [2048] Declaration of Common\Model\AuthGroupAccessModel::add() should be compatible with Think\Model::add($data = '', $options = Array, $replace = false) /www/users/HA84691/WEB/multi/Application/Common/Model/AuthGroupAccessModel.class.php 第 23 行.
SQL: SHOW COLUMNS FROM `multi_auth_group_access` [ RunTime:0.0105s ]
SQL: SELECT * FROM `multi_auth_group_access` WHERE ( 1=1 AND uid='2' ) LIMIT 1   [ RunTime:0.0019s ]
SQL: SHOW COLUMNS FROM `multi_shop` [ RunTime:0.0084s ]
SQL: SELECT * FROM `multi_shop` WHERE ( 1=1 AND user_id='2' )  [ RunTime:0.0119s ]
SQL: SELECT * FROM `multi_shop` WHERE `id` = 136 LIMIT 1   [ RunTime:0.0094s ]
NOTIC: [2048] Declaration of Common\Model\OrderModel::add() should be compatible with Think\Model::add($data = '', $options = Array, $replace = false) /www/users/HA84691/WEB/multi/Application/Common/Model/OrderModel.class.php 第 229 行.
NOTIC: [2048] Declaration of Common\Model\OrderModel::addAll() should be compatible with Think\Model::addAll($dataList, $options = Array, $replace = false) /www/users/HA84691/WEB/multi/Application/Common/Model/OrderModel.class.php 第 229 行.
NOTIC: [2048] Declaration of Common\Model\OrderModel::save() should be compatible with Think\Model::save($data = '', $options = Array) /www/users/HA84691/WEB/multi/Application/Common/Model/OrderModel.class.php 第 229 行.
SQL: SHOW COLUMNS FROM `multi_order` [ RunTime:0.0138s ]
SQL: SELECT * FROM `multi_order` WHERE `shop_id` = 136 AND `status` >= 0 ORDER BY id desc  [ RunTime:0.0016s ]
NOTIC: [2048] Declaration of Common\Model\OrderContactModel::add() should be compatible with Think\Model::add($data = '', $options = Array, $replace = false) /www/users/HA84691/WEB/multi/Application/Common/Model/OrderContactModel.class.php 第 69 行.
NOTIC: [2048] Declaration of Common\Model\OrderContactModel::addAll() should be compatible with Think\Model::addAll($dataList, $options = Array, $replace = false) /www/users/HA84691/WEB/multi/Application/Common/Model/OrderContactModel.class.php 第 69 行.
NOTIC: [2048] Declaration of Common\Model\OrderContactModel::save() should be compatible with Think\Model::save($data = '', $options = Array) /www/users/HA84691/WEB/multi/Application/Common/Model/OrderContactModel.class.php 第 69 行.
SQL: SHOW COLUMNS FROM `multi_order_contact` [ RunTime:0.0112s ]
SQL: SELECT * FROM `multi_order_contact` WHERE ( 1=1 AND order_id='11' ) LIMIT 1   [ RunTime:0.0072s ]
SQL: SELECT * FROM `multi_user` WHERE ( 1=1 AND id='792' ) LIMIT 1   [ RunTime:0.0043s ]
NOTIC: [2048] Declaration of Common\Model\OrderDetailModel::add() should be compatible with Think\Model::add($data = '', $options = Array, $replace = false) /www/users/HA84691/WEB/multi/Application/Common/Model/OrderDetailModel.class.php 第 94 行.
NOTIC: [2048] Declaration of Common\Model\OrderDetailModel::addAll() should be compatible with Think\Model::addAll($dataList, $options = Array, $replace = false) /www/users/HA84691/WEB/multi/Application/Common/Model/OrderDetailModel.class.php 第 94 行.
NOTIC: [2048] Declaration of Common\Model\OrderDetailModel::save() should be compatible with Think\Model::save($data = '', $options = Array) /www/users/HA84691/WEB/multi/Application/Common/Model/OrderDetailModel.class.php 第 94 行.
SQL: SHOW COLUMNS FROM `multi_order_detail` [ RunTime:0.0036s ]
SQL: SELECT * FROM `multi_order_detail` WHERE ( 1=1 AND order_id='11' )  [ RunTime:0.0037s ]
SQL: SELECT * FROM `multi_shop` WHERE ( 1=1 AND id='136' ) LIMIT 1   [ RunTime:0.0049s ]
SQL: SELECT * FROM `multi_order_contact` WHERE ( 1=1 AND order_id='10' ) LIMIT 1   [ RunTime:0.0114s ]
SQL: SELECT * FROM `multi_user` WHERE ( 1=1 AND id='792' ) LIMIT 1   [ RunTime:0.0084s ]
SQL: SELECT * FROM `multi_order_detail` WHERE ( 1=1 AND order_id='10' )  [ RunTime:0.0016s ]
SQL: SELECT * FROM `multi_shop` WHERE ( 1=1 AND id='136' ) LIMIT 1   [ RunTime:0.0112s ]
SQL: SELECT * FROM `multi_order_contact` WHERE ( 1=1 AND order_id='4' ) LIMIT 1   [ RunTime:0.0018s ]
SQL: SELECT * FROM `multi_user` WHERE ( 1=1 AND id='792' ) LIMIT 1   [ RunTime:0.0096s ]
SQL: SELECT * FROM `multi_order_detail` WHERE ( 1=1 AND order_id='4' )  [ RunTime:0.0171s ]
SQL: SELECT * FROM `multi_shop` WHERE ( 1=1 AND id='136' ) LIMIT 1   [ RunTime:0.0079s ]
SQL: SELECT * FROM `multi_order_contact` WHERE ( 1=1 AND order_id='3' ) LIMIT 1   [ RunTime:0.0042s ]
SQL: SELECT * FROM `multi_user` WHERE ( 1=1 AND id='792' ) LIMIT 1   [ RunTime:0.0019s ]
SQL: SELECT * FROM `multi_order_detail` WHERE ( 1=1 AND order_id='3' )  [ RunTime:0.0021s ]
SQL: SELECT * FROM `multi_shop` WHERE ( 1=1 AND id='136' ) LIMIT 1   [ RunTime:0.0138s ]
SQL: SELECT * FROM `multi_order_contact` WHERE ( 1=1 AND order_id='2' ) LIMIT 1   [ RunTime:0.0025s ]
SQL: SELECT * FROM `multi_user` WHERE ( 1=1 AND id='792' ) LIMIT 1   [ RunTime:0.0116s ]
SQL: SELECT * FROM `multi_order_detail` WHERE ( 1=1 AND order_id='2' )  [ RunTime:0.2138s ]
SQL: SELECT * FROM `multi_shop` WHERE ( 1=1 AND id='136' ) LIMIT 1   [ RunTime:0.0021s ]
INFO: [ view_parse ] --START--
INFO: [ template_filter ] --START--
INFO: Run Behavior\ContentReplaceBehavior [ RunTime:0.000207s ]
INFO: [ template_filter ] --END-- [ RunTime:0.000370s ]
NOTIC: [8] Undefined index: area /www/users/HA84691/WEB/multi/Application/Runtime/Cache/App/7433cc1a9a9e7aa5c118c412a0b9bda7.php 第 140 行.
NOTIC: [8] Undefined index: area /www/users/HA84691/WEB/multi/Application/Runtime/Cache/App/7433cc1a9a9e7aa5c118c412a0b9bda7.php 第 140 行.
NOTIC: [8] Undefined index: area /www/users/HA84691/WEB/multi/Application/Runtime/Cache/App/7433cc1a9a9e7aa5c118c412a0b9bda7.php 第 140 行.
NOTIC: [8] Undefined index: area /www/users/HA84691/WEB/multi/Application/Runtime/Cache/App/7433cc1a9a9e7aa5c118c412a0b9bda7.php 第 140 行.
NOTIC: [8] Undefined index: area /www/users/HA84691/WEB/multi/Application/Runtime/Cache/App/7433cc1a9a9e7aa5c118c412a0b9bda7.php 第 140 行.
INFO: Run Behavior\ParseTemplateBehavior [ RunTime:0.124240s ]
INFO: [ view_parse ] --END-- [ RunTime:0.124331s ]
INFO: [ view_filter ] --START--
INFO: Run Behavior\WriteHtmlCacheBehavior [ RunTime:0.004233s ]
INFO: [ view_filter ] --END-- [ RunTime:0.004336s ]
INFO: [ app_end ] --START--
INFO: Run Behavior\ShowPageTraceBehavior [ RunTime:0.007435s ]
INFO: [ app_end ] --END-- [ RunTime:0.007546s ]

