[ 2016-08-16T09:45:59+08:00 ] 127.0.0.1 /app
INFO: [ app_init ] --START--
INFO: Run Behavior\BuildLiteBehavior [ RunTime:0.000017s ]
INFO: [ app_init ] --END-- [ RunTime:0.000771s ]
INFO: [ app_begin ] --START--
INFO: Run Behavior\ReadHtmlCacheBehavior [ RunTime:0.000734s ]
INFO: [ app_begin ] --END-- [ RunTime:0.000772s ]
NOTIC: [2] Declaration of Common\Model\ConfigModel::add($data) should be compatible with Think\Model::add($data = '', $options = Array, $replace = false) C:\Users\D.Y\Documents\WebServer\Website\multi_putong\Application\Common\Model\ConfigModel.class.php 第 6 行.
NOTIC: [2] Declaration of Common\Model\ConfigModel::addAll($data) should be compatible with Think\Model::addAll($dataList, $options = Array, $replace = false) C:\Users\D.Y\Documents\WebServer\Website\multi_putong\Application\Common\Model\ConfigModel.class.php 第 6 行.
NOTIC: [2] Declaration of Common\Model\ConfigModel::save($data) should be compatible with Think\Model::save($data = '', $options = Array) C:\Users\D.Y\Documents\WebServer\Website\multi_putong\Application\Common\Model\ConfigModel.class.php 第 6 行.
SQL: SHOW COLUMNS FROM `multi_config` [ RunTime:0.0182s ]
SQL: SELECT * FROM `multi_config` LIMIT 1   [ RunTime:0.0005s ]
SQL: SELECT * FROM `multi_config` LIMIT 1   [ RunTime:0.0004s ]
NOTIC: [2] Declaration of Common\Model\UserModel::add($data) should be compatible with Think\Model::add($data = '', $options = Array, $replace = false) C:\Users\D.Y\Documents\WebServer\Website\multi_putong\Application\Common\Model\UserModel.class.php 第 6 行.
NOTIC: [2] Declaration of Common\Model\UserModel::addAll($data) should be compatible with Think\Model::addAll($dataList, $options = Array, $replace = false) C:\Users\D.Y\Documents\WebServer\Website\multi_putong\Application\Common\Model\UserModel.class.php 第 6 行.
NOTIC: [2] Declaration of Common\Model\UserModel::save($data) should be compatible with Think\Model::save($data = '', $options = Array) C:\Users\D.Y\Documents\WebServer\Website\multi_putong\Application\Common\Model\UserModel.class.php 第 6 行.
SQL: SHOW COLUMNS FROM `multi_user` [ RunTime:0.0030s ]
SQL: SELECT * FROM `multi_user` WHERE `id` = 2 LIMIT 1   [ RunTime:0.0040s ]
NOTIC: [2] Declaration of Common\Model\ContactModel::add($data) should be compatible with Think\Model::add($data = '', $options = Array, $replace = false) C:\Users\D.Y\Documents\WebServer\Website\multi_putong\Application\Common\Model\ContactModel.class.php 第 79 行.
NOTIC: [2] Declaration of Common\Model\ContactModel::addAll($data) should be compatible with Think\Model::addAll($dataList, $options = Array, $replace = false) C:\Users\D.Y\Documents\WebServer\Website\multi_putong\Application\Common\Model\ContactModel.class.php 第 79 行.
NOTIC: [2] Declaration of Common\Model\ContactModel::save($data) should be compatible with Think\Model::save($data = '', $options = Array) C:\Users\D.Y\Documents\WebServer\Website\multi_putong\Application\Common\Model\ContactModel.class.php 第 79 行.
SQL: SHOW COLUMNS FROM `multi_contact` [ RunTime:0.0044s ]
SQL: SELECT * FROM `multi_contact` WHERE ( 1=1 AND user_id='2' )  [ RunTime:0.0021s ]
NOTIC: [2] Declaration of Common\Model\AuthGroupAccessModel::add($user_id, $group_id) should be compatible with Think\Model::add($data = '', $options = Array, $replace = false) C:\Users\D.Y\Documents\WebServer\Website\multi_putong\Application\Common\Model\AuthGroupAccessModel.class.php 第 23 行.
SQL: SHOW COLUMNS FROM `multi_auth_group_access` [ RunTime:0.0036s ]
SQL: SELECT * FROM `multi_auth_group_access` WHERE ( 1=1 AND uid='2' ) LIMIT 1   [ RunTime:0.0003s ]
SQL: SHOW COLUMNS FROM `multi_shop` [ RunTime:0.0051s ]
SQL: SELECT * FROM `multi_shop` WHERE ( 1=1 AND user_id='2' )  [ RunTime:0.0017s ]
SQL: SELECT * FROM `multi_config` LIMIT 1   [ RunTime:0.0003s ]
NOTIC: [8] Undefined variable: config C:\Users\D.Y\Documents\WebServer\Website\multi_putong\Application\App\Controller\IndexController.class.php 第 26 行.
SQL: SELECT * FROM `multi_shop` WHERE `id` = 0 LIMIT 1   [ RunTime:0.0003s ]
NOTIC: [2] Declaration of Common\Model\MenuModel::add($data) should be compatible with Think\Model::add($data = '', $options = Array, $replace = false) C:\Users\D.Y\Documents\WebServer\Website\multi_putong\Application\Common\Model\MenuModel.class.php 第 144 行.
NOTIC: [2] Declaration of Common\Model\MenuModel::addAll($data) should be compatible with Think\Model::addAll($dataList, $options = Array, $replace = false) C:\Users\D.Y\Documents\WebServer\Website\multi_putong\Application\Common\Model\MenuModel.class.php 第 144 行.
NOTIC: [2] Declaration of Common\Model\MenuModel::save($data) should be compatible with Think\Model::save($data = '', $options = Array) C:\Users\D.Y\Documents\WebServer\Website\multi_putong\Application\Common\Model\MenuModel.class.php 第 144 行.
SQL: SHOW COLUMNS FROM `multi_menu` [ RunTime:0.0037s ]
SQL: SELECT * FROM `multi_menu` WHERE `shop_id` = 0 ORDER BY rank desc,id desc  [ RunTime:0.0041s ]
NOTIC: [2] Declaration of Common\Model\FileModel::add($data) should be compatible with Think\Model::add($data = '', $options = Array, $replace = false) C:\Users\D.Y\Documents\WebServer\Website\multi_putong\Application\Common\Model\FileModel.class.php 第 137 行.
NOTIC: [2] Declaration of Common\Model\FileModel::addAll($data) should be compatible with Think\Model::addAll($dataList, $options = Array, $replace = false) C:\Users\D.Y\Documents\WebServer\Website\multi_putong\Application\Common\Model\FileModel.class.php 第 137 行.
NOTIC: [2] Declaration of Common\Model\FileModel::save($data) should be compatible with Think\Model::save($data = '', $options = Array) C:\Users\D.Y\Documents\WebServer\Website\multi_putong\Application\Common\Model\FileModel.class.php 第 137 行.
SQL: SHOW COLUMNS FROM `multi_file` [ RunTime:0.0043s ]
SQL: SELECT * FROM `multi_file` WHERE ( 1=1 AND id='59' ) LIMIT 1   [ RunTime:0.0004s ]
SQL: SELECT * FROM `multi_shop` WHERE ( 1=1 AND id='0' ) LIMIT 1   [ RunTime:0.0003s ]
SQL: SELECT * FROM `multi_file` WHERE ( 1=1 AND id='60' ) LIMIT 1   [ RunTime:0.0003s ]
SQL: SELECT * FROM `multi_shop` WHERE ( 1=1 AND id='0' ) LIMIT 1   [ RunTime:0.0003s ]
SQL: SELECT * FROM `multi_file` WHERE ( 1=1 AND id='24' ) LIMIT 1   [ RunTime:0.0002s ]
SQL: SELECT * FROM `multi_shop` WHERE ( 1=1 AND id='0' ) LIMIT 1   [ RunTime:0.0003s ]
SQL: SELECT * FROM `multi_file` WHERE ( 1=1 AND id='24' ) LIMIT 1   [ RunTime:0.0002s ]
SQL: SELECT * FROM `multi_shop` WHERE ( 1=1 AND id='0' ) LIMIT 1   [ RunTime:0.0003s ]
NOTIC: [2] Declaration of Common\Model\ProductModel::add($data) should be compatible with Think\Model::add($data = '', $options = Array, $replace = false) C:\Users\D.Y\Documents\WebServer\Website\multi_putong\Application\Common\Model\ProductModel.class.php 第 243 行.
NOTIC: [2] Declaration of Common\Model\ProductModel::addAll($data) should be compatible with Think\Model::addAll($dataList, $options = Array, $replace = false) C:\Users\D.Y\Documents\WebServer\Website\multi_putong\Application\Common\Model\ProductModel.class.php 第 243 行.
NOTIC: [2] Declaration of Common\Model\ProductModel::save($data) should be compatible with Think\Model::save($data = '', $options = Array) C:\Users\D.Y\Documents\WebServer\Website\multi_putong\Application\Common\Model\ProductModel.class.php 第 243 行.
SQL: SHOW COLUMNS FROM `multi_product` [ RunTime:0.0034s ]
SQL: SELECT * FROM `multi_product` WHERE `status` <> -1 AND `shop_id` = 0 ORDER BY rank desc  [ RunTime:0.0055s ]
SQL: SELECT * FROM `multi_menu` WHERE ( 1=1 AND id='5' ) LIMIT 1   [ RunTime:0.0004s ]
SQL: SELECT * FROM `multi_file` WHERE ( 1=1 AND id='11' ) LIMIT 1   [ RunTime:0.0003s ]
NOTIC: [2] Declaration of Common\Model\CommentModel::add($data) should be compatible with Think\Model::add($data = '', $options = Array, $replace = false) C:\Users\D.Y\Documents\WebServer\Website\multi_putong\Application\Common\Model\CommentModel.class.php 第 140 行.
NOTIC: [2] Declaration of Common\Model\CommentModel::addAll($data) should be compatible with Think\Model::addAll($dataList, $options = Array, $replace = false) C:\Users\D.Y\Documents\WebServer\Website\multi_putong\Application\Common\Model\CommentModel.class.php 第 140 行.
NOTIC: [2] Declaration of Common\Model\CommentModel::save($data) should be compatible with Think\Model::save($data = '', $options = Array) C:\Users\D.Y\Documents\WebServer\Website\multi_putong\Application\Common\Model\CommentModel.class.php 第 140 行.
SQL: SHOW COLUMNS FROM `multi_comment` [ RunTime:0.0035s ]
SQL: SELECT * FROM `multi_comment` WHERE ( 1=1 AND product_id='3' )  [ RunTime:0.0004s ]
NOTIC: [2] Declaration of Common\Model\ProductSkuModel::add($data) should be compatible with Think\Model::add($data = '', $options = Array, $replace = false) C:\Users\D.Y\Documents\WebServer\Website\multi_putong\Application\Common\Model\ProductSkuModel.class.php 第 69 行.
NOTIC: [2] Declaration of Common\Model\ProductSkuModel::addAll($data) should be compatible with Think\Model::addAll($dataList, $options = Array, $replace = false) C:\Users\D.Y\Documents\WebServer\Website\multi_putong\Application\Common\Model\ProductSkuModel.class.php 第 69 行.
NOTIC: [2] Declaration of Common\Model\ProductSkuModel::save($data) should be compatible with Think\Model::save($data = '', $options = Array) C:\Users\D.Y\Documents\WebServer\Website\multi_putong\Application\Common\Model\ProductSkuModel.class.php 第 69 行.
SQL: SHOW COLUMNS FROM `multi_product_sku` [ RunTime:0.0031s ]
SQL: SELECT * FROM `multi_product_sku` WHERE ( 1=1 AND product_id='3' )  [ RunTime:0.0007s ]
SQL: SELECT * FROM `multi_shop` WHERE ( 1=1 AND id='0' ) LIMIT 1   [ RunTime:0.0004s ]
SQL: SELECT * FROM `multi_menu` WHERE ( 1=1 AND id='1' ) LIMIT 1   [ RunTime:0.0003s ]
SQL: SELECT * FROM `multi_file` WHERE ( 1=1 AND id='17' ) LIMIT 1   [ RunTime:0.0003s ]
SQL: SELECT * FROM `multi_comment` WHERE ( 1=1 AND product_id='4' )  [ RunTime:0.0004s ]
SQL: SELECT * FROM `multi_product_sku` WHERE ( 1=1 AND product_id='4' )  [ RunTime:0.0006s ]
SQL: SELECT * FROM `multi_shop` WHERE ( 1=1 AND id='0' ) LIMIT 1   [ RunTime:0.0003s ]
SQL: SELECT * FROM `multi_menu` WHERE ( 1=1 AND id='1' ) LIMIT 1   [ RunTime:0.0003s ]
SQL: SELECT * FROM `multi_file` WHERE ( 1=1 AND id='16' ) LIMIT 1   [ RunTime:0.0002s ]
SQL: SELECT * FROM `multi_comment` WHERE ( 1=1 AND product_id='5' )  [ RunTime:0.0002s ]
SQL: SELECT * FROM `multi_product_sku` WHERE ( 1=1 AND product_id='5' )  [ RunTime:0.0006s ]
SQL: SELECT * FROM `multi_shop` WHERE ( 1=1 AND id='0' ) LIMIT 1   [ RunTime:0.0003s ]
SQL: SELECT * FROM `multi_menu` WHERE ( 1=1 AND id='1' ) LIMIT 1   [ RunTime:0.0002s ]
SQL: SELECT * FROM `multi_file` WHERE ( 1=1 AND id='15' ) LIMIT 1   [ RunTime:0.0002s ]
SQL: SELECT * FROM `multi_comment` WHERE ( 1=1 AND product_id='6' )  [ RunTime:0.0002s ]
SQL: SELECT * FROM `multi_product_sku` WHERE ( 1=1 AND product_id='6' )  [ RunTime:0.0006s ]
SQL: SELECT * FROM `multi_shop` WHERE ( 1=1 AND id='0' ) LIMIT 1   [ RunTime:0.0003s ]
SQL: SELECT * FROM `multi_menu` WHERE ( 1=1 AND id='1' ) LIMIT 1   [ RunTime:0.0002s ]
SQL: SELECT * FROM `multi_file` WHERE ( 1=1 AND id='14' ) LIMIT 1   [ RunTime:0.0002s ]
SQL: SELECT * FROM `multi_comment` WHERE ( 1=1 AND product_id='7' )  [ RunTime:0.0002s ]
SQL: SELECT * FROM `multi_product_sku` WHERE ( 1=1 AND product_id='7' )  [ RunTime:0.0006s ]
SQL: SELECT * FROM `multi_shop` WHERE ( 1=1 AND id='0' ) LIMIT 1   [ RunTime:0.0003s ]
SQL: SELECT * FROM `multi_menu` WHERE ( 1=1 AND id='1' ) LIMIT 1   [ RunTime:0.0002s ]
SQL: SELECT * FROM `multi_file` WHERE ( 1=1 AND id='13' ) LIMIT 1   [ RunTime:0.0002s ]
SQL: SELECT * FROM `multi_comment` WHERE ( 1=1 AND product_id='8' )  [ RunTime:0.0002s ]
SQL: SELECT * FROM `multi_product_sku` WHERE ( 1=1 AND product_id='8' )  [ RunTime:0.0006s ]
SQL: SELECT * FROM `multi_shop` WHERE ( 1=1 AND id='0' ) LIMIT 1   [ RunTime:0.0003s ]
SQL: SELECT * FROM `multi_menu` WHERE ( 1=1 AND id='1' ) LIMIT 1   [ RunTime:0.0002s ]
SQL: SELECT * FROM `multi_file` WHERE ( 1=1 AND id='12' ) LIMIT 1   [ RunTime:0.0002s ]
SQL: SELECT * FROM `multi_comment` WHERE ( 1=1 AND product_id='9' )  [ RunTime:0.0002s ]
SQL: SELECT * FROM `multi_product_sku` WHERE ( 1=1 AND product_id='9' )  [ RunTime:0.0006s ]
SQL: SELECT * FROM `multi_shop` WHERE ( 1=1 AND id='0' ) LIMIT 1   [ RunTime:0.0003s ]
SQL: SELECT * FROM `multi_menu` WHERE ( 1=1 AND id='2' ) LIMIT 1   [ RunTime:0.0002s ]
SQL: SELECT * FROM `multi_file` WHERE ( 1=1 AND id='24' ) LIMIT 1   [ RunTime:0.0002s ]
SQL: SELECT * FROM `multi_comment` WHERE ( 1=1 AND product_id='10' )  [ RunTime:0.0002s ]
SQL: SELECT * FROM `multi_product_sku` WHERE ( 1=1 AND product_id='10' )  [ RunTime:0.0006s ]
SQL: SELECT * FROM `multi_shop` WHERE ( 1=1 AND id='0' ) LIMIT 1   [ RunTime:0.0003s ]
SQL: SELECT * FROM `multi_menu` WHERE ( 1=1 AND id='2' ) LIMIT 1   [ RunTime:0.0002s ]
SQL: SELECT * FROM `multi_file` WHERE ( 1=1 AND id='18' ) LIMIT 1   [ RunTime:0.0002s ]
SQL: SELECT * FROM `multi_comment` WHERE ( 1=1 AND product_id='11' )  [ RunTime:0.0002s ]
SQL: SELECT * FROM `multi_product_sku` WHERE ( 1=1 AND product_id='11' )  [ RunTime:0.0006s ]
SQL: SELECT * FROM `multi_shop` WHERE ( 1=1 AND id='0' ) LIMIT 1   [ RunTime:0.0003s ]
SQL: SELECT * FROM `multi_menu` WHERE ( 1=1 AND id='2' ) LIMIT 1   [ RunTime:0.0003s ]
SQL: SELECT * FROM `multi_file` WHERE ( 1=1 AND id='26' ) LIMIT 1   [ RunTime:0.0002s ]
SQL: SELECT * FROM `multi_comment` WHERE ( 1=1 AND product_id='12' )  [ RunTime:0.0003s ]
SQL: SELECT * FROM `multi_product_sku` WHERE ( 1=1 AND product_id='12' )  [ RunTime:0.0006s ]
SQL: SELECT * FROM `multi_shop` WHERE ( 1=1 AND id='0' ) LIMIT 1   [ RunTime:0.0003s ]
SQL: SELECT * FROM `multi_menu` WHERE ( 1=1 AND id='2' ) LIMIT 1   [ RunTime:0.0002s ]
SQL: SELECT * FROM `multi_file` WHERE ( 1=1 AND id='25' ) LIMIT 1   [ RunTime:0.0002s ]
SQL: SELECT * FROM `multi_comment` WHERE ( 1=1 AND product_id='13' )  [ RunTime:0.0002s ]
SQL: SELECT * FROM `multi_product_sku` WHERE ( 1=1 AND product_id='13' )  [ RunTime:0.0006s ]
SQL: SELECT * FROM `multi_shop` WHERE ( 1=1 AND id='0' ) LIMIT 1   [ RunTime:0.0003s ]
SQL: SELECT * FROM `multi_menu` WHERE ( 1=1 AND id='2' ) LIMIT 1   [ RunTime:0.0002s ]
SQL: SELECT * FROM `multi_file` WHERE ( 1=1 AND id='23' ) LIMIT 1   [ RunTime:0.0002s ]
SQL: SELECT * FROM `multi_comment` WHERE ( 1=1 AND product_id='14' )  [ RunTime:0.0002s ]
SQL: SELECT * FROM `multi_product_sku` WHERE ( 1=1 AND product_id='14' )  [ RunTime:0.0006s ]
SQL: SELECT * FROM `multi_shop` WHERE ( 1=1 AND id='0' ) LIMIT 1   [ RunTime:0.0003s ]
SQL: SELECT * FROM `multi_menu` WHERE ( 1=1 AND id='5' ) LIMIT 1   [ RunTime:0.0002s ]
SQL: SELECT * FROM `multi_file` WHERE ( 1=1 AND id='22' ) LIMIT 1   [ RunTime:0.0003s ]
SQL: SELECT * FROM `multi_comment` WHERE ( 1=1 AND product_id='15' )  [ RunTime:0.0003s ]
SQL: SELECT * FROM `multi_product_sku` WHERE ( 1=1 AND product_id='15' )  [ RunTime:0.0006s ]
SQL: SELECT * FROM `multi_shop` WHERE ( 1=1 AND id='0' ) LIMIT 1   [ RunTime:0.0003s ]
SQL: SELECT * FROM `multi_menu` WHERE ( 1=1 AND id='2' ) LIMIT 1   [ RunTime:0.0002s ]
SQL: SELECT * FROM `multi_file` WHERE ( 1=1 AND id='20' ) LIMIT 1   [ RunTime:0.0002s ]
SQL: SELECT * FROM `multi_comment` WHERE ( 1=1 AND product_id='16' )  [ RunTime:0.0002s ]
SQL: SELECT * FROM `multi_product_sku` WHERE ( 1=1 AND product_id='16' )  [ RunTime:0.0006s ]
SQL: SELECT * FROM `multi_shop` WHERE ( 1=1 AND id='0' ) LIMIT 1   [ RunTime:0.0003s ]
SQL: SELECT * FROM `multi_menu` WHERE ( 1=1 AND id='2' ) LIMIT 1   [ RunTime:0.0002s ]
SQL: SELECT * FROM `multi_file` WHERE ( 1=1 AND id='19' ) LIMIT 1   [ RunTime:0.0002s ]
SQL: SELECT * FROM `multi_comment` WHERE ( 1=1 AND product_id='17' )  [ RunTime:0.0002s ]
SQL: SELECT * FROM `multi_product_sku` WHERE ( 1=1 AND product_id='17' )  [ RunTime:0.0006s ]
SQL: SELECT * FROM `multi_shop` WHERE ( 1=1 AND id='0' ) LIMIT 1   [ RunTime:0.0003s ]
SQL: SELECT * FROM `multi_menu` WHERE ( 1=1 AND id='5' ) LIMIT 1   [ RunTime:0.0002s ]
SQL: SELECT * FROM `multi_file` WHERE ( 1=1 AND id='21' ) LIMIT 1   [ RunTime:0.0002s ]
SQL: SELECT * FROM `multi_comment` WHERE ( 1=1 AND product_id='18' )  [ RunTime:0.0002s ]
SQL: SELECT * FROM `multi_product_sku` WHERE ( 1=1 AND product_id='18' )  [ RunTime:0.0006s ]
SQL: SELECT * FROM `multi_shop` WHERE ( 1=1 AND id='0' ) LIMIT 1   [ RunTime:0.0003s ]
SQL: SELECT * FROM `multi_menu` WHERE ( 1=1 AND id='5' ) LIMIT 1   [ RunTime:0.0002s ]
SQL: SELECT * FROM `multi_file` WHERE ( 1=1 AND id='27' ) LIMIT 1   [ RunTime:0.0003s ]
SQL: SELECT * FROM `multi_comment` WHERE ( 1=1 AND product_id='19' )  [ RunTime:0.0003s ]
SQL: SELECT * FROM `multi_product_sku` WHERE ( 1=1 AND product_id='19' )  [ RunTime:0.0006s ]
SQL: SELECT * FROM `multi_shop` WHERE ( 1=1 AND id='0' ) LIMIT 1   [ RunTime:0.0003s ]
NOTIC: [2] Declaration of Common\Model\AdsModel::add($data) should be compatible with Think\Model::add($data = '', $options = Array, $replace = false) C:\Users\D.Y\Documents\WebServer\Website\multi_putong\Application\Common\Model\AdsModel.class.php 第 135 行.
NOTIC: [2] Declaration of Common\Model\AdsModel::addAll($data) should be compatible with Think\Model::addAll($dataList, $options = Array, $replace = false) C:\Users\D.Y\Documents\WebServer\Website\multi_putong\Application\Common\Model\AdsModel.class.php 第 135 行.
NOTIC: [2] Declaration of Common\Model\AdsModel::save($data) should be compatible with Think\Model::save($data = '', $options = Array) C:\Users\D.Y\Documents\WebServer\Website\multi_putong\Application\Common\Model\AdsModel.class.php 第 135 行.
SQL: SHOW COLUMNS FROM `multi_ads` [ RunTime:0.0039s ]
SQL: SELECT * FROM `multi_ads` WHERE `shop_id` = 0 ORDER BY id desc  [ RunTime:0.0004s ]
NOTIC: [2] Declaration of Common\Model\WxConfigModel::add($data) should be compatible with Think\Model::add($data = '', $options = Array, $replace = false) C:\Users\D.Y\Documents\WebServer\Website\multi_putong\Application\Common\Model\WxConfigModel.class.php 第 62 行.
NOTIC: [2] Declaration of Common\Model\WxConfigModel::addAll($data) should be compatible with Think\Model::addAll($dataList, $options = Array, $replace = false) C:\Users\D.Y\Documents\WebServer\Website\multi_putong\Application\Common\Model\WxConfigModel.class.php 第 62 行.
NOTIC: [2] Declaration of Common\Model\WxConfigModel::save($data) should be compatible with Think\Model::save($data = '', $options = Array) C:\Users\D.Y\Documents\WebServer\Website\multi_putong\Application\Common\Model\WxConfigModel.class.php 第 62 行.
SQL: SHOW COLUMNS FROM `multi_wx_config` [ RunTime:0.0031s ]
SQL: SELECT * FROM `multi_wx_config` LIMIT 1   [ RunTime:0.0005s ]
ERR: Call to undefined function curl_init()

[ 2016-08-16T09:46:39+08:00 ] 127.0.0.1 /app
INFO: [ app_init ] --START--
INFO: Run Behavior\BuildLiteBehavior [ RunTime:0.000011s ]
INFO: [ app_init ] --END-- [ RunTime:0.000474s ]
INFO: [ app_begin ] --START--
INFO: Run Behavior\ReadHtmlCacheBehavior [ RunTime:0.000607s ]
INFO: [ app_begin ] --END-- [ RunTime:0.000642s ]
NOTIC: [2] Declaration of Common\Model\ConfigModel::add($data) should be compatible with Think\Model::add($data = '', $options = Array, $replace = false) C:\Users\D.Y\Documents\WebServer\Website\multi_putong\Application\Common\Model\ConfigModel.class.php 第 6 行.
NOTIC: [2] Declaration of Common\Model\ConfigModel::addAll($data) should be compatible with Think\Model::addAll($dataList, $options = Array, $replace = false) C:\Users\D.Y\Documents\WebServer\Website\multi_putong\Application\Common\Model\ConfigModel.class.php 第 6 行.
NOTIC: [2] Declaration of Common\Model\ConfigModel::save($data) should be compatible with Think\Model::save($data = '', $options = Array) C:\Users\D.Y\Documents\WebServer\Website\multi_putong\Application\Common\Model\ConfigModel.class.php 第 6 行.
SQL: SHOW COLUMNS FROM `multi_config` [ RunTime:0.0025s ]
SQL: SELECT * FROM `multi_config` LIMIT 1   [ RunTime:0.0004s ]
SQL: SELECT * FROM `multi_config` LIMIT 1   [ RunTime:0.0008s ]
NOTIC: [2] Declaration of Common\Model\UserModel::add($data) should be compatible with Think\Model::add($data = '', $options = Array, $replace = false) C:\Users\D.Y\Documents\WebServer\Website\multi_putong\Application\Common\Model\UserModel.class.php 第 6 行.
NOTIC: [2] Declaration of Common\Model\UserModel::addAll($data) should be compatible with Think\Model::addAll($dataList, $options = Array, $replace = false) C:\Users\D.Y\Documents\WebServer\Website\multi_putong\Application\Common\Model\UserModel.class.php 第 6 行.
NOTIC: [2] Declaration of Common\Model\UserModel::save($data) should be compatible with Think\Model::save($data = '', $options = Array) C:\Users\D.Y\Documents\WebServer\Website\multi_putong\Application\Common\Model\UserModel.class.php 第 6 行.
SQL: SHOW COLUMNS FROM `multi_user` [ RunTime:0.0018s ]
SQL: SELECT * FROM `multi_user` WHERE `id` = 2 LIMIT 1   [ RunTime:0.0004s ]
NOTIC: [2] Declaration of Common\Model\ContactModel::add($data) should be compatible with Think\Model::add($data = '', $options = Array, $replace = false) C:\Users\D.Y\Documents\WebServer\Website\multi_putong\Application\Common\Model\ContactModel.class.php 第 79 行.
NOTIC: [2] Declaration of Common\Model\ContactModel::addAll($data) should be compatible with Think\Model::addAll($dataList, $options = Array, $replace = false) C:\Users\D.Y\Documents\WebServer\Website\multi_putong\Application\Common\Model\ContactModel.class.php 第 79 行.
NOTIC: [2] Declaration of Common\Model\ContactModel::save($data) should be compatible with Think\Model::save($data = '', $options = Array) C:\Users\D.Y\Documents\WebServer\Website\multi_putong\Application\Common\Model\ContactModel.class.php 第 79 行.
SQL: SHOW COLUMNS FROM `multi_contact` [ RunTime:0.0015s ]
SQL: SELECT * FROM `multi_contact` WHERE ( 1=1 AND user_id='2' )  [ RunTime:0.0003s ]
NOTIC: [2] Declaration of Common\Model\AuthGroupAccessModel::add($user_id, $group_id) should be compatible with Think\Model::add($data = '', $options = Array, $replace = false) C:\Users\D.Y\Documents\WebServer\Website\multi_putong\Application\Common\Model\AuthGroupAccessModel.class.php 第 23 行.
SQL: SHOW COLUMNS FROM `multi_auth_group_access` [ RunTime:0.0014s ]
SQL: SELECT * FROM `multi_auth_group_access` WHERE ( 1=1 AND uid='2' ) LIMIT 1   [ RunTime:0.0003s ]
SQL: SHOW COLUMNS FROM `multi_shop` [ RunTime:0.0020s ]
SQL: SELECT * FROM `multi_shop` WHERE ( 1=1 AND user_id='2' )  [ RunTime:0.0011s ]
SQL: SELECT * FROM `multi_config` LIMIT 1   [ RunTime:0.0005s ]
NOTIC: [8] Undefined variable: config C:\Users\D.Y\Documents\WebServer\Website\multi_putong\Application\App\Controller\IndexController.class.php 第 26 行.
SQL: SELECT * FROM `multi_shop` WHERE `id` = 0 LIMIT 1   [ RunTime:0.0005s ]
NOTIC: [2] Declaration of Common\Model\MenuModel::add($data) should be compatible with Think\Model::add($data = '', $options = Array, $replace = false) C:\Users\D.Y\Documents\WebServer\Website\multi_putong\Application\Common\Model\MenuModel.class.php 第 144 行.
NOTIC: [2] Declaration of Common\Model\MenuModel::addAll($data) should be compatible with Think\Model::addAll($dataList, $options = Array, $replace = false) C:\Users\D.Y\Documents\WebServer\Website\multi_putong\Application\Common\Model\MenuModel.class.php 第 144 行.
NOTIC: [2] Declaration of Common\Model\MenuModel::save($data) should be compatible with Think\Model::save($data = '', $options = Array) C:\Users\D.Y\Documents\WebServer\Website\multi_putong\Application\Common\Model\MenuModel.class.php 第 144 行.
SQL: SHOW COLUMNS FROM `multi_menu` [ RunTime:0.0021s ]
SQL: SELECT * FROM `multi_menu` WHERE `shop_id` = 0 ORDER BY rank desc,id desc  [ RunTime:0.0005s ]
NOTIC: [2] Declaration of Common\Model\FileModel::add($data) should be compatible with Think\Model::add($data = '', $options = Array, $replace = false) C:\Users\D.Y\Documents\WebServer\Website\multi_putong\Application\Common\Model\FileModel.class.php 第 137 行.
NOTIC: [2] Declaration of Common\Model\FileModel::addAll($data) should be compatible with Think\Model::addAll($dataList, $options = Array, $replace = false) C:\Users\D.Y\Documents\WebServer\Website\multi_putong\Application\Common\Model\FileModel.class.php 第 137 行.
NOTIC: [2] Declaration of Common\Model\FileModel::save($data) should be compatible with Think\Model::save($data = '', $options = Array) C:\Users\D.Y\Documents\WebServer\Website\multi_putong\Application\Common\Model\FileModel.class.php 第 137 行.
SQL: SHOW COLUMNS FROM `multi_file` [ RunTime:0.0022s ]
SQL: SELECT * FROM `multi_file` WHERE ( 1=1 AND id='59' ) LIMIT 1   [ RunTime:0.0004s ]
SQL: SELECT * FROM `multi_shop` WHERE ( 1=1 AND id='0' ) LIMIT 1   [ RunTime:0.0003s ]
SQL: SELECT * FROM `multi_file` WHERE ( 1=1 AND id='60' ) LIMIT 1   [ RunTime:0.0003s ]
SQL: SELECT * FROM `multi_shop` WHERE ( 1=1 AND id='0' ) LIMIT 1   [ RunTime:0.0003s ]
SQL: SELECT * FROM `multi_file` WHERE ( 1=1 AND id='24' ) LIMIT 1   [ RunTime:0.0003s ]
SQL: SELECT * FROM `multi_shop` WHERE ( 1=1 AND id='0' ) LIMIT 1   [ RunTime:0.0003s ]
SQL: SELECT * FROM `multi_file` WHERE ( 1=1 AND id='24' ) LIMIT 1   [ RunTime:0.0003s ]
SQL: SELECT * FROM `multi_shop` WHERE ( 1=1 AND id='0' ) LIMIT 1   [ RunTime:0.0003s ]
NOTIC: [2] Declaration of Common\Model\ProductModel::add($data) should be compatible with Think\Model::add($data = '', $options = Array, $replace = false) C:\Users\D.Y\Documents\WebServer\Website\multi_putong\Application\Common\Model\ProductModel.class.php 第 243 行.
NOTIC: [2] Declaration of Common\Model\ProductModel::addAll($data) should be compatible with Think\Model::addAll($dataList, $options = Array, $replace = false) C:\Users\D.Y\Documents\WebServer\Website\multi_putong\Application\Common\Model\ProductModel.class.php 第 243 行.
NOTIC: [2] Declaration of Common\Model\ProductModel::save($data) should be compatible with Think\Model::save($data = '', $options = Array) C:\Users\D.Y\Documents\WebServer\Website\multi_putong\Application\Common\Model\ProductModel.class.php 第 243 行.
SQL: SHOW COLUMNS FROM `multi_product` [ RunTime:0.0021s ]
SQL: SELECT * FROM `multi_product` WHERE `status` <> -1 AND `shop_id` = 0 ORDER BY rank desc  [ RunTime:0.0008s ]
SQL: SELECT * FROM `multi_menu` WHERE ( 1=1 AND id='5' ) LIMIT 1   [ RunTime:0.0005s ]
SQL: SELECT * FROM `multi_file` WHERE ( 1=1 AND id='11' ) LIMIT 1   [ RunTime:0.0005s ]
NOTIC: [2] Declaration of Common\Model\CommentModel::add($data) should be compatible with Think\Model::add($data = '', $options = Array, $replace = false) C:\Users\D.Y\Documents\WebServer\Website\multi_putong\Application\Common\Model\CommentModel.class.php 第 140 行.
NOTIC: [2] Declaration of Common\Model\CommentModel::addAll($data) should be compatible with Think\Model::addAll($dataList, $options = Array, $replace = false) C:\Users\D.Y\Documents\WebServer\Website\multi_putong\Application\Common\Model\CommentModel.class.php 第 140 行.
NOTIC: [2] Declaration of Common\Model\CommentModel::save($data) should be compatible with Think\Model::save($data = '', $options = Array) C:\Users\D.Y\Documents\WebServer\Website\multi_putong\Application\Common\Model\CommentModel.class.php 第 140 行.
SQL: SHOW COLUMNS FROM `multi_comment` [ RunTime:0.0020s ]
SQL: SELECT * FROM `multi_comment` WHERE ( 1=1 AND product_id='3' )  [ RunTime:0.0003s ]
NOTIC: [2] Declaration of Common\Model\ProductSkuModel::add($data) should be compatible with Think\Model::add($data = '', $options = Array, $replace = false) C:\Users\D.Y\Documents\WebServer\Website\multi_putong\Application\Common\Model\ProductSkuModel.class.php 第 69 行.
NOTIC: [2] Declaration of Common\Model\ProductSkuModel::addAll($data) should be compatible with Think\Model::addAll($dataList, $options = Array, $replace = false) C:\Users\D.Y\Documents\WebServer\Website\multi_putong\Application\Common\Model\ProductSkuModel.class.php 第 69 行.
NOTIC: [2] Declaration of Common\Model\ProductSkuModel::save($data) should be compatible with Think\Model::save($data = '', $options = Array) C:\Users\D.Y\Documents\WebServer\Website\multi_putong\Application\Common\Model\ProductSkuModel.class.php 第 69 行.
SQL: SHOW COLUMNS FROM `multi_product_sku` [ RunTime:0.0022s ]
SQL: SELECT * FROM `multi_product_sku` WHERE ( 1=1 AND product_id='3' )  [ RunTime:0.0011s ]
SQL: SELECT * FROM `multi_shop` WHERE ( 1=1 AND id='0' ) LIMIT 1   [ RunTime:0.0004s ]
SQL: SELECT * FROM `multi_menu` WHERE ( 1=1 AND id='1' ) LIMIT 1   [ RunTime:0.0003s ]
SQL: SELECT * FROM `multi_file` WHERE ( 1=1 AND id='17' ) LIMIT 1   [ RunTime:0.0003s ]
SQL: SELECT * FROM `multi_comment` WHERE ( 1=1 AND product_id='4' )  [ RunTime:0.0003s ]
SQL: SELECT * FROM `multi_product_sku` WHERE ( 1=1 AND product_id='4' )  [ RunTime:0.0006s ]
SQL: SELECT * FROM `multi_shop` WHERE ( 1=1 AND id='0' ) LIMIT 1   [ RunTime:0.0003s ]
SQL: SELECT * FROM `multi_menu` WHERE ( 1=1 AND id='1' ) LIMIT 1   [ RunTime:0.0003s ]
SQL: SELECT * FROM `multi_file` WHERE ( 1=1 AND id='16' ) LIMIT 1   [ RunTime:0.0005s ]
SQL: SELECT * FROM `multi_comment` WHERE ( 1=1 AND product_id='5' )  [ RunTime:0.0004s ]
SQL: SELECT * FROM `multi_product_sku` WHERE ( 1=1 AND product_id='5' )  [ RunTime:0.0010s ]
SQL: SELECT * FROM `multi_shop` WHERE ( 1=1 AND id='0' ) LIMIT 1   [ RunTime:0.0004s ]
SQL: SELECT * FROM `multi_menu` WHERE ( 1=1 AND id='1' ) LIMIT 1   [ RunTime:0.0004s ]
SQL: SELECT * FROM `multi_file` WHERE ( 1=1 AND id='15' ) LIMIT 1   [ RunTime:0.0003s ]
SQL: SELECT * FROM `multi_comment` WHERE ( 1=1 AND product_id='6' )  [ RunTime:0.0003s ]
SQL: SELECT * FROM `multi_product_sku` WHERE ( 1=1 AND product_id='6' )  [ RunTime:0.0006s ]
SQL: SELECT * FROM `multi_shop` WHERE ( 1=1 AND id='0' ) LIMIT 1   [ RunTime:0.0004s ]
SQL: SELECT * FROM `multi_menu` WHERE ( 1=1 AND id='1' ) LIMIT 1   [ RunTime:0.0003s ]
SQL: SELECT * FROM `multi_file` WHERE ( 1=1 AND id='14' ) LIMIT 1   [ RunTime:0.0003s ]
SQL: SELECT * FROM `multi_comment` WHERE ( 1=1 AND product_id='7' )  [ RunTime:0.0003s ]
SQL: SELECT * FROM `multi_product_sku` WHERE ( 1=1 AND product_id='7' )  [ RunTime:0.0007s ]
SQL: SELECT * FROM `multi_shop` WHERE ( 1=1 AND id='0' ) LIMIT 1   [ RunTime:0.0003s ]
SQL: SELECT * FROM `multi_menu` WHERE ( 1=1 AND id='1' ) LIMIT 1   [ RunTime:0.0003s ]
SQL: SELECT * FROM `multi_file` WHERE ( 1=1 AND id='13' ) LIMIT 1   [ RunTime:0.0002s ]
SQL: SELECT * FROM `multi_comment` WHERE ( 1=1 AND product_id='8' )  [ RunTime:0.0003s ]
SQL: SELECT * FROM `multi_product_sku` WHERE ( 1=1 AND product_id='8' )  [ RunTime:0.0006s ]
SQL: SELECT * FROM `multi_shop` WHERE ( 1=1 AND id='0' ) LIMIT 1   [ RunTime:0.0003s ]
SQL: SELECT * FROM `multi_menu` WHERE ( 1=1 AND id='1' ) LIMIT 1   [ RunTime:0.0003s ]
SQL: SELECT * FROM `multi_file` WHERE ( 1=1 AND id='12' ) LIMIT 1   [ RunTime:0.0002s ]
SQL: SELECT * FROM `multi_comment` WHERE ( 1=1 AND product_id='9' )  [ RunTime:0.0002s ]
SQL: SELECT * FROM `multi_product_sku` WHERE ( 1=1 AND product_id='9' )  [ RunTime:0.0006s ]
SQL: SELECT * FROM `multi_shop` WHERE ( 1=1 AND id='0' ) LIMIT 1   [ RunTime:0.0003s ]
SQL: SELECT * FROM `multi_menu` WHERE ( 1=1 AND id='2' ) LIMIT 1   [ RunTime:0.0003s ]
SQL: SELECT * FROM `multi_file` WHERE ( 1=1 AND id='24' ) LIMIT 1   [ RunTime:0.0002s ]
SQL: SELECT * FROM `multi_comment` WHERE ( 1=1 AND product_id='10' )  [ RunTime:0.0002s ]
SQL: SELECT * FROM `multi_product_sku` WHERE ( 1=1 AND product_id='10' )  [ RunTime:0.0006s ]
SQL: SELECT * FROM `multi_shop` WHERE ( 1=1 AND id='0' ) LIMIT 1   [ RunTime:0.0003s ]
SQL: SELECT * FROM `multi_menu` WHERE ( 1=1 AND id='2' ) LIMIT 1   [ RunTime:0.0003s ]
SQL: SELECT * FROM `multi_file` WHERE ( 1=1 AND id='18' ) LIMIT 1   [ RunTime:0.0003s ]
SQL: SELECT * FROM `multi_comment` WHERE ( 1=1 AND product_id='11' )  [ RunTime:0.0003s ]
SQL: SELECT * FROM `multi_product_sku` WHERE ( 1=1 AND product_id='11' )  [ RunTime:0.0006s ]
SQL: SELECT * FROM `multi_shop` WHERE ( 1=1 AND id='0' ) LIMIT 1   [ RunTime:0.0003s ]
SQL: SELECT * FROM `multi_menu` WHERE ( 1=1 AND id='2' ) LIMIT 1   [ RunTime:0.0004s ]
SQL: SELECT * FROM `multi_file` WHERE ( 1=1 AND id='26' ) LIMIT 1   [ RunTime:0.0003s ]
SQL: SELECT * FROM `multi_comment` WHERE ( 1=1 AND product_id='12' )  [ RunTime:0.0003s ]
SQL: SELECT * FROM `multi_product_sku` WHERE ( 1=1 AND product_id='12' )  [ RunTime:0.0009s ]
SQL: SELECT * FROM `multi_shop` WHERE ( 1=1 AND id='0' ) LIMIT 1   [ RunTime:0.0004s ]
SQL: SELECT * FROM `multi_menu` WHERE ( 1=1 AND id='2' ) LIMIT 1   [ RunTime:0.0003s ]
SQL: SELECT * FROM `multi_file` WHERE ( 1=1 AND id='25' ) LIMIT 1   [ RunTime:0.0004s ]
SQL: SELECT * FROM `multi_comment` WHERE ( 1=1 AND product_id='13' )  [ RunTime:0.0003s ]
SQL: SELECT * FROM `multi_product_sku` WHERE ( 1=1 AND product_id='13' )  [ RunTime:0.0006s ]
SQL: SELECT * FROM `multi_shop` WHERE ( 1=1 AND id='0' ) LIMIT 1   [ RunTime:0.0003s ]
SQL: SELECT * FROM `multi_menu` WHERE ( 1=1 AND id='2' ) LIMIT 1   [ RunTime:0.0003s ]
SQL: SELECT * FROM `multi_file` WHERE ( 1=1 AND id='23' ) LIMIT 1   [ RunTime:0.0002s ]
SQL: SELECT * FROM `multi_comment` WHERE ( 1=1 AND product_id='14' )  [ RunTime:0.0002s ]
SQL: SELECT * FROM `multi_product_sku` WHERE ( 1=1 AND product_id='14' )  [ RunTime:0.0006s ]
SQL: SELECT * FROM `multi_shop` WHERE ( 1=1 AND id='0' ) LIMIT 1   [ RunTime:0.0003s ]
SQL: SELECT * FROM `multi_menu` WHERE ( 1=1 AND id='5' ) LIMIT 1   [ RunTime:0.0002s ]
SQL: SELECT * FROM `multi_file` WHERE ( 1=1 AND id='22' ) LIMIT 1   [ RunTime:0.0002s ]
SQL: SELECT * FROM `multi_comment` WHERE ( 1=1 AND product_id='15' )  [ RunTime:0.0002s ]
SQL: SELECT * FROM `multi_product_sku` WHERE ( 1=1 AND product_id='15' )  [ RunTime:0.0006s ]
SQL: SELECT * FROM `multi_shop` WHERE ( 1=1 AND id='0' ) LIMIT 1   [ RunTime:0.0003s ]
SQL: SELECT * FROM `multi_menu` WHERE ( 1=1 AND id='2' ) LIMIT 1   [ RunTime:0.0003s ]
SQL: SELECT * FROM `multi_file` WHERE ( 1=1 AND id='20' ) LIMIT 1   [ RunTime:0.0002s ]
SQL: SELECT * FROM `multi_comment` WHERE ( 1=1 AND product_id='16' )  [ RunTime:0.0003s ]
SQL: SELECT * FROM `multi_product_sku` WHERE ( 1=1 AND product_id='16' )  [ RunTime:0.0006s ]
SQL: SELECT * FROM `multi_shop` WHERE ( 1=1 AND id='0' ) LIMIT 1   [ RunTime:0.0003s ]
SQL: SELECT * FROM `multi_menu` WHERE ( 1=1 AND id='2' ) LIMIT 1   [ RunTime:0.0003s ]
SQL: SELECT * FROM `multi_file` WHERE ( 1=1 AND id='19' ) LIMIT 1   [ RunTime:0.0003s ]
SQL: SELECT * FROM `multi_comment` WHERE ( 1=1 AND product_id='17' )  [ RunTime:0.0002s ]
SQL: SELECT * FROM `multi_product_sku` WHERE ( 1=1 AND product_id='17' )  [ RunTime:0.0006s ]
SQL: SELECT * FROM `multi_shop` WHERE ( 1=1 AND id='0' ) LIMIT 1   [ RunTime:0.0003s ]
SQL: SELECT * FROM `multi_menu` WHERE ( 1=1 AND id='5' ) LIMIT 1   [ RunTime:0.0002s ]
SQL: SELECT * FROM `multi_file` WHERE ( 1=1 AND id='21' ) LIMIT 1   [ RunTime:0.0002s ]
SQL: SELECT * FROM `multi_comment` WHERE ( 1=1 AND product_id='18' )  [ RunTime:0.0002s ]
SQL: SELECT * FROM `multi_product_sku` WHERE ( 1=1 AND product_id='18' )  [ RunTime:0.0006s ]
SQL: SELECT * FROM `multi_shop` WHERE ( 1=1 AND id='0' ) LIMIT 1   [ RunTime:0.0003s ]
SQL: SELECT * FROM `multi_menu` WHERE ( 1=1 AND id='5' ) LIMIT 1   [ RunTime:0.0002s ]
SQL: SELECT * FROM `multi_file` WHERE ( 1=1 AND id='27' ) LIMIT 1   [ RunTime:0.0004s ]
SQL: SELECT * FROM `multi_comment` WHERE ( 1=1 AND product_id='19' )  [ RunTime:0.0004s ]
SQL: SELECT * FROM `multi_product_sku` WHERE ( 1=1 AND product_id='19' )  [ RunTime:0.0007s ]
SQL: SELECT * FROM `multi_shop` WHERE ( 1=1 AND id='0' ) LIMIT 1   [ RunTime:0.0004s ]
NOTIC: [2] Declaration of Common\Model\AdsModel::add($data) should be compatible with Think\Model::add($data = '', $options = Array, $replace = false) C:\Users\D.Y\Documents\WebServer\Website\multi_putong\Application\Common\Model\AdsModel.class.php 第 135 行.
NOTIC: [2] Declaration of Common\Model\AdsModel::addAll($data) should be compatible with Think\Model::addAll($dataList, $options = Array, $replace = false) C:\Users\D.Y\Documents\WebServer\Website\multi_putong\Application\Common\Model\AdsModel.class.php 第 135 行.
NOTIC: [2] Declaration of Common\Model\AdsModel::save($data) should be compatible with Think\Model::save($data = '', $options = Array) C:\Users\D.Y\Documents\WebServer\Website\multi_putong\Application\Common\Model\AdsModel.class.php 第 135 行.
SQL: SHOW COLUMNS FROM `multi_ads` [ RunTime:0.0016s ]
SQL: SELECT * FROM `multi_ads` WHERE `shop_id` = 0 ORDER BY id desc  [ RunTime:0.0004s ]
NOTIC: [2] Declaration of Common\Model\WxConfigModel::add($data) should be compatible with Think\Model::add($data = '', $options = Array, $replace = false) C:\Users\D.Y\Documents\WebServer\Website\multi_putong\Application\Common\Model\WxConfigModel.class.php 第 62 行.
NOTIC: [2] Declaration of Common\Model\WxConfigModel::addAll($data) should be compatible with Think\Model::addAll($dataList, $options = Array, $replace = false) C:\Users\D.Y\Documents\WebServer\Website\multi_putong\Application\Common\Model\WxConfigModel.class.php 第 62 行.
NOTIC: [2] Declaration of Common\Model\WxConfigModel::save($data) should be compatible with Think\Model::save($data = '', $options = Array) C:\Users\D.Y\Documents\WebServer\Website\multi_putong\Application\Common\Model\WxConfigModel.class.php 第 62 行.
SQL: SHOW COLUMNS FROM `multi_wx_config` [ RunTime:0.0015s ]
SQL: SELECT * FROM `multi_wx_config` LIMIT 1   [ RunTime:0.0003s ]
ERR: Call to undefined function curl_init()

