[ 2016-12-10T10:07:54+08:00 ] ::1 /multi_putong/App/Index/index/shopId/206
INFO: [ app_init ] --START--
INFO: Run Behavior\BuildLiteBehavior [ RunTime:0.000014s ]
INFO: [ app_init ] --END-- [ RunTime:0.000472s ]
INFO: [ app_begin ] --START--
INFO: Run Behavior\ReadHtmlCacheBehavior [ RunTime:0.000737s ]
INFO: [ app_begin ] --END-- [ RunTime:0.000791s ]
NOTIC: [2048] Declaration of Common\Model\ConfigModel::add() should be compatible with Think\Model::add($data = '', $options = Array, $replace = false) F:\xampp\htdocs\multi_putong\Application\Common\Model\ConfigModel.class.php 第 7 行.
NOTIC: [2048] Declaration of Common\Model\ConfigModel::addAll() should be compatible with Think\Model::addAll($dataList, $options = Array, $replace = false) F:\xampp\htdocs\multi_putong\Application\Common\Model\ConfigModel.class.php 第 7 行.
NOTIC: [2048] Declaration of Common\Model\ConfigModel::save() should be compatible with Think\Model::save($data = '', $options = Array) F:\xampp\htdocs\multi_putong\Application\Common\Model\ConfigModel.class.php 第 7 行.
SQL: SHOW COLUMNS FROM `multi_config` [ RunTime:0.0478s ]
SQL: SELECT * FROM `multi_config` LIMIT 1   [ RunTime:0.0003s ]
SQL: SELECT * FROM `multi_config` LIMIT 1   [ RunTime:0.0003s ]
NOTIC: [2048] Declaration of Common\Model\UserModel::add() should be compatible with Think\Model::add($data = '', $options = Array, $replace = false) F:\xampp\htdocs\multi_putong\Application\Common\Model\UserModel.class.php 第 7 行.
NOTIC: [2048] Declaration of Common\Model\UserModel::addAll() should be compatible with Think\Model::addAll($dataList, $options = Array, $replace = false) F:\xampp\htdocs\multi_putong\Application\Common\Model\UserModel.class.php 第 7 行.
NOTIC: [2048] Declaration of Common\Model\UserModel::save() should be compatible with Think\Model::save($data = '', $options = Array) F:\xampp\htdocs\multi_putong\Application\Common\Model\UserModel.class.php 第 7 行.
SQL: SHOW COLUMNS FROM `multi_user` [ RunTime:0.0038s ]
SQL: SELECT * FROM `multi_user` WHERE `id` = 2 LIMIT 1   [ RunTime:0.0004s ]
NOTIC: [2048] Declaration of Common\Model\ContactModel::add() should be compatible with Think\Model::add($data = '', $options = Array, $replace = false) F:\xampp\htdocs\multi_putong\Application\Common\Model\ContactModel.class.php 第 79 行.
NOTIC: [2048] Declaration of Common\Model\ContactModel::addAll() should be compatible with Think\Model::addAll($dataList, $options = Array, $replace = false) F:\xampp\htdocs\multi_putong\Application\Common\Model\ContactModel.class.php 第 79 行.
NOTIC: [2048] Declaration of Common\Model\ContactModel::save() should be compatible with Think\Model::save($data = '', $options = Array) F:\xampp\htdocs\multi_putong\Application\Common\Model\ContactModel.class.php 第 79 行.
SQL: SHOW COLUMNS FROM `multi_contact` [ RunTime:0.0035s ]
SQL: SELECT * FROM `multi_contact` WHERE ( 1=1 AND user_id='2' )  [ RunTime:0.0004s ]
NOTIC: [2048] Declaration of Common\Model\AuthGroupAccessModel::add() should be compatible with Think\Model::add($data = '', $options = Array, $replace = false) F:\xampp\htdocs\multi_putong\Application\Common\Model\AuthGroupAccessModel.class.php 第 23 行.
SQL: SHOW COLUMNS FROM `multi_auth_group_access` [ RunTime:0.0032s ]
SQL: SELECT * FROM `multi_auth_group_access` WHERE ( 1=1 AND uid='2' ) LIMIT 1   [ RunTime:0.0003s ]
SQL: SHOW COLUMNS FROM `multi_shop` [ RunTime:0.0036s ]
SQL: SELECT * FROM `multi_shop` WHERE ( 1=1 AND user_id='2' )  [ RunTime:0.0004s ]
SQL: SELECT * FROM `multi_config` LIMIT 1   [ RunTime:0.0003s ]
NOTIC: [8] Undefined variable: config F:\xampp\htdocs\multi_putong\Application\App\Controller\IndexController.class.php 第 26 行.
SQL: SELECT * FROM `multi_shop` WHERE `id` = 0 LIMIT 1   [ RunTime:0.0003s ]
NOTIC: [2048] Declaration of Common\Model\MenuModel::add() should be compatible with Think\Model::add($data = '', $options = Array, $replace = false) F:\xampp\htdocs\multi_putong\Application\Common\Model\MenuModel.class.php 第 144 行.
NOTIC: [2048] Declaration of Common\Model\MenuModel::addAll() should be compatible with Think\Model::addAll($dataList, $options = Array, $replace = false) F:\xampp\htdocs\multi_putong\Application\Common\Model\MenuModel.class.php 第 144 行.
NOTIC: [2048] Declaration of Common\Model\MenuModel::save() should be compatible with Think\Model::save($data = '', $options = Array) F:\xampp\htdocs\multi_putong\Application\Common\Model\MenuModel.class.php 第 144 行.
SQL: SHOW COLUMNS FROM `multi_menu` [ RunTime:0.0038s ]
SQL: SELECT * FROM `multi_menu` WHERE `shop_id` = 0 ORDER BY rank desc,id desc  [ RunTime:0.0003s ]
NOTIC: [2048] Declaration of Common\Model\ProductModel::add() should be compatible with Think\Model::add($data = '', $options = Array, $replace = false) F:\xampp\htdocs\multi_putong\Application\Common\Model\ProductModel.class.php 第 243 行.
NOTIC: [2048] Declaration of Common\Model\ProductModel::addAll() should be compatible with Think\Model::addAll($dataList, $options = Array, $replace = false) F:\xampp\htdocs\multi_putong\Application\Common\Model\ProductModel.class.php 第 243 行.
NOTIC: [2048] Declaration of Common\Model\ProductModel::save() should be compatible with Think\Model::save($data = '', $options = Array) F:\xampp\htdocs\multi_putong\Application\Common\Model\ProductModel.class.php 第 243 行.
SQL: SHOW COLUMNS FROM `multi_product` [ RunTime:0.0036s ]
SQL: SELECT * FROM `multi_product` WHERE `status` <> -1 AND `shop_id` = 0 ORDER BY rank desc  [ RunTime:0.0005s ]
SQL: SELECT * FROM `multi_menu` WHERE ( 1=1 AND id='5' ) LIMIT 1   [ RunTime:0.0003s ]
NOTIC: [2048] Declaration of Common\Model\FileModel::add() should be compatible with Think\Model::add($data = '', $options = Array, $replace = false) F:\xampp\htdocs\multi_putong\Application\Common\Model\FileModel.class.php 第 137 行.
NOTIC: [2048] Declaration of Common\Model\FileModel::addAll() should be compatible with Think\Model::addAll($dataList, $options = Array, $replace = false) F:\xampp\htdocs\multi_putong\Application\Common\Model\FileModel.class.php 第 137 行.
NOTIC: [2048] Declaration of Common\Model\FileModel::save() should be compatible with Think\Model::save($data = '', $options = Array) F:\xampp\htdocs\multi_putong\Application\Common\Model\FileModel.class.php 第 137 行.
SQL: SHOW COLUMNS FROM `multi_file` [ RunTime:0.0033s ]
SQL: SELECT * FROM `multi_file` WHERE ( 1=1 AND id='11' ) LIMIT 1   [ RunTime:0.0005s ]
NOTIC: [2048] Declaration of Common\Model\CommentModel::add() should be compatible with Think\Model::add($data = '', $options = Array, $replace = false) F:\xampp\htdocs\multi_putong\Application\Common\Model\CommentModel.class.php 第 140 行.
NOTIC: [2048] Declaration of Common\Model\CommentModel::addAll() should be compatible with Think\Model::addAll($dataList, $options = Array, $replace = false) F:\xampp\htdocs\multi_putong\Application\Common\Model\CommentModel.class.php 第 140 行.
NOTIC: [2048] Declaration of Common\Model\CommentModel::save() should be compatible with Think\Model::save($data = '', $options = Array) F:\xampp\htdocs\multi_putong\Application\Common\Model\CommentModel.class.php 第 140 行.
SQL: SHOW COLUMNS FROM `multi_comment` [ RunTime:0.0052s ]
SQL: SELECT * FROM `multi_comment` WHERE ( 1=1 AND product_id='3' )  [ RunTime:0.0004s ]
NOTIC: [2048] Declaration of Common\Model\ProductSkuModel::add() should be compatible with Think\Model::add($data = '', $options = Array, $replace = false) F:\xampp\htdocs\multi_putong\Application\Common\Model\ProductSkuModel.class.php 第 69 行.
NOTIC: [2048] Declaration of Common\Model\ProductSkuModel::addAll() should be compatible with Think\Model::addAll($dataList, $options = Array, $replace = false) F:\xampp\htdocs\multi_putong\Application\Common\Model\ProductSkuModel.class.php 第 69 行.
NOTIC: [2048] Declaration of Common\Model\ProductSkuModel::save() should be compatible with Think\Model::save($data = '', $options = Array) F:\xampp\htdocs\multi_putong\Application\Common\Model\ProductSkuModel.class.php 第 69 行.
SQL: SHOW COLUMNS FROM `multi_product_sku` [ RunTime:0.0038s ]
SQL: SELECT * FROM `multi_product_sku` WHERE ( 1=1 AND product_id='3' )  [ RunTime:0.0006s ]
SQL: SELECT * FROM `multi_shop` WHERE ( 1=1 AND id='0' ) LIMIT 1   [ RunTime:0.0003s ]
SQL: SELECT * FROM `multi_menu` WHERE ( 1=1 AND id='1' ) LIMIT 1   [ RunTime:0.0003s ]
SQL: SELECT * FROM `multi_file` WHERE ( 1=1 AND id='17' ) LIMIT 1   [ RunTime:0.0003s ]
SQL: SELECT * FROM `multi_comment` WHERE ( 1=1 AND product_id='4' )  [ RunTime:0.0003s ]
SQL: SELECT * FROM `multi_product_sku` WHERE ( 1=1 AND product_id='4' )  [ RunTime:0.0006s ]
SQL: SELECT * FROM `multi_shop` WHERE ( 1=1 AND id='0' ) LIMIT 1   [ RunTime:0.0003s ]
SQL: SELECT * FROM `multi_menu` WHERE ( 1=1 AND id='1' ) LIMIT 1   [ RunTime:0.0002s ]
SQL: SELECT * FROM `multi_file` WHERE ( 1=1 AND id='16' ) LIMIT 1   [ RunTime:0.0003s ]
SQL: SELECT * FROM `multi_comment` WHERE ( 1=1 AND product_id='5' )  [ RunTime:0.0003s ]
SQL: SELECT * FROM `multi_product_sku` WHERE ( 1=1 AND product_id='5' )  [ RunTime:0.0005s ]
SQL: SELECT * FROM `multi_shop` WHERE ( 1=1 AND id='0' ) LIMIT 1   [ RunTime:0.0003s ]
SQL: SELECT * FROM `multi_menu` WHERE ( 1=1 AND id='1' ) LIMIT 1   [ RunTime:0.0002s ]
SQL: SELECT * FROM `multi_file` WHERE ( 1=1 AND id='15' ) LIMIT 1   [ RunTime:0.0004s ]
SQL: SELECT * FROM `multi_comment` WHERE ( 1=1 AND product_id='6' )  [ RunTime:0.0003s ]
SQL: SELECT * FROM `multi_product_sku` WHERE ( 1=1 AND product_id='6' )  [ RunTime:0.0005s ]
SQL: SELECT * FROM `multi_shop` WHERE ( 1=1 AND id='0' ) LIMIT 1   [ RunTime:0.0003s ]
SQL: SELECT * FROM `multi_menu` WHERE ( 1=1 AND id='1' ) LIMIT 1   [ RunTime:0.0002s ]
SQL: SELECT * FROM `multi_file` WHERE ( 1=1 AND id='14' ) LIMIT 1   [ RunTime:0.0003s ]
SQL: SELECT * FROM `multi_comment` WHERE ( 1=1 AND product_id='7' )  [ RunTime:0.0003s ]
SQL: SELECT * FROM `multi_product_sku` WHERE ( 1=1 AND product_id='7' )  [ RunTime:0.0005s ]
SQL: SELECT * FROM `multi_shop` WHERE ( 1=1 AND id='0' ) LIMIT 1   [ RunTime:0.0003s ]
SQL: SELECT * FROM `multi_menu` WHERE ( 1=1 AND id='1' ) LIMIT 1   [ RunTime:0.0003s ]
SQL: SELECT * FROM `multi_file` WHERE ( 1=1 AND id='13' ) LIMIT 1   [ RunTime:0.0003s ]
SQL: SELECT * FROM `multi_comment` WHERE ( 1=1 AND product_id='8' )  [ RunTime:0.0002s ]
SQL: SELECT * FROM `multi_product_sku` WHERE ( 1=1 AND product_id='8' )  [ RunTime:0.0005s ]
SQL: SELECT * FROM `multi_shop` WHERE ( 1=1 AND id='0' ) LIMIT 1   [ RunTime:0.0003s ]
SQL: SELECT * FROM `multi_menu` WHERE ( 1=1 AND id='1' ) LIMIT 1   [ RunTime:0.0003s ]
SQL: SELECT * FROM `multi_file` WHERE ( 1=1 AND id='12' ) LIMIT 1   [ RunTime:0.0003s ]
SQL: SELECT * FROM `multi_comment` WHERE ( 1=1 AND product_id='9' )  [ RunTime:0.0002s ]
SQL: SELECT * FROM `multi_product_sku` WHERE ( 1=1 AND product_id='9' )  [ RunTime:0.0005s ]
SQL: SELECT * FROM `multi_shop` WHERE ( 1=1 AND id='0' ) LIMIT 1   [ RunTime:0.0004s ]
SQL: SELECT * FROM `multi_menu` WHERE ( 1=1 AND id='2' ) LIMIT 1   [ RunTime:0.0002s ]
SQL: SELECT * FROM `multi_file` WHERE ( 1=1 AND id='24' ) LIMIT 1   [ RunTime:0.0003s ]
SQL: SELECT * FROM `multi_comment` WHERE ( 1=1 AND product_id='10' )  [ RunTime:0.0003s ]
SQL: SELECT * FROM `multi_product_sku` WHERE ( 1=1 AND product_id='10' )  [ RunTime:0.0005s ]
SQL: SELECT * FROM `multi_shop` WHERE ( 1=1 AND id='0' ) LIMIT 1   [ RunTime:0.0003s ]
SQL: SELECT * FROM `multi_menu` WHERE ( 1=1 AND id='2' ) LIMIT 1   [ RunTime:0.0002s ]
SQL: SELECT * FROM `multi_file` WHERE ( 1=1 AND id='18' ) LIMIT 1   [ RunTime:0.0003s ]
SQL: SELECT * FROM `multi_comment` WHERE ( 1=1 AND product_id='11' )  [ RunTime:0.0003s ]
SQL: SELECT * FROM `multi_product_sku` WHERE ( 1=1 AND product_id='11' )  [ RunTime:0.0005s ]
SQL: SELECT * FROM `multi_shop` WHERE ( 1=1 AND id='0' ) LIMIT 1   [ RunTime:0.0003s ]
SQL: SELECT * FROM `multi_menu` WHERE ( 1=1 AND id='2' ) LIMIT 1   [ RunTime:0.0003s ]
SQL: SELECT * FROM `multi_file` WHERE ( 1=1 AND id='26' ) LIMIT 1   [ RunTime:0.0003s ]
SQL: SELECT * FROM `multi_comment` WHERE ( 1=1 AND product_id='12' )  [ RunTime:0.0003s ]
SQL: SELECT * FROM `multi_product_sku` WHERE ( 1=1 AND product_id='12' )  [ RunTime:0.0004s ]
SQL: SELECT * FROM `multi_shop` WHERE ( 1=1 AND id='0' ) LIMIT 1   [ RunTime:0.0004s ]
SQL: SELECT * FROM `multi_menu` WHERE ( 1=1 AND id='2' ) LIMIT 1   [ RunTime:0.0003s ]
SQL: SELECT * FROM `multi_file` WHERE ( 1=1 AND id='25' ) LIMIT 1   [ RunTime:0.0003s ]
SQL: SELECT * FROM `multi_comment` WHERE ( 1=1 AND product_id='13' )  [ RunTime:0.0003s ]
SQL: SELECT * FROM `multi_product_sku` WHERE ( 1=1 AND product_id='13' )  [ RunTime:0.0005s ]
SQL: SELECT * FROM `multi_shop` WHERE ( 1=1 AND id='0' ) LIMIT 1   [ RunTime:0.0003s ]
SQL: SELECT * FROM `multi_menu` WHERE ( 1=1 AND id='2' ) LIMIT 1   [ RunTime:0.0002s ]
SQL: SELECT * FROM `multi_file` WHERE ( 1=1 AND id='23' ) LIMIT 1   [ RunTime:0.0003s ]
SQL: SELECT * FROM `multi_comment` WHERE ( 1=1 AND product_id='14' )  [ RunTime:0.0002s ]
SQL: SELECT * FROM `multi_product_sku` WHERE ( 1=1 AND product_id='14' )  [ RunTime:0.0005s ]
SQL: SELECT * FROM `multi_shop` WHERE ( 1=1 AND id='0' ) LIMIT 1   [ RunTime:0.0003s ]
SQL: SELECT * FROM `multi_menu` WHERE ( 1=1 AND id='5' ) LIMIT 1   [ RunTime:0.0002s ]
SQL: SELECT * FROM `multi_file` WHERE ( 1=1 AND id='22' ) LIMIT 1   [ RunTime:0.0002s ]
SQL: SELECT * FROM `multi_comment` WHERE ( 1=1 AND product_id='15' )  [ RunTime:0.0002s ]
SQL: SELECT * FROM `multi_product_sku` WHERE ( 1=1 AND product_id='15' )  [ RunTime:0.0004s ]
SQL: SELECT * FROM `multi_shop` WHERE ( 1=1 AND id='0' ) LIMIT 1   [ RunTime:0.0003s ]
SQL: SELECT * FROM `multi_menu` WHERE ( 1=1 AND id='2' ) LIMIT 1   [ RunTime:0.0002s ]
SQL: SELECT * FROM `multi_file` WHERE ( 1=1 AND id='20' ) LIMIT 1   [ RunTime:0.0003s ]
SQL: SELECT * FROM `multi_comment` WHERE ( 1=1 AND product_id='16' )  [ RunTime:0.0002s ]
SQL: SELECT * FROM `multi_product_sku` WHERE ( 1=1 AND product_id='16' )  [ RunTime:0.0005s ]
SQL: SELECT * FROM `multi_shop` WHERE ( 1=1 AND id='0' ) LIMIT 1   [ RunTime:0.0003s ]
SQL: SELECT * FROM `multi_menu` WHERE ( 1=1 AND id='2' ) LIMIT 1   [ RunTime:0.0002s ]
SQL: SELECT * FROM `multi_file` WHERE ( 1=1 AND id='19' ) LIMIT 1   [ RunTime:0.0002s ]
SQL: SELECT * FROM `multi_comment` WHERE ( 1=1 AND product_id='17' )  [ RunTime:0.0002s ]
SQL: SELECT * FROM `multi_product_sku` WHERE ( 1=1 AND product_id='17' )  [ RunTime:0.0004s ]
SQL: SELECT * FROM `multi_shop` WHERE ( 1=1 AND id='0' ) LIMIT 1   [ RunTime:0.0003s ]
SQL: SELECT * FROM `multi_menu` WHERE ( 1=1 AND id='5' ) LIMIT 1   [ RunTime:0.0002s ]
SQL: SELECT * FROM `multi_file` WHERE ( 1=1 AND id='21' ) LIMIT 1   [ RunTime:0.0002s ]
SQL: SELECT * FROM `multi_comment` WHERE ( 1=1 AND product_id='18' )  [ RunTime:0.0002s ]
SQL: SELECT * FROM `multi_product_sku` WHERE ( 1=1 AND product_id='18' )  [ RunTime:0.0004s ]
SQL: SELECT * FROM `multi_shop` WHERE ( 1=1 AND id='0' ) LIMIT 1   [ RunTime:0.0003s ]
SQL: SELECT * FROM `multi_menu` WHERE ( 1=1 AND id='5' ) LIMIT 1   [ RunTime:0.0002s ]
SQL: SELECT * FROM `multi_file` WHERE ( 1=1 AND id='27' ) LIMIT 1   [ RunTime:0.0002s ]
SQL: SELECT * FROM `multi_comment` WHERE ( 1=1 AND product_id='19' )  [ RunTime:0.0002s ]
SQL: SELECT * FROM `multi_product_sku` WHERE ( 1=1 AND product_id='19' )  [ RunTime:0.0004s ]
SQL: SELECT * FROM `multi_shop` WHERE ( 1=1 AND id='0' ) LIMIT 1   [ RunTime:0.0003s ]
NOTIC: [2048] Declaration of Common\Model\AdsModel::add() should be compatible with Think\Model::add($data = '', $options = Array, $replace = false) F:\xampp\htdocs\multi_putong\Application\Common\Model\AdsModel.class.php 第 135 行.
NOTIC: [2048] Declaration of Common\Model\AdsModel::addAll() should be compatible with Think\Model::addAll($dataList, $options = Array, $replace = false) F:\xampp\htdocs\multi_putong\Application\Common\Model\AdsModel.class.php 第 135 行.
NOTIC: [2048] Declaration of Common\Model\AdsModel::save() should be compatible with Think\Model::save($data = '', $options = Array) F:\xampp\htdocs\multi_putong\Application\Common\Model\AdsModel.class.php 第 135 行.
SQL: SHOW COLUMNS FROM `multi_ads` [ RunTime:0.0035s ]
SQL: SELECT * FROM `multi_ads` WHERE `shop_id` = 0 ORDER BY id desc  [ RunTime:0.0003s ]
SQL: SELECT * FROM `multi_file` WHERE ( 1=1 AND id='61' ) LIMIT 1   [ RunTime:0.0002s ]
SQL: SELECT * FROM `multi_shop` WHERE ( 1=1 AND id='0' ) LIMIT 1   [ RunTime:0.0003s ]
SQL: SELECT * FROM `multi_file` WHERE ( 1=1 AND id='0' ) LIMIT 1   [ RunTime:0.0002s ]
SQL: SELECT * FROM `multi_shop` WHERE ( 1=1 AND id='0' ) LIMIT 1   [ RunTime:0.0003s ]
SQL: SELECT * FROM `multi_file` WHERE ( 1=1 AND id='59' ) LIMIT 1   [ RunTime:0.0002s ]
SQL: SELECT * FROM `multi_shop` WHERE ( 1=1 AND id='0' ) LIMIT 1   [ RunTime:0.0003s ]
NOTIC: [2048] Declaration of Common\Model\WxConfigModel::add() should be compatible with Think\Model::add($data = '', $options = Array, $replace = false) F:\xampp\htdocs\multi_putong\Application\Common\Model\WxConfigModel.class.php 第 62 行.
NOTIC: [2048] Declaration of Common\Model\WxConfigModel::addAll() should be compatible with Think\Model::addAll($dataList, $options = Array, $replace = false) F:\xampp\htdocs\multi_putong\Application\Common\Model\WxConfigModel.class.php 第 62 行.
NOTIC: [2048] Declaration of Common\Model\WxConfigModel::save() should be compatible with Think\Model::save($data = '', $options = Array) F:\xampp\htdocs\multi_putong\Application\Common\Model\WxConfigModel.class.php 第 62 行.
SQL: SHOW COLUMNS FROM `multi_wx_config` [ RunTime:0.0033s ]
SQL: SELECT * FROM `multi_wx_config` LIMIT 1   [ RunTime:0.0003s ]
INFO: [ view_parse ] --START--
NOTIC: [8] Undefined offset: 1 F:\xampp\htdocs\multi_putong\ThinkPHP\Library\Think\Template.class.php 第 527 行.
NOTIC: [8] Undefined offset: 1 F:\xampp\htdocs\multi_putong\ThinkPHP\Library\Think\Template.class.php 第 527 行.
NOTIC: [8] Undefined offset: 1 F:\xampp\htdocs\multi_putong\ThinkPHP\Library\Think\Template.class.php 第 527 行.
NOTIC: [8] Undefined offset: 1 F:\xampp\htdocs\multi_putong\ThinkPHP\Library\Think\Template.class.php 第 527 行.
NOTIC: [8] Undefined offset: 1 F:\xampp\htdocs\multi_putong\ThinkPHP\Library\Think\Template.class.php 第 527 行.
NOTIC: [8] Undefined offset: 1 F:\xampp\htdocs\multi_putong\ThinkPHP\Library\Think\Template.class.php 第 527 行.
INFO: [ template_filter ] --START--
INFO: Run Behavior\ContentReplaceBehavior [ RunTime:0.000074s ]
INFO: [ template_filter ] --END-- [ RunTime:0.000114s ]
INFO: Run Behavior\ParseTemplateBehavior [ RunTime:0.007102s ]
INFO: [ view_parse ] --END-- [ RunTime:0.007171s ]
INFO: [ view_filter ] --START--
INFO: Run Behavior\WriteHtmlCacheBehavior [ RunTime:0.000578s ]
INFO: [ view_filter ] --END-- [ RunTime:0.000626s ]
INFO: [ app_end ] --START--
INFO: Run Behavior\ShowPageTraceBehavior [ RunTime:0.001025s ]
INFO: [ app_end ] --END-- [ RunTime:0.001090s ]

[ 2016-12-10T10:08:02+08:00 ] ::1 /multi_putong/App/User/getContactList?getProvince=true
INFO: [ app_init ] --START--
INFO: Run Behavior\BuildLiteBehavior [ RunTime:0.000014s ]
INFO: [ app_init ] --END-- [ RunTime:0.000467s ]
INFO: [ app_begin ] --START--
INFO: Run Behavior\ReadHtmlCacheBehavior [ RunTime:0.000743s ]
INFO: [ app_begin ] --END-- [ RunTime:0.000812s ]
NOTIC: [2048] Declaration of Common\Model\ConfigModel::add() should be compatible with Think\Model::add($data = '', $options = Array, $replace = false) F:\xampp\htdocs\multi_putong\Application\Common\Model\ConfigModel.class.php 第 7 行.
NOTIC: [2048] Declaration of Common\Model\ConfigModel::addAll() should be compatible with Think\Model::addAll($dataList, $options = Array, $replace = false) F:\xampp\htdocs\multi_putong\Application\Common\Model\ConfigModel.class.php 第 7 行.
NOTIC: [2048] Declaration of Common\Model\ConfigModel::save() should be compatible with Think\Model::save($data = '', $options = Array) F:\xampp\htdocs\multi_putong\Application\Common\Model\ConfigModel.class.php 第 7 行.
SQL: SHOW COLUMNS FROM `multi_config` [ RunTime:0.0449s ]
SQL: SELECT * FROM `multi_config` LIMIT 1   [ RunTime:0.0003s ]
NOTIC: [2048] Declaration of Common\Model\ContactModel::add() should be compatible with Think\Model::add($data = '', $options = Array, $replace = false) F:\xampp\htdocs\multi_putong\Application\Common\Model\ContactModel.class.php 第 8 行.
NOTIC: [2048] Declaration of Common\Model\ContactModel::addAll() should be compatible with Think\Model::addAll($dataList, $options = Array, $replace = false) F:\xampp\htdocs\multi_putong\Application\Common\Model\ContactModel.class.php 第 8 行.
NOTIC: [2048] Declaration of Common\Model\ContactModel::save() should be compatible with Think\Model::save($data = '', $options = Array) F:\xampp\htdocs\multi_putong\Application\Common\Model\ContactModel.class.php 第 8 行.
SQL: SHOW COLUMNS FROM `multi_contact` [ RunTime:0.0036s ]
SQL: SELECT * FROM `multi_contact` WHERE `user_id` = 2 ORDER BY id desc  [ RunTime:0.0003s ]
NOTIC: [2048] Declaration of Common\Model\LocProvinceModel::add() should be compatible with Think\Model::add($data = '', $options = Array, $replace = false) F:\xampp\htdocs\multi_putong\Application\Common\Model\LocProvinceModel.class.php 第 113 行.
NOTIC: [2048] Declaration of Common\Model\LocProvinceModel::addAll() should be compatible with Think\Model::addAll($dataList, $options = Array, $replace = false) F:\xampp\htdocs\multi_putong\Application\Common\Model\LocProvinceModel.class.php 第 113 行.
NOTIC: [2048] Declaration of Common\Model\LocProvinceModel::save() should be compatible with Think\Model::save($data = '', $options = Array) F:\xampp\htdocs\multi_putong\Application\Common\Model\LocProvinceModel.class.php 第 113 行.
SQL: SHOW COLUMNS FROM `multi_loc_province` [ RunTime:0.0039s ]
SQL: SELECT * FROM `multi_loc_province` ORDER BY id desc  [ RunTime:0.0003s ]
NOTIC: [2048] Declaration of Common\Model\LocCityModel::add() should be compatible with Think\Model::add($data = '', $options = Array, $replace = false) F:\xampp\htdocs\multi_putong\Application\Common\Model\LocCityModel.class.php 第 112 行.
NOTIC: [2048] Declaration of Common\Model\LocCityModel::addAll() should be compatible with Think\Model::addAll($dataList, $options = Array, $replace = false) F:\xampp\htdocs\multi_putong\Application\Common\Model\LocCityModel.class.php 第 112 行.
NOTIC: [2048] Declaration of Common\Model\LocCityModel::save() should be compatible with Think\Model::save($data = '', $options = Array) F:\xampp\htdocs\multi_putong\Application\Common\Model\LocCityModel.class.php 第 112 行.
SQL: SHOW COLUMNS FROM `multi_loc_city` [ RunTime:0.0038s ]
SQL: SELECT * FROM `multi_loc_city` WHERE ( 1=1 AND province_id='20' )  [ RunTime:0.0003s ]
SQL: SELECT * FROM `multi_loc_city` WHERE ( 1=1 AND province_id='19' )  [ RunTime:0.0003s ]
SQL: SELECT * FROM `multi_loc_city` WHERE ( 1=1 AND province_id='18' )  [ RunTime:0.0002s ]

[ 2016-12-10T10:08:22+08:00 ] ::1 /multi_putong/App/Index/index/shopId/205
INFO: [ app_init ] --START--
INFO: Run Behavior\BuildLiteBehavior [ RunTime:0.000034s ]
INFO: [ app_init ] --END-- [ RunTime:0.001089s ]
INFO: [ app_begin ] --START--
INFO: Run Behavior\ReadHtmlCacheBehavior [ RunTime:0.001987s ]
INFO: [ app_begin ] --END-- [ RunTime:0.002102s ]
NOTIC: [2048] Declaration of Common\Model\ConfigModel::add() should be compatible with Think\Model::add($data = '', $options = Array, $replace = false) F:\xampp\htdocs\multi_putong\Application\Common\Model\ConfigModel.class.php 第 7 行.
NOTIC: [2048] Declaration of Common\Model\ConfigModel::addAll() should be compatible with Think\Model::addAll($dataList, $options = Array, $replace = false) F:\xampp\htdocs\multi_putong\Application\Common\Model\ConfigModel.class.php 第 7 行.
NOTIC: [2048] Declaration of Common\Model\ConfigModel::save() should be compatible with Think\Model::save($data = '', $options = Array) F:\xampp\htdocs\multi_putong\Application\Common\Model\ConfigModel.class.php 第 7 行.
SQL: SHOW COLUMNS FROM `multi_config` [ RunTime:0.0057s ]
SQL: SELECT * FROM `multi_config` LIMIT 1   [ RunTime:0.0004s ]
SQL: SELECT * FROM `multi_config` LIMIT 1   [ RunTime:0.0007s ]
NOTIC: [2048] Declaration of Common\Model\UserModel::add() should be compatible with Think\Model::add($data = '', $options = Array, $replace = false) F:\xampp\htdocs\multi_putong\Application\Common\Model\UserModel.class.php 第 7 行.
NOTIC: [2048] Declaration of Common\Model\UserModel::addAll() should be compatible with Think\Model::addAll($dataList, $options = Array, $replace = false) F:\xampp\htdocs\multi_putong\Application\Common\Model\UserModel.class.php 第 7 行.
NOTIC: [2048] Declaration of Common\Model\UserModel::save() should be compatible with Think\Model::save($data = '', $options = Array) F:\xampp\htdocs\multi_putong\Application\Common\Model\UserModel.class.php 第 7 行.
SQL: SHOW COLUMNS FROM `multi_user` [ RunTime:0.0049s ]
SQL: SELECT * FROM `multi_user` WHERE `id` = 2 LIMIT 1   [ RunTime:0.0005s ]
NOTIC: [2048] Declaration of Common\Model\ContactModel::add() should be compatible with Think\Model::add($data = '', $options = Array, $replace = false) F:\xampp\htdocs\multi_putong\Application\Common\Model\ContactModel.class.php 第 79 行.
NOTIC: [2048] Declaration of Common\Model\ContactModel::addAll() should be compatible with Think\Model::addAll($dataList, $options = Array, $replace = false) F:\xampp\htdocs\multi_putong\Application\Common\Model\ContactModel.class.php 第 79 行.
NOTIC: [2048] Declaration of Common\Model\ContactModel::save() should be compatible with Think\Model::save($data = '', $options = Array) F:\xampp\htdocs\multi_putong\Application\Common\Model\ContactModel.class.php 第 79 行.
SQL: SHOW COLUMNS FROM `multi_contact` [ RunTime:0.0039s ]
SQL: SELECT * FROM `multi_contact` WHERE ( 1=1 AND user_id='2' )  [ RunTime:0.0004s ]
NOTIC: [2048] Declaration of Common\Model\AuthGroupAccessModel::add() should be compatible with Think\Model::add($data = '', $options = Array, $replace = false) F:\xampp\htdocs\multi_putong\Application\Common\Model\AuthGroupAccessModel.class.php 第 23 行.
SQL: SHOW COLUMNS FROM `multi_auth_group_access` [ RunTime:0.0039s ]
SQL: SELECT * FROM `multi_auth_group_access` WHERE ( 1=1 AND uid='2' ) LIMIT 1   [ RunTime:0.0005s ]
SQL: SHOW COLUMNS FROM `multi_shop` [ RunTime:0.0048s ]
SQL: SELECT * FROM `multi_shop` WHERE ( 1=1 AND user_id='2' )  [ RunTime:0.0909s ]
SQL: SELECT * FROM `multi_config` LIMIT 1   [ RunTime:0.0004s ]
NOTIC: [8] Undefined variable: config F:\xampp\htdocs\multi_putong\Application\App\Controller\IndexController.class.php 第 26 行.
SQL: SELECT * FROM `multi_shop` WHERE `id` = 0 LIMIT 1   [ RunTime:0.0004s ]
NOTIC: [2048] Declaration of Common\Model\MenuModel::add() should be compatible with Think\Model::add($data = '', $options = Array, $replace = false) F:\xampp\htdocs\multi_putong\Application\Common\Model\MenuModel.class.php 第 144 行.
NOTIC: [2048] Declaration of Common\Model\MenuModel::addAll() should be compatible with Think\Model::addAll($dataList, $options = Array, $replace = false) F:\xampp\htdocs\multi_putong\Application\Common\Model\MenuModel.class.php 第 144 行.
NOTIC: [2048] Declaration of Common\Model\MenuModel::save() should be compatible with Think\Model::save($data = '', $options = Array) F:\xampp\htdocs\multi_putong\Application\Common\Model\MenuModel.class.php 第 144 行.
SQL: SHOW COLUMNS FROM `multi_menu` [ RunTime:0.0097s ]
SQL: SELECT * FROM `multi_menu` WHERE `shop_id` = 0 ORDER BY rank desc,id desc  [ RunTime:0.0046s ]
NOTIC: [2048] Declaration of Common\Model\ProductModel::add() should be compatible with Think\Model::add($data = '', $options = Array, $replace = false) F:\xampp\htdocs\multi_putong\Application\Common\Model\ProductModel.class.php 第 243 行.
NOTIC: [2048] Declaration of Common\Model\ProductModel::addAll() should be compatible with Think\Model::addAll($dataList, $options = Array, $replace = false) F:\xampp\htdocs\multi_putong\Application\Common\Model\ProductModel.class.php 第 243 行.
NOTIC: [2048] Declaration of Common\Model\ProductModel::save() should be compatible with Think\Model::save($data = '', $options = Array) F:\xampp\htdocs\multi_putong\Application\Common\Model\ProductModel.class.php 第 243 行.
SQL: SHOW COLUMNS FROM `multi_product` [ RunTime:0.1178s ]
SQL: SELECT * FROM `multi_product` WHERE `status` <> -1 AND `shop_id` = 0 ORDER BY rank desc  [ RunTime:0.0016s ]
SQL: SELECT * FROM `multi_menu` WHERE ( 1=1 AND id='5' ) LIMIT 1   [ RunTime:0.0020s ]
NOTIC: [2048] Declaration of Common\Model\FileModel::add() should be compatible with Think\Model::add($data = '', $options = Array, $replace = false) F:\xampp\htdocs\multi_putong\Application\Common\Model\FileModel.class.php 第 137 行.
NOTIC: [2048] Declaration of Common\Model\FileModel::addAll() should be compatible with Think\Model::addAll($dataList, $options = Array, $replace = false) F:\xampp\htdocs\multi_putong\Application\Common\Model\FileModel.class.php 第 137 行.
NOTIC: [2048] Declaration of Common\Model\FileModel::save() should be compatible with Think\Model::save($data = '', $options = Array) F:\xampp\htdocs\multi_putong\Application\Common\Model\FileModel.class.php 第 137 行.
SQL: SHOW COLUMNS FROM `multi_file` [ RunTime:0.0059s ]
SQL: SELECT * FROM `multi_file` WHERE ( 1=1 AND id='11' ) LIMIT 1   [ RunTime:0.0004s ]
NOTIC: [2048] Declaration of Common\Model\CommentModel::add() should be compatible with Think\Model::add($data = '', $options = Array, $replace = false) F:\xampp\htdocs\multi_putong\Application\Common\Model\CommentModel.class.php 第 140 行.
NOTIC: [2048] Declaration of Common\Model\CommentModel::addAll() should be compatible with Think\Model::addAll($dataList, $options = Array, $replace = false) F:\xampp\htdocs\multi_putong\Application\Common\Model\CommentModel.class.php 第 140 行.
NOTIC: [2048] Declaration of Common\Model\CommentModel::save() should be compatible with Think\Model::save($data = '', $options = Array) F:\xampp\htdocs\multi_putong\Application\Common\Model\CommentModel.class.php 第 140 行.
SQL: SHOW COLUMNS FROM `multi_comment` [ RunTime:0.0088s ]
SQL: SELECT * FROM `multi_comment` WHERE ( 1=1 AND product_id='3' )  [ RunTime:0.0012s ]
NOTIC: [2048] Declaration of Common\Model\ProductSkuModel::add() should be compatible with Think\Model::add($data = '', $options = Array, $replace = false) F:\xampp\htdocs\multi_putong\Application\Common\Model\ProductSkuModel.class.php 第 69 行.
NOTIC: [2048] Declaration of Common\Model\ProductSkuModel::addAll() should be compatible with Think\Model::addAll($dataList, $options = Array, $replace = false) F:\xampp\htdocs\multi_putong\Application\Common\Model\ProductSkuModel.class.php 第 69 行.
NOTIC: [2048] Declaration of Common\Model\ProductSkuModel::save() should be compatible with Think\Model::save($data = '', $options = Array) F:\xampp\htdocs\multi_putong\Application\Common\Model\ProductSkuModel.class.php 第 69 行.
SQL: SHOW COLUMNS FROM `multi_product_sku` [ RunTime:0.0050s ]
SQL: SELECT * FROM `multi_product_sku` WHERE ( 1=1 AND product_id='3' )  [ RunTime:0.0009s ]
SQL: SELECT * FROM `multi_shop` WHERE ( 1=1 AND id='0' ) LIMIT 1   [ RunTime:0.0008s ]
SQL: SELECT * FROM `multi_menu` WHERE ( 1=1 AND id='1' ) LIMIT 1   [ RunTime:0.0003s ]
SQL: SELECT * FROM `multi_file` WHERE ( 1=1 AND id='17' ) LIMIT 1   [ RunTime:0.0004s ]
SQL: SELECT * FROM `multi_comment` WHERE ( 1=1 AND product_id='4' )  [ RunTime:0.0003s ]
SQL: SELECT * FROM `multi_product_sku` WHERE ( 1=1 AND product_id='4' )  [ RunTime:0.0007s ]
SQL: SELECT * FROM `multi_shop` WHERE ( 1=1 AND id='0' ) LIMIT 1   [ RunTime:0.0004s ]
SQL: SELECT * FROM `multi_menu` WHERE ( 1=1 AND id='1' ) LIMIT 1   [ RunTime:0.0003s ]
SQL: SELECT * FROM `multi_file` WHERE ( 1=1 AND id='16' ) LIMIT 1   [ RunTime:0.0003s ]
SQL: SELECT * FROM `multi_comment` WHERE ( 1=1 AND product_id='5' )  [ RunTime:0.0003s ]
SQL: SELECT * FROM `multi_product_sku` WHERE ( 1=1 AND product_id='5' )  [ RunTime:0.0007s ]
SQL: SELECT * FROM `multi_shop` WHERE ( 1=1 AND id='0' ) LIMIT 1   [ RunTime:0.0003s ]
SQL: SELECT * FROM `multi_menu` WHERE ( 1=1 AND id='1' ) LIMIT 1   [ RunTime:0.0003s ]
SQL: SELECT * FROM `multi_file` WHERE ( 1=1 AND id='15' ) LIMIT 1   [ RunTime:0.0003s ]
SQL: SELECT * FROM `multi_comment` WHERE ( 1=1 AND product_id='6' )  [ RunTime:0.0003s ]
SQL: SELECT * FROM `multi_product_sku` WHERE ( 1=1 AND product_id='6' )  [ RunTime:0.0007s ]
SQL: SELECT * FROM `multi_shop` WHERE ( 1=1 AND id='0' ) LIMIT 1   [ RunTime:0.0003s ]
SQL: SELECT * FROM `multi_menu` WHERE ( 1=1 AND id='1' ) LIMIT 1   [ RunTime:0.0004s ]
SQL: SELECT * FROM `multi_file` WHERE ( 1=1 AND id='14' ) LIMIT 1   [ RunTime:0.0002s ]
SQL: SELECT * FROM `multi_comment` WHERE ( 1=1 AND product_id='7' )  [ RunTime:0.0003s ]
SQL: SELECT * FROM `multi_product_sku` WHERE ( 1=1 AND product_id='7' )  [ RunTime:0.0006s ]
SQL: SELECT * FROM `multi_shop` WHERE ( 1=1 AND id='0' ) LIMIT 1   [ RunTime:0.0003s ]
SQL: SELECT * FROM `multi_menu` WHERE ( 1=1 AND id='1' ) LIMIT 1   [ RunTime:0.0007s ]
SQL: SELECT * FROM `multi_file` WHERE ( 1=1 AND id='13' ) LIMIT 1   [ RunTime:0.0003s ]
SQL: SELECT * FROM `multi_comment` WHERE ( 1=1 AND product_id='8' )  [ RunTime:0.0006s ]
SQL: SELECT * FROM `multi_product_sku` WHERE ( 1=1 AND product_id='8' )  [ RunTime:0.0007s ]
SQL: SELECT * FROM `multi_shop` WHERE ( 1=1 AND id='0' ) LIMIT 1   [ RunTime:0.0025s ]
SQL: SELECT * FROM `multi_menu` WHERE ( 1=1 AND id='1' ) LIMIT 1   [ RunTime:0.0008s ]
SQL: SELECT * FROM `multi_file` WHERE ( 1=1 AND id='12' ) LIMIT 1   [ RunTime:0.0004s ]
SQL: SELECT * FROM `multi_comment` WHERE ( 1=1 AND product_id='9' )  [ RunTime:0.0003s ]
SQL: SELECT * FROM `multi_product_sku` WHERE ( 1=1 AND product_id='9' )  [ RunTime:0.0007s ]
SQL: SELECT * FROM `multi_shop` WHERE ( 1=1 AND id='0' ) LIMIT 1   [ RunTime:0.0007s ]
SQL: SELECT * FROM `multi_menu` WHERE ( 1=1 AND id='2' ) LIMIT 1   [ RunTime:0.0003s ]
SQL: SELECT * FROM `multi_file` WHERE ( 1=1 AND id='24' ) LIMIT 1   [ RunTime:0.0003s ]
SQL: SELECT * FROM `multi_comment` WHERE ( 1=1 AND product_id='10' )  [ RunTime:0.0003s ]
SQL: SELECT * FROM `multi_product_sku` WHERE ( 1=1 AND product_id='10' )  [ RunTime:0.0007s ]
SQL: SELECT * FROM `multi_shop` WHERE ( 1=1 AND id='0' ) LIMIT 1   [ RunTime:0.0003s ]
SQL: SELECT * FROM `multi_menu` WHERE ( 1=1 AND id='2' ) LIMIT 1   [ RunTime:0.0003s ]
SQL: SELECT * FROM `multi_file` WHERE ( 1=1 AND id='18' ) LIMIT 1   [ RunTime:0.0003s ]
SQL: SELECT * FROM `multi_comment` WHERE ( 1=1 AND product_id='11' )  [ RunTime:0.0003s ]
SQL: SELECT * FROM `multi_product_sku` WHERE ( 1=1 AND product_id='11' )  [ RunTime:0.0006s ]
SQL: SELECT * FROM `multi_shop` WHERE ( 1=1 AND id='0' ) LIMIT 1   [ RunTime:0.0004s ]
SQL: SELECT * FROM `multi_menu` WHERE ( 1=1 AND id='2' ) LIMIT 1   [ RunTime:0.0005s ]
SQL: SELECT * FROM `multi_file` WHERE ( 1=1 AND id='26' ) LIMIT 1   [ RunTime:0.0003s ]
SQL: SELECT * FROM `multi_comment` WHERE ( 1=1 AND product_id='12' )  [ RunTime:0.0004s ]
SQL: SELECT * FROM `multi_product_sku` WHERE ( 1=1 AND product_id='12' )  [ RunTime:0.0007s ]
SQL: SELECT * FROM `multi_shop` WHERE ( 1=1 AND id='0' ) LIMIT 1   [ RunTime:0.0004s ]
SQL: SELECT * FROM `multi_menu` WHERE ( 1=1 AND id='2' ) LIMIT 1   [ RunTime:0.0002s ]
SQL: SELECT * FROM `multi_file` WHERE ( 1=1 AND id='25' ) LIMIT 1   [ RunTime:0.0007s ]
SQL: SELECT * FROM `multi_comment` WHERE ( 1=1 AND product_id='13' )  [ RunTime:0.0007s ]
SQL: SELECT * FROM `multi_product_sku` WHERE ( 1=1 AND product_id='13' )  [ RunTime:0.0041s ]
SQL: SELECT * FROM `multi_shop` WHERE ( 1=1 AND id='0' ) LIMIT 1   [ RunTime:0.0010s ]
SQL: SELECT * FROM `multi_menu` WHERE ( 1=1 AND id='2' ) LIMIT 1   [ RunTime:0.0003s ]
SQL: SELECT * FROM `multi_file` WHERE ( 1=1 AND id='23' ) LIMIT 1   [ RunTime:0.0004s ]
SQL: SELECT * FROM `multi_comment` WHERE ( 1=1 AND product_id='14' )  [ RunTime:0.0003s ]
SQL: SELECT * FROM `multi_product_sku` WHERE ( 1=1 AND product_id='14' )  [ RunTime:0.0008s ]
SQL: SELECT * FROM `multi_shop` WHERE ( 1=1 AND id='0' ) LIMIT 1   [ RunTime:0.0003s ]
SQL: SELECT * FROM `multi_menu` WHERE ( 1=1 AND id='5' ) LIMIT 1   [ RunTime:0.0002s ]
SQL: SELECT * FROM `multi_file` WHERE ( 1=1 AND id='22' ) LIMIT 1   [ RunTime:0.0003s ]
SQL: SELECT * FROM `multi_comment` WHERE ( 1=1 AND product_id='15' )  [ RunTime:0.0003s ]
SQL: SELECT * FROM `multi_product_sku` WHERE ( 1=1 AND product_id='15' )  [ RunTime:0.0014s ]
SQL: SELECT * FROM `multi_shop` WHERE ( 1=1 AND id='0' ) LIMIT 1   [ RunTime:0.0004s ]
SQL: SELECT * FROM `multi_menu` WHERE ( 1=1 AND id='2' ) LIMIT 1   [ RunTime:0.0003s ]
SQL: SELECT * FROM `multi_file` WHERE ( 1=1 AND id='20' ) LIMIT 1   [ RunTime:0.0003s ]
SQL: SELECT * FROM `multi_comment` WHERE ( 1=1 AND product_id='16' )  [ RunTime:0.0004s ]
SQL: SELECT * FROM `multi_product_sku` WHERE ( 1=1 AND product_id='16' )  [ RunTime:0.0009s ]
SQL: SELECT * FROM `multi_shop` WHERE ( 1=1 AND id='0' ) LIMIT 1   [ RunTime:0.0005s ]
SQL: SELECT * FROM `multi_menu` WHERE ( 1=1 AND id='2' ) LIMIT 1   [ RunTime:0.0004s ]
SQL: SELECT * FROM `multi_file` WHERE ( 1=1 AND id='19' ) LIMIT 1   [ RunTime:0.0005s ]
SQL: SELECT * FROM `multi_comment` WHERE ( 1=1 AND product_id='17' )  [ RunTime:0.0003s ]
SQL: SELECT * FROM `multi_product_sku` WHERE ( 1=1 AND product_id='17' )  [ RunTime:0.0007s ]
SQL: SELECT * FROM `multi_shop` WHERE ( 1=1 AND id='0' ) LIMIT 1   [ RunTime:0.0004s ]
SQL: SELECT * FROM `multi_menu` WHERE ( 1=1 AND id='5' ) LIMIT 1   [ RunTime:0.0003s ]
SQL: SELECT * FROM `multi_file` WHERE ( 1=1 AND id='21' ) LIMIT 1   [ RunTime:0.0003s ]
SQL: SELECT * FROM `multi_comment` WHERE ( 1=1 AND product_id='18' )  [ RunTime:0.0003s ]
SQL: SELECT * FROM `multi_product_sku` WHERE ( 1=1 AND product_id='18' )  [ RunTime:0.0007s ]
SQL: SELECT * FROM `multi_shop` WHERE ( 1=1 AND id='0' ) LIMIT 1   [ RunTime:0.0003s ]
SQL: SELECT * FROM `multi_menu` WHERE ( 1=1 AND id='5' ) LIMIT 1   [ RunTime:0.0003s ]
SQL: SELECT * FROM `multi_file` WHERE ( 1=1 AND id='27' ) LIMIT 1   [ RunTime:0.0003s ]
SQL: SELECT * FROM `multi_comment` WHERE ( 1=1 AND product_id='19' )  [ RunTime:0.0003s ]
SQL: SELECT * FROM `multi_product_sku` WHERE ( 1=1 AND product_id='19' )  [ RunTime:0.0007s ]
SQL: SELECT * FROM `multi_shop` WHERE ( 1=1 AND id='0' ) LIMIT 1   [ RunTime:0.0003s ]
NOTIC: [2048] Declaration of Common\Model\AdsModel::add() should be compatible with Think\Model::add($data = '', $options = Array, $replace = false) F:\xampp\htdocs\multi_putong\Application\Common\Model\AdsModel.class.php 第 135 行.
NOTIC: [2048] Declaration of Common\Model\AdsModel::addAll() should be compatible with Think\Model::addAll($dataList, $options = Array, $replace = false) F:\xampp\htdocs\multi_putong\Application\Common\Model\AdsModel.class.php 第 135 行.
NOTIC: [2048] Declaration of Common\Model\AdsModel::save() should be compatible with Think\Model::save($data = '', $options = Array) F:\xampp\htdocs\multi_putong\Application\Common\Model\AdsModel.class.php 第 135 行.
SQL: SHOW COLUMNS FROM `multi_ads` [ RunTime:0.0051s ]
SQL: SELECT * FROM `multi_ads` WHERE `shop_id` = 0 ORDER BY id desc  [ RunTime:0.0004s ]
SQL: SELECT * FROM `multi_file` WHERE ( 1=1 AND id='61' ) LIMIT 1   [ RunTime:0.0003s ]
SQL: SELECT * FROM `multi_shop` WHERE ( 1=1 AND id='0' ) LIMIT 1   [ RunTime:0.0003s ]
SQL: SELECT * FROM `multi_file` WHERE ( 1=1 AND id='0' ) LIMIT 1   [ RunTime:0.0003s ]
SQL: SELECT * FROM `multi_shop` WHERE ( 1=1 AND id='0' ) LIMIT 1   [ RunTime:0.0004s ]
SQL: SELECT * FROM `multi_file` WHERE ( 1=1 AND id='59' ) LIMIT 1   [ RunTime:0.0003s ]
SQL: SELECT * FROM `multi_shop` WHERE ( 1=1 AND id='0' ) LIMIT 1   [ RunTime:0.0004s ]
NOTIC: [2048] Declaration of Common\Model\WxConfigModel::add() should be compatible with Think\Model::add($data = '', $options = Array, $replace = false) F:\xampp\htdocs\multi_putong\Application\Common\Model\WxConfigModel.class.php 第 62 行.
NOTIC: [2048] Declaration of Common\Model\WxConfigModel::addAll() should be compatible with Think\Model::addAll($dataList, $options = Array, $replace = false) F:\xampp\htdocs\multi_putong\Application\Common\Model\WxConfigModel.class.php 第 62 行.
NOTIC: [2048] Declaration of Common\Model\WxConfigModel::save() should be compatible with Think\Model::save($data = '', $options = Array) F:\xampp\htdocs\multi_putong\Application\Common\Model\WxConfigModel.class.php 第 62 行.
SQL: SHOW COLUMNS FROM `multi_wx_config` [ RunTime:0.0061s ]
SQL: SELECT * FROM `multi_wx_config` LIMIT 1   [ RunTime:0.0006s ]
INFO: [ view_parse ] --START--
NOTIC: [8] Undefined offset: 1 F:\xampp\htdocs\multi_putong\ThinkPHP\Library\Think\Template.class.php 第 527 行.
NOTIC: [8] Undefined offset: 1 F:\xampp\htdocs\multi_putong\ThinkPHP\Library\Think\Template.class.php 第 527 行.
NOTIC: [8] Undefined offset: 1 F:\xampp\htdocs\multi_putong\ThinkPHP\Library\Think\Template.class.php 第 527 行.
NOTIC: [8] Undefined offset: 1 F:\xampp\htdocs\multi_putong\ThinkPHP\Library\Think\Template.class.php 第 527 行.
NOTIC: [8] Undefined offset: 1 F:\xampp\htdocs\multi_putong\ThinkPHP\Library\Think\Template.class.php 第 527 行.
NOTIC: [8] Undefined offset: 1 F:\xampp\htdocs\multi_putong\ThinkPHP\Library\Think\Template.class.php 第 527 行.
INFO: [ template_filter ] --START--
INFO: Run Behavior\ContentReplaceBehavior [ RunTime:0.000143s ]
INFO: [ template_filter ] --END-- [ RunTime:0.000225s ]
INFO: Run Behavior\ParseTemplateBehavior [ RunTime:0.011387s ]
INFO: [ view_parse ] --END-- [ RunTime:0.011498s ]
INFO: [ view_filter ] --START--
INFO: Run Behavior\WriteHtmlCacheBehavior [ RunTime:0.000876s ]
INFO: [ view_filter ] --END-- [ RunTime:0.000949s ]
INFO: [ app_end ] --START--
INFO: Run Behavior\ShowPageTraceBehavior [ RunTime:0.001286s ]
INFO: [ app_end ] --END-- [ RunTime:0.001376s ]

[ 2016-12-10T10:08:52+08:00 ] ::1 /multi_putong/App/User/getContactList?getProvince=true
INFO: [ app_init ] --START--
INFO: Run Behavior\BuildLiteBehavior [ RunTime:0.000014s ]
INFO: [ app_init ] --END-- [ RunTime:0.000598s ]
INFO: [ app_begin ] --START--
INFO: Run Behavior\ReadHtmlCacheBehavior [ RunTime:0.000694s ]
INFO: [ app_begin ] --END-- [ RunTime:0.000751s ]
NOTIC: [2048] Declaration of Common\Model\ConfigModel::add() should be compatible with Think\Model::add($data = '', $options = Array, $replace = false) F:\xampp\htdocs\multi_putong\Application\Common\Model\ConfigModel.class.php 第 7 行.
NOTIC: [2048] Declaration of Common\Model\ConfigModel::addAll() should be compatible with Think\Model::addAll($dataList, $options = Array, $replace = false) F:\xampp\htdocs\multi_putong\Application\Common\Model\ConfigModel.class.php 第 7 行.
NOTIC: [2048] Declaration of Common\Model\ConfigModel::save() should be compatible with Think\Model::save($data = '', $options = Array) F:\xampp\htdocs\multi_putong\Application\Common\Model\ConfigModel.class.php 第 7 行.
SQL: SHOW COLUMNS FROM `multi_config` [ RunTime:0.0038s ]
SQL: SELECT * FROM `multi_config` LIMIT 1   [ RunTime:0.0004s ]
NOTIC: [2048] Declaration of Common\Model\ContactModel::add() should be compatible with Think\Model::add($data = '', $options = Array, $replace = false) F:\xampp\htdocs\multi_putong\Application\Common\Model\ContactModel.class.php 第 8 行.
NOTIC: [2048] Declaration of Common\Model\ContactModel::addAll() should be compatible with Think\Model::addAll($dataList, $options = Array, $replace = false) F:\xampp\htdocs\multi_putong\Application\Common\Model\ContactModel.class.php 第 8 行.
NOTIC: [2048] Declaration of Common\Model\ContactModel::save() should be compatible with Think\Model::save($data = '', $options = Array) F:\xampp\htdocs\multi_putong\Application\Common\Model\ContactModel.class.php 第 8 行.
SQL: SHOW COLUMNS FROM `multi_contact` [ RunTime:0.0038s ]
SQL: SELECT * FROM `multi_contact` WHERE `user_id` = 2 ORDER BY id desc  [ RunTime:0.0004s ]
NOTIC: [2048] Declaration of Common\Model\LocProvinceModel::add() should be compatible with Think\Model::add($data = '', $options = Array, $replace = false) F:\xampp\htdocs\multi_putong\Application\Common\Model\LocProvinceModel.class.php 第 113 行.
NOTIC: [2048] Declaration of Common\Model\LocProvinceModel::addAll() should be compatible with Think\Model::addAll($dataList, $options = Array, $replace = false) F:\xampp\htdocs\multi_putong\Application\Common\Model\LocProvinceModel.class.php 第 113 行.
NOTIC: [2048] Declaration of Common\Model\LocProvinceModel::save() should be compatible with Think\Model::save($data = '', $options = Array) F:\xampp\htdocs\multi_putong\Application\Common\Model\LocProvinceModel.class.php 第 113 行.
SQL: SHOW COLUMNS FROM `multi_loc_province` [ RunTime:0.0035s ]
SQL: SELECT * FROM `multi_loc_province` ORDER BY id desc  [ RunTime:0.0003s ]
NOTIC: [2048] Declaration of Common\Model\LocCityModel::add() should be compatible with Think\Model::add($data = '', $options = Array, $replace = false) F:\xampp\htdocs\multi_putong\Application\Common\Model\LocCityModel.class.php 第 112 行.
NOTIC: [2048] Declaration of Common\Model\LocCityModel::addAll() should be compatible with Think\Model::addAll($dataList, $options = Array, $replace = false) F:\xampp\htdocs\multi_putong\Application\Common\Model\LocCityModel.class.php 第 112 行.
NOTIC: [2048] Declaration of Common\Model\LocCityModel::save() should be compatible with Think\Model::save($data = '', $options = Array) F:\xampp\htdocs\multi_putong\Application\Common\Model\LocCityModel.class.php 第 112 行.
SQL: SHOW COLUMNS FROM `multi_loc_city` [ RunTime:0.0036s ]
SQL: SELECT * FROM `multi_loc_city` WHERE ( 1=1 AND province_id='20' )  [ RunTime:0.0003s ]
SQL: SELECT * FROM `multi_loc_city` WHERE ( 1=1 AND province_id='19' )  [ RunTime:0.0002s ]
SQL: SELECT * FROM `multi_loc_city` WHERE ( 1=1 AND province_id='18' )  [ RunTime:0.0002s ]

