[ 2016-03-24T10:15:07+08:00 ] 192.168.1.101 /wemall-multiUser/Home
INFO: [ app_init ] --START--
INFO: Run Behavior\BuildLiteBehavior [ RunTime:0.000026s ]
INFO: [ app_init ] --END-- [ RunTime:0.001239s ]
INFO: [ app_begin ] --START--
INFO: Run Behavior\ReadHtmlCacheBehavior [ RunTime:0.001867s ]
INFO: [ app_begin ] --END-- [ RunTime:0.001935s ]
INFO: [ view_parse ] --START--
INFO: [ template_filter ] --START--
INFO: Run Behavior\ContentReplaceBehavior [ RunTime:0.000051s ]
INFO: [ template_filter ] --END-- [ RunTime:0.000137s ]
INFO: Run Behavior\ParseTemplateBehavior [ RunTime:0.040317s ]
INFO: [ view_parse ] --END-- [ RunTime:0.040387s ]
INFO: [ view_filter ] --START--
INFO: Run Behavior\WriteHtmlCacheBehavior [ RunTime:0.001285s ]
INFO: [ view_filter ] --END-- [ RunTime:0.001330s ]
INFO: [ app_end ] --START--
INFO: Run Behavior\ShowPageTraceBehavior [ RunTime:0.001420s ]
INFO: [ app_end ] --END-- [ RunTime:0.001465s ]

[ 2016-03-24T15:40:00+08:00 ] 192.168.1.101 /wemall-multiUser/Home
INFO: [ app_init ] --START--
INFO: Run Behavior\BuildLiteBehavior [ RunTime:0.000026s ]
INFO: [ app_init ] --END-- [ RunTime:0.001100s ]
INFO: [ app_begin ] --START--
INFO: Run Behavior\ReadHtmlCacheBehavior [ RunTime:0.001833s ]
INFO: [ app_begin ] --END-- [ RunTime:0.001903s ]
INFO: [ view_parse ] --START--
INFO: Run Behavior\ParseTemplateBehavior [ RunTime:0.001321s ]
INFO: [ view_parse ] --END-- [ RunTime:0.001380s ]
INFO: [ view_filter ] --START--
INFO: Run Behavior\WriteHtmlCacheBehavior [ RunTime:0.001647s ]
INFO: [ view_filter ] --END-- [ RunTime:0.001695s ]
INFO: [ app_end ] --START--
INFO: Run Behavior\ShowPageTraceBehavior [ RunTime:0.001880s ]
INFO: [ app_end ] --END-- [ RunTime:0.001929s ]

[ 2016-03-24T15:40:03+08:00 ] 192.168.1.101 /wemall-multiUser/Home
INFO: [ app_init ] --START--
INFO: Run Behavior\BuildLiteBehavior [ RunTime:0.000018s ]
INFO: [ app_init ] --END-- [ RunTime:0.001055s ]
INFO: [ app_begin ] --START--
INFO: Run Behavior\ReadHtmlCacheBehavior [ RunTime:0.001835s ]
INFO: [ app_begin ] --END-- [ RunTime:0.001901s ]
INFO: [ view_parse ] --START--
INFO: Run Behavior\ParseTemplateBehavior [ RunTime:0.001099s ]
INFO: [ view_parse ] --END-- [ RunTime:0.001157s ]
INFO: [ view_filter ] --START--
INFO: Run Behavior\WriteHtmlCacheBehavior [ RunTime:0.001961s ]
INFO: [ view_filter ] --END-- [ RunTime:0.002013s ]
INFO: [ app_end ] --START--
INFO: Run Behavior\ShowPageTraceBehavior [ RunTime:0.001458s ]
INFO: [ app_end ] --END-- [ RunTime:0.001496s ]

[ 2016-03-24T16:53:20+08:00 ] 192.168.1.101 /wemall-multiUser/Home
INFO: [ app_init ] --START--
INFO: Run Behavior\BuildLiteBehavior [ RunTime:0.000028s ]
INFO: [ app_init ] --END-- [ RunTime:0.001074s ]
INFO: [ app_begin ] --START--
INFO: Run Behavior\ReadHtmlCacheBehavior [ RunTime:0.001278s ]
INFO: [ app_begin ] --END-- [ RunTime:0.001347s ]
NOTIC: [2048] Declaration of Home\Controller\BaseController::display() should be compatible with Think\Controller::display($templateFile = '', $charset = '', $contentType = '', $content = '', $prefix = '') F:\ads\htdocs\wemall-multiUser\Application\Home\Controller\BaseController.class.php 第 89 行.

[ 2016-03-24T16:56:35+08:00 ] 192.168.1.101 /wemall-multiUser/Home
INFO: [ app_init ] --START--
INFO: Run Behavior\BuildLiteBehavior [ RunTime:0.000015s ]
INFO: [ app_init ] --END-- [ RunTime:0.000775s ]
INFO: [ app_begin ] --START--
INFO: Run Behavior\ReadHtmlCacheBehavior [ RunTime:0.002165s ]
INFO: [ app_begin ] --END-- [ RunTime:0.002283s ]
NOTIC: [2048] Declaration of Home\Controller\BaseController::display() should be compatible with Think\Controller::display($templateFile = '', $charset = '', $contentType = '', $content = '', $prefix = '') F:\ads\htdocs\wemall-multiUser\Application\Home\Controller\BaseController.class.php 第 89 行.

[ 2016-03-24T16:57:39+08:00 ] 192.168.1.101 /wemall-multiUser/Home
INFO: [ app_init ] --START--
INFO: Run Behavior\BuildLiteBehavior [ RunTime:0.000017s ]
INFO: [ app_init ] --END-- [ RunTime:0.001045s ]
INFO: [ app_begin ] --START--
INFO: Run Behavior\ReadHtmlCacheBehavior [ RunTime:0.002088s ]
INFO: [ app_begin ] --END-- [ RunTime:0.002158s ]
NOTIC: [2048] Declaration of Home\Controller\BaseController::display() should be compatible with Think\Controller::display($templateFile = '', $charset = '', $contentType = '', $content = '', $prefix = '') F:\ads\htdocs\wemall-multiUser\Application\Home\Controller\BaseController.class.php 第 89 行.

[ 2016-03-24T16:57:56+08:00 ] 192.168.1.101 /wemall-multiUser/Home
INFO: [ app_init ] --START--
INFO: Run Behavior\BuildLiteBehavior [ RunTime:0.000016s ]
INFO: [ app_init ] --END-- [ RunTime:0.000908s ]
INFO: [ app_begin ] --START--
INFO: Run Behavior\ReadHtmlCacheBehavior [ RunTime:0.001903s ]
INFO: [ app_begin ] --END-- [ RunTime:0.001982s ]
NOTIC: [2048] Declaration of Home\Controller\BaseController::display() should be compatible with Think\Controller::display($templateFile = '', $charset = '', $contentType = '', $content = '', $prefix = '') F:\ads\htdocs\wemall-multiUser\Application\Home\Controller\BaseController.class.php 第 89 行.

[ 2016-03-24T16:58:03+08:00 ] 192.168.1.101 /wemall-multiUser/Home
INFO: [ app_init ] --START--
INFO: Run Behavior\BuildLiteBehavior [ RunTime:0.000015s ]
INFO: [ app_init ] --END-- [ RunTime:0.000813s ]
INFO: [ app_begin ] --START--
INFO: Run Behavior\ReadHtmlCacheBehavior [ RunTime:0.001212s ]
INFO: [ app_begin ] --END-- [ RunTime:0.001278s ]
NOTIC: [2048] Declaration of Home\Controller\BaseController::display() should be compatible with Think\Controller::display($templateFile = '', $charset = '', $contentType = '', $content = '', $prefix = '') F:\ads\htdocs\wemall-multiUser\Application\Home\Controller\BaseController.class.php 第 89 行.

[ 2016-03-24T16:59:19+08:00 ] 192.168.1.101 /wemall-multiUser/Home/Public/login
INFO: [ app_init ] --START--
INFO: Run Behavior\BuildLiteBehavior [ RunTime:0.000015s ]
INFO: [ app_init ] --END-- [ RunTime:0.000809s ]
INFO: [ app_begin ] --START--
INFO: Run Behavior\ReadHtmlCacheBehavior [ RunTime:0.001089s ]
INFO: [ app_begin ] --END-- [ RunTime:0.001140s ]
INFO: [ view_parse ] --START--
INFO: [ template_filter ] --START--
INFO: Run Behavior\ContentReplaceBehavior [ RunTime:0.000052s ]
INFO: [ template_filter ] --END-- [ RunTime:0.000108s ]
INFO: Run Behavior\ParseTemplateBehavior [ RunTime:0.009988s ]
INFO: [ view_parse ] --END-- [ RunTime:0.010043s ]
INFO: [ view_filter ] --START--
INFO: Run Behavior\WriteHtmlCacheBehavior [ RunTime:0.000949s ]
INFO: [ view_filter ] --END-- [ RunTime:0.000988s ]
INFO: [ app_end ] --START--
INFO: Run Behavior\ShowPageTraceBehavior [ RunTime:0.001091s ]
INFO: [ app_end ] --END-- [ RunTime:0.001139s ]

[ 2016-03-24T16:59:26+08:00 ] 192.168.1.101 /wemall-multiUser/Home/Public/login
INFO: [ app_init ] --START--
INFO: Run Behavior\BuildLiteBehavior [ RunTime:0.000014s ]
INFO: [ app_init ] --END-- [ RunTime:0.000850s ]
INFO: [ app_begin ] --START--
INFO: Run Behavior\ReadHtmlCacheBehavior [ RunTime:0.001375s ]
INFO: [ app_begin ] --END-- [ RunTime:0.001426s ]
INFO: [ view_parse ] --START--
INFO: [ template_filter ] --START--
INFO: Run Behavior\ContentReplaceBehavior [ RunTime:0.000050s ]
INFO: [ template_filter ] --END-- [ RunTime:0.000105s ]
INFO: Run Behavior\ParseTemplateBehavior [ RunTime:0.011218s ]
INFO: [ view_parse ] --END-- [ RunTime:0.011271s ]
INFO: [ view_filter ] --START--
INFO: Run Behavior\WriteHtmlCacheBehavior [ RunTime:0.001256s ]
INFO: [ view_filter ] --END-- [ RunTime:0.001292s ]
INFO: [ app_end ] --START--
INFO: Run Behavior\ShowPageTraceBehavior [ RunTime:0.001650s ]
INFO: [ app_end ] --END-- [ RunTime:0.001694s ]

[ 2016-03-24T16:59:34+08:00 ] 192.168.1.101 /wemall-multiUser/Home/
INFO: [ app_init ] --START--
INFO: Run Behavior\BuildLiteBehavior [ RunTime:0.000013s ]
INFO: [ app_init ] --END-- [ RunTime:0.000687s ]
INFO: [ app_begin ] --START--
INFO: Run Behavior\ReadHtmlCacheBehavior [ RunTime:0.001778s ]
INFO: [ app_begin ] --END-- [ RunTime:0.001840s ]
NOTIC: [2048] Declaration of Home\Controller\BaseController::display() should be compatible with Think\Controller::display($templateFile = '', $charset = '', $contentType = '', $content = '', $prefix = '') F:\ads\htdocs\wemall-multiUser\Application\Home\Controller\BaseController.class.php 第 89 行.

[ 2016-03-24T16:59:40+08:00 ] 192.168.1.101 /wemall-multiUser/Home/Public/login
INFO: [ app_init ] --START--
INFO: Run Behavior\BuildLiteBehavior [ RunTime:0.000016s ]
INFO: [ app_init ] --END-- [ RunTime:0.000784s ]
INFO: [ app_begin ] --START--
INFO: Run Behavior\ReadHtmlCacheBehavior [ RunTime:0.001111s ]
INFO: [ app_begin ] --END-- [ RunTime:0.001160s ]
INFO: [ view_parse ] --START--
INFO: [ template_filter ] --START--
INFO: Run Behavior\ContentReplaceBehavior [ RunTime:0.000046s ]
INFO: [ template_filter ] --END-- [ RunTime:0.000094s ]
INFO: Run Behavior\ParseTemplateBehavior [ RunTime:0.009500s ]
INFO: [ view_parse ] --END-- [ RunTime:0.009557s ]
INFO: [ view_filter ] --START--
INFO: Run Behavior\WriteHtmlCacheBehavior [ RunTime:0.001060s ]
INFO: [ view_filter ] --END-- [ RunTime:0.001100s ]
INFO: [ app_end ] --START--
INFO: Run Behavior\ShowPageTraceBehavior [ RunTime:0.001170s ]
INFO: [ app_end ] --END-- [ RunTime:0.001217s ]

[ 2016-03-24T16:59:49+08:00 ] 192.168.1.101 /wemall-multiUser/Home/Index/index
INFO: [ app_init ] --START--
INFO: Run Behavior\BuildLiteBehavior [ RunTime:0.000015s ]
INFO: [ app_init ] --END-- [ RunTime:0.000793s ]
INFO: [ app_begin ] --START--
INFO: Run Behavior\ReadHtmlCacheBehavior [ RunTime:0.001313s ]
INFO: [ app_begin ] --END-- [ RunTime:0.001364s ]
NOTIC: [2048] Declaration of Home\Controller\BaseController::display() should be compatible with Think\Controller::display($templateFile = '', $charset = '', $contentType = '', $content = '', $prefix = '') F:\ads\htdocs\wemall-multiUser\Application\Home\Controller\BaseController.class.php 第 89 行.

[ 2016-03-24T16:59:56+08:00 ] 192.168.1.101 /wemall-multiUser/Home/Public/login
INFO: [ app_init ] --START--
INFO: Run Behavior\BuildLiteBehavior [ RunTime:0.000016s ]
INFO: [ app_init ] --END-- [ RunTime:0.001036s ]
INFO: [ app_begin ] --START--
INFO: Run Behavior\ReadHtmlCacheBehavior [ RunTime:0.001326s ]
INFO: [ app_begin ] --END-- [ RunTime:0.001395s ]
INFO: [ view_parse ] --START--
INFO: [ template_filter ] --START--
INFO: Run Behavior\ContentReplaceBehavior [ RunTime:0.000053s ]
INFO: [ template_filter ] --END-- [ RunTime:0.000113s ]
INFO: Run Behavior\ParseTemplateBehavior [ RunTime:0.012990s ]
INFO: [ view_parse ] --END-- [ RunTime:0.013073s ]
INFO: [ view_filter ] --START--
INFO: Run Behavior\WriteHtmlCacheBehavior [ RunTime:0.002102s ]
INFO: [ view_filter ] --END-- [ RunTime:0.002163s ]
INFO: [ app_end ] --START--
INFO: Run Behavior\ShowPageTraceBehavior [ RunTime:0.001120s ]
INFO: [ app_end ] --END-- [ RunTime:0.001162s ]

[ 2016-03-24T17:01:03+08:00 ] 192.168.1.101 /wemall-multiUser/Home/
INFO: [ app_init ] --START--
INFO: Run Behavior\BuildLiteBehavior [ RunTime:0.000020s ]
INFO: [ app_init ] --END-- [ RunTime:0.001120s ]
INFO: [ app_begin ] --START--
INFO: Run Behavior\ReadHtmlCacheBehavior [ RunTime:0.002152s ]
INFO: [ app_begin ] --END-- [ RunTime:0.002236s ]
NOTIC: [2048] Declaration of Home\Controller\BaseController::display() should be compatible with Think\Controller::display($templateFile = '', $charset = '', $contentType = '', $content = '', $prefix = '') F:\ads\htdocs\wemall-multiUser\Application\Home\Controller\BaseController.class.php 第 89 行.

[ 2016-03-24T17:01:09+08:00 ] 192.168.1.101 /wemall-multiUser/Home
INFO: [ app_init ] --START--
INFO: Run Behavior\BuildLiteBehavior [ RunTime:0.000019s ]
INFO: [ app_init ] --END-- [ RunTime:0.001039s ]
INFO: [ app_begin ] --START--
INFO: Run Behavior\ReadHtmlCacheBehavior [ RunTime:0.001509s ]
INFO: [ app_begin ] --END-- [ RunTime:0.001585s ]
NOTIC: [2048] Declaration of Home\Controller\BaseController::display() should be compatible with Think\Controller::display($templateFile = '', $charset = '', $contentType = '', $content = '', $prefix = '') F:\ads\htdocs\wemall-multiUser\Application\Home\Controller\BaseController.class.php 第 89 行.

[ 2016-03-24T17:01:46+08:00 ] 192.168.1.101 /wemall-multiUser/Home
INFO: [ app_init ] --START--
INFO: Run Behavior\BuildLiteBehavior [ RunTime:0.000015s ]
INFO: [ app_init ] --END-- [ RunTime:0.000769s ]
INFO: [ app_begin ] --START--
INFO: Run Behavior\ReadHtmlCacheBehavior [ RunTime:0.001184s ]
INFO: [ app_begin ] --END-- [ RunTime:0.001243s ]
NOTIC: [2048] Declaration of Home\Controller\BaseController::display() should be compatible with Think\Controller::display($templateFile = '', $charset = '', $contentType = '', $content = '', $prefix = '') F:\ads\htdocs\wemall-multiUser\Application\Home\Controller\BaseController.class.php 第 89 行.

[ 2016-03-24T17:01:46+08:00 ] 192.168.1.101 /wemall-multiUser/Home/Public/login
INFO: [ app_init ] --START--
INFO: Run Behavior\BuildLiteBehavior [ RunTime:0.000016s ]
INFO: [ app_init ] --END-- [ RunTime:0.000812s ]
INFO: [ app_begin ] --START--
INFO: Run Behavior\ReadHtmlCacheBehavior [ RunTime:0.001065s ]
INFO: [ app_begin ] --END-- [ RunTime:0.001118s ]
INFO: [ view_parse ] --START--
INFO: [ template_filter ] --START--
INFO: Run Behavior\ContentReplaceBehavior [ RunTime:0.000046s ]
INFO: [ template_filter ] --END-- [ RunTime:0.000089s ]
INFO: Run Behavior\ParseTemplateBehavior [ RunTime:0.008864s ]
INFO: [ view_parse ] --END-- [ RunTime:0.008915s ]
INFO: [ view_filter ] --START--
INFO: Run Behavior\WriteHtmlCacheBehavior [ RunTime:0.000958s ]
INFO: [ view_filter ] --END-- [ RunTime:0.000996s ]
INFO: [ app_end ] --START--
INFO: Run Behavior\ShowPageTraceBehavior [ RunTime:0.001107s ]
INFO: [ app_end ] --END-- [ RunTime:0.001147s ]

[ 2016-03-24T17:10:23+08:00 ] 192.168.1.101 /wemall-multiUser/Home/Public/login
INFO: [ app_init ] --START--
INFO: Run Behavior\BuildLiteBehavior [ RunTime:0.000014s ]
INFO: [ app_init ] --END-- [ RunTime:0.000784s ]
INFO: [ app_begin ] --START--
INFO: Run Behavior\ReadHtmlCacheBehavior [ RunTime:0.001278s ]
INFO: [ app_begin ] --END-- [ RunTime:0.001329s ]
INFO: [ view_parse ] --START--
INFO: [ template_filter ] --START--
INFO: Run Behavior\ContentReplaceBehavior [ RunTime:0.000061s ]
INFO: [ template_filter ] --END-- [ RunTime:0.000117s ]
INFO: Run Behavior\ParseTemplateBehavior [ RunTime:0.010771s ]
INFO: [ view_parse ] --END-- [ RunTime:0.010829s ]
INFO: [ view_filter ] --START--
INFO: Run Behavior\WriteHtmlCacheBehavior [ RunTime:0.000996s ]
INFO: [ view_filter ] --END-- [ RunTime:0.001036s ]
INFO: [ app_end ] --START--
INFO: Run Behavior\ShowPageTraceBehavior [ RunTime:0.001227s ]
INFO: [ app_end ] --END-- [ RunTime:0.001267s ]

[ 2016-03-24T17:10:23+08:00 ] 192.168.1.101 /wemall-multiUser/Home/Public/getVerify
INFO: [ app_init ] --START--
INFO: Run Behavior\BuildLiteBehavior [ RunTime:0.000022s ]
INFO: [ app_init ] --END-- [ RunTime:0.001229s ]
INFO: [ app_begin ] --START--
INFO: Run Behavior\ReadHtmlCacheBehavior [ RunTime:0.001318s ]
INFO: [ app_begin ] --END-- [ RunTime:0.001378s ]
INFO: [ app_end ] --START--
INFO: Run Behavior\ShowPageTraceBehavior [ RunTime:0.001243s ]
INFO: [ app_end ] --END-- [ RunTime:0.001302s ]

[ 2016-03-24T17:21:25+08:00 ] 192.168.1.101 /wemall-multiUser/Home/Public/login
INFO: [ app_init ] --START--
INFO: Run Behavior\BuildLiteBehavior [ RunTime:0.000015s ]
INFO: [ app_init ] --END-- [ RunTime:0.000819s ]
INFO: [ app_begin ] --START--
INFO: Run Behavior\ReadHtmlCacheBehavior [ RunTime:0.001336s ]
INFO: [ app_begin ] --END-- [ RunTime:0.001383s ]
INFO: [ view_parse ] --START--
INFO: [ template_filter ] --START--
INFO: Run Behavior\ContentReplaceBehavior [ RunTime:0.000052s ]
INFO: [ template_filter ] --END-- [ RunTime:0.000102s ]
INFO: Run Behavior\ParseTemplateBehavior [ RunTime:0.008677s ]
INFO: [ view_parse ] --END-- [ RunTime:0.008727s ]
INFO: [ view_filter ] --START--
INFO: Run Behavior\WriteHtmlCacheBehavior [ RunTime:0.001168s ]
INFO: [ view_filter ] --END-- [ RunTime:0.001206s ]
INFO: [ app_end ] --START--
INFO: Run Behavior\ShowPageTraceBehavior [ RunTime:0.001500s ]
INFO: [ app_end ] --END-- [ RunTime:0.001551s ]

[ 2016-03-24T17:21:25+08:00 ] 192.168.1.101 /wemall-multiUser/Home/Public/getVerify
INFO: [ app_init ] --START--
INFO: Run Behavior\BuildLiteBehavior [ RunTime:0.000045s ]
INFO: [ app_init ] --END-- [ RunTime:0.001834s ]
INFO: [ app_begin ] --START--
INFO: Run Behavior\ReadHtmlCacheBehavior [ RunTime:0.001500s ]
INFO: [ app_begin ] --END-- [ RunTime:0.001570s ]
INFO: [ app_end ] --START--
INFO: Run Behavior\ShowPageTraceBehavior [ RunTime:0.002107s ]
INFO: [ app_end ] --END-- [ RunTime:0.002185s ]

[ 2016-03-24T17:22:31+08:00 ] 192.168.1.101 /wemall-multiUser/Home/Public/login
INFO: [ app_init ] --START--
INFO: Run Behavior\BuildLiteBehavior [ RunTime:0.000016s ]
INFO: [ app_init ] --END-- [ RunTime:0.001039s ]
INFO: [ app_begin ] --START--
INFO: Run Behavior\ReadHtmlCacheBehavior [ RunTime:0.001432s ]
INFO: [ app_begin ] --END-- [ RunTime:0.001495s ]
INFO: [ view_parse ] --START--
INFO: [ template_filter ] --START--
INFO: Run Behavior\ContentReplaceBehavior [ RunTime:0.000052s ]
INFO: [ template_filter ] --END-- [ RunTime:0.000104s ]
INFO: Run Behavior\ParseTemplateBehavior [ RunTime:0.011242s ]
INFO: [ view_parse ] --END-- [ RunTime:0.011300s ]
INFO: [ view_filter ] --START--
INFO: Run Behavior\WriteHtmlCacheBehavior [ RunTime:0.000977s ]
INFO: [ view_filter ] --END-- [ RunTime:0.001013s ]
INFO: [ app_end ] --START--
INFO: Run Behavior\ShowPageTraceBehavior [ RunTime:0.001022s ]
INFO: [ app_end ] --END-- [ RunTime:0.001061s ]

[ 2016-03-24T17:22:31+08:00 ] 192.168.1.101 /wemall-multiUser/Home/Public/getVerify
INFO: [ app_init ] --START--
INFO: Run Behavior\BuildLiteBehavior [ RunTime:0.000018s ]
INFO: [ app_init ] --END-- [ RunTime:0.001313s ]
INFO: [ app_begin ] --START--
INFO: Run Behavior\ReadHtmlCacheBehavior [ RunTime:0.001290s ]
INFO: [ app_begin ] --END-- [ RunTime:0.001350s ]
INFO: [ app_end ] --START--
INFO: Run Behavior\ShowPageTraceBehavior [ RunTime:0.001314s ]
INFO: [ app_end ] --END-- [ RunTime:0.001376s ]

[ 2016-03-24T17:26:03+08:00 ] 192.168.1.101 /wemall-multiUser/Home/Public/register
INFO: [ app_init ] --START--
INFO: Run Behavior\BuildLiteBehavior [ RunTime:0.000013s ]
INFO: [ app_init ] --END-- [ RunTime:0.000707s ]
INFO: [ app_begin ] --START--
INFO: Run Behavior\ReadHtmlCacheBehavior [ RunTime:0.001329s ]
INFO: [ app_begin ] --END-- [ RunTime:0.001383s ]
INFO: [ view_parse ] --START--
INFO: [ template_filter ] --START--
INFO: Run Behavior\ContentReplaceBehavior [ RunTime:0.000060s ]
INFO: [ template_filter ] --END-- [ RunTime:0.000111s ]
INFO: Run Behavior\ParseTemplateBehavior [ RunTime:0.010051s ]
INFO: [ view_parse ] --END-- [ RunTime:0.010106s ]
INFO: [ view_filter ] --START--
INFO: Run Behavior\WriteHtmlCacheBehavior [ RunTime:0.000911s ]
INFO: [ view_filter ] --END-- [ RunTime:0.000949s ]
INFO: [ app_end ] --START--
INFO: Run Behavior\ShowPageTraceBehavior [ RunTime:0.001153s ]
INFO: [ app_end ] --END-- [ RunTime:0.001193s ]

[ 2016-03-24T17:26:03+08:00 ] 192.168.1.101 /wemall-multiUser/Home/Public/getVerify
INFO: [ app_init ] --START--
INFO: Run Behavior\BuildLiteBehavior [ RunTime:0.000015s ]
INFO: [ app_init ] --END-- [ RunTime:0.000742s ]
INFO: [ app_begin ] --START--
INFO: Run Behavior\ReadHtmlCacheBehavior [ RunTime:0.001025s ]
INFO: [ app_begin ] --END-- [ RunTime:0.001081s ]
INFO: [ app_end ] --START--
INFO: Run Behavior\ShowPageTraceBehavior [ RunTime:0.000978s ]
INFO: [ app_end ] --END-- [ RunTime:0.001036s ]

[ 2016-03-24T17:26:09+08:00 ] 192.168.1.101 /wemall-multiUser/Home/Public/login
INFO: [ app_init ] --START--
INFO: Run Behavior\BuildLiteBehavior [ RunTime:0.000020s ]
INFO: [ app_init ] --END-- [ RunTime:0.001228s ]
INFO: [ app_begin ] --START--
INFO: Run Behavior\ReadHtmlCacheBehavior [ RunTime:0.001731s ]
INFO: [ app_begin ] --END-- [ RunTime:0.001811s ]
INFO: [ view_parse ] --START--
INFO: [ template_filter ] --START--
INFO: Run Behavior\ContentReplaceBehavior [ RunTime:0.000051s ]
INFO: [ template_filter ] --END-- [ RunTime:0.000099s ]
INFO: Run Behavior\ParseTemplateBehavior [ RunTime:0.011879s ]
INFO: [ view_parse ] --END-- [ RunTime:0.011947s ]
INFO: [ view_filter ] --START--
INFO: Run Behavior\WriteHtmlCacheBehavior [ RunTime:0.001058s ]
INFO: [ view_filter ] --END-- [ RunTime:0.001096s ]
INFO: [ app_end ] --START--
INFO: Run Behavior\ShowPageTraceBehavior [ RunTime:0.001177s ]
INFO: [ app_end ] --END-- [ RunTime:0.001217s ]

[ 2016-03-24T17:26:10+08:00 ] 192.168.1.101 /wemall-multiUser/Home/Public/getVerify
INFO: [ app_init ] --START--
INFO: Run Behavior\BuildLiteBehavior [ RunTime:0.000020s ]
INFO: [ app_init ] --END-- [ RunTime:0.001204s ]
INFO: [ app_begin ] --START--
INFO: Run Behavior\ReadHtmlCacheBehavior [ RunTime:0.001771s ]
INFO: [ app_begin ] --END-- [ RunTime:0.001853s ]
INFO: [ app_end ] --START--
INFO: Run Behavior\ShowPageTraceBehavior [ RunTime:0.002000s ]
INFO: [ app_end ] --END-- [ RunTime:0.002094s ]

[ 2016-03-24T17:26:12+08:00 ] 192.168.1.101 /wemall-multiUser/Home/Public/register
INFO: [ app_init ] --START--
INFO: Run Behavior\BuildLiteBehavior [ RunTime:0.000015s ]
INFO: [ app_init ] --END-- [ RunTime:0.000897s ]
INFO: [ app_begin ] --START--
INFO: Run Behavior\ReadHtmlCacheBehavior [ RunTime:0.001150s ]
INFO: [ app_begin ] --END-- [ RunTime:0.001206s ]
INFO: [ view_parse ] --START--
INFO: [ template_filter ] --START--
INFO: Run Behavior\ContentReplaceBehavior [ RunTime:0.000062s ]
INFO: [ template_filter ] --END-- [ RunTime:0.000116s ]
INFO: Run Behavior\ParseTemplateBehavior [ RunTime:0.011309s ]
INFO: [ view_parse ] --END-- [ RunTime:0.011362s ]
INFO: [ view_filter ] --START--
INFO: Run Behavior\WriteHtmlCacheBehavior [ RunTime:0.001120s ]
INFO: [ view_filter ] --END-- [ RunTime:0.001158s ]
INFO: [ app_end ] --START--
INFO: Run Behavior\ShowPageTraceBehavior [ RunTime:0.001182s ]
INFO: [ app_end ] --END-- [ RunTime:0.001220s ]

[ 2016-03-24T17:26:12+08:00 ] 192.168.1.101 /wemall-multiUser/Home/Public/getVerify
INFO: [ app_init ] --START--
INFO: Run Behavior\BuildLiteBehavior [ RunTime:0.000020s ]
INFO: [ app_init ] --END-- [ RunTime:0.001124s ]
INFO: [ app_begin ] --START--
INFO: Run Behavior\ReadHtmlCacheBehavior [ RunTime:0.001581s ]
INFO: [ app_begin ] --END-- [ RunTime:0.001660s ]
INFO: [ app_end ] --START--
INFO: Run Behavior\ShowPageTraceBehavior [ RunTime:0.001379s ]
INFO: [ app_end ] --END-- [ RunTime:0.001444s ]

[ 2016-03-24T17:26:21+08:00 ] 192.168.1.101 /wemall-multiUser/Home/Public/login
INFO: [ app_init ] --START--
INFO: Run Behavior\BuildLiteBehavior [ RunTime:0.000015s ]
INFO: [ app_init ] --END-- [ RunTime:0.000804s ]
INFO: [ app_begin ] --START--
INFO: Run Behavior\ReadHtmlCacheBehavior [ RunTime:0.001011s ]
INFO: [ app_begin ] --END-- [ RunTime:0.001065s ]
INFO: [ view_parse ] --START--
INFO: [ template_filter ] --START--
INFO: Run Behavior\ContentReplaceBehavior [ RunTime:0.000051s ]
INFO: [ template_filter ] --END-- [ RunTime:0.000103s ]
INFO: Run Behavior\ParseTemplateBehavior [ RunTime:0.010112s ]
INFO: [ view_parse ] --END-- [ RunTime:0.010174s ]
INFO: [ view_filter ] --START--
INFO: Run Behavior\WriteHtmlCacheBehavior [ RunTime:0.000980s ]
INFO: [ view_filter ] --END-- [ RunTime:0.001021s ]
INFO: [ app_end ] --START--
INFO: Run Behavior\ShowPageTraceBehavior [ RunTime:0.001079s ]
INFO: [ app_end ] --END-- [ RunTime:0.001122s ]

[ 2016-03-24T17:26:21+08:00 ] 192.168.1.101 /wemall-multiUser/Home/Public/getVerify
INFO: [ app_init ] --START--
INFO: Run Behavior\BuildLiteBehavior [ RunTime:0.000013s ]
INFO: [ app_init ] --END-- [ RunTime:0.000744s ]
INFO: [ app_begin ] --START--
INFO: Run Behavior\ReadHtmlCacheBehavior [ RunTime:0.001409s ]
INFO: [ app_begin ] --END-- [ RunTime:0.001479s ]
INFO: [ app_end ] --START--
INFO: Run Behavior\ShowPageTraceBehavior [ RunTime:0.001057s ]
INFO: [ app_end ] --END-- [ RunTime:0.001123s ]

[ 2016-03-24T17:26:23+08:00 ] 192.168.1.101 /wemall-multiUser/Home/Public/register
INFO: [ app_init ] --START--
INFO: Run Behavior\BuildLiteBehavior [ RunTime:0.000015s ]
INFO: [ app_init ] --END-- [ RunTime:0.000827s ]
INFO: [ app_begin ] --START--
INFO: Run Behavior\ReadHtmlCacheBehavior [ RunTime:0.001036s ]
INFO: [ app_begin ] --END-- [ RunTime:0.001098s ]
INFO: [ view_parse ] --START--
INFO: [ template_filter ] --START--
INFO: Run Behavior\ContentReplaceBehavior [ RunTime:0.000094s ]
INFO: [ template_filter ] --END-- [ RunTime:0.000196s ]
INFO: Run Behavior\ParseTemplateBehavior [ RunTime:0.009638s ]
INFO: [ view_parse ] --END-- [ RunTime:0.009690s ]
INFO: [ view_filter ] --START--
INFO: Run Behavior\WriteHtmlCacheBehavior [ RunTime:0.000980s ]
INFO: [ view_filter ] --END-- [ RunTime:0.001021s ]
INFO: [ app_end ] --START--
INFO: Run Behavior\ShowPageTraceBehavior [ RunTime:0.001060s ]
INFO: [ app_end ] --END-- [ RunTime:0.001104s ]

[ 2016-03-24T17:26:24+08:00 ] 192.168.1.101 /wemall-multiUser/Home/Public/getVerify
INFO: [ app_init ] --START--
INFO: Run Behavior\BuildLiteBehavior [ RunTime:0.000016s ]
INFO: [ app_init ] --END-- [ RunTime:0.001037s ]
INFO: [ app_begin ] --START--
INFO: Run Behavior\ReadHtmlCacheBehavior [ RunTime:0.001131s ]
INFO: [ app_begin ] --END-- [ RunTime:0.001195s ]
INFO: [ app_end ] --START--
INFO: Run Behavior\ShowPageTraceBehavior [ RunTime:0.001014s ]
INFO: [ app_end ] --END-- [ RunTime:0.001076s ]

[ 2016-03-24T17:26:42+08:00 ] 192.168.1.101 /wemall-multiUser/Home/Public/login
INFO: [ app_init ] --START--
INFO: Run Behavior\BuildLiteBehavior [ RunTime:0.000019s ]
INFO: [ app_init ] --END-- [ RunTime:0.001007s ]
INFO: [ app_begin ] --START--
INFO: Run Behavior\ReadHtmlCacheBehavior [ RunTime:0.001199s ]
INFO: [ app_begin ] --END-- [ RunTime:0.001259s ]
INFO: [ view_parse ] --START--
INFO: [ template_filter ] --START--
INFO: Run Behavior\ContentReplaceBehavior [ RunTime:0.000051s ]
INFO: [ template_filter ] --END-- [ RunTime:0.000101s ]
INFO: Run Behavior\ParseTemplateBehavior [ RunTime:0.009811s ]
INFO: [ view_parse ] --END-- [ RunTime:0.009866s ]
INFO: [ view_filter ] --START--
INFO: Run Behavior\WriteHtmlCacheBehavior [ RunTime:0.000992s ]
INFO: [ view_filter ] --END-- [ RunTime:0.001030s ]
INFO: [ app_end ] --START--
INFO: Run Behavior\ShowPageTraceBehavior [ RunTime:0.001079s ]
INFO: [ app_end ] --END-- [ RunTime:0.001119s ]

[ 2016-03-24T17:26:42+08:00 ] 192.168.1.101 /wemall-multiUser/Home/Public/getVerify
INFO: [ app_init ] --START--
INFO: Run Behavior\BuildLiteBehavior [ RunTime:0.000013s ]
INFO: [ app_init ] --END-- [ RunTime:0.000729s ]
INFO: [ app_begin ] --START--
INFO: Run Behavior\ReadHtmlCacheBehavior [ RunTime:0.001071s ]
INFO: [ app_begin ] --END-- [ RunTime:0.001120s ]
INFO: [ app_end ] --START--
INFO: Run Behavior\ShowPageTraceBehavior [ RunTime:0.001150s ]
INFO: [ app_end ] --END-- [ RunTime:0.001205s ]

[ 2016-03-24T17:26:44+08:00 ] 192.168.1.101 /wemall-multiUser/Home/Public/register
INFO: [ app_init ] --START--
INFO: Run Behavior\BuildLiteBehavior [ RunTime:0.000019s ]
INFO: [ app_init ] --END-- [ RunTime:0.001055s ]
INFO: [ app_begin ] --START--
INFO: Run Behavior\ReadHtmlCacheBehavior [ RunTime:0.001713s ]
INFO: [ app_begin ] --END-- [ RunTime:0.001813s ]
INFO: [ view_parse ] --START--
INFO: [ template_filter ] --START--
INFO: Run Behavior\ContentReplaceBehavior [ RunTime:0.000058s ]
INFO: [ template_filter ] --END-- [ RunTime:0.000108s ]
INFO: Run Behavior\ParseTemplateBehavior [ RunTime:0.010709s ]
INFO: [ view_parse ] --END-- [ RunTime:0.010773s ]
INFO: [ view_filter ] --START--
INFO: Run Behavior\WriteHtmlCacheBehavior [ RunTime:0.001038s ]
INFO: [ view_filter ] --END-- [ RunTime:0.001075s ]
INFO: [ app_end ] --START--
INFO: Run Behavior\ShowPageTraceBehavior [ RunTime:0.001207s ]
INFO: [ app_end ] --END-- [ RunTime:0.001246s ]

[ 2016-03-24T17:26:44+08:00 ] 192.168.1.101 /wemall-multiUser/Home/Public/getVerify
INFO: [ app_init ] --START--
INFO: Run Behavior\BuildLiteBehavior [ RunTime:0.000031s ]
INFO: [ app_init ] --END-- [ RunTime:0.001100s ]
INFO: [ app_begin ] --START--
INFO: Run Behavior\ReadHtmlCacheBehavior [ RunTime:0.001147s ]
INFO: [ app_begin ] --END-- [ RunTime:0.001204s ]
INFO: [ app_end ] --START--
INFO: Run Behavior\ShowPageTraceBehavior [ RunTime:0.001165s ]
INFO: [ app_end ] --END-- [ RunTime:0.001217s ]

[ 2016-03-24T17:26:49+08:00 ] 192.168.1.101 /wemall-multiUser/Home/Public/login
INFO: [ app_init ] --START--
INFO: Run Behavior\BuildLiteBehavior [ RunTime:0.000015s ]
INFO: [ app_init ] --END-- [ RunTime:0.000833s ]
INFO: [ app_begin ] --START--
INFO: Run Behavior\ReadHtmlCacheBehavior [ RunTime:0.001198s ]
INFO: [ app_begin ] --END-- [ RunTime:0.001257s ]
INFO: [ view_parse ] --START--
INFO: [ template_filter ] --START--
INFO: Run Behavior\ContentReplaceBehavior [ RunTime:0.000049s ]
INFO: [ template_filter ] --END-- [ RunTime:0.000097s ]
INFO: Run Behavior\ParseTemplateBehavior [ RunTime:0.010514s ]
INFO: [ view_parse ] --END-- [ RunTime:0.010571s ]
INFO: [ view_filter ] --START--
INFO: Run Behavior\WriteHtmlCacheBehavior [ RunTime:0.001041s ]
INFO: [ view_filter ] --END-- [ RunTime:0.001089s ]
INFO: [ app_end ] --START--
INFO: Run Behavior\ShowPageTraceBehavior [ RunTime:0.001139s ]
INFO: [ app_end ] --END-- [ RunTime:0.001181s ]

[ 2016-03-24T17:26:49+08:00 ] 192.168.1.101 /wemall-multiUser/Home/Public/getVerify
INFO: [ app_init ] --START--
INFO: Run Behavior\BuildLiteBehavior [ RunTime:0.000019s ]
INFO: [ app_init ] --END-- [ RunTime:0.001041s ]
INFO: [ app_begin ] --START--
INFO: Run Behavior\ReadHtmlCacheBehavior [ RunTime:0.001791s ]
INFO: [ app_begin ] --END-- [ RunTime:0.001875s ]
INFO: [ app_end ] --START--
INFO: Run Behavior\ShowPageTraceBehavior [ RunTime:0.001665s ]
INFO: [ app_end ] --END-- [ RunTime:0.001743s ]

[ 2016-03-24T17:26:55+08:00 ] 192.168.1.101 /wemall-multiUser/Home/Public/register
INFO: [ app_init ] --START--
INFO: Run Behavior\BuildLiteBehavior [ RunTime:0.000025s ]
INFO: [ app_init ] --END-- [ RunTime:0.001147s ]
INFO: [ app_begin ] --START--
INFO: Run Behavior\ReadHtmlCacheBehavior [ RunTime:0.001606s ]
INFO: [ app_begin ] --END-- [ RunTime:0.001682s ]
INFO: [ view_parse ] --START--
INFO: [ template_filter ] --START--
INFO: Run Behavior\ContentReplaceBehavior [ RunTime:0.000062s ]
INFO: [ template_filter ] --END-- [ RunTime:0.000115s ]
INFO: Run Behavior\ParseTemplateBehavior [ RunTime:0.011743s ]
INFO: [ view_parse ] --END-- [ RunTime:0.011816s ]
INFO: [ view_filter ] --START--
INFO: Run Behavior\WriteHtmlCacheBehavior [ RunTime:0.001032s ]
INFO: [ view_filter ] --END-- [ RunTime:0.001069s ]
INFO: [ app_end ] --START--
INFO: Run Behavior\ShowPageTraceBehavior [ RunTime:0.001118s ]
INFO: [ app_end ] --END-- [ RunTime:0.001158s ]

[ 2016-03-24T17:26:56+08:00 ] 192.168.1.101 /wemall-multiUser/Home/Public/getVerify
INFO: [ app_init ] --START--
INFO: Run Behavior\BuildLiteBehavior [ RunTime:0.000015s ]
INFO: [ app_init ] --END-- [ RunTime:0.000765s ]
INFO: [ app_begin ] --START--
INFO: Run Behavior\ReadHtmlCacheBehavior [ RunTime:0.000996s ]
INFO: [ app_begin ] --END-- [ RunTime:0.001055s ]
INFO: [ app_end ] --START--
INFO: Run Behavior\ShowPageTraceBehavior [ RunTime:0.001002s ]
INFO: [ app_end ] --END-- [ RunTime:0.001058s ]

[ 2016-03-24T17:27:10+08:00 ] 192.168.1.101 /wemall-multiUser/Home/Public/login
INFO: [ app_init ] --START--
INFO: Run Behavior\BuildLiteBehavior [ RunTime:0.000019s ]
INFO: [ app_init ] --END-- [ RunTime:0.000991s ]
INFO: [ app_begin ] --START--
INFO: Run Behavior\ReadHtmlCacheBehavior [ RunTime:0.001114s ]
INFO: [ app_begin ] --END-- [ RunTime:0.001174s ]
INFO: [ view_parse ] --START--
INFO: [ template_filter ] --START--
INFO: Run Behavior\ContentReplaceBehavior [ RunTime:0.000054s ]
INFO: [ template_filter ] --END-- [ RunTime:0.000106s ]
INFO: Run Behavior\ParseTemplateBehavior [ RunTime:0.009973s ]
INFO: [ view_parse ] --END-- [ RunTime:0.010032s ]
INFO: [ view_filter ] --START--
INFO: Run Behavior\WriteHtmlCacheBehavior [ RunTime:0.000975s ]
INFO: [ view_filter ] --END-- [ RunTime:0.001013s ]
INFO: [ app_end ] --START--
INFO: Run Behavior\ShowPageTraceBehavior [ RunTime:0.000993s ]
INFO: [ app_end ] --END-- [ RunTime:0.001034s ]

[ 2016-03-24T17:27:10+08:00 ] 192.168.1.101 /wemall-multiUser/Home/Public/getVerify
INFO: [ app_init ] --START--
INFO: Run Behavior\BuildLiteBehavior [ RunTime:0.000015s ]
INFO: [ app_init ] --END-- [ RunTime:0.001347s ]
INFO: [ app_begin ] --START--
INFO: Run Behavior\ReadHtmlCacheBehavior [ RunTime:0.001049s ]
INFO: [ app_begin ] --END-- [ RunTime:0.001104s ]
INFO: [ app_end ] --START--
INFO: Run Behavior\ShowPageTraceBehavior [ RunTime:0.001069s ]
INFO: [ app_end ] --END-- [ RunTime:0.001125s ]

[ 2016-03-24T17:27:20+08:00 ] 192.168.1.101 /wemall-multiUser/Home/Public/register
INFO: [ app_init ] --START--
INFO: Run Behavior\BuildLiteBehavior [ RunTime:0.000016s ]
INFO: [ app_init ] --END-- [ RunTime:0.000960s ]
INFO: [ app_begin ] --START--
INFO: Run Behavior\ReadHtmlCacheBehavior [ RunTime:0.001287s ]
INFO: [ app_begin ] --END-- [ RunTime:0.001351s ]
INFO: [ view_parse ] --START--
INFO: [ template_filter ] --START--
INFO: Run Behavior\ContentReplaceBehavior [ RunTime:0.000065s ]
INFO: [ template_filter ] --END-- [ RunTime:0.000121s ]
INFO: Run Behavior\ParseTemplateBehavior [ RunTime:0.012063s ]
INFO: [ view_parse ] --END-- [ RunTime:0.012128s ]
INFO: [ view_filter ] --START--
INFO: Run Behavior\WriteHtmlCacheBehavior [ RunTime:0.000956s ]
INFO: [ view_filter ] --END-- [ RunTime:0.000995s ]
INFO: [ app_end ] --START--
INFO: Run Behavior\ShowPageTraceBehavior [ RunTime:0.001065s ]
INFO: [ app_end ] --END-- [ RunTime:0.001106s ]

[ 2016-03-24T17:27:20+08:00 ] 192.168.1.101 /wemall-multiUser/Home/Public/getVerify
INFO: [ app_init ] --START--
INFO: Run Behavior\BuildLiteBehavior [ RunTime:0.000013s ]
INFO: [ app_init ] --END-- [ RunTime:0.000652s ]
INFO: [ app_begin ] --START--
INFO: Run Behavior\ReadHtmlCacheBehavior [ RunTime:0.000949s ]
INFO: [ app_begin ] --END-- [ RunTime:0.001003s ]
INFO: [ app_end ] --START--
INFO: Run Behavior\ShowPageTraceBehavior [ RunTime:0.001084s ]
INFO: [ app_end ] --END-- [ RunTime:0.001158s ]

[ 2016-03-24T17:27:25+08:00 ] 192.168.1.101 /wemall-multiUser/Home/Public/login
INFO: [ app_init ] --START--
INFO: Run Behavior\BuildLiteBehavior [ RunTime:0.000022s ]
INFO: [ app_init ] --END-- [ RunTime:0.001157s ]
INFO: [ app_begin ] --START--
INFO: Run Behavior\ReadHtmlCacheBehavior [ RunTime:0.001528s ]
INFO: [ app_begin ] --END-- [ RunTime:0.001598s ]
INFO: [ view_parse ] --START--
INFO: [ template_filter ] --START--
INFO: Run Behavior\ContentReplaceBehavior [ RunTime:0.000100s ]
INFO: [ template_filter ] --END-- [ RunTime:0.000207s ]
INFO: Run Behavior\ParseTemplateBehavior [ RunTime:0.012974s ]
INFO: [ view_parse ] --END-- [ RunTime:0.013057s ]
INFO: [ view_filter ] --START--
INFO: Run Behavior\WriteHtmlCacheBehavior [ RunTime:0.001345s ]
INFO: [ view_filter ] --END-- [ RunTime:0.001396s ]
INFO: [ app_end ] --START--
INFO: Run Behavior\ShowPageTraceBehavior [ RunTime:0.001153s ]
INFO: [ app_end ] --END-- [ RunTime:0.001195s ]

[ 2016-03-24T17:27:25+08:00 ] 192.168.1.101 /wemall-multiUser/Home/Public/getVerify
INFO: [ app_init ] --START--
INFO: Run Behavior\BuildLiteBehavior [ RunTime:0.000033s ]
INFO: [ app_init ] --END-- [ RunTime:0.001484s ]
INFO: [ app_begin ] --START--
INFO: Run Behavior\ReadHtmlCacheBehavior [ RunTime:0.001209s ]
INFO: [ app_begin ] --END-- [ RunTime:0.001269s ]
INFO: [ app_end ] --START--
INFO: Run Behavior\ShowPageTraceBehavior [ RunTime:0.001176s ]
INFO: [ app_end ] --END-- [ RunTime:0.001234s ]

[ 2016-03-24T17:27:32+08:00 ] 192.168.1.101 /wemall-multiUser/Home/Public/register
INFO: [ app_init ] --START--
INFO: Run Behavior\BuildLiteBehavior [ RunTime:0.000017s ]
INFO: [ app_init ] --END-- [ RunTime:0.000817s ]
INFO: [ app_begin ] --START--
INFO: Run Behavior\ReadHtmlCacheBehavior [ RunTime:0.001163s ]
INFO: [ app_begin ] --END-- [ RunTime:0.001221s ]
INFO: [ view_parse ] --START--
INFO: [ template_filter ] --START--
INFO: Run Behavior\ContentReplaceBehavior [ RunTime:0.000069s ]
INFO: [ template_filter ] --END-- [ RunTime:0.000131s ]
INFO: Run Behavior\ParseTemplateBehavior [ RunTime:0.012867s ]
INFO: [ view_parse ] --END-- [ RunTime:0.012924s ]
INFO: [ view_filter ] --START--
INFO: Run Behavior\WriteHtmlCacheBehavior [ RunTime:0.001072s ]
INFO: [ view_filter ] --END-- [ RunTime:0.001119s ]
INFO: [ app_end ] --START--
INFO: Run Behavior\ShowPageTraceBehavior [ RunTime:0.001191s ]
INFO: [ app_end ] --END-- [ RunTime:0.001241s ]

[ 2016-03-24T17:27:32+08:00 ] 192.168.1.101 /wemall-multiUser/Home/Public/getVerify
INFO: [ app_init ] --START--
INFO: Run Behavior\BuildLiteBehavior [ RunTime:0.000019s ]
INFO: [ app_init ] --END-- [ RunTime:0.001088s ]
INFO: [ app_begin ] --START--
INFO: Run Behavior\ReadHtmlCacheBehavior [ RunTime:0.001572s ]
INFO: [ app_begin ] --END-- [ RunTime:0.001662s ]
INFO: [ app_end ] --START--
INFO: Run Behavior\ShowPageTraceBehavior [ RunTime:0.001339s ]
INFO: [ app_end ] --END-- [ RunTime:0.001428s ]

[ 2016-03-24T17:27:35+08:00 ] 192.168.1.101 /wemall-multiUser/Home/Public/login
INFO: [ app_init ] --START--
INFO: Run Behavior\BuildLiteBehavior [ RunTime:0.000020s ]
INFO: [ app_init ] --END-- [ RunTime:0.001035s ]
INFO: [ app_begin ] --START--
INFO: Run Behavior\ReadHtmlCacheBehavior [ RunTime:0.002311s ]
INFO: [ app_begin ] --END-- [ RunTime:0.002466s ]
INFO: [ view_parse ] --START--
INFO: [ template_filter ] --START--
INFO: Run Behavior\ContentReplaceBehavior [ RunTime:0.000050s ]
INFO: [ template_filter ] --END-- [ RunTime:0.000100s ]
INFO: Run Behavior\ParseTemplateBehavior [ RunTime:0.009622s ]
INFO: [ view_parse ] --END-- [ RunTime:0.009699s ]
INFO: [ view_filter ] --START--
INFO: Run Behavior\WriteHtmlCacheBehavior [ RunTime:0.001137s ]
INFO: [ view_filter ] --END-- [ RunTime:0.001210s ]
INFO: [ app_end ] --START--
INFO: Run Behavior\ShowPageTraceBehavior [ RunTime:0.002283s ]
INFO: [ app_end ] --END-- [ RunTime:0.002381s ]

[ 2016-03-24T17:27:35+08:00 ] 192.168.1.101 /wemall-multiUser/Home/Public/getVerify
INFO: [ app_init ] --START--
INFO: Run Behavior\BuildLiteBehavior [ RunTime:0.000016s ]
INFO: [ app_init ] --END-- [ RunTime:0.000749s ]
INFO: [ app_begin ] --START--
INFO: Run Behavior\ReadHtmlCacheBehavior [ RunTime:0.001068s ]
INFO: [ app_begin ] --END-- [ RunTime:0.001132s ]
INFO: [ app_end ] --START--
INFO: Run Behavior\ShowPageTraceBehavior [ RunTime:0.001137s ]
INFO: [ app_end ] --END-- [ RunTime:0.001201s ]

[ 2016-03-24T17:27:48+08:00 ] 192.168.1.101 /wemall-multiUser/Home/Public/register
INFO: [ app_init ] --START--
INFO: Run Behavior\BuildLiteBehavior [ RunTime:0.000016s ]
INFO: [ app_init ] --END-- [ RunTime:0.000792s ]
INFO: [ app_begin ] --START--
INFO: Run Behavior\ReadHtmlCacheBehavior [ RunTime:0.001404s ]
INFO: [ app_begin ] --END-- [ RunTime:0.001491s ]
INFO: [ view_parse ] --START--
INFO: [ template_filter ] --START--
INFO: Run Behavior\ContentReplaceBehavior [ RunTime:0.000068s ]
INFO: [ template_filter ] --END-- [ RunTime:0.000133s ]
INFO: Run Behavior\ParseTemplateBehavior [ RunTime:0.011122s ]
INFO: [ view_parse ] --END-- [ RunTime:0.011200s ]
INFO: [ view_filter ] --START--
INFO: Run Behavior\WriteHtmlCacheBehavior [ RunTime:0.001457s ]
INFO: [ view_filter ] --END-- [ RunTime:0.001533s ]
INFO: [ app_end ] --START--
INFO: Run Behavior\ShowPageTraceBehavior [ RunTime:0.001695s ]
INFO: [ app_end ] --END-- [ RunTime:0.001773s ]

[ 2016-03-24T17:27:48+08:00 ] 192.168.1.101 /wemall-multiUser/Home/Public/getVerify
INFO: [ app_init ] --START--
INFO: Run Behavior\BuildLiteBehavior [ RunTime:0.000023s ]
INFO: [ app_init ] --END-- [ RunTime:0.000914s ]
INFO: [ app_begin ] --START--
INFO: Run Behavior\ReadHtmlCacheBehavior [ RunTime:0.001164s ]
INFO: [ app_begin ] --END-- [ RunTime:0.001224s ]
INFO: [ app_end ] --START--
INFO: Run Behavior\ShowPageTraceBehavior [ RunTime:0.001312s ]
INFO: [ app_end ] --END-- [ RunTime:0.001377s ]

[ 2016-03-24T17:27:50+08:00 ] 192.168.1.101 /wemall-multiUser/Home/Public/login
INFO: [ app_init ] --START--
INFO: Run Behavior\BuildLiteBehavior [ RunTime:0.000031s ]
INFO: [ app_init ] --END-- [ RunTime:0.001178s ]
INFO: [ app_begin ] --START--
INFO: Run Behavior\ReadHtmlCacheBehavior [ RunTime:0.003259s ]
INFO: [ app_begin ] --END-- [ RunTime:0.003362s ]
INFO: [ view_parse ] --START--
INFO: [ template_filter ] --START--
INFO: Run Behavior\ContentReplaceBehavior [ RunTime:0.000055s ]
INFO: [ template_filter ] --END-- [ RunTime:0.000110s ]
INFO: Run Behavior\ParseTemplateBehavior [ RunTime:0.032207s ]
INFO: [ view_parse ] --END-- [ RunTime:0.032275s ]
INFO: [ view_filter ] --START--
INFO: Run Behavior\WriteHtmlCacheBehavior [ RunTime:0.001042s ]
INFO: [ view_filter ] --END-- [ RunTime:0.001084s ]
INFO: [ app_end ] --START--
INFO: Run Behavior\ShowPageTraceBehavior [ RunTime:0.001493s ]
INFO: [ app_end ] --END-- [ RunTime:0.001540s ]

[ 2016-03-24T17:27:50+08:00 ] 192.168.1.101 /wemall-multiUser/Home/Public/getVerify
INFO: [ app_init ] --START--
INFO: Run Behavior\BuildLiteBehavior [ RunTime:0.000014s ]
INFO: [ app_init ] --END-- [ RunTime:0.000691s ]
INFO: [ app_begin ] --START--
INFO: Run Behavior\ReadHtmlCacheBehavior [ RunTime:0.001186s ]
INFO: [ app_begin ] --END-- [ RunTime:0.001257s ]
INFO: [ app_end ] --START--
INFO: Run Behavior\ShowPageTraceBehavior [ RunTime:0.002100s ]
INFO: [ app_end ] --END-- [ RunTime:0.002224s ]

[ 2016-03-24T17:27:56+08:00 ] 192.168.1.101 /wemall-multiUser/Home/Public/register
INFO: [ app_init ] --START--
INFO: Run Behavior\BuildLiteBehavior [ RunTime:0.000018s ]
INFO: [ app_init ] --END-- [ RunTime:0.000886s ]
INFO: [ app_begin ] --START--
INFO: Run Behavior\ReadHtmlCacheBehavior [ RunTime:0.001165s ]
INFO: [ app_begin ] --END-- [ RunTime:0.001234s ]
INFO: [ view_parse ] --START--
INFO: [ template_filter ] --START--
INFO: Run Behavior\ContentReplaceBehavior [ RunTime:0.000072s ]
INFO: [ template_filter ] --END-- [ RunTime:0.000159s ]
INFO: Run Behavior\ParseTemplateBehavior [ RunTime:0.021434s ]
INFO: [ view_parse ] --END-- [ RunTime:0.021495s ]
INFO: [ view_filter ] --START--
INFO: Run Behavior\WriteHtmlCacheBehavior [ RunTime:0.000865s ]
INFO: [ view_filter ] --END-- [ RunTime:0.000899s ]
INFO: [ app_end ] --START--
INFO: Run Behavior\ShowPageTraceBehavior [ RunTime:0.001089s ]
INFO: [ app_end ] --END-- [ RunTime:0.001135s ]

[ 2016-03-24T17:27:56+08:00 ] 192.168.1.101 /wemall-multiUser/Home/Public/getVerify
INFO: [ app_init ] --START--
INFO: Run Behavior\BuildLiteBehavior [ RunTime:0.000013s ]
INFO: [ app_init ] --END-- [ RunTime:0.000659s ]
INFO: [ app_begin ] --START--
INFO: Run Behavior\ReadHtmlCacheBehavior [ RunTime:0.001784s ]
INFO: [ app_begin ] --END-- [ RunTime:0.001864s ]
INFO: [ app_end ] --START--
INFO: Run Behavior\ShowPageTraceBehavior [ RunTime:0.001056s ]
INFO: [ app_end ] --END-- [ RunTime:0.001119s ]

[ 2016-03-24T17:27:58+08:00 ] 192.168.1.101 /wemall-multiUser/Home/Public/login
INFO: [ app_init ] --START--
INFO: Run Behavior\BuildLiteBehavior [ RunTime:0.000018s ]
INFO: [ app_init ] --END-- [ RunTime:0.000950s ]
INFO: [ app_begin ] --START--
INFO: Run Behavior\ReadHtmlCacheBehavior [ RunTime:0.001345s ]
INFO: [ app_begin ] --END-- [ RunTime:0.001406s ]
INFO: [ view_parse ] --START--
INFO: [ template_filter ] --START--
INFO: Run Behavior\ContentReplaceBehavior [ RunTime:0.000075s ]
INFO: [ template_filter ] --END-- [ RunTime:0.000181s ]
INFO: Run Behavior\ParseTemplateBehavior [ RunTime:0.011447s ]
INFO: [ view_parse ] --END-- [ RunTime:0.011512s ]
INFO: [ view_filter ] --START--
INFO: Run Behavior\WriteHtmlCacheBehavior [ RunTime:0.000991s ]
INFO: [ view_filter ] --END-- [ RunTime:0.001029s ]
INFO: [ app_end ] --START--
INFO: Run Behavior\ShowPageTraceBehavior [ RunTime:0.001126s ]
INFO: [ app_end ] --END-- [ RunTime:0.001168s ]

[ 2016-03-24T17:27:58+08:00 ] 192.168.1.101 /wemall-multiUser/Home/Public/getVerify
INFO: [ app_init ] --START--
INFO: Run Behavior\BuildLiteBehavior [ RunTime:0.000016s ]
INFO: [ app_init ] --END-- [ RunTime:0.000979s ]
INFO: [ app_begin ] --START--
INFO: Run Behavior\ReadHtmlCacheBehavior [ RunTime:0.001373s ]
INFO: [ app_begin ] --END-- [ RunTime:0.001442s ]
INFO: [ app_end ] --START--
INFO: Run Behavior\ShowPageTraceBehavior [ RunTime:0.001369s ]
INFO: [ app_end ] --END-- [ RunTime:0.001458s ]

[ 2016-03-24T17:28:09+08:00 ] 192.168.1.101 /wemall-multiUser/Home/Public/register
INFO: [ app_init ] --START--
INFO: Run Behavior\BuildLiteBehavior [ RunTime:0.000014s ]
INFO: [ app_init ] --END-- [ RunTime:0.000677s ]
INFO: [ app_begin ] --START--
INFO: Run Behavior\ReadHtmlCacheBehavior [ RunTime:0.001103s ]
INFO: [ app_begin ] --END-- [ RunTime:0.001151s ]
INFO: [ view_parse ] --START--
INFO: [ template_filter ] --START--
INFO: Run Behavior\ContentReplaceBehavior [ RunTime:0.000059s ]
INFO: [ template_filter ] --END-- [ RunTime:0.000107s ]
INFO: Run Behavior\ParseTemplateBehavior [ RunTime:0.009981s ]
INFO: [ view_parse ] --END-- [ RunTime:0.010036s ]
INFO: [ view_filter ] --START--
INFO: Run Behavior\WriteHtmlCacheBehavior [ RunTime:0.000922s ]
INFO: [ view_filter ] --END-- [ RunTime:0.000956s ]
INFO: [ app_end ] --START--
INFO: Run Behavior\ShowPageTraceBehavior [ RunTime:0.001659s ]
INFO: [ app_end ] --END-- [ RunTime:0.001758s ]

[ 2016-03-24T17:28:09+08:00 ] 192.168.1.101 /wemall-multiUser/Home/Public/getVerify
INFO: [ app_init ] --START--
INFO: Run Behavior\BuildLiteBehavior [ RunTime:0.000014s ]
INFO: [ app_init ] --END-- [ RunTime:0.000693s ]
INFO: [ app_begin ] --START--
INFO: Run Behavior\ReadHtmlCacheBehavior [ RunTime:0.001108s ]
INFO: [ app_begin ] --END-- [ RunTime:0.001156s ]
INFO: [ app_end ] --START--
INFO: Run Behavior\ShowPageTraceBehavior [ RunTime:0.001095s ]
INFO: [ app_end ] --END-- [ RunTime:0.001149s ]

[ 2016-03-24T17:30:54+08:00 ] 192.168.1.101 /wemall-multiUser/Home/Public/register
INFO: [ app_init ] --START--
INFO: Run Behavior\BuildLiteBehavior [ RunTime:0.000016s ]
INFO: [ app_init ] --END-- [ RunTime:0.001125s ]
INFO: [ app_begin ] --START--
INFO: Run Behavior\ReadHtmlCacheBehavior [ RunTime:0.001151s ]
INFO: [ app_begin ] --END-- [ RunTime:0.001212s ]
INFO: [ view_parse ] --START--
INFO: [ template_filter ] --START--
INFO: Run Behavior\ContentReplaceBehavior [ RunTime:0.000070s ]
INFO: [ template_filter ] --END-- [ RunTime:0.000126s ]
INFO: Run Behavior\ParseTemplateBehavior [ RunTime:0.012606s ]
INFO: [ view_parse ] --END-- [ RunTime:0.012683s ]
INFO: [ view_filter ] --START--
INFO: Run Behavior\WriteHtmlCacheBehavior [ RunTime:0.000822s ]
INFO: [ view_filter ] --END-- [ RunTime:0.000861s ]
INFO: [ app_end ] --START--
INFO: Run Behavior\ShowPageTraceBehavior [ RunTime:0.001043s ]
INFO: [ app_end ] --END-- [ RunTime:0.001091s ]

[ 2016-03-24T17:30:55+08:00 ] 192.168.1.101 /wemall-multiUser/Home/Public/getVerify
INFO: [ app_init ] --START--
INFO: Run Behavior\BuildLiteBehavior [ RunTime:0.000026s ]
INFO: [ app_init ] --END-- [ RunTime:0.001438s ]
INFO: [ app_begin ] --START--
INFO: Run Behavior\ReadHtmlCacheBehavior [ RunTime:0.001383s ]
INFO: [ app_begin ] --END-- [ RunTime:0.001455s ]
INFO: [ app_end ] --START--
INFO: Run Behavior\ShowPageTraceBehavior [ RunTime:0.001190s ]
INFO: [ app_end ] --END-- [ RunTime:0.001253s ]

[ 2016-03-24T17:31:01+08:00 ] 192.168.1.101 /wemall-multiUser/Home/Public/login
INFO: [ app_init ] --START--
INFO: Run Behavior\BuildLiteBehavior [ RunTime:0.000018s ]
INFO: [ app_init ] --END-- [ RunTime:0.001033s ]
INFO: [ app_begin ] --START--
INFO: Run Behavior\ReadHtmlCacheBehavior [ RunTime:0.001623s ]
INFO: [ app_begin ] --END-- [ RunTime:0.001691s ]
INFO: [ view_parse ] --START--
INFO: [ template_filter ] --START--
INFO: Run Behavior\ContentReplaceBehavior [ RunTime:0.000048s ]
INFO: [ template_filter ] --END-- [ RunTime:0.000097s ]
INFO: Run Behavior\ParseTemplateBehavior [ RunTime:0.039115s ]
INFO: [ view_parse ] --END-- [ RunTime:0.039177s ]
INFO: [ view_filter ] --START--
INFO: Run Behavior\WriteHtmlCacheBehavior [ RunTime:0.001032s ]
INFO: [ view_filter ] --END-- [ RunTime:0.001069s ]
INFO: [ app_end ] --START--
INFO: Run Behavior\ShowPageTraceBehavior [ RunTime:0.001256s ]
INFO: [ app_end ] --END-- [ RunTime:0.001298s ]

[ 2016-03-24T17:31:01+08:00 ] 192.168.1.101 /wemall-multiUser/Home/Public/getVerify
INFO: [ app_init ] --START--
INFO: Run Behavior\BuildLiteBehavior [ RunTime:0.000013s ]
INFO: [ app_init ] --END-- [ RunTime:0.000663s ]
INFO: [ app_begin ] --START--
INFO: Run Behavior\ReadHtmlCacheBehavior [ RunTime:0.001164s ]
INFO: [ app_begin ] --END-- [ RunTime:0.001244s ]
INFO: [ app_end ] --START--
INFO: Run Behavior\ShowPageTraceBehavior [ RunTime:0.001187s ]
INFO: [ app_end ] --END-- [ RunTime:0.001241s ]

[ 2016-03-24T17:31:03+08:00 ] 192.168.1.101 /wemall-multiUser/Home/Public/register
INFO: [ app_init ] --START--
INFO: Run Behavior\BuildLiteBehavior [ RunTime:0.000017s ]
INFO: [ app_init ] --END-- [ RunTime:0.000867s ]
INFO: [ app_begin ] --START--
INFO: Run Behavior\ReadHtmlCacheBehavior [ RunTime:0.001227s ]
INFO: [ app_begin ] --END-- [ RunTime:0.001288s ]
INFO: [ view_parse ] --START--
INFO: [ template_filter ] --START--
INFO: Run Behavior\ContentReplaceBehavior [ RunTime:0.000107s ]
INFO: [ template_filter ] --END-- [ RunTime:0.000203s ]
INFO: Run Behavior\ParseTemplateBehavior [ RunTime:0.013823s ]
INFO: [ view_parse ] --END-- [ RunTime:0.013889s ]
INFO: [ view_filter ] --START--
INFO: Run Behavior\WriteHtmlCacheBehavior [ RunTime:0.001006s ]
INFO: [ view_filter ] --END-- [ RunTime:0.001050s ]
INFO: [ app_end ] --START--
INFO: Run Behavior\ShowPageTraceBehavior [ RunTime:0.001487s ]
INFO: [ app_end ] --END-- [ RunTime:0.001544s ]

[ 2016-03-24T17:31:04+08:00 ] 192.168.1.101 /wemall-multiUser/Home/Public/getVerify
INFO: [ app_init ] --START--
INFO: Run Behavior\BuildLiteBehavior [ RunTime:0.000026s ]
INFO: [ app_init ] --END-- [ RunTime:0.000907s ]
INFO: [ app_begin ] --START--
INFO: Run Behavior\ReadHtmlCacheBehavior [ RunTime:0.001757s ]
INFO: [ app_begin ] --END-- [ RunTime:0.001843s ]
INFO: [ app_end ] --START--
INFO: Run Behavior\ShowPageTraceBehavior [ RunTime:0.003220s ]
INFO: [ app_end ] --END-- [ RunTime:0.003326s ]

[ 2016-03-24T17:31:05+08:00 ] 192.168.1.101 /wemall-multiUser/Home/Public/checkName/username/
INFO: [ app_init ] --START--
INFO: Run Behavior\BuildLiteBehavior [ RunTime:0.000014s ]
INFO: [ app_init ] --END-- [ RunTime:0.000747s ]
INFO: [ app_begin ] --START--
INFO: Run Behavior\ReadHtmlCacheBehavior [ RunTime:0.002134s ]
INFO: [ app_begin ] --END-- [ RunTime:0.002190s ]
ERR: 非法操作:checkName

[ 2016-03-24T17:31:14+08:00 ] 192.168.1.101 /wemall-multiUser/Home/Public/register
INFO: [ app_init ] --START--
INFO: Run Behavior\BuildLiteBehavior [ RunTime:0.000017s ]
INFO: [ app_init ] --END-- [ RunTime:0.000732s ]
INFO: [ app_begin ] --START--
INFO: Run Behavior\ReadHtmlCacheBehavior [ RunTime:0.001426s ]
INFO: [ app_begin ] --END-- [ RunTime:0.001486s ]
INFO: [ view_parse ] --START--
INFO: [ template_filter ] --START--
INFO: Run Behavior\ContentReplaceBehavior [ RunTime:0.000062s ]
INFO: [ template_filter ] --END-- [ RunTime:0.000116s ]
INFO: Run Behavior\ParseTemplateBehavior [ RunTime:0.010385s ]
INFO: [ view_parse ] --END-- [ RunTime:0.010447s ]
INFO: [ view_filter ] --START--
INFO: Run Behavior\WriteHtmlCacheBehavior [ RunTime:0.001629s ]
INFO: [ view_filter ] --END-- [ RunTime:0.001683s ]
INFO: [ app_end ] --START--
INFO: Run Behavior\ShowPageTraceBehavior [ RunTime:0.001539s ]
INFO: [ app_end ] --END-- [ RunTime:0.001591s ]

[ 2016-03-24T17:31:14+08:00 ] 192.168.1.101 /wemall-multiUser/Home/Public/getVerify
INFO: [ app_init ] --START--
INFO: Run Behavior\BuildLiteBehavior [ RunTime:0.000018s ]
INFO: [ app_init ] --END-- [ RunTime:0.001039s ]
INFO: [ app_begin ] --START--
INFO: Run Behavior\ReadHtmlCacheBehavior [ RunTime:0.001453s ]
INFO: [ app_begin ] --END-- [ RunTime:0.001517s ]
INFO: [ app_end ] --START--
INFO: Run Behavior\ShowPageTraceBehavior [ RunTime:0.001456s ]
INFO: [ app_end ] --END-- [ RunTime:0.001519s ]

[ 2016-03-24T17:31:21+08:00 ] 192.168.1.101 /wemall-multiUser/Home/Public/checkName/username/
INFO: [ app_init ] --START--
INFO: Run Behavior\BuildLiteBehavior [ RunTime:0.000033s ]
INFO: [ app_init ] --END-- [ RunTime:0.001947s ]
INFO: [ app_begin ] --START--
INFO: Run Behavior\ReadHtmlCacheBehavior [ RunTime:0.001410s ]
INFO: [ app_begin ] --END-- [ RunTime:0.001478s ]
ERR: 非法操作:checkName

[ 2016-03-24T17:31:23+08:00 ] 192.168.1.101 /wemall-multiUser/Home/Public/checkName/username/
INFO: [ app_init ] --START--
INFO: Run Behavior\BuildLiteBehavior [ RunTime:0.000016s ]
INFO: [ app_init ] --END-- [ RunTime:0.000881s ]
INFO: [ app_begin ] --START--
INFO: Run Behavior\ReadHtmlCacheBehavior [ RunTime:0.001401s ]
INFO: [ app_begin ] --END-- [ RunTime:0.001463s ]
ERR: 非法操作:checkName

[ 2016-03-24T17:31:27+08:00 ] 192.168.1.101 /wemall-multiUser/Home/Public/register
INFO: [ app_init ] --START--
INFO: Run Behavior\BuildLiteBehavior [ RunTime:0.000017s ]
INFO: [ app_init ] --END-- [ RunTime:0.001051s ]
INFO: [ app_begin ] --START--
INFO: Run Behavior\ReadHtmlCacheBehavior [ RunTime:0.002110s ]
INFO: [ app_begin ] --END-- [ RunTime:0.002181s ]
INFO: [ view_parse ] --START--
INFO: [ template_filter ] --START--
INFO: Run Behavior\ContentReplaceBehavior [ RunTime:0.000062s ]
INFO: [ template_filter ] --END-- [ RunTime:0.000138s ]
INFO: Run Behavior\ParseTemplateBehavior [ RunTime:0.010713s ]
INFO: [ view_parse ] --END-- [ RunTime:0.010768s ]
INFO: [ view_filter ] --START--
INFO: Run Behavior\WriteHtmlCacheBehavior [ RunTime:0.001211s ]
INFO: [ view_filter ] --END-- [ RunTime:0.001250s ]
INFO: [ app_end ] --START--
INFO: Run Behavior\ShowPageTraceBehavior [ RunTime:0.001392s ]
INFO: [ app_end ] --END-- [ RunTime:0.001434s ]

[ 2016-03-24T17:31:28+08:00 ] 192.168.1.101 /wemall-multiUser/Home/Public/getVerify
INFO: [ app_init ] --START--
INFO: Run Behavior\BuildLiteBehavior [ RunTime:0.000013s ]
INFO: [ app_init ] --END-- [ RunTime:0.000741s ]
INFO: [ app_begin ] --START--
INFO: Run Behavior\ReadHtmlCacheBehavior [ RunTime:0.001007s ]
INFO: [ app_begin ] --END-- [ RunTime:0.001066s ]
INFO: [ app_end ] --START--
INFO: Run Behavior\ShowPageTraceBehavior [ RunTime:0.001010s ]
INFO: [ app_end ] --END-- [ RunTime:0.001069s ]

[ 2016-03-24T17:31:42+08:00 ] 192.168.1.101 /wemall-multiUser/Home/Public/login
INFO: [ app_init ] --START--
INFO: Run Behavior\BuildLiteBehavior [ RunTime:0.000032s ]
INFO: [ app_init ] --END-- [ RunTime:0.001926s ]
INFO: [ app_begin ] --START--
INFO: Run Behavior\ReadHtmlCacheBehavior [ RunTime:0.001018s ]
INFO: [ app_begin ] --END-- [ RunTime:0.001087s ]
INFO: [ view_parse ] --START--
INFO: [ template_filter ] --START--
INFO: Run Behavior\ContentReplaceBehavior [ RunTime:0.000052s ]
INFO: [ template_filter ] --END-- [ RunTime:0.000105s ]
INFO: Run Behavior\ParseTemplateBehavior [ RunTime:0.010338s ]
INFO: [ view_parse ] --END-- [ RunTime:0.010406s ]
INFO: [ view_filter ] --START--
INFO: Run Behavior\WriteHtmlCacheBehavior [ RunTime:0.000939s ]
INFO: [ view_filter ] --END-- [ RunTime:0.000974s ]
INFO: [ app_end ] --START--
INFO: Run Behavior\ShowPageTraceBehavior [ RunTime:0.000939s ]
INFO: [ app_end ] --END-- [ RunTime:0.000979s ]

[ 2016-03-24T17:31:42+08:00 ] 192.168.1.101 /wemall-multiUser/Home/Public/getVerify
INFO: [ app_init ] --START--
INFO: Run Behavior\BuildLiteBehavior [ RunTime:0.000015s ]
INFO: [ app_init ] --END-- [ RunTime:0.001124s ]
INFO: [ app_begin ] --START--
INFO: Run Behavior\ReadHtmlCacheBehavior [ RunTime:0.001167s ]
INFO: [ app_begin ] --END-- [ RunTime:0.001225s ]
INFO: [ app_end ] --START--
INFO: Run Behavior\ShowPageTraceBehavior [ RunTime:0.001097s ]
INFO: [ app_end ] --END-- [ RunTime:0.001154s ]

[ 2016-03-24T17:32:39+08:00 ] 192.168.1.101 /wemall-multiUser/Home/Public/register
INFO: [ app_init ] --START--
INFO: Run Behavior\BuildLiteBehavior [ RunTime:0.000017s ]
INFO: [ app_init ] --END-- [ RunTime:0.001079s ]
INFO: [ app_begin ] --START--
INFO: Run Behavior\ReadHtmlCacheBehavior [ RunTime:0.000996s ]
INFO: [ app_begin ] --END-- [ RunTime:0.001052s ]
INFO: [ view_parse ] --START--
INFO: [ template_filter ] --START--
INFO: Run Behavior\ContentReplaceBehavior [ RunTime:0.000059s ]
INFO: [ template_filter ] --END-- [ RunTime:0.000111s ]
INFO: Run Behavior\ParseTemplateBehavior [ RunTime:0.010380s ]
INFO: [ view_parse ] --END-- [ RunTime:0.010449s ]
INFO: [ view_filter ] --START--
INFO: Run Behavior\WriteHtmlCacheBehavior [ RunTime:0.000944s ]
INFO: [ view_filter ] --END-- [ RunTime:0.000981s ]
INFO: [ app_end ] --START--
INFO: Run Behavior\ShowPageTraceBehavior [ RunTime:0.001007s ]
INFO: [ app_end ] --END-- [ RunTime:0.001047s ]

[ 2016-03-24T17:32:39+08:00 ] 192.168.1.101 /wemall-multiUser/Home/Public/getVerify
INFO: [ app_init ] --START--
INFO: Run Behavior\BuildLiteBehavior [ RunTime:0.000016s ]
INFO: [ app_init ] --END-- [ RunTime:0.000801s ]
INFO: [ app_begin ] --START--
INFO: Run Behavior\ReadHtmlCacheBehavior [ RunTime:0.001171s ]
INFO: [ app_begin ] --END-- [ RunTime:0.001223s ]
INFO: [ app_end ] --START--
INFO: Run Behavior\ShowPageTraceBehavior [ RunTime:0.001327s ]
INFO: [ app_end ] --END-- [ RunTime:0.001394s ]

[ 2016-03-24T17:34:02+08:00 ] 192.168.1.101 /wemall-multiUser/Home/Public/register
INFO: [ app_init ] --START--
INFO: Run Behavior\BuildLiteBehavior [ RunTime:0.000020s ]
INFO: [ app_init ] --END-- [ RunTime:0.001060s ]
INFO: [ app_begin ] --START--
INFO: Run Behavior\ReadHtmlCacheBehavior [ RunTime:0.001558s ]
INFO: [ app_begin ] --END-- [ RunTime:0.001624s ]
INFO: [ view_parse ] --START--
INFO: [ template_filter ] --START--
INFO: Run Behavior\ContentReplaceBehavior [ RunTime:0.000059s ]
INFO: [ template_filter ] --END-- [ RunTime:0.000108s ]
INFO: Run Behavior\ParseTemplateBehavior [ RunTime:0.010090s ]
INFO: [ view_parse ] --END-- [ RunTime:0.010141s ]
INFO: [ view_filter ] --START--
INFO: Run Behavior\WriteHtmlCacheBehavior [ RunTime:0.000976s ]
INFO: [ view_filter ] --END-- [ RunTime:0.001014s ]
INFO: [ app_end ] --START--
INFO: Run Behavior\ShowPageTraceBehavior [ RunTime:0.001111s ]
INFO: [ app_end ] --END-- [ RunTime:0.001150s ]

[ 2016-03-24T17:34:02+08:00 ] 192.168.1.101 /wemall-multiUser/Home/Public/getVerify
INFO: [ app_init ] --START--
INFO: Run Behavior\BuildLiteBehavior [ RunTime:0.000020s ]
INFO: [ app_init ] --END-- [ RunTime:0.001065s ]
INFO: [ app_begin ] --START--
INFO: Run Behavior\ReadHtmlCacheBehavior [ RunTime:0.001445s ]
INFO: [ app_begin ] --END-- [ RunTime:0.001522s ]
INFO: [ app_end ] --START--
INFO: Run Behavior\ShowPageTraceBehavior [ RunTime:0.001724s ]
INFO: [ app_end ] --END-- [ RunTime:0.001800s ]

[ 2016-03-24T17:34:25+08:00 ] 192.168.1.101 /wemall-multiUser/Home/Public/login
INFO: [ app_init ] --START--
INFO: Run Behavior\BuildLiteBehavior [ RunTime:0.000015s ]
INFO: [ app_init ] --END-- [ RunTime:0.001224s ]
INFO: [ app_begin ] --START--
INFO: Run Behavior\ReadHtmlCacheBehavior [ RunTime:0.001070s ]
INFO: [ app_begin ] --END-- [ RunTime:0.001134s ]
INFO: [ view_parse ] --START--
INFO: [ template_filter ] --START--
INFO: Run Behavior\ContentReplaceBehavior [ RunTime:0.000048s ]
INFO: [ template_filter ] --END-- [ RunTime:0.000093s ]
INFO: Run Behavior\ParseTemplateBehavior [ RunTime:0.009124s ]
INFO: [ view_parse ] --END-- [ RunTime:0.009182s ]
INFO: [ view_filter ] --START--
INFO: Run Behavior\WriteHtmlCacheBehavior [ RunTime:0.000966s ]
INFO: [ view_filter ] --END-- [ RunTime:0.001007s ]
INFO: [ app_end ] --START--
INFO: Run Behavior\ShowPageTraceBehavior [ RunTime:0.001110s ]
INFO: [ app_end ] --END-- [ RunTime:0.001151s ]

[ 2016-03-24T17:34:25+08:00 ] 192.168.1.101 /wemall-multiUser/Home/Public/getVerify
INFO: [ app_init ] --START--
INFO: Run Behavior\BuildLiteBehavior [ RunTime:0.000016s ]
INFO: [ app_init ] --END-- [ RunTime:0.000841s ]
INFO: [ app_begin ] --START--
INFO: Run Behavior\ReadHtmlCacheBehavior [ RunTime:0.000843s ]
INFO: [ app_begin ] --END-- [ RunTime:0.000899s ]
INFO: [ app_end ] --START--
INFO: Run Behavior\ShowPageTraceBehavior [ RunTime:0.001100s ]
INFO: [ app_end ] --END-- [ RunTime:0.001159s ]

[ 2016-03-24T17:34:27+08:00 ] 192.168.1.101 /wemall-multiUser/Home/Public/register
INFO: [ app_init ] --START--
INFO: Run Behavior\BuildLiteBehavior [ RunTime:0.000015s ]
INFO: [ app_init ] --END-- [ RunTime:0.000781s ]
INFO: [ app_begin ] --START--
INFO: Run Behavior\ReadHtmlCacheBehavior [ RunTime:0.000870s ]
INFO: [ app_begin ] --END-- [ RunTime:0.000929s ]
INFO: [ view_parse ] --START--
INFO: [ template_filter ] --START--
INFO: Run Behavior\ContentReplaceBehavior [ RunTime:0.000097s ]
INFO: [ template_filter ] --END-- [ RunTime:0.000185s ]
INFO: Run Behavior\ParseTemplateBehavior [ RunTime:0.010376s ]
INFO: [ view_parse ] --END-- [ RunTime:0.010431s ]
INFO: [ view_filter ] --START--
INFO: Run Behavior\WriteHtmlCacheBehavior [ RunTime:0.000990s ]
INFO: [ view_filter ] --END-- [ RunTime:0.001029s ]
INFO: [ app_end ] --START--
INFO: Run Behavior\ShowPageTraceBehavior [ RunTime:0.001141s ]
INFO: [ app_end ] --END-- [ RunTime:0.001181s ]

[ 2016-03-24T17:34:28+08:00 ] 192.168.1.101 /wemall-multiUser/Home/Public/getVerify
INFO: [ app_init ] --START--
INFO: Run Behavior\BuildLiteBehavior [ RunTime:0.000014s ]
INFO: [ app_init ] --END-- [ RunTime:0.000698s ]
INFO: [ app_begin ] --START--
INFO: Run Behavior\ReadHtmlCacheBehavior [ RunTime:0.000791s ]
INFO: [ app_begin ] --END-- [ RunTime:0.000839s ]
INFO: [ app_end ] --START--
INFO: Run Behavior\ShowPageTraceBehavior [ RunTime:0.001309s ]
INFO: [ app_end ] --END-- [ RunTime:0.001370s ]

[ 2016-03-24T17:34:31+08:00 ] 192.168.1.101 /wemall-multiUser/Home/Public/login
INFO: [ app_init ] --START--
INFO: Run Behavior\BuildLiteBehavior [ RunTime:0.000019s ]
INFO: [ app_init ] --END-- [ RunTime:0.001082s ]
INFO: [ app_begin ] --START--
INFO: Run Behavior\ReadHtmlCacheBehavior [ RunTime:0.001177s ]
INFO: [ app_begin ] --END-- [ RunTime:0.001251s ]
INFO: [ view_parse ] --START--
INFO: [ template_filter ] --START--
INFO: Run Behavior\ContentReplaceBehavior [ RunTime:0.000049s ]
INFO: [ template_filter ] --END-- [ RunTime:0.000099s ]
INFO: Run Behavior\ParseTemplateBehavior [ RunTime:0.011135s ]
INFO: [ view_parse ] --END-- [ RunTime:0.011203s ]
INFO: [ view_filter ] --START--
INFO: Run Behavior\WriteHtmlCacheBehavior [ RunTime:0.000997s ]
INFO: [ view_filter ] --END-- [ RunTime:0.001039s ]
INFO: [ app_end ] --START--
INFO: Run Behavior\ShowPageTraceBehavior [ RunTime:0.001153s ]
INFO: [ app_end ] --END-- [ RunTime:0.001198s ]

[ 2016-03-24T17:34:31+08:00 ] 192.168.1.101 /wemall-multiUser/Home/Public/getVerify
INFO: [ app_init ] --START--
INFO: Run Behavior\BuildLiteBehavior [ RunTime:0.000022s ]
INFO: [ app_init ] --END-- [ RunTime:0.001171s ]
INFO: [ app_begin ] --START--
INFO: Run Behavior\ReadHtmlCacheBehavior [ RunTime:0.001233s ]
INFO: [ app_begin ] --END-- [ RunTime:0.001310s ]
INFO: [ app_end ] --START--
INFO: Run Behavior\ShowPageTraceBehavior [ RunTime:0.001641s ]
INFO: [ app_end ] --END-- [ RunTime:0.001721s ]

[ 2016-03-24T17:34:33+08:00 ] 192.168.1.101 /wemall-multiUser/Home/Public/register
INFO: [ app_init ] --START--
INFO: Run Behavior\BuildLiteBehavior [ RunTime:0.000016s ]
INFO: [ app_init ] --END-- [ RunTime:0.000944s ]
INFO: [ app_begin ] --START--
INFO: Run Behavior\ReadHtmlCacheBehavior [ RunTime:0.001138s ]
INFO: [ app_begin ] --END-- [ RunTime:0.001224s ]
INFO: [ view_parse ] --START--
INFO: [ template_filter ] --START--
INFO: Run Behavior\ContentReplaceBehavior [ RunTime:0.000059s ]
INFO: [ template_filter ] --END-- [ RunTime:0.000113s ]
INFO: Run Behavior\ParseTemplateBehavior [ RunTime:0.010638s ]
INFO: [ view_parse ] --END-- [ RunTime:0.010696s ]
INFO: [ view_filter ] --START--
INFO: Run Behavior\WriteHtmlCacheBehavior [ RunTime:0.001003s ]
INFO: [ view_filter ] --END-- [ RunTime:0.001041s ]
INFO: [ app_end ] --START--
INFO: Run Behavior\ShowPageTraceBehavior [ RunTime:0.001138s ]
INFO: [ app_end ] --END-- [ RunTime:0.001178s ]

[ 2016-03-24T17:34:33+08:00 ] 192.168.1.101 /wemall-multiUser/Home/Public/getVerify
INFO: [ app_init ] --START--
INFO: Run Behavior\BuildLiteBehavior [ RunTime:0.000018s ]
INFO: [ app_init ] --END-- [ RunTime:0.001057s ]
INFO: [ app_begin ] --START--
INFO: Run Behavior\ReadHtmlCacheBehavior [ RunTime:0.001170s ]
INFO: [ app_begin ] --END-- [ RunTime:0.001242s ]
INFO: [ app_end ] --START--
INFO: Run Behavior\ShowPageTraceBehavior [ RunTime:0.001163s ]
INFO: [ app_end ] --END-- [ RunTime:0.001239s ]

[ 2016-03-24T17:34:44+08:00 ] 192.168.1.101 /wemall-multiUser/Home/Public/login
INFO: [ app_init ] --START--
INFO: Run Behavior\BuildLiteBehavior [ RunTime:0.000021s ]
INFO: [ app_init ] --END-- [ RunTime:0.001134s ]
INFO: [ app_begin ] --START--
INFO: Run Behavior\ReadHtmlCacheBehavior [ RunTime:0.001177s ]
INFO: [ app_begin ] --END-- [ RunTime:0.001255s ]
INFO: [ view_parse ] --START--
INFO: [ template_filter ] --START--
INFO: Run Behavior\ContentReplaceBehavior [ RunTime:0.000053s ]
INFO: [ template_filter ] --END-- [ RunTime:0.000103s ]
INFO: Run Behavior\ParseTemplateBehavior [ RunTime:0.009454s ]
INFO: [ view_parse ] --END-- [ RunTime:0.009511s ]
INFO: [ view_filter ] --START--
INFO: Run Behavior\WriteHtmlCacheBehavior [ RunTime:0.000870s ]
INFO: [ view_filter ] --END-- [ RunTime:0.000906s ]
INFO: [ app_end ] --START--
INFO: Run Behavior\ShowPageTraceBehavior [ RunTime:0.001045s ]
INFO: [ app_end ] --END-- [ RunTime:0.001085s ]

[ 2016-03-24T17:34:44+08:00 ] 192.168.1.101 /wemall-multiUser/Home/Public/getVerify
INFO: [ app_init ] --START--
INFO: Run Behavior\BuildLiteBehavior [ RunTime:0.000016s ]
INFO: [ app_init ] --END-- [ RunTime:0.000897s ]
INFO: [ app_begin ] --START--
INFO: Run Behavior\ReadHtmlCacheBehavior [ RunTime:0.000799s ]
INFO: [ app_begin ] --END-- [ RunTime:0.000851s ]
INFO: [ app_end ] --START--
INFO: Run Behavior\ShowPageTraceBehavior [ RunTime:0.001063s ]
INFO: [ app_end ] --END-- [ RunTime:0.001114s ]

[ 2016-03-24T17:49:13+08:00 ] 192.168.1.101 /wemall-multiUser/Home/Public/register
INFO: [ app_init ] --START--
INFO: Run Behavior\BuildLiteBehavior [ RunTime:0.000015s ]
INFO: [ app_init ] --END-- [ RunTime:0.000752s ]
INFO: [ app_begin ] --START--
INFO: Run Behavior\ReadHtmlCacheBehavior [ RunTime:0.001158s ]
INFO: [ app_begin ] --END-- [ RunTime:0.001207s ]
INFO: [ view_parse ] --START--
INFO: [ template_filter ] --START--
INFO: Run Behavior\ContentReplaceBehavior [ RunTime:0.000060s ]
INFO: [ template_filter ] --END-- [ RunTime:0.000112s ]
INFO: Run Behavior\ParseTemplateBehavior [ RunTime:0.010296s ]
INFO: [ view_parse ] --END-- [ RunTime:0.010352s ]
INFO: [ view_filter ] --START--
INFO: Run Behavior\WriteHtmlCacheBehavior [ RunTime:0.001055s ]
INFO: [ view_filter ] --END-- [ RunTime:0.001092s ]
INFO: [ app_end ] --START--
INFO: Run Behavior\ShowPageTraceBehavior [ RunTime:0.001214s ]
INFO: [ app_end ] --END-- [ RunTime:0.001259s ]

[ 2016-03-24T17:49:13+08:00 ] 192.168.1.101 /wemall-multiUser/Home/Public/getVerify
INFO: [ app_init ] --START--
INFO: Run Behavior\BuildLiteBehavior [ RunTime:0.000017s ]
INFO: [ app_init ] --END-- [ RunTime:0.000974s ]
INFO: [ app_begin ] --START--
INFO: Run Behavior\ReadHtmlCacheBehavior [ RunTime:0.001450s ]
INFO: [ app_begin ] --END-- [ RunTime:0.001513s ]
INFO: [ app_end ] --START--
INFO: Run Behavior\ShowPageTraceBehavior [ RunTime:0.001658s ]
INFO: [ app_end ] --END-- [ RunTime:0.001746s ]

[ 2016-03-24T17:49:16+08:00 ] 192.168.1.101 /wemall-multiUser/Home/Public/login
INFO: [ app_init ] --START--
INFO: Run Behavior\BuildLiteBehavior [ RunTime:0.000020s ]
INFO: [ app_init ] --END-- [ RunTime:0.001119s ]
INFO: [ app_begin ] --START--
INFO: Run Behavior\ReadHtmlCacheBehavior [ RunTime:0.001563s ]
INFO: [ app_begin ] --END-- [ RunTime:0.001632s ]
INFO: [ view_parse ] --START--
INFO: [ template_filter ] --START--
INFO: Run Behavior\ContentReplaceBehavior [ RunTime:0.000068s ]
INFO: [ template_filter ] --END-- [ RunTime:0.000133s ]
INFO: Run Behavior\ParseTemplateBehavior [ RunTime:0.013375s ]
INFO: [ view_parse ] --END-- [ RunTime:0.013438s ]
INFO: [ view_filter ] --START--
INFO: Run Behavior\WriteHtmlCacheBehavior [ RunTime:0.001145s ]
INFO: [ view_filter ] --END-- [ RunTime:0.001187s ]
INFO: [ app_end ] --START--
INFO: Run Behavior\ShowPageTraceBehavior [ RunTime:0.001305s ]
INFO: [ app_end ] --END-- [ RunTime:0.001350s ]

[ 2016-03-24T17:49:16+08:00 ] 192.168.1.101 /wemall-multiUser/Home/Public/getVerify
INFO: [ app_init ] --START--
INFO: Run Behavior\BuildLiteBehavior [ RunTime:0.000022s ]
INFO: [ app_init ] --END-- [ RunTime:0.001421s ]
INFO: [ app_begin ] --START--
INFO: Run Behavior\ReadHtmlCacheBehavior [ RunTime:0.001844s ]
INFO: [ app_begin ] --END-- [ RunTime:0.001931s ]
INFO: [ app_end ] --START--
INFO: Run Behavior\ShowPageTraceBehavior [ RunTime:0.001978s ]
INFO: [ app_end ] --END-- [ RunTime:0.002071s ]

[ 2016-03-24T17:49:19+08:00 ] 192.168.1.101 /wemall-multiUser/Home/Public/register
INFO: [ app_init ] --START--
INFO: Run Behavior\BuildLiteBehavior [ RunTime:0.000016s ]
INFO: [ app_init ] --END-- [ RunTime:0.000781s ]
INFO: [ app_begin ] --START--
INFO: Run Behavior\ReadHtmlCacheBehavior [ RunTime:0.001467s ]
INFO: [ app_begin ] --END-- [ RunTime:0.001536s ]
INFO: [ view_parse ] --START--
INFO: [ template_filter ] --START--
INFO: Run Behavior\ContentReplaceBehavior [ RunTime:0.000057s ]
INFO: [ template_filter ] --END-- [ RunTime:0.000104s ]
INFO: Run Behavior\ParseTemplateBehavior [ RunTime:0.009793s ]
INFO: [ view_parse ] --END-- [ RunTime:0.009852s ]
INFO: [ view_filter ] --START--
INFO: Run Behavior\WriteHtmlCacheBehavior [ RunTime:0.001010s ]
INFO: [ view_filter ] --END-- [ RunTime:0.001046s ]
INFO: [ app_end ] --START--
INFO: Run Behavior\ShowPageTraceBehavior [ RunTime:0.001157s ]
INFO: [ app_end ] --END-- [ RunTime:0.001198s ]

[ 2016-03-24T17:49:19+08:00 ] 192.168.1.101 /wemall-multiUser/Home/Public/getVerify
INFO: [ app_init ] --START--
INFO: Run Behavior\BuildLiteBehavior [ RunTime:0.000016s ]
INFO: [ app_init ] --END-- [ RunTime:0.000849s ]
INFO: [ app_begin ] --START--
INFO: Run Behavior\ReadHtmlCacheBehavior [ RunTime:0.001112s ]
INFO: [ app_begin ] --END-- [ RunTime:0.001159s ]
INFO: [ app_end ] --START--
INFO: Run Behavior\ShowPageTraceBehavior [ RunTime:0.001094s ]
INFO: [ app_end ] --END-- [ RunTime:0.001149s ]

[ 2016-03-24T17:57:56+08:00 ] 192.168.1.101 /wemall-multiUser/Home/Public/register
INFO: [ app_init ] --START--
INFO: Run Behavior\BuildLiteBehavior [ RunTime:0.000014s ]
INFO: [ app_init ] --END-- [ RunTime:0.000799s ]
INFO: [ app_begin ] --START--
INFO: Run Behavior\ReadHtmlCacheBehavior [ RunTime:0.001127s ]
INFO: [ app_begin ] --END-- [ RunTime:0.001181s ]
INFO: [ view_parse ] --START--
INFO: [ template_filter ] --START--
INFO: Run Behavior\ContentReplaceBehavior [ RunTime:0.000061s ]
INFO: [ template_filter ] --END-- [ RunTime:0.000111s ]
INFO: Run Behavior\ParseTemplateBehavior [ RunTime:0.010100s ]
INFO: [ view_parse ] --END-- [ RunTime:0.010150s ]
INFO: [ view_filter ] --START--
INFO: Run Behavior\WriteHtmlCacheBehavior [ RunTime:0.000897s ]
INFO: [ view_filter ] --END-- [ RunTime:0.000931s ]
INFO: [ app_end ] --START--
INFO: Run Behavior\ShowPageTraceBehavior [ RunTime:0.001088s ]
INFO: [ app_end ] --END-- [ RunTime:0.001129s ]

[ 2016-03-24T17:57:56+08:00 ] 192.168.1.101 /wemall-multiUser/Home/Public/getVerify
INFO: [ app_init ] --START--
INFO: Run Behavior\BuildLiteBehavior [ RunTime:0.000017s ]
INFO: [ app_init ] --END-- [ RunTime:0.000859s ]
INFO: [ app_begin ] --START--
INFO: Run Behavior\ReadHtmlCacheBehavior [ RunTime:0.001118s ]
INFO: [ app_begin ] --END-- [ RunTime:0.001169s ]
INFO: [ app_end ] --START--
INFO: Run Behavior\ShowPageTraceBehavior [ RunTime:0.001138s ]
INFO: [ app_end ] --END-- [ RunTime:0.001192s ]

[ 2016-03-24T18:11:37+08:00 ] 192.168.1.101 /wemall-multiUser/Home/Public/login
INFO: [ app_init ] --START--
INFO: Run Behavior\BuildLiteBehavior [ RunTime:0.000023s ]
INFO: [ app_init ] --END-- [ RunTime:0.001365s ]
INFO: [ app_begin ] --START--
INFO: Run Behavior\ReadHtmlCacheBehavior [ RunTime:0.001425s ]
INFO: [ app_begin ] --END-- [ RunTime:0.001505s ]
INFO: [ view_parse ] --START--
INFO: [ template_filter ] --START--
INFO: Run Behavior\ContentReplaceBehavior [ RunTime:0.000056s ]
INFO: [ template_filter ] --END-- [ RunTime:0.000110s ]
INFO: Run Behavior\ParseTemplateBehavior [ RunTime:0.011974s ]
INFO: [ view_parse ] --END-- [ RunTime:0.012054s ]
INFO: [ view_filter ] --START--
INFO: Run Behavior\WriteHtmlCacheBehavior [ RunTime:0.000884s ]
INFO: [ view_filter ] --END-- [ RunTime:0.000924s ]
INFO: [ app_end ] --START--
INFO: Run Behavior\ShowPageTraceBehavior [ RunTime:0.000981s ]
INFO: [ app_end ] --END-- [ RunTime:0.001026s ]

[ 2016-03-24T18:11:37+08:00 ] 192.168.1.101 /wemall-multiUser/Home/Public/getVerify
INFO: [ app_init ] --START--
INFO: Run Behavior\BuildLiteBehavior [ RunTime:0.000025s ]
INFO: [ app_init ] --END-- [ RunTime:0.000929s ]
INFO: [ app_begin ] --START--
INFO: Run Behavior\ReadHtmlCacheBehavior [ RunTime:0.001223s ]
INFO: [ app_begin ] --END-- [ RunTime:0.001301s ]
INFO: [ app_end ] --START--
INFO: Run Behavior\ShowPageTraceBehavior [ RunTime:0.001735s ]
INFO: [ app_end ] --END-- [ RunTime:0.001831s ]

[ 2016-03-24T18:16:43+08:00 ] 192.168.1.101 /wemall-multiUser/Home/Public/login
INFO: [ app_init ] --START--
INFO: Run Behavior\BuildLiteBehavior [ RunTime:0.000016s ]
INFO: [ app_init ] --END-- [ RunTime:0.000937s ]
INFO: [ app_begin ] --START--
INFO: Run Behavior\ReadHtmlCacheBehavior [ RunTime:0.001152s ]
INFO: [ app_begin ] --END-- [ RunTime:0.001229s ]
INFO: [ view_parse ] --START--
INFO: [ template_filter ] --START--
INFO: Run Behavior\ContentReplaceBehavior [ RunTime:0.000095s ]
INFO: [ template_filter ] --END-- [ RunTime:0.000175s ]
INFO: Run Behavior\ParseTemplateBehavior [ RunTime:0.016331s ]
INFO: [ view_parse ] --END-- [ RunTime:0.016411s ]
INFO: [ view_filter ] --START--
INFO: Run Behavior\WriteHtmlCacheBehavior [ RunTime:0.000968s ]
INFO: [ view_filter ] --END-- [ RunTime:0.001021s ]
INFO: [ app_end ] --START--
INFO: Run Behavior\ShowPageTraceBehavior [ RunTime:0.001146s ]
INFO: [ app_end ] --END-- [ RunTime:0.001199s ]

[ 2016-03-24T18:16:43+08:00 ] 192.168.1.101 /wemall-multiUser/Home/Public/getVerify
INFO: [ app_init ] --START--
INFO: Run Behavior\BuildLiteBehavior [ RunTime:0.000015s ]
INFO: [ app_init ] --END-- [ RunTime:0.000771s ]
INFO: [ app_begin ] --START--
INFO: Run Behavior\ReadHtmlCacheBehavior [ RunTime:0.001471s ]
INFO: [ app_begin ] --END-- [ RunTime:0.001557s ]
INFO: [ app_end ] --START--
INFO: Run Behavior\ShowPageTraceBehavior [ RunTime:0.001439s ]
INFO: [ app_end ] --END-- [ RunTime:0.001508s ]

[ 2016-03-24T18:16:46+08:00 ] 192.168.1.101 /wemall-multiUser/Home/Public/forgetPassword
INFO: [ app_init ] --START--
INFO: Run Behavior\BuildLiteBehavior [ RunTime:0.000014s ]
INFO: [ app_init ] --END-- [ RunTime:0.000871s ]
INFO: [ app_begin ] --START--
INFO: Run Behavior\ReadHtmlCacheBehavior [ RunTime:0.001355s ]
INFO: [ app_begin ] --END-- [ RunTime:0.001404s ]
INFO: [ view_parse ] --START--
INFO: [ template_filter ] --START--
INFO: Run Behavior\ContentReplaceBehavior [ RunTime:0.000055s ]
INFO: [ template_filter ] --END-- [ RunTime:0.000114s ]
INFO: Run Behavior\ParseTemplateBehavior [ RunTime:0.010900s ]
INFO: [ view_parse ] --END-- [ RunTime:0.010957s ]
INFO: [ view_filter ] --START--
INFO: Run Behavior\WriteHtmlCacheBehavior [ RunTime:0.001319s ]
INFO: [ view_filter ] --END-- [ RunTime:0.001363s ]
INFO: [ app_end ] --START--
INFO: Run Behavior\ShowPageTraceBehavior [ RunTime:0.001460s ]
INFO: [ app_end ] --END-- [ RunTime:0.001506s ]

[ 2016-03-24T18:16:46+08:00 ] 192.168.1.101 /wemall-multiUser/Home/Public/getVerify
INFO: [ app_init ] --START--
INFO: Run Behavior\BuildLiteBehavior [ RunTime:0.000017s ]
INFO: [ app_init ] --END-- [ RunTime:0.000936s ]
INFO: [ app_begin ] --START--
INFO: Run Behavior\ReadHtmlCacheBehavior [ RunTime:0.001825s ]
INFO: [ app_begin ] --END-- [ RunTime:0.001934s ]
INFO: [ app_end ] --START--
INFO: Run Behavior\ShowPageTraceBehavior [ RunTime:0.001776s ]
INFO: [ app_end ] --END-- [ RunTime:0.001857s ]

[ 2016-03-24T18:16:49+08:00 ] 192.168.1.101 /wemall-multiUser/Home/Public/getVerify
INFO: [ app_init ] --START--
INFO: Run Behavior\BuildLiteBehavior [ RunTime:0.000014s ]
INFO: [ app_init ] --END-- [ RunTime:0.000793s ]
INFO: [ app_begin ] --START--
INFO: Run Behavior\ReadHtmlCacheBehavior [ RunTime:0.001214s ]
INFO: [ app_begin ] --END-- [ RunTime:0.001261s ]
INFO: [ app_end ] --START--
INFO: Run Behavior\ShowPageTraceBehavior [ RunTime:0.001376s ]
INFO: [ app_end ] --END-- [ RunTime:0.001437s ]

[ 2016-03-24T18:16:50+08:00 ] 192.168.1.101 /wemall-multiUser/Home/Public/getVerify
INFO: [ app_init ] --START--
INFO: Run Behavior\BuildLiteBehavior [ RunTime:0.000018s ]
INFO: [ app_init ] --END-- [ RunTime:0.001153s ]
INFO: [ app_begin ] --START--
INFO: Run Behavior\ReadHtmlCacheBehavior [ RunTime:0.001271s ]
INFO: [ app_begin ] --END-- [ RunTime:0.001332s ]
INFO: [ app_end ] --START--
INFO: Run Behavior\ShowPageTraceBehavior [ RunTime:0.001311s ]
INFO: [ app_end ] --END-- [ RunTime:0.001368s ]

[ 2016-03-24T18:16:51+08:00 ] 192.168.1.101 /wemall-multiUser/Home/Public/getVerify
INFO: [ app_init ] --START--
INFO: Run Behavior\BuildLiteBehavior [ RunTime:0.000014s ]
INFO: [ app_init ] --END-- [ RunTime:0.000833s ]
INFO: [ app_begin ] --START--
INFO: Run Behavior\ReadHtmlCacheBehavior [ RunTime:0.001264s ]
INFO: [ app_begin ] --END-- [ RunTime:0.001315s ]
INFO: [ app_end ] --START--
INFO: Run Behavior\ShowPageTraceBehavior [ RunTime:0.001436s ]
INFO: [ app_end ] --END-- [ RunTime:0.001511s ]

[ 2016-03-24T18:16:51+08:00 ] 192.168.1.101 /wemall-multiUser/Home/Public/getVerify
INFO: [ app_init ] --START--
INFO: Run Behavior\BuildLiteBehavior [ RunTime:0.000015s ]
INFO: [ app_init ] --END-- [ RunTime:0.000888s ]
INFO: [ app_begin ] --START--
INFO: Run Behavior\ReadHtmlCacheBehavior [ RunTime:0.001312s ]
INFO: [ app_begin ] --END-- [ RunTime:0.001364s ]
INFO: [ app_end ] --START--
INFO: Run Behavior\ShowPageTraceBehavior [ RunTime:0.001553s ]
INFO: [ app_end ] --END-- [ RunTime:0.001623s ]

[ 2016-03-24T18:16:53+08:00 ] 192.168.1.101 /wemall-multiUser/Home/Public/login
INFO: [ app_init ] --START--
INFO: Run Behavior\BuildLiteBehavior [ RunTime:0.000023s ]
INFO: [ app_init ] --END-- [ RunTime:0.001126s ]
INFO: [ app_begin ] --START--
INFO: Run Behavior\ReadHtmlCacheBehavior [ RunTime:0.002608s ]
INFO: [ app_begin ] --END-- [ RunTime:0.002703s ]
INFO: [ view_parse ] --START--
INFO: [ template_filter ] --START--
INFO: Run Behavior\ContentReplaceBehavior [ RunTime:0.000092s ]
INFO: [ template_filter ] --END-- [ RunTime:0.000208s ]
INFO: Run Behavior\ParseTemplateBehavior [ RunTime:0.018943s ]
INFO: [ view_parse ] --END-- [ RunTime:0.019035s ]
INFO: [ view_filter ] --START--
INFO: Run Behavior\WriteHtmlCacheBehavior [ RunTime:0.002824s ]
INFO: [ view_filter ] --END-- [ RunTime:0.002898s ]
INFO: [ app_end ] --START--
INFO: Run Behavior\ShowPageTraceBehavior [ RunTime:0.002411s ]
INFO: [ app_end ] --END-- [ RunTime:0.002478s ]

[ 2016-03-24T18:16:53+08:00 ] 192.168.1.101 /wemall-multiUser/Home/Public/getVerify
INFO: [ app_init ] --START--
INFO: Run Behavior\BuildLiteBehavior [ RunTime:0.000016s ]
INFO: [ app_init ] --END-- [ RunTime:0.000820s ]
INFO: [ app_begin ] --START--
INFO: Run Behavior\ReadHtmlCacheBehavior [ RunTime:0.001607s ]
INFO: [ app_begin ] --END-- [ RunTime:0.001673s ]
INFO: [ app_end ] --START--
INFO: Run Behavior\ShowPageTraceBehavior [ RunTime:0.001984s ]
INFO: [ app_end ] --END-- [ RunTime:0.002129s ]

[ 2016-03-24T18:16:56+08:00 ] 192.168.1.101 /wemall-multiUser/Home/Public/forgetPassword
INFO: [ app_init ] --START--
INFO: Run Behavior\BuildLiteBehavior [ RunTime:0.000017s ]
INFO: [ app_init ] --END-- [ RunTime:0.001302s ]
INFO: [ app_begin ] --START--
INFO: Run Behavior\ReadHtmlCacheBehavior [ RunTime:0.001328s ]
INFO: [ app_begin ] --END-- [ RunTime:0.001388s ]
INFO: [ view_parse ] --START--
INFO: [ template_filter ] --START--
INFO: Run Behavior\ContentReplaceBehavior [ RunTime:0.000084s ]
INFO: [ template_filter ] --END-- [ RunTime:0.000169s ]
INFO: Run Behavior\ParseTemplateBehavior [ RunTime:0.013907s ]
INFO: [ view_parse ] --END-- [ RunTime:0.013989s ]
INFO: [ view_filter ] --START--
INFO: Run Behavior\WriteHtmlCacheBehavior [ RunTime:0.001764s ]
INFO: [ view_filter ] --END-- [ RunTime:0.001825s ]
INFO: [ app_end ] --START--
INFO: Run Behavior\ShowPageTraceBehavior [ RunTime:0.001339s ]
INFO: [ app_end ] --END-- [ RunTime:0.001385s ]

[ 2016-03-24T18:16:56+08:00 ] 192.168.1.101 /wemall-multiUser/Home/Public/getVerify
INFO: [ app_init ] --START--
INFO: Run Behavior\BuildLiteBehavior [ RunTime:0.000016s ]
INFO: [ app_init ] --END-- [ RunTime:0.000798s ]
INFO: [ app_begin ] --START--
INFO: Run Behavior\ReadHtmlCacheBehavior [ RunTime:0.001316s ]
INFO: [ app_begin ] --END-- [ RunTime:0.001393s ]
INFO: [ app_end ] --START--
INFO: Run Behavior\ShowPageTraceBehavior [ RunTime:0.002595s ]
INFO: [ app_end ] --END-- [ RunTime:0.002703s ]

[ 2016-03-24T18:17:01+08:00 ] 192.168.1.101 /wemall-multiUser/Home/Public/login
INFO: [ app_init ] --START--
INFO: Run Behavior\BuildLiteBehavior [ RunTime:0.000017s ]
INFO: [ app_init ] --END-- [ RunTime:0.001109s ]
INFO: [ app_begin ] --START--
INFO: Run Behavior\ReadHtmlCacheBehavior [ RunTime:0.002161s ]
INFO: [ app_begin ] --END-- [ RunTime:0.002252s ]
INFO: [ view_parse ] --START--
INFO: [ template_filter ] --START--
INFO: Run Behavior\ContentReplaceBehavior [ RunTime:0.000055s ]
INFO: [ template_filter ] --END-- [ RunTime:0.000112s ]
INFO: Run Behavior\ParseTemplateBehavior [ RunTime:0.016597s ]
INFO: [ view_parse ] --END-- [ RunTime:0.016688s ]
INFO: [ view_filter ] --START--
INFO: Run Behavior\WriteHtmlCacheBehavior [ RunTime:0.001782s ]
INFO: [ view_filter ] --END-- [ RunTime:0.001906s ]
INFO: [ app_end ] --START--
INFO: Run Behavior\ShowPageTraceBehavior [ RunTime:0.001718s ]
INFO: [ app_end ] --END-- [ RunTime:0.001791s ]

[ 2016-03-24T18:17:01+08:00 ] 192.168.1.101 /wemall-multiUser/Home/Public/getVerify
INFO: [ app_init ] --START--
INFO: Run Behavior\BuildLiteBehavior [ RunTime:0.000027s ]
INFO: [ app_init ] --END-- [ RunTime:0.001266s ]
INFO: [ app_begin ] --START--
INFO: Run Behavior\ReadHtmlCacheBehavior [ RunTime:0.002197s ]
INFO: [ app_begin ] --END-- [ RunTime:0.002302s ]
INFO: [ app_end ] --START--
INFO: Run Behavior\ShowPageTraceBehavior [ RunTime:0.002623s ]
INFO: [ app_end ] --END-- [ RunTime:0.002724s ]

[ 2016-03-24T18:17:03+08:00 ] 192.168.1.101 /wemall-multiUser/Home/Public/forgetPassword
INFO: [ app_init ] --START--
INFO: Run Behavior\BuildLiteBehavior [ RunTime:0.000017s ]
INFO: [ app_init ] --END-- [ RunTime:0.001216s ]
INFO: [ app_begin ] --START--
INFO: Run Behavior\ReadHtmlCacheBehavior [ RunTime:0.001380s ]
INFO: [ app_begin ] --END-- [ RunTime:0.001441s ]
INFO: [ view_parse ] --START--
INFO: [ template_filter ] --START--
INFO: Run Behavior\ContentReplaceBehavior [ RunTime:0.000095s ]
INFO: [ template_filter ] --END-- [ RunTime:0.000178s ]
INFO: Run Behavior\ParseTemplateBehavior [ RunTime:0.015211s ]
INFO: [ view_parse ] --END-- [ RunTime:0.015296s ]
INFO: [ view_filter ] --START--
INFO: Run Behavior\WriteHtmlCacheBehavior [ RunTime:0.001462s ]
INFO: [ view_filter ] --END-- [ RunTime:0.001534s ]
INFO: [ app_end ] --START--
INFO: Run Behavior\ShowPageTraceBehavior [ RunTime:0.002538s ]
INFO: [ app_end ] --END-- [ RunTime:0.002639s ]

[ 2016-03-24T18:17:03+08:00 ] 192.168.1.101 /wemall-multiUser/Home/Public/getVerify
INFO: [ app_init ] --START--
INFO: Run Behavior\BuildLiteBehavior [ RunTime:0.000020s ]
INFO: [ app_init ] --END-- [ RunTime:0.000833s ]
INFO: [ app_begin ] --START--
INFO: Run Behavior\ReadHtmlCacheBehavior [ RunTime:0.002360s ]
INFO: [ app_begin ] --END-- [ RunTime:0.002481s ]
INFO: [ app_end ] --START--
INFO: Run Behavior\ShowPageTraceBehavior [ RunTime:0.002236s ]
INFO: [ app_end ] --END-- [ RunTime:0.002338s ]

[ 2016-03-24T18:17:09+08:00 ] 192.168.1.101 /wemall-multiUser/Home/Public/login
INFO: [ app_init ] --START--
INFO: Run Behavior\BuildLiteBehavior [ RunTime:0.000017s ]
INFO: [ app_init ] --END-- [ RunTime:0.001118s ]
INFO: [ app_begin ] --START--
INFO: Run Behavior\ReadHtmlCacheBehavior [ RunTime:0.002003s ]
INFO: [ app_begin ] --END-- [ RunTime:0.002076s ]
INFO: [ view_parse ] --START--
INFO: [ template_filter ] --START--
INFO: Run Behavior\ContentReplaceBehavior [ RunTime:0.000058s ]
INFO: [ template_filter ] --END-- [ RunTime:0.000114s ]
INFO: Run Behavior\ParseTemplateBehavior [ RunTime:0.012055s ]
INFO: [ view_parse ] --END-- [ RunTime:0.012115s ]
INFO: [ view_filter ] --START--
INFO: Run Behavior\WriteHtmlCacheBehavior [ RunTime:0.001479s ]
INFO: [ view_filter ] --END-- [ RunTime:0.001547s ]
INFO: [ app_end ] --START--
INFO: Run Behavior\ShowPageTraceBehavior [ RunTime:0.002210s ]
INFO: [ app_end ] --END-- [ RunTime:0.002295s ]

[ 2016-03-24T18:17:09+08:00 ] 192.168.1.101 /wemall-multiUser/Home/Public/getVerify
INFO: [ app_init ] --START--
INFO: Run Behavior\BuildLiteBehavior [ RunTime:0.000049s ]
INFO: [ app_init ] --END-- [ RunTime:0.001143s ]
INFO: [ app_begin ] --START--
INFO: Run Behavior\ReadHtmlCacheBehavior [ RunTime:0.003497s ]
INFO: [ app_begin ] --END-- [ RunTime:0.003623s ]
INFO: [ app_end ] --START--
INFO: Run Behavior\ShowPageTraceBehavior [ RunTime:0.002833s ]
INFO: [ app_end ] --END-- [ RunTime:0.002948s ]

[ 2016-03-24T18:17:12+08:00 ] 192.168.1.101 /wemall-multiUser/Home/Public/forgetPassword
INFO: [ app_init ] --START--
INFO: Run Behavior\BuildLiteBehavior [ RunTime:0.000020s ]
INFO: [ app_init ] --END-- [ RunTime:0.001171s ]
INFO: [ app_begin ] --START--
INFO: Run Behavior\ReadHtmlCacheBehavior [ RunTime:0.001871s ]
INFO: [ app_begin ] --END-- [ RunTime:0.001952s ]
INFO: [ view_parse ] --START--
INFO: [ template_filter ] --START--
INFO: Run Behavior\ContentReplaceBehavior [ RunTime:0.000054s ]
INFO: [ template_filter ] --END-- [ RunTime:0.000119s ]
INFO: Run Behavior\ParseTemplateBehavior [ RunTime:0.011009s ]
INFO: [ view_parse ] --END-- [ RunTime:0.011071s ]
INFO: [ view_filter ] --START--
INFO: Run Behavior\WriteHtmlCacheBehavior [ RunTime:0.001207s ]
INFO: [ view_filter ] --END-- [ RunTime:0.001245s ]
INFO: [ app_end ] --START--
INFO: Run Behavior\ShowPageTraceBehavior [ RunTime:0.001446s ]
INFO: [ app_end ] --END-- [ RunTime:0.001499s ]

[ 2016-03-24T18:17:13+08:00 ] 192.168.1.101 /wemall-multiUser/Home/Public/getVerify
INFO: [ app_init ] --START--
INFO: Run Behavior\BuildLiteBehavior [ RunTime:0.000015s ]
INFO: [ app_init ] --END-- [ RunTime:0.000887s ]
INFO: [ app_begin ] --START--
INFO: Run Behavior\ReadHtmlCacheBehavior [ RunTime:0.001422s ]
INFO: [ app_begin ] --END-- [ RunTime:0.001496s ]
INFO: [ app_end ] --START--
INFO: Run Behavior\ShowPageTraceBehavior [ RunTime:0.001374s ]
INFO: [ app_end ] --END-- [ RunTime:0.001430s ]

[ 2016-03-24T18:17:15+08:00 ] 192.168.1.101 /wemall-multiUser/Home/Public/login
INFO: [ app_init ] --START--
INFO: Run Behavior\BuildLiteBehavior [ RunTime:0.000013s ]
INFO: [ app_init ] --END-- [ RunTime:0.000762s ]
INFO: [ app_begin ] --START--
INFO: Run Behavior\ReadHtmlCacheBehavior [ RunTime:0.001666s ]
INFO: [ app_begin ] --END-- [ RunTime:0.001724s ]
INFO: [ view_parse ] --START--
INFO: [ template_filter ] --START--
INFO: Run Behavior\ContentReplaceBehavior [ RunTime:0.000051s ]
INFO: [ template_filter ] --END-- [ RunTime:0.000112s ]
INFO: Run Behavior\ParseTemplateBehavior [ RunTime:0.010598s ]
INFO: [ view_parse ] --END-- [ RunTime:0.010665s ]
INFO: [ view_filter ] --START--
INFO: Run Behavior\WriteHtmlCacheBehavior [ RunTime:0.001083s ]
INFO: [ view_filter ] --END-- [ RunTime:0.001119s ]
INFO: [ app_end ] --START--
INFO: Run Behavior\ShowPageTraceBehavior [ RunTime:0.001296s ]
INFO: [ app_end ] --END-- [ RunTime:0.001336s ]

[ 2016-03-24T18:17:15+08:00 ] 192.168.1.101 /wemall-multiUser/Home/Public/getVerify
INFO: [ app_init ] --START--
INFO: Run Behavior\BuildLiteBehavior [ RunTime:0.000013s ]
INFO: [ app_init ] --END-- [ RunTime:0.000785s ]
INFO: [ app_begin ] --START--
INFO: Run Behavior\ReadHtmlCacheBehavior [ RunTime:0.001277s ]
INFO: [ app_begin ] --END-- [ RunTime:0.001335s ]
INFO: [ app_end ] --START--
INFO: Run Behavior\ShowPageTraceBehavior [ RunTime:0.001338s ]
INFO: [ app_end ] --END-- [ RunTime:0.001393s ]

[ 2016-03-24T18:17:19+08:00 ] 192.168.1.101 /wemall-multiUser/Home/Public/forgetPassword
INFO: [ app_init ] --START--
INFO: Run Behavior\BuildLiteBehavior [ RunTime:0.000016s ]
INFO: [ app_init ] --END-- [ RunTime:0.000842s ]
INFO: [ app_begin ] --START--
INFO: Run Behavior\ReadHtmlCacheBehavior [ RunTime:0.001454s ]
INFO: [ app_begin ] --END-- [ RunTime:0.001524s ]
INFO: [ view_parse ] --START--
INFO: [ template_filter ] --START--
INFO: Run Behavior\ContentReplaceBehavior [ RunTime:0.000058s ]
INFO: [ template_filter ] --END-- [ RunTime:0.000114s ]
INFO: Run Behavior\ParseTemplateBehavior [ RunTime:0.010436s ]
INFO: [ view_parse ] --END-- [ RunTime:0.010491s ]
INFO: [ view_filter ] --START--
INFO: Run Behavior\WriteHtmlCacheBehavior [ RunTime:0.001153s ]
INFO: [ view_filter ] --END-- [ RunTime:0.001189s ]
INFO: [ app_end ] --START--
INFO: Run Behavior\ShowPageTraceBehavior [ RunTime:0.001273s ]
INFO: [ app_end ] --END-- [ RunTime:0.001318s ]

[ 2016-03-24T18:17:20+08:00 ] 192.168.1.101 /wemall-multiUser/Home/Public/getVerify
INFO: [ app_init ] --START--
INFO: Run Behavior\BuildLiteBehavior [ RunTime:0.000013s ]
INFO: [ app_init ] --END-- [ RunTime:0.000757s ]
INFO: [ app_begin ] --START--
INFO: Run Behavior\ReadHtmlCacheBehavior [ RunTime:0.001276s ]
INFO: [ app_begin ] --END-- [ RunTime:0.001326s ]
INFO: [ app_end ] --START--
INFO: Run Behavior\ShowPageTraceBehavior [ RunTime:0.001786s ]
INFO: [ app_end ] --END-- [ RunTime:0.001863s ]

[ 2016-03-24T18:17:25+08:00 ] 192.168.1.101 /wemall-multiUser/Home/Public/login
INFO: [ app_init ] --START--
INFO: Run Behavior\BuildLiteBehavior [ RunTime:0.000015s ]
INFO: [ app_init ] --END-- [ RunTime:0.000788s ]
INFO: [ app_begin ] --START--
INFO: Run Behavior\ReadHtmlCacheBehavior [ RunTime:0.001796s ]
INFO: [ app_begin ] --END-- [ RunTime:0.001873s ]
INFO: [ view_parse ] --START--
INFO: [ template_filter ] --START--
INFO: Run Behavior\ContentReplaceBehavior [ RunTime:0.000080s ]
INFO: [ template_filter ] --END-- [ RunTime:0.000158s ]
INFO: Run Behavior\ParseTemplateBehavior [ RunTime:0.012731s ]
INFO: [ view_parse ] --END-- [ RunTime:0.012799s ]
INFO: [ view_filter ] --START--
INFO: Run Behavior\WriteHtmlCacheBehavior [ RunTime:0.001484s ]
INFO: [ view_filter ] --END-- [ RunTime:0.001551s ]
INFO: [ app_end ] --START--
INFO: Run Behavior\ShowPageTraceBehavior [ RunTime:0.002126s ]
INFO: [ app_end ] --END-- [ RunTime:0.002191s ]

[ 2016-03-24T18:17:25+08:00 ] 192.168.1.101 /wemall-multiUser/Home/Public/getVerify
INFO: [ app_init ] --START--
INFO: Run Behavior\BuildLiteBehavior [ RunTime:0.000023s ]
INFO: [ app_init ] --END-- [ RunTime:0.001227s ]
INFO: [ app_begin ] --START--
INFO: Run Behavior\ReadHtmlCacheBehavior [ RunTime:0.001820s ]
INFO: [ app_begin ] --END-- [ RunTime:0.001914s ]
INFO: [ app_end ] --START--
INFO: Run Behavior\ShowPageTraceBehavior [ RunTime:0.001979s ]
INFO: [ app_end ] --END-- [ RunTime:0.002077s ]

[ 2016-03-24T18:17:26+08:00 ] 192.168.1.101 /wemall-multiUser/Home/Public/register
INFO: [ app_init ] --START--
INFO: Run Behavior\BuildLiteBehavior [ RunTime:0.000014s ]
INFO: [ app_init ] --END-- [ RunTime:0.000800s ]
INFO: [ app_begin ] --START--
INFO: Run Behavior\ReadHtmlCacheBehavior [ RunTime:0.001202s ]
INFO: [ app_begin ] --END-- [ RunTime:0.001249s ]
INFO: [ view_parse ] --START--
INFO: [ template_filter ] --START--
INFO: Run Behavior\ContentReplaceBehavior [ RunTime:0.000055s ]
INFO: [ template_filter ] --END-- [ RunTime:0.000105s ]
INFO: Run Behavior\ParseTemplateBehavior [ RunTime:0.011651s ]
INFO: [ view_parse ] --END-- [ RunTime:0.011708s ]
INFO: [ view_filter ] --START--
INFO: Run Behavior\WriteHtmlCacheBehavior [ RunTime:0.001253s ]
INFO: [ view_filter ] --END-- [ RunTime:0.001298s ]
INFO: [ app_end ] --START--
INFO: Run Behavior\ShowPageTraceBehavior [ RunTime:0.001298s ]
INFO: [ app_end ] --END-- [ RunTime:0.001334s ]

[ 2016-03-24T18:17:27+08:00 ] 192.168.1.101 /wemall-multiUser/Home/Public/getVerify
INFO: [ app_init ] --START--
INFO: Run Behavior\BuildLiteBehavior [ RunTime:0.000015s ]
INFO: [ app_init ] --END-- [ RunTime:0.000813s ]
INFO: [ app_begin ] --START--
INFO: Run Behavior\ReadHtmlCacheBehavior [ RunTime:0.001298s ]
INFO: [ app_begin ] --END-- [ RunTime:0.001357s ]
INFO: [ app_end ] --START--
INFO: Run Behavior\ShowPageTraceBehavior [ RunTime:0.001283s ]
INFO: [ app_end ] --END-- [ RunTime:0.001337s ]

[ 2016-03-24T18:17:29+08:00 ] 192.168.1.101 /wemall-multiUser/Home/Public/login
INFO: [ app_init ] --START--
INFO: Run Behavior\BuildLiteBehavior [ RunTime:0.000026s ]
INFO: [ app_init ] --END-- [ RunTime:0.001023s ]
INFO: [ app_begin ] --START--
INFO: Run Behavior\ReadHtmlCacheBehavior [ RunTime:0.001335s ]
INFO: [ app_begin ] --END-- [ RunTime:0.001387s ]
INFO: [ view_parse ] --START--
INFO: [ template_filter ] --START--
INFO: Run Behavior\ContentReplaceBehavior [ RunTime:0.000053s ]
INFO: [ template_filter ] --END-- [ RunTime:0.000111s ]
INFO: Run Behavior\ParseTemplateBehavior [ RunTime:0.011535s ]
INFO: [ view_parse ] --END-- [ RunTime:0.011610s ]
INFO: [ view_filter ] --START--
INFO: Run Behavior\WriteHtmlCacheBehavior [ RunTime:0.001664s ]
INFO: [ view_filter ] --END-- [ RunTime:0.001722s ]
INFO: [ app_end ] --START--
INFO: Run Behavior\ShowPageTraceBehavior [ RunTime:0.001587s ]
INFO: [ app_end ] --END-- [ RunTime:0.001649s ]

[ 2016-03-24T18:17:30+08:00 ] 192.168.1.101 /wemall-multiUser/Home/Public/getVerify
INFO: [ app_init ] --START--
INFO: Run Behavior\BuildLiteBehavior [ RunTime:0.000025s ]
INFO: [ app_init ] --END-- [ RunTime:0.001117s ]
INFO: [ app_begin ] --START--
INFO: Run Behavior\ReadHtmlCacheBehavior [ RunTime:0.001651s ]
INFO: [ app_begin ] --END-- [ RunTime:0.001736s ]
INFO: [ app_end ] --START--
INFO: Run Behavior\ShowPageTraceBehavior [ RunTime:0.005024s ]
INFO: [ app_end ] --END-- [ RunTime:0.005163s ]

