[ 2016-05-29T21:11:18+08:00 ] 119.187.120.179 /multi/Admin/Public/login
INFO: [ app_init ] --START--
INFO: Run Behavior\BuildLiteBehavior [ RunTime:0.000040s ]
INFO: [ app_init ] --END-- [ RunTime:0.001041s ]
INFO: [ app_begin ] --START--
INFO: Run Behavior\ReadHtmlCacheBehavior [ RunTime:0.000752s ]
INFO: [ app_begin ] --END-- [ RunTime:0.000842s ]
INFO: [ view_parse ] --START--
INFO: [ template_filter ] --START--
INFO: Run Behavior\ContentReplaceBehavior [ RunTime:0.000094s ]
INFO: [ template_filter ] --END-- [ RunTime:0.000184s ]
INFO: Run Behavior\ParseTemplateBehavior [ RunTime:0.028172s ]
INFO: [ view_parse ] --END-- [ RunTime:0.028274s ]
INFO: [ view_filter ] --START--
INFO: Run Behavior\WriteHtmlCacheBehavior [ RunTime:0.000382s ]
INFO: [ view_filter ] --END-- [ RunTime:0.000436s ]
INFO: [ app_end ] --START--
INFO: Run Behavior\ShowPageTraceBehavior [ RunTime:0.000981s ]
INFO: [ app_end ] --END-- [ RunTime:0.001058s ]

[ 2016-05-29T21:11:18+08:00 ] 119.187.120.179 /multi/Admin/Public/getVerify
INFO: [ app_init ] --START--
INFO: Run Behavior\BuildLiteBehavior [ RunTime:0.000036s ]
INFO: [ app_init ] --END-- [ RunTime:0.000698s ]
INFO: [ app_begin ] --START--
INFO: Run Behavior\ReadHtmlCacheBehavior [ RunTime:0.000779s ]
INFO: [ app_begin ] --END-- [ RunTime:0.001081s ]
INFO: [ app_end ] --START--
INFO: Run Behavior\ShowPageTraceBehavior [ RunTime:0.000949s ]
INFO: [ app_end ] --END-- [ RunTime:0.001073s ]

[ 2016-05-29T21:11:25+08:00 ] 119.187.120.179 /multi/Admin/Public/login
INFO: [ app_init ] --START--
INFO: Run Behavior\BuildLiteBehavior [ RunTime:0.001162s ]
INFO: [ app_init ] --END-- [ RunTime:0.010184s ]
INFO: [ app_begin ] --START--
INFO: Run Behavior\ReadHtmlCacheBehavior [ RunTime:0.000639s ]
INFO: [ app_begin ] --END-- [ RunTime:0.000748s ]
NOTIC: [2048] Declaration of Common\Model\AdminModel::add() should be compatible with Think\Model::add($data = '', $options = Array, $replace = false) /www/users/HA84691/WEB/multi/Application/Common/Model/AdminModel.class.php 第 7 行.
NOTIC: [2048] Declaration of Common\Model\AdminModel::addAll() should be compatible with Think\Model::addAll($dataList, $options = Array, $replace = false) /www/users/HA84691/WEB/multi/Application/Common/Model/AdminModel.class.php 第 7 行.
NOTIC: [2048] Declaration of Common\Model\AdminModel::save() should be compatible with Think\Model::save($data = '', $options = Array) /www/users/HA84691/WEB/multi/Application/Common/Model/AdminModel.class.php 第 7 行.
SQL: SHOW COLUMNS FROM `multi_admin` [ RunTime:0.0033s ]
SQL: SELECT * FROM `multi_admin` WHERE `username` = 'admin' AND `password` = '21232f297a57a5a743894a0e4a801fc3' LIMIT 1   [ RunTime:0.0021s ]
NOTIC: [2048] Declaration of Common\Model\AuthGroupAccessModel::add() should be compatible with Think\Model::add($data = '', $options = Array, $replace = false) /www/users/HA84691/WEB/multi/Application/Common/Model/AuthGroupAccessModel.class.php 第 23 行.
SQL: SHOW COLUMNS FROM `multi_auth_group_access` [ RunTime:0.0020s ]
SQL: SELECT * FROM `multi_auth_group_access` WHERE ( 1=1 AND uid='1' ) LIMIT 1   [ RunTime:0.0023s ]

[ 2016-05-29T21:11:26+08:00 ] 119.187.120.179 /multi/Admin/Index/index
INFO: [ app_init ] --START--
INFO: Run Behavior\BuildLiteBehavior [ RunTime:0.000025s ]
INFO: [ app_init ] --END-- [ RunTime:0.000504s ]
INFO: [ app_begin ] --START--
INFO: Run Behavior\ReadHtmlCacheBehavior [ RunTime:0.000642s ]
INFO: [ app_begin ] --END-- [ RunTime:0.000750s ]
NOTIC: [2048] Declaration of Admin\Controller\BaseController::display() should be compatible with Think\Controller::display($templateFile = '', $charset = '', $contentType = '', $content = '', $prefix = '') /www/users/HA84691/WEB/multi/Application/Admin/Controller/BaseController.class.php 第 89 行.
NOTIC: [2048] Declaration of Common\Model\OrderModel::add() should be compatible with Think\Model::add($data = '', $options = Array, $replace = false) /www/users/HA84691/WEB/multi/Application/Common/Model/OrderModel.class.php 第 7 行.
NOTIC: [2048] Declaration of Common\Model\OrderModel::addAll() should be compatible with Think\Model::addAll($dataList, $options = Array, $replace = false) /www/users/HA84691/WEB/multi/Application/Common/Model/OrderModel.class.php 第 7 行.
NOTIC: [2048] Declaration of Common\Model\OrderModel::save() should be compatible with Think\Model::save($data = '', $options = Array) /www/users/HA84691/WEB/multi/Application/Common/Model/OrderModel.class.php 第 7 行.
SQL: SHOW COLUMNS FROM `multi_order` [ RunTime:0.0031s ]
NOTIC: [2] Missing argument 3 for Common\Model\OrderModel::getMethod(), called in /www/users/HA84691/WEB/multi/Application/Admin/Controller/IndexController.class.php on line 9 and defined /www/users/HA84691/WEB/multi/Application/Common/Model/OrderModel.class.php 第 73 行.
SQL: SELECT COUNT(*) AS tp_count FROM `multi_order` WHERE `status` = 0 LIMIT 1   [ RunTime:0.0014s ]
SQL: SELECT SUM(totalprice) AS tp_sum FROM `multi_order` WHERE `status` = 0 LIMIT 1   [ RunTime:0.0018s ]
NOTIC: [2048] Declaration of Common\Model\UserModel::add() should be compatible with Think\Model::add($data = '', $options = Array, $replace = false) /www/users/HA84691/WEB/multi/Application/Common/Model/UserModel.class.php 第 139 行.
NOTIC: [2048] Declaration of Common\Model\UserModel::addAll() should be compatible with Think\Model::addAll($dataList, $options = Array, $replace = false) /www/users/HA84691/WEB/multi/Application/Common/Model/UserModel.class.php 第 139 行.
NOTIC: [2048] Declaration of Common\Model\UserModel::save() should be compatible with Think\Model::save($data = '', $options = Array) /www/users/HA84691/WEB/multi/Application/Common/Model/UserModel.class.php 第 139 行.
SQL: SHOW COLUMNS FROM `multi_user` [ RunTime:0.0035s ]
NOTIC: [2] Missing argument 3 for Common\Model\UserModel::getMethod(), called in /www/users/HA84691/WEB/multi/Application/Admin/Controller/IndexController.class.php on line 15 and defined /www/users/HA84691/WEB/multi/Application/Common/Model/UserModel.class.php 第 96 行.
SQL: SELECT COUNT(*) AS tp_count FROM `multi_user` LIMIT 1   [ RunTime:0.0034s ]
NOTIC: [2] Missing argument 3 for Common\Model\OrderModel::getMethod(), called in /www/users/HA84691/WEB/multi/Application/Admin/Controller/IndexController.class.php on line 18 and defined /www/users/HA84691/WEB/multi/Application/Common/Model/OrderModel.class.php 第 73 行.
SQL: SELECT COUNT(*) AS tp_count FROM `multi_order` LIMIT 1   [ RunTime:0.0017s ]
INFO: [ view_parse ] --START--
INFO: [ template_filter ] --START--
INFO: Run Behavior\ContentReplaceBehavior [ RunTime:0.000198s ]
INFO: [ template_filter ] --END-- [ RunTime:0.000301s ]
NOTIC: [8] Undefined variable: ip /www/users/HA84691/WEB/multi/Application/Runtime/Cache/Admin/6fedbbe541e195344bf1450076482852.php 第 397 行.
INFO: Run Behavior\ParseTemplateBehavior [ RunTime:0.101923s ]
INFO: [ view_parse ] --END-- [ RunTime:0.101989s ]
INFO: [ view_filter ] --START--
INFO: Run Behavior\WriteHtmlCacheBehavior [ RunTime:0.000339s ]
INFO: [ view_filter ] --END-- [ RunTime:0.000386s ]
INFO: [ app_end ] --START--
INFO: Run Behavior\ShowPageTraceBehavior [ RunTime:0.000693s ]
INFO: [ app_end ] --END-- [ RunTime:0.000750s ]

[ 2016-05-29T21:11:26+08:00 ] 119.187.120.179 /multi/Admin/Public/login
INFO: [ app_init ] --START--
INFO: Run Behavior\BuildLiteBehavior [ RunTime:0.000023s ]
INFO: [ app_init ] --END-- [ RunTime:0.000513s ]
INFO: [ app_begin ] --START--
INFO: Run Behavior\ReadHtmlCacheBehavior [ RunTime:0.000583s ]
INFO: [ app_begin ] --END-- [ RunTime:0.000653s ]
INFO: [ view_parse ] --START--
INFO: [ template_filter ] --START--
INFO: Run Behavior\ContentReplaceBehavior [ RunTime:0.000054s ]
INFO: [ template_filter ] --END-- [ RunTime:0.000151s ]
INFO: Run Behavior\ParseTemplateBehavior [ RunTime:0.018318s ]
INFO: [ view_parse ] --END-- [ RunTime:0.018441s ]
INFO: [ view_filter ] --START--
INFO: Run Behavior\WriteHtmlCacheBehavior [ RunTime:0.000548s ]
INFO: [ view_filter ] --END-- [ RunTime:0.000625s ]

[ 2016-05-29T21:11:27+08:00 ] 119.187.120.179 /multi/Admin/Public/login
INFO: [ app_init ] --START--
INFO: Run Behavior\BuildLiteBehavior [ RunTime:0.000026s ]
INFO: [ app_init ] --END-- [ RunTime:0.000590s ]
INFO: [ app_begin ] --START--
INFO: Run Behavior\ReadHtmlCacheBehavior [ RunTime:0.000944s ]
INFO: [ app_begin ] --END-- [ RunTime:0.001054s ]
INFO: [ view_parse ] --START--
INFO: [ template_filter ] --START--
INFO: Run Behavior\ContentReplaceBehavior [ RunTime:0.000085s ]
INFO: [ template_filter ] --END-- [ RunTime:0.000164s ]
INFO: Run Behavior\ParseTemplateBehavior [ RunTime:0.016187s ]
INFO: [ view_parse ] --END-- [ RunTime:0.018429s ]
INFO: [ view_filter ] --START--
INFO: Run Behavior\WriteHtmlCacheBehavior [ RunTime:0.000332s ]
INFO: [ view_filter ] --END-- [ RunTime:0.000385s ]
INFO: [ app_end ] --START--
INFO: Run Behavior\ShowPageTraceBehavior [ RunTime:0.001096s ]
INFO: [ app_end ] --END-- [ RunTime:0.001165s ]

[ 2016-05-29T21:11:28+08:00 ] 119.187.120.179 /multi/Admin/Public/getVerify
INFO: [ app_init ] --START--
INFO: Run Behavior\BuildLiteBehavior [ RunTime:0.000058s ]
INFO: [ app_init ] --END-- [ RunTime:0.000528s ]
INFO: [ app_begin ] --START--
INFO: Run Behavior\ReadHtmlCacheBehavior [ RunTime:0.000783s ]
INFO: [ app_begin ] --END-- [ RunTime:0.000864s ]
INFO: [ app_end ] --START--
INFO: Run Behavior\ShowPageTraceBehavior [ RunTime:0.002369s ]
INFO: [ app_end ] --END-- [ RunTime:0.002491s ]

[ 2016-05-29T21:11:34+08:00 ] 119.187.120.179 /multi/Admin/Public/login
INFO: [ app_init ] --START--
INFO: Run Behavior\BuildLiteBehavior [ RunTime:0.000023s ]
INFO: [ app_init ] --END-- [ RunTime:0.000456s ]
INFO: [ app_begin ] --START--
INFO: Run Behavior\ReadHtmlCacheBehavior [ RunTime:0.004999s ]
INFO: [ app_begin ] --END-- [ RunTime:0.005096s ]
NOTIC: [2048] Declaration of Common\Model\AdminModel::add() should be compatible with Think\Model::add($data = '', $options = Array, $replace = false) /www/users/HA84691/WEB/multi/Application/Common/Model/AdminModel.class.php 第 7 行.
NOTIC: [2048] Declaration of Common\Model\AdminModel::addAll() should be compatible with Think\Model::addAll($dataList, $options = Array, $replace = false) /www/users/HA84691/WEB/multi/Application/Common/Model/AdminModel.class.php 第 7 行.
NOTIC: [2048] Declaration of Common\Model\AdminModel::save() should be compatible with Think\Model::save($data = '', $options = Array) /www/users/HA84691/WEB/multi/Application/Common/Model/AdminModel.class.php 第 7 行.
SQL: SHOW COLUMNS FROM `multi_admin` [ RunTime:0.0100s ]
SQL: SELECT * FROM `multi_admin` WHERE `username` = 'admin' AND `password` = '21232f297a57a5a743894a0e4a801fc3' LIMIT 1   [ RunTime:0.0053s ]
NOTIC: [2048] Declaration of Common\Model\AuthGroupAccessModel::add() should be compatible with Think\Model::add($data = '', $options = Array, $replace = false) /www/users/HA84691/WEB/multi/Application/Common/Model/AuthGroupAccessModel.class.php 第 23 行.
SQL: SHOW COLUMNS FROM `multi_auth_group_access` [ RunTime:0.0087s ]
SQL: SELECT * FROM `multi_auth_group_access` WHERE ( 1=1 AND uid='1' ) LIMIT 1   [ RunTime:0.0027s ]

[ 2016-05-29T21:11:35+08:00 ] 119.187.120.179 /multi/Admin/Index/index
INFO: [ app_init ] --START--
INFO: Run Behavior\BuildLiteBehavior [ RunTime:0.000024s ]
INFO: [ app_init ] --END-- [ RunTime:0.000584s ]
INFO: [ app_begin ] --START--
INFO: Run Behavior\ReadHtmlCacheBehavior [ RunTime:0.003630s ]
INFO: [ app_begin ] --END-- [ RunTime:0.003791s ]
NOTIC: [2048] Declaration of Admin\Controller\BaseController::display() should be compatible with Think\Controller::display($templateFile = '', $charset = '', $contentType = '', $content = '', $prefix = '') /www/users/HA84691/WEB/multi/Application/Admin/Controller/BaseController.class.php 第 89 行.
NOTIC: [2048] Declaration of Common\Model\OrderModel::add() should be compatible with Think\Model::add($data = '', $options = Array, $replace = false) /www/users/HA84691/WEB/multi/Application/Common/Model/OrderModel.class.php 第 7 行.
NOTIC: [2048] Declaration of Common\Model\OrderModel::addAll() should be compatible with Think\Model::addAll($dataList, $options = Array, $replace = false) /www/users/HA84691/WEB/multi/Application/Common/Model/OrderModel.class.php 第 7 行.
NOTIC: [2048] Declaration of Common\Model\OrderModel::save() should be compatible with Think\Model::save($data = '', $options = Array) /www/users/HA84691/WEB/multi/Application/Common/Model/OrderModel.class.php 第 7 行.
SQL: SHOW COLUMNS FROM `multi_order` [ RunTime:0.0031s ]
NOTIC: [2] Missing argument 3 for Common\Model\OrderModel::getMethod(), called in /www/users/HA84691/WEB/multi/Application/Admin/Controller/IndexController.class.php on line 9 and defined /www/users/HA84691/WEB/multi/Application/Common/Model/OrderModel.class.php 第 73 行.
SQL: SELECT COUNT(*) AS tp_count FROM `multi_order` WHERE `status` = 0 LIMIT 1   [ RunTime:0.0024s ]
SQL: SELECT SUM(totalprice) AS tp_sum FROM `multi_order` WHERE `status` = 0 LIMIT 1   [ RunTime:0.0027s ]
NOTIC: [2048] Declaration of Common\Model\UserModel::add() should be compatible with Think\Model::add($data = '', $options = Array, $replace = false) /www/users/HA84691/WEB/multi/Application/Common/Model/UserModel.class.php 第 139 行.
NOTIC: [2048] Declaration of Common\Model\UserModel::addAll() should be compatible with Think\Model::addAll($dataList, $options = Array, $replace = false) /www/users/HA84691/WEB/multi/Application/Common/Model/UserModel.class.php 第 139 行.
NOTIC: [2048] Declaration of Common\Model\UserModel::save() should be compatible with Think\Model::save($data = '', $options = Array) /www/users/HA84691/WEB/multi/Application/Common/Model/UserModel.class.php 第 139 行.
SQL: SHOW COLUMNS FROM `multi_user` [ RunTime:0.0064s ]
NOTIC: [2] Missing argument 3 for Common\Model\UserModel::getMethod(), called in /www/users/HA84691/WEB/multi/Application/Admin/Controller/IndexController.class.php on line 15 and defined /www/users/HA84691/WEB/multi/Application/Common/Model/UserModel.class.php 第 96 行.
SQL: SELECT COUNT(*) AS tp_count FROM `multi_user` LIMIT 1   [ RunTime:0.0063s ]
NOTIC: [2] Missing argument 3 for Common\Model\OrderModel::getMethod(), called in /www/users/HA84691/WEB/multi/Application/Admin/Controller/IndexController.class.php on line 18 and defined /www/users/HA84691/WEB/multi/Application/Common/Model/OrderModel.class.php 第 73 行.
SQL: SELECT COUNT(*) AS tp_count FROM `multi_order` LIMIT 1   [ RunTime:0.0080s ]
INFO: [ view_parse ] --START--
INFO: [ template_filter ] --START--
INFO: Run Behavior\ContentReplaceBehavior [ RunTime:0.000218s ]
INFO: [ template_filter ] --END-- [ RunTime:0.000310s ]
NOTIC: [8] Undefined variable: ip /www/users/HA84691/WEB/multi/Application/Runtime/Cache/Admin/6fedbbe541e195344bf1450076482852.php 第 397 行.
INFO: Run Behavior\ParseTemplateBehavior [ RunTime:0.057845s ]
INFO: [ view_parse ] --END-- [ RunTime:0.057921s ]
INFO: [ view_filter ] --START--
INFO: Run Behavior\WriteHtmlCacheBehavior [ RunTime:0.000326s ]
INFO: [ view_filter ] --END-- [ RunTime:0.000385s ]
INFO: [ app_end ] --START--
INFO: Run Behavior\ShowPageTraceBehavior [ RunTime:0.000644s ]
INFO: [ app_end ] --END-- [ RunTime:0.000701s ]

[ 2016-05-29T21:11:38+08:00 ] 119.187.120.179 /multi/Admin/Base/getNotify
INFO: [ app_init ] --START--
INFO: Run Behavior\BuildLiteBehavior [ RunTime:0.000028s ]
INFO: [ app_init ] --END-- [ RunTime:0.000791s ]
INFO: [ app_begin ] --START--
INFO: Run Behavior\ReadHtmlCacheBehavior [ RunTime:0.000642s ]
INFO: [ app_begin ] --END-- [ RunTime:0.000719s ]
NOTIC: [2048] Declaration of Admin\Controller\BaseController::display() should be compatible with Think\Controller::display($templateFile = '', $charset = '', $contentType = '', $content = '', $prefix = '') /www/users/HA84691/WEB/multi/Application/Admin/Controller/BaseController.class.php 第 89 行.
INFO: [ app_end ] --START--
INFO: Run Behavior\ShowPageTraceBehavior [ RunTime:0.000781s ]
INFO: [ app_end ] --END-- [ RunTime:0.000924s ]

[ 2016-05-29T21:11:49+08:00 ] 119.187.120.179 /multi/Admin/Index/userChart?_pjax=%23pjax-container
INFO: [ app_init ] --START--
INFO: Run Behavior\BuildLiteBehavior [ RunTime:0.000024s ]
INFO: [ app_init ] --END-- [ RunTime:0.000484s ]
INFO: [ app_begin ] --START--
INFO: Run Behavior\ReadHtmlCacheBehavior [ RunTime:0.000765s ]
INFO: [ app_begin ] --END-- [ RunTime:0.000858s ]
NOTIC: [2048] Declaration of Admin\Controller\BaseController::display() should be compatible with Think\Controller::display($templateFile = '', $charset = '', $contentType = '', $content = '', $prefix = '') /www/users/HA84691/WEB/multi/Application/Admin/Controller/BaseController.class.php 第 89 行.
NOTIC: [2048] Declaration of Common\Model\UserModel::add() should be compatible with Think\Model::add($data = '', $options = Array, $replace = false) /www/users/HA84691/WEB/multi/Application/Common/Model/UserModel.class.php 第 7 行.
NOTIC: [2048] Declaration of Common\Model\UserModel::addAll() should be compatible with Think\Model::addAll($dataList, $options = Array, $replace = false) /www/users/HA84691/WEB/multi/Application/Common/Model/UserModel.class.php 第 7 行.
NOTIC: [2048] Declaration of Common\Model\UserModel::save() should be compatible with Think\Model::save($data = '', $options = Array) /www/users/HA84691/WEB/multi/Application/Common/Model/UserModel.class.php 第 7 行.
SQL: SHOW COLUMNS FROM `multi_user` [ RunTime:0.0040s ]
NOTIC: [2] Missing argument 3 for Common\Model\UserModel::getMethod(), called in /www/users/HA84691/WEB/multi/Application/Admin/Controller/IndexController.class.php on line 26 and defined /www/users/HA84691/WEB/multi/Application/Common/Model/UserModel.class.php 第 96 行.
SQL: SELECT COUNT(*) AS tp_count FROM `multi_user` LIMIT 1   [ RunTime:0.0021s ]
NOTIC: [2] Missing argument 3 for Common\Model\UserModel::getMethod(), called in /www/users/HA84691/WEB/multi/Application/Admin/Controller/IndexController.class.php on line 27 and defined /www/users/HA84691/WEB/multi/Application/Common/Model/UserModel.class.php 第 96 行.
SQL: SELECT COUNT(*) AS tp_count FROM `multi_user` WHERE `buy_num` > 0 LIMIT 1   [ RunTime:0.0017s ]
SQL: SHOW COLUMNS FROM `multi_analysis` [ RunTime:0.0035s ]
SQL: SELECT * FROM `multi_analysis` WHERE `time` LIKE '2016-05-28%' LIMIT 1   [ RunTime:0.0023s ]
SQL: SELECT * FROM `multi_analysis` WHERE `time` LIKE '2016-05-29%' LIMIT 1   [ RunTime:0.0013s ]
SQL: SELECT * FROM `multi_analysis` WHERE ( `time` LIKE '2016-05-29%' OR `time` LIKE '2016-05-28%' OR `time` LIKE '2016-05-27%' OR `time` LIKE '2016-05-26%' OR `time` LIKE '2016-05-25%' OR `time` LIKE '2016-05-24%' OR `time` LIKE '2016-05-23%' OR `time` LIKE '2016-05-22%' OR `time` LIKE '2016-05-21%' OR `time` LIKE '2016-05-20%' OR `time` LIKE '2016-05-19%' OR `time` LIKE '2016-05-18%' OR `time` LIKE '2016-05-17%' OR `time` LIKE '2016-05-16%' OR `time` LIKE '2016-05-15%' OR `time` LIKE '2016-05-14%' OR `time` LIKE '2016-05-13%' OR `time` LIKE '2016-05-12%' OR `time` LIKE '2016-05-11%' OR `time` LIKE '2016-05-10%' OR `time` LIKE '2016-05-09%' OR `time` LIKE '2016-05-08%' ) ORDER BY id desc  [ RunTime:0.0047s ]
NOTIC: [2] Missing argument 3 for Common\Model\UserModel::getMethod(), called in /www/users/HA84691/WEB/multi/Application/Admin/Controller/IndexController.class.php on line 51 and defined /www/users/HA84691/WEB/multi/Application/Common/Model/UserModel.class.php 第 96 行.
SQL: SELECT COUNT(*) AS tp_count FROM `multi_user` WHERE `ctime` LIKE '2016-05-29%' AND `buy_num` > 0 LIMIT 1   [ RunTime:0.0045s ]
INFO: [ view_parse ] --START--
INFO: [ template_filter ] --START--
INFO: Run Behavior\ContentReplaceBehavior [ RunTime:0.000086s ]
INFO: [ template_filter ] --END-- [ RunTime:0.000209s ]
INFO: Run Behavior\ParseTemplateBehavior [ RunTime:0.016109s ]
INFO: [ view_parse ] --END-- [ RunTime:0.016180s ]
INFO: [ view_filter ] --START--
INFO: Run Behavior\WriteHtmlCacheBehavior [ RunTime:0.000375s ]
INFO: [ view_filter ] --END-- [ RunTime:0.000433s ]
INFO: [ app_end ] --START--
INFO: Run Behavior\ShowPageTraceBehavior [ RunTime:0.000790s ]
INFO: [ app_end ] --END-- [ RunTime:0.000859s ]

[ 2016-05-29T21:11:51+08:00 ] 119.187.120.179 /multi/Admin/Weixin/wxMenuSet?_pjax=%23pjax-container
INFO: [ app_init ] --START--
INFO: Run Behavior\BuildLiteBehavior [ RunTime:0.000026s ]
INFO: [ app_init ] --END-- [ RunTime:0.000758s ]
INFO: [ app_begin ] --START--
INFO: Run Behavior\ReadHtmlCacheBehavior [ RunTime:0.001386s ]
INFO: [ app_begin ] --END-- [ RunTime:0.001552s ]
NOTIC: [2048] Declaration of Admin\Controller\BaseController::display() should be compatible with Think\Controller::display($templateFile = '', $charset = '', $contentType = '', $content = '', $prefix = '') /www/users/HA84691/WEB/multi/Application/Admin/Controller/BaseController.class.php 第 89 行.
NOTIC: [2048] Declaration of Common\Model\WxMenuModel::add() should be compatible with Think\Model::add($data = '', $options = Array, $replace = false) /www/users/HA84691/WEB/multi/Application/Common/Model/WxMenuModel.class.php 第 7 行.
NOTIC: [2048] Declaration of Common\Model\WxMenuModel::addAll() should be compatible with Think\Model::addAll($dataList, $options = Array, $replace = false) /www/users/HA84691/WEB/multi/Application/Common/Model/WxMenuModel.class.php 第 7 行.
NOTIC: [2048] Declaration of Common\Model\WxMenuModel::save() should be compatible with Think\Model::save($data = '', $options = Array) /www/users/HA84691/WEB/multi/Application/Common/Model/WxMenuModel.class.php 第 7 行.
SQL: SHOW COLUMNS FROM `multi_wx_menu` [ RunTime:0.0050s ]
SQL: SELECT * FROM `multi_wx_menu` ORDER BY id desc  [ RunTime:0.0024s ]
INFO: [ view_parse ] --START--
INFO: [ template_filter ] --START--
INFO: Run Behavior\ContentReplaceBehavior [ RunTime:0.000136s ]
INFO: [ template_filter ] --END-- [ RunTime:0.000293s ]
INFO: Run Behavior\ParseTemplateBehavior [ RunTime:0.021665s ]
INFO: [ view_parse ] --END-- [ RunTime:0.021757s ]
INFO: [ view_filter ] --START--
INFO: Run Behavior\WriteHtmlCacheBehavior [ RunTime:0.000385s ]
INFO: [ view_filter ] --END-- [ RunTime:0.000433s ]
INFO: [ app_end ] --START--
INFO: Run Behavior\ShowPageTraceBehavior [ RunTime:0.000852s ]
INFO: [ app_end ] --END-- [ RunTime:0.000923s ]

[ 2016-05-29T21:12:05+08:00 ] 119.187.120.179 /multi/Admin/Shop/shop?_pjax=%23pjax-container
INFO: [ app_init ] --START--
INFO: Run Behavior\BuildLiteBehavior [ RunTime:0.000050s ]
INFO: [ app_init ] --END-- [ RunTime:0.000591s ]
INFO: [ app_begin ] --START--
INFO: Run Behavior\ReadHtmlCacheBehavior [ RunTime:0.000697s ]
INFO: [ app_begin ] --END-- [ RunTime:0.000774s ]
NOTIC: [2048] Declaration of Admin\Controller\BaseController::display() should be compatible with Think\Controller::display($templateFile = '', $charset = '', $contentType = '', $content = '', $prefix = '') /www/users/HA84691/WEB/multi/Application/Admin/Controller/BaseController.class.php 第 89 行.
SQL: SHOW COLUMNS FROM `multi_shop` [ RunTime:0.0029s ]
SQL: SELECT * FROM `multi_shop` ORDER BY id desc LIMIT 0,25   [ RunTime:0.0023s ]
NOTIC: [2048] Declaration of Common\Model\FileModel::add() should be compatible with Think\Model::add($data = '', $options = Array, $replace = false) /www/users/HA84691/WEB/multi/Application/Common/Model/FileModel.class.php 第 137 行.
NOTIC: [2048] Declaration of Common\Model\FileModel::addAll() should be compatible with Think\Model::addAll($dataList, $options = Array, $replace = false) /www/users/HA84691/WEB/multi/Application/Common/Model/FileModel.class.php 第 137 行.
NOTIC: [2048] Declaration of Common\Model\FileModel::save() should be compatible with Think\Model::save($data = '', $options = Array) /www/users/HA84691/WEB/multi/Application/Common/Model/FileModel.class.php 第 137 行.
SQL: SHOW COLUMNS FROM `multi_file` [ RunTime:0.0026s ]
SQL: SELECT * FROM `multi_file` WHERE ( 1=1 AND id='51' ) LIMIT 1   [ RunTime:0.0016s ]
NOTIC: [2048] Declaration of Common\Model\UserModel::add() should be compatible with Think\Model::add($data = '', $options = Array, $replace = false) /www/users/HA84691/WEB/multi/Application/Common/Model/UserModel.class.php 第 139 行.
NOTIC: [2048] Declaration of Common\Model\UserModel::addAll() should be compatible with Think\Model::addAll($dataList, $options = Array, $replace = false) /www/users/HA84691/WEB/multi/Application/Common/Model/UserModel.class.php 第 139 行.
NOTIC: [2048] Declaration of Common\Model\UserModel::save() should be compatible with Think\Model::save($data = '', $options = Array) /www/users/HA84691/WEB/multi/Application/Common/Model/UserModel.class.php 第 139 行.
SQL: SHOW COLUMNS FROM `multi_user` [ RunTime:0.0030s ]
SQL: SELECT * FROM `multi_user` WHERE ( 1=1 AND id='789' ) LIMIT 1   [ RunTime:0.0025s ]
SQL: SELECT * FROM `multi_file` WHERE ( 1=1 AND id='0' ) LIMIT 1   [ RunTime:0.0014s ]
SQL: SELECT * FROM `multi_user` WHERE ( 1=1 AND id='789' ) LIMIT 1   [ RunTime:0.0025s ]
SQL: SELECT * FROM `multi_file` WHERE ( 1=1 AND id='52' ) LIMIT 1   [ RunTime:0.0020s ]
SQL: SELECT * FROM `multi_user` WHERE ( 1=1 AND id='1011' ) LIMIT 1   [ RunTime:0.0019s ]
SQL: SELECT * FROM `multi_file` WHERE ( 1=1 AND id='0' ) LIMIT 1   [ RunTime:0.0030s ]
SQL: SELECT * FROM `multi_user` WHERE ( 1=1 AND id='789' ) LIMIT 1   [ RunTime:0.0035s ]
SQL: SELECT * FROM `multi_file` WHERE ( 1=1 AND id='48' ) LIMIT 1   [ RunTime:0.0022s ]
SQL: SELECT * FROM `multi_user` WHERE ( 1=1 AND id='789' ) LIMIT 1   [ RunTime:0.0020s ]
SQL: SELECT * FROM `multi_file` WHERE ( 1=1 AND id='46' ) LIMIT 1   [ RunTime:0.0041s ]
SQL: SELECT * FROM `multi_user` WHERE ( 1=1 AND id='1009' ) LIMIT 1   [ RunTime:0.0024s ]
SQL: SELECT * FROM `multi_file` WHERE ( 1=1 AND id='47' ) LIMIT 1   [ RunTime:0.0018s ]
SQL: SELECT * FROM `multi_user` WHERE ( 1=1 AND id='1000' ) LIMIT 1   [ RunTime:0.0016s ]
SQL: SELECT * FROM `multi_file` WHERE ( 1=1 AND id='0' ) LIMIT 1   [ RunTime:0.0014s ]
SQL: SELECT * FROM `multi_user` WHERE ( 1=1 AND id='979' ) LIMIT 1   [ RunTime:0.0021s ]
SQL: SELECT * FROM `multi_file` WHERE ( 1=1 AND id='0' ) LIMIT 1   [ RunTime:0.0018s ]
SQL: SELECT * FROM `multi_user` WHERE ( 1=1 AND id='974' ) LIMIT 1   [ RunTime:0.0027s ]
SQL: SELECT * FROM `multi_file` WHERE ( 1=1 AND id='26' ) LIMIT 1   [ RunTime:0.0017s ]
SQL: SELECT * FROM `multi_user` WHERE ( 1=1 AND id='976' ) LIMIT 1   [ RunTime:0.0035s ]
SQL: SELECT * FROM `multi_file` WHERE ( 1=1 AND id='46' ) LIMIT 1   [ RunTime:0.0021s ]
SQL: SELECT * FROM `multi_user` WHERE ( 1=1 AND id='972' ) LIMIT 1   [ RunTime:0.0014s ]
SQL: SELECT * FROM `multi_file` WHERE ( 1=1 AND id='0' ) LIMIT 1   [ RunTime:0.0042s ]
SQL: SELECT * FROM `multi_user` WHERE ( 1=1 AND id='968' ) LIMIT 1   [ RunTime:0.0017s ]
SQL: SELECT * FROM `multi_file` WHERE ( 1=1 AND id='0' ) LIMIT 1   [ RunTime:0.0021s ]
SQL: SELECT * FROM `multi_user` WHERE ( 1=1 AND id='967' ) LIMIT 1   [ RunTime:0.0017s ]
SQL: SELECT * FROM `multi_file` WHERE ( 1=1 AND id='0' ) LIMIT 1   [ RunTime:0.0019s ]
SQL: SELECT * FROM `multi_user` WHERE ( 1=1 AND id='940' ) LIMIT 1   [ RunTime:0.0019s ]
SQL: SELECT * FROM `multi_file` WHERE ( 1=1 AND id='29' ) LIMIT 1   [ RunTime:0.0016s ]
SQL: SELECT * FROM `multi_user` WHERE ( 1=1 AND id='963' ) LIMIT 1   [ RunTime:0.0019s ]
SQL: SELECT * FROM `multi_file` WHERE ( 1=1 AND id='0' ) LIMIT 1   [ RunTime:0.0017s ]
SQL: SELECT * FROM `multi_user` WHERE ( 1=1 AND id='956' ) LIMIT 1   [ RunTime:0.0017s ]
SQL: SELECT * FROM `multi_file` WHERE ( 1=1 AND id='41' ) LIMIT 1   [ RunTime:0.0018s ]
SQL: SELECT * FROM `multi_user` WHERE ( 1=1 AND id='953' ) LIMIT 1   [ RunTime:0.0017s ]
SQL: SELECT * FROM `multi_file` WHERE ( 1=1 AND id='30' ) LIMIT 1   [ RunTime:0.0037s ]
SQL: SELECT * FROM `multi_user` WHERE ( 1=1 AND id='952' ) LIMIT 1   [ RunTime:0.0035s ]
SQL: SELECT * FROM `multi_file` WHERE ( 1=1 AND id='41' ) LIMIT 1   [ RunTime:0.0017s ]
SQL: SELECT * FROM `multi_user` WHERE ( 1=1 AND id='950' ) LIMIT 1   [ RunTime:0.0026s ]
SQL: SELECT * FROM `multi_file` WHERE ( 1=1 AND id='0' ) LIMIT 1   [ RunTime:0.0135s ]
SQL: SELECT * FROM `multi_user` WHERE ( 1=1 AND id='949' ) LIMIT 1   [ RunTime:0.0043s ]
SQL: SELECT * FROM `multi_file` WHERE ( 1=1 AND id='0' ) LIMIT 1   [ RunTime:0.0016s ]
SQL: SELECT * FROM `multi_user` WHERE ( 1=1 AND id='949' ) LIMIT 1   [ RunTime:0.0016s ]
SQL: SELECT * FROM `multi_file` WHERE ( 1=1 AND id='0' ) LIMIT 1   [ RunTime:0.0024s ]
SQL: SELECT * FROM `multi_user` WHERE ( 1=1 AND id='948' ) LIMIT 1   [ RunTime:0.0018s ]
SQL: SELECT * FROM `multi_file` WHERE ( 1=1 AND id='39' ) LIMIT 1   [ RunTime:0.0018s ]
SQL: SELECT * FROM `multi_user` WHERE ( 1=1 AND id='945' ) LIMIT 1   [ RunTime:0.0016s ]
SQL: SELECT * FROM `multi_file` WHERE ( 1=1 AND id='31' ) LIMIT 1   [ RunTime:0.0024s ]
SQL: SELECT * FROM `multi_user` WHERE ( 1=1 AND id='943' ) LIMIT 1   [ RunTime:0.0027s ]
SQL: SELECT * FROM `multi_file` WHERE ( 1=1 AND id='37' ) LIMIT 1   [ RunTime:0.0018s ]
SQL: SELECT * FROM `multi_user` WHERE ( 1=1 AND id='940' ) LIMIT 1   [ RunTime:0.0027s ]
SQL: SELECT COUNT(*) AS tp_count FROM `multi_shop` LIMIT 1   [ RunTime:0.0022s ]
INFO: [ view_parse ] --START--
INFO: [ template_filter ] --START--
INFO: Run Behavior\ContentReplaceBehavior [ RunTime:0.000121s ]
INFO: [ template_filter ] --END-- [ RunTime:0.000192s ]
NOTIC: [8] Use of undefined constant savename - assumed 'savename' /www/users/HA84691/WEB/multi/Application/Runtime/Cache/Admin/b057583dc0ae2405636b13c2f866cf9f.php 第 126 行.
NOTIC: [8] Array to string conversion /www/users/HA84691/WEB/multi/Application/Runtime/Cache/Admin/b057583dc0ae2405636b13c2f866cf9f.php 第 126 行.
NOTIC: [8] Use of undefined constant savename - assumed 'savename' /www/users/HA84691/WEB/multi/Application/Runtime/Cache/Admin/b057583dc0ae2405636b13c2f866cf9f.php 第 126 行.
NOTIC: [8] Array to string conversion /www/users/HA84691/WEB/multi/Application/Runtime/Cache/Admin/b057583dc0ae2405636b13c2f866cf9f.php 第 126 行.
NOTIC: [8] Use of undefined constant savename - assumed 'savename' /www/users/HA84691/WEB/multi/Application/Runtime/Cache/Admin/b057583dc0ae2405636b13c2f866cf9f.php 第 126 行.
NOTIC: [8] Array to string conversion /www/users/HA84691/WEB/multi/Application/Runtime/Cache/Admin/b057583dc0ae2405636b13c2f866cf9f.php 第 126 行.
NOTIC: [8] Use of undefined constant savename - assumed 'savename' /www/users/HA84691/WEB/multi/Application/Runtime/Cache/Admin/b057583dc0ae2405636b13c2f866cf9f.php 第 126 行.
NOTIC: [8] Array to string conversion /www/users/HA84691/WEB/multi/Application/Runtime/Cache/Admin/b057583dc0ae2405636b13c2f866cf9f.php 第 126 行.
NOTIC: [8] Use of undefined constant savename - assumed 'savename' /www/users/HA84691/WEB/multi/Application/Runtime/Cache/Admin/b057583dc0ae2405636b13c2f866cf9f.php 第 126 行.
NOTIC: [8] Array to string conversion /www/users/HA84691/WEB/multi/Application/Runtime/Cache/Admin/b057583dc0ae2405636b13c2f866cf9f.php 第 126 行.
NOTIC: [8] Use of undefined constant savename - assumed 'savename' /www/users/HA84691/WEB/multi/Application/Runtime/Cache/Admin/b057583dc0ae2405636b13c2f866cf9f.php 第 126 行.
NOTIC: [8] Array to string conversion /www/users/HA84691/WEB/multi/Application/Runtime/Cache/Admin/b057583dc0ae2405636b13c2f866cf9f.php 第 126 行.
NOTIC: [8] Use of undefined constant savename - assumed 'savename' /www/users/HA84691/WEB/multi/Application/Runtime/Cache/Admin/b057583dc0ae2405636b13c2f866cf9f.php 第 126 行.
NOTIC: [8] Array to string conversion /www/users/HA84691/WEB/multi/Application/Runtime/Cache/Admin/b057583dc0ae2405636b13c2f866cf9f.php 第 126 行.
NOTIC: [8] Use of undefined constant savename - assumed 'savename' /www/users/HA84691/WEB/multi/Application/Runtime/Cache/Admin/b057583dc0ae2405636b13c2f866cf9f.php 第 126 行.
NOTIC: [8] Array to string conversion /www/users/HA84691/WEB/multi/Application/Runtime/Cache/Admin/b057583dc0ae2405636b13c2f866cf9f.php 第 126 行.
NOTIC: [8] Use of undefined constant savename - assumed 'savename' /www/users/HA84691/WEB/multi/Application/Runtime/Cache/Admin/b057583dc0ae2405636b13c2f866cf9f.php 第 126 行.
NOTIC: [8] Array to string conversion /www/users/HA84691/WEB/multi/Application/Runtime/Cache/Admin/b057583dc0ae2405636b13c2f866cf9f.php 第 126 行.
NOTIC: [8] Use of undefined constant savename - assumed 'savename' /www/users/HA84691/WEB/multi/Application/Runtime/Cache/Admin/b057583dc0ae2405636b13c2f866cf9f.php 第 126 行.
NOTIC: [8] Array to string conversion /www/users/HA84691/WEB/multi/Application/Runtime/Cache/Admin/b057583dc0ae2405636b13c2f866cf9f.php 第 126 行.
NOTIC: [8] Use of undefined constant savename - assumed 'savename' /www/users/HA84691/WEB/multi/Application/Runtime/Cache/Admin/b057583dc0ae2405636b13c2f866cf9f.php 第 126 行.
NOTIC: [8] Array to string conversion /www/users/HA84691/WEB/multi/Application/Runtime/Cache/Admin/b057583dc0ae2405636b13c2f866cf9f.php 第 126 行.
NOTIC: [8] Use of undefined constant savename - assumed 'savename' /www/users/HA84691/WEB/multi/Application/Runtime/Cache/Admin/b057583dc0ae2405636b13c2f866cf9f.php 第 126 行.
NOTIC: [8] Array to string conversion /www/users/HA84691/WEB/multi/Application/Runtime/Cache/Admin/b057583dc0ae2405636b13c2f866cf9f.php 第 126 行.
NOTIC: [8] Use of undefined constant savename - assumed 'savename' /www/users/HA84691/WEB/multi/Application/Runtime/Cache/Admin/b057583dc0ae2405636b13c2f866cf9f.php 第 126 行.
NOTIC: [8] Array to string conversion /www/users/HA84691/WEB/multi/Application/Runtime/Cache/Admin/b057583dc0ae2405636b13c2f866cf9f.php 第 126 行.
NOTIC: [8] Use of undefined constant savename - assumed 'savename' /www/users/HA84691/WEB/multi/Application/Runtime/Cache/Admin/b057583dc0ae2405636b13c2f866cf9f.php 第 126 行.
NOTIC: [8] Array to string conversion /www/users/HA84691/WEB/multi/Application/Runtime/Cache/Admin/b057583dc0ae2405636b13c2f866cf9f.php 第 126 行.
INFO: Run Behavior\ParseTemplateBehavior [ RunTime:0.033300s ]
INFO: [ view_parse ] --END-- [ RunTime:0.033381s ]
INFO: [ view_filter ] --START--
INFO: Run Behavior\WriteHtmlCacheBehavior [ RunTime:0.000340s ]
INFO: [ view_filter ] --END-- [ RunTime:0.000386s ]
INFO: [ app_end ] --START--
INFO: Run Behavior\ShowPageTraceBehavior [ RunTime:0.000708s ]
INFO: [ app_end ] --END-- [ RunTime:0.000785s ]

[ 2016-05-29T21:12:15+08:00 ] 119.187.120.179 /multi/Admin/Index/index
INFO: [ app_init ] --START--
INFO: Run Behavior\BuildLiteBehavior [ RunTime:0.000026s ]
INFO: [ app_init ] --END-- [ RunTime:0.000964s ]
INFO: [ app_begin ] --START--
INFO: Run Behavior\ReadHtmlCacheBehavior [ RunTime:0.000841s ]
INFO: [ app_begin ] --END-- [ RunTime:0.000922s ]
NOTIC: [2048] Declaration of Admin\Controller\BaseController::display() should be compatible with Think\Controller::display($templateFile = '', $charset = '', $contentType = '', $content = '', $prefix = '') /www/users/HA84691/WEB/multi/Application/Admin/Controller/BaseController.class.php 第 89 行.
NOTIC: [2048] Declaration of Common\Model\OrderModel::add() should be compatible with Think\Model::add($data = '', $options = Array, $replace = false) /www/users/HA84691/WEB/multi/Application/Common/Model/OrderModel.class.php 第 7 行.
NOTIC: [2048] Declaration of Common\Model\OrderModel::addAll() should be compatible with Think\Model::addAll($dataList, $options = Array, $replace = false) /www/users/HA84691/WEB/multi/Application/Common/Model/OrderModel.class.php 第 7 行.
NOTIC: [2048] Declaration of Common\Model\OrderModel::save() should be compatible with Think\Model::save($data = '', $options = Array) /www/users/HA84691/WEB/multi/Application/Common/Model/OrderModel.class.php 第 7 行.
SQL: SHOW COLUMNS FROM `multi_order` [ RunTime:0.0032s ]
NOTIC: [2] Missing argument 3 for Common\Model\OrderModel::getMethod(), called in /www/users/HA84691/WEB/multi/Application/Admin/Controller/IndexController.class.php on line 9 and defined /www/users/HA84691/WEB/multi/Application/Common/Model/OrderModel.class.php 第 73 行.
SQL: SELECT COUNT(*) AS tp_count FROM `multi_order` WHERE `status` = 0 LIMIT 1   [ RunTime:0.0022s ]
SQL: SELECT SUM(totalprice) AS tp_sum FROM `multi_order` WHERE `status` = 0 LIMIT 1   [ RunTime:0.0014s ]
NOTIC: [2048] Declaration of Common\Model\UserModel::add() should be compatible with Think\Model::add($data = '', $options = Array, $replace = false) /www/users/HA84691/WEB/multi/Application/Common/Model/UserModel.class.php 第 139 行.
NOTIC: [2048] Declaration of Common\Model\UserModel::addAll() should be compatible with Think\Model::addAll($dataList, $options = Array, $replace = false) /www/users/HA84691/WEB/multi/Application/Common/Model/UserModel.class.php 第 139 行.
NOTIC: [2048] Declaration of Common\Model\UserModel::save() should be compatible with Think\Model::save($data = '', $options = Array) /www/users/HA84691/WEB/multi/Application/Common/Model/UserModel.class.php 第 139 行.
SQL: SHOW COLUMNS FROM `multi_user` [ RunTime:0.0043s ]
NOTIC: [2] Missing argument 3 for Common\Model\UserModel::getMethod(), called in /www/users/HA84691/WEB/multi/Application/Admin/Controller/IndexController.class.php on line 15 and defined /www/users/HA84691/WEB/multi/Application/Common/Model/UserModel.class.php 第 96 行.
SQL: SELECT COUNT(*) AS tp_count FROM `multi_user` LIMIT 1   [ RunTime:0.0021s ]
NOTIC: [2] Missing argument 3 for Common\Model\OrderModel::getMethod(), called in /www/users/HA84691/WEB/multi/Application/Admin/Controller/IndexController.class.php on line 18 and defined /www/users/HA84691/WEB/multi/Application/Common/Model/OrderModel.class.php 第 73 行.
SQL: SELECT COUNT(*) AS tp_count FROM `multi_order` LIMIT 1   [ RunTime:0.0017s ]
INFO: [ view_parse ] --START--
INFO: [ template_filter ] --START--
INFO: Run Behavior\ContentReplaceBehavior [ RunTime:0.000252s ]
INFO: [ template_filter ] --END-- [ RunTime:0.000352s ]
NOTIC: [8] Undefined variable: ip /www/users/HA84691/WEB/multi/Application/Runtime/Cache/Admin/6fedbbe541e195344bf1450076482852.php 第 397 行.
INFO: Run Behavior\ParseTemplateBehavior [ RunTime:0.044708s ]
INFO: [ view_parse ] --END-- [ RunTime:0.044790s ]
INFO: [ view_filter ] --START--
INFO: Run Behavior\WriteHtmlCacheBehavior [ RunTime:0.005060s ]
INFO: [ view_filter ] --END-- [ RunTime:0.005157s ]
INFO: [ app_end ] --START--
INFO: Run Behavior\ShowPageTraceBehavior [ RunTime:0.000925s ]
INFO: [ app_end ] --END-- [ RunTime:0.001019s ]

[ 2016-05-29T21:12:16+08:00 ] 119.187.120.179 /multi/Admin/Base/getNotify
INFO: [ app_init ] --START--
INFO: Run Behavior\BuildLiteBehavior [ RunTime:0.000029s ]
INFO: [ app_init ] --END-- [ RunTime:0.000604s ]
INFO: [ app_begin ] --START--
INFO: Run Behavior\ReadHtmlCacheBehavior [ RunTime:0.000630s ]
INFO: [ app_begin ] --END-- [ RunTime:0.000712s ]
NOTIC: [2048] Declaration of Admin\Controller\BaseController::display() should be compatible with Think\Controller::display($templateFile = '', $charset = '', $contentType = '', $content = '', $prefix = '') /www/users/HA84691/WEB/multi/Application/Admin/Controller/BaseController.class.php 第 89 行.
INFO: [ app_end ] --START--
INFO: Run Behavior\ShowPageTraceBehavior [ RunTime:0.001809s ]
INFO: [ app_end ] --END-- [ RunTime:0.001999s ]

