[ 2016-03-07T13:37:05+08:00 ] ::1 /wemall-chajian/
INFO: [ app_init ] --START--
INFO: Run Behavior\BuildLiteBehavior [ RunTime:0.000017s ]
INFO: [ app_init ] --END-- [ RunTime:0.000911s ]
INFO: [ app_begin ] --START--
INFO: Run Behavior\ReadHtmlCacheBehavior [ RunTime:0.010873s ]
INFO: [ app_begin ] --END-- [ RunTime:0.010964s ]
NOTIC: [2048] Declaration of Admin\Controller\BaseController::display() should be compatible with Think\Controller::display($templateFile = '', $charset = '', $contentType = '', $content = '', $prefix = '') D:\xampp\htdocs\wemall-chajian\Application\Admin\Controller\BaseController.class.php 第 89 行.

[ 2016-03-07T13:37:05+08:00 ] ::1 /wemall-chajian/index.php/Admin/Public/login
INFO: [ app_init ] --START--
INFO: Run Behavior\BuildLiteBehavior [ RunTime:0.000018s ]
INFO: [ app_init ] --END-- [ RunTime:0.000529s ]
INFO: [ app_begin ] --START--
INFO: Run Behavior\ReadHtmlCacheBehavior [ RunTime:0.000868s ]
INFO: [ app_begin ] --END-- [ RunTime:0.000930s ]
INFO: [ view_parse ] --START--
INFO: [ template_filter ] --START--
INFO: Run Behavior\ContentReplaceBehavior [ RunTime:0.000069s ]
INFO: [ template_filter ] --END-- [ RunTime:0.000138s ]
INFO: Run Behavior\ParseTemplateBehavior [ RunTime:0.039845s ]
INFO: [ view_parse ] --END-- [ RunTime:0.039914s ]
INFO: [ view_filter ] --START--
INFO: Run Behavior\WriteHtmlCacheBehavior [ RunTime:0.000963s ]
INFO: [ view_filter ] --END-- [ RunTime:0.001017s ]
INFO: [ app_end ] --START--
INFO: Run Behavior\ShowPageTraceBehavior [ RunTime:0.001450s ]
INFO: [ app_end ] --END-- [ RunTime:0.001510s ]

[ 2016-03-07T13:37:05+08:00 ] ::1 /wemall-chajian/index.php/Admin/Public/getVerify
INFO: [ app_init ] --START--
INFO: Run Behavior\BuildLiteBehavior [ RunTime:0.000026s ]
INFO: [ app_init ] --END-- [ RunTime:0.000729s ]
INFO: [ app_begin ] --START--
INFO: Run Behavior\ReadHtmlCacheBehavior [ RunTime:0.001753s ]
INFO: [ app_begin ] --END-- [ RunTime:0.001883s ]
INFO: [ app_end ] --START--
INFO: Run Behavior\ShowPageTraceBehavior [ RunTime:0.001642s ]
INFO: [ app_end ] --END-- [ RunTime:0.001761s ]

[ 2016-03-07T13:37:14+08:00 ] ::1 /wemall-chajian/index.php/Admin/Public/login
INFO: [ app_init ] --START--
INFO: Run Behavior\BuildLiteBehavior [ RunTime:0.000016s ]
INFO: [ app_init ] --END-- [ RunTime:0.000451s ]
INFO: [ app_begin ] --START--
INFO: Run Behavior\ReadHtmlCacheBehavior [ RunTime:0.001627s ]
INFO: [ app_begin ] --END-- [ RunTime:0.001751s ]
NOTIC: [2048] Declaration of Common\Model\AdminModel::add() should be compatible with Think\Model::add($data = '', $options = Array, $replace = false) D:\xampp\htdocs\wemall-chajian\Application\Common\Model\AdminModel.class.php 第 7 行.
NOTIC: [2048] Declaration of Common\Model\AdminModel::addAll() should be compatible with Think\Model::addAll($dataList, $options = Array, $replace = false) D:\xampp\htdocs\wemall-chajian\Application\Common\Model\AdminModel.class.php 第 7 行.
NOTIC: [2048] Declaration of Common\Model\AdminModel::save() should be compatible with Think\Model::save($data = '', $options = Array) D:\xampp\htdocs\wemall-chajian\Application\Common\Model\AdminModel.class.php 第 7 行.
SQL: SHOW COLUMNS FROM `wemall_admin` [ RunTime:0.0160s ]
SQL: SELECT * FROM `wemall_admin` WHERE `username` = 'admin' AND `password` = '21232f297a57a5a743894a0e4a801fc3' LIMIT 1   [ RunTime:0.0004s ]
NOTIC: [2048] Declaration of Common\Model\AuthGroupAccessModel::add() should be compatible with Think\Model::add($data = '', $options = Array, $replace = false) D:\xampp\htdocs\wemall-chajian\Application\Common\Model\AuthGroupAccessModel.class.php 第 23 行.
SQL: SHOW COLUMNS FROM `wemall_auth_group_access` [ RunTime:0.0044s ]
SQL: SELECT * FROM `wemall_auth_group_access` WHERE ( 1=1 AND uid='1' ) LIMIT 1   [ RunTime:0.0005s ]

[ 2016-03-07T13:37:14+08:00 ] ::1 /wemall-chajian/index.php/Admin/Index/index
INFO: [ app_init ] --START--
INFO: Run Behavior\BuildLiteBehavior [ RunTime:0.000015s ]
INFO: [ app_init ] --END-- [ RunTime:0.000448s ]
INFO: [ app_begin ] --START--
INFO: Run Behavior\ReadHtmlCacheBehavior [ RunTime:0.000874s ]
INFO: [ app_begin ] --END-- [ RunTime:0.000939s ]
NOTIC: [2048] Declaration of Admin\Controller\BaseController::display() should be compatible with Think\Controller::display($templateFile = '', $charset = '', $contentType = '', $content = '', $prefix = '') D:\xampp\htdocs\wemall-chajian\Application\Admin\Controller\BaseController.class.php 第 89 行.
NOTIC: [2048] Declaration of Common\Model\OrderModel::add() should be compatible with Think\Model::add($data = '', $options = Array, $replace = false) D:\xampp\htdocs\wemall-chajian\Application\Common\Model\OrderModel.class.php 第 7 行.
NOTIC: [2048] Declaration of Common\Model\OrderModel::addAll() should be compatible with Think\Model::addAll($dataList, $options = Array, $replace = false) D:\xampp\htdocs\wemall-chajian\Application\Common\Model\OrderModel.class.php 第 7 行.
NOTIC: [2048] Declaration of Common\Model\OrderModel::save() should be compatible with Think\Model::save($data = '', $options = Array) D:\xampp\htdocs\wemall-chajian\Application\Common\Model\OrderModel.class.php 第 7 行.
SQL: SHOW COLUMNS FROM `wemall_order` [ RunTime:0.0182s ]
NOTIC: [2] Missing argument 3 for Common\Model\OrderModel::getMethod(), called in D:\xampp\htdocs\wemall-chajian\Application\Admin\Controller\IndexController.class.php on line 9 and defined D:\xampp\htdocs\wemall-chajian\Application\Common\Model\OrderModel.class.php 第 55 行.
SQL: SELECT COUNT(*) AS tp_count FROM `wemall_order` WHERE `status` = 0 LIMIT 1   [ RunTime:0.0003s ]
SQL: SELECT SUM(totalprice) AS tp_sum FROM `wemall_order` WHERE `status` = 0 LIMIT 1   [ RunTime:0.0003s ]
NOTIC: [2048] Declaration of Common\Model\UserModel::add() should be compatible with Think\Model::add($data = '', $options = Array, $replace = false) D:\xampp\htdocs\wemall-chajian\Application\Common\Model\UserModel.class.php 第 77 行.
NOTIC: [2048] Declaration of Common\Model\UserModel::addAll() should be compatible with Think\Model::addAll($dataList, $options = Array, $replace = false) D:\xampp\htdocs\wemall-chajian\Application\Common\Model\UserModel.class.php 第 77 行.
NOTIC: [2048] Declaration of Common\Model\UserModel::save() should be compatible with Think\Model::save($data = '', $options = Array) D:\xampp\htdocs\wemall-chajian\Application\Common\Model\UserModel.class.php 第 77 行.
SQL: SHOW COLUMNS FROM `wemall_user` [ RunTime:0.0214s ]
NOTIC: [2] Missing argument 3 for Common\Model\UserModel::getMethod(), called in D:\xampp\htdocs\wemall-chajian\Application\Admin\Controller\IndexController.class.php on line 15 and defined D:\xampp\htdocs\wemall-chajian\Application\Common\Model\UserModel.class.php 第 45 行.
SQL: SELECT COUNT(*) AS tp_count FROM `wemall_user` LIMIT 1   [ RunTime:0.0003s ]
NOTIC: [2] Missing argument 3 for Common\Model\OrderModel::getMethod(), called in D:\xampp\htdocs\wemall-chajian\Application\Admin\Controller\IndexController.class.php on line 18 and defined D:\xampp\htdocs\wemall-chajian\Application\Common\Model\OrderModel.class.php 第 55 行.
SQL: SELECT COUNT(*) AS tp_count FROM `wemall_order` LIMIT 1   [ RunTime:0.0002s ]
INFO: [ view_parse ] --START--
INFO: [ template_filter ] --START--
INFO: Run Behavior\ContentReplaceBehavior [ RunTime:0.000189s ]
INFO: [ template_filter ] --END-- [ RunTime:0.000254s ]
NOTIC: [8] Undefined variable: ip D:\xampp\htdocs\wemall-chajian\Application\Runtime\Cache\Admin\6fedbbe541e195344bf1450076482852.php 第 393 行.
INFO: Run Behavior\ParseTemplateBehavior [ RunTime:0.055619s ]
INFO: [ view_parse ] --END-- [ RunTime:0.055678s ]
INFO: [ view_filter ] --START--
INFO: Run Behavior\WriteHtmlCacheBehavior [ RunTime:0.000616s ]
INFO: [ view_filter ] --END-- [ RunTime:0.000663s ]
INFO: [ app_end ] --START--
INFO: Run Behavior\ShowPageTraceBehavior [ RunTime:0.000954s ]
INFO: [ app_end ] --END-- [ RunTime:0.001029s ]

[ 2016-03-07T13:37:15+08:00 ] ::1 /wemall-chajian/index.php/Admin/Base/getNotify
INFO: [ app_init ] --START--
INFO: Run Behavior\BuildLiteBehavior [ RunTime:0.000025s ]
INFO: [ app_init ] --END-- [ RunTime:0.000730s ]
INFO: [ app_begin ] --START--
INFO: Run Behavior\ReadHtmlCacheBehavior [ RunTime:0.001503s ]
INFO: [ app_begin ] --END-- [ RunTime:0.001586s ]
NOTIC: [2048] Declaration of Admin\Controller\BaseController::display() should be compatible with Think\Controller::display($templateFile = '', $charset = '', $contentType = '', $content = '', $prefix = '') D:\xampp\htdocs\wemall-chajian\Application\Admin\Controller\BaseController.class.php 第 89 行.
INFO: [ app_end ] --START--
INFO: Run Behavior\ShowPageTraceBehavior [ RunTime:0.001095s ]
INFO: [ app_end ] --END-- [ RunTime:0.001178s ]

[ 2016-03-07T13:37:20+08:00 ] ::1 /wemall-chajian/index.php/Admin/Shop/product?_pjax=%23pjax-container
INFO: [ app_init ] --START--
INFO: Run Behavior\BuildLiteBehavior [ RunTime:0.000016s ]
INFO: [ app_init ] --END-- [ RunTime:0.000466s ]
INFO: [ app_begin ] --START--
INFO: Run Behavior\ReadHtmlCacheBehavior [ RunTime:0.001168s ]
INFO: [ app_begin ] --END-- [ RunTime:0.001255s ]
NOTIC: [2048] Declaration of Admin\Controller\BaseController::display() should be compatible with Think\Controller::display($templateFile = '', $charset = '', $contentType = '', $content = '', $prefix = '') D:\xampp\htdocs\wemall-chajian\Application\Admin\Controller\BaseController.class.php 第 89 行.
NOTIC: [2048] Declaration of Common\Model\ProductModel::add() should be compatible with Think\Model::add($data = '', $options = Array, $replace = false) D:\xampp\htdocs\wemall-chajian\Application\Common\Model\ProductModel.class.php 第 7 行.
NOTIC: [2048] Declaration of Common\Model\ProductModel::addAll() should be compatible with Think\Model::addAll($dataList, $options = Array, $replace = false) D:\xampp\htdocs\wemall-chajian\Application\Common\Model\ProductModel.class.php 第 7 行.
NOTIC: [2048] Declaration of Common\Model\ProductModel::save() should be compatible with Think\Model::save($data = '', $options = Array) D:\xampp\htdocs\wemall-chajian\Application\Common\Model\ProductModel.class.php 第 7 行.
SQL: SHOW COLUMNS FROM `wemall_product` [ RunTime:0.0033s ]
SQL: SELECT * FROM `wemall_product` ORDER BY id desc LIMIT 0,25   [ RunTime:0.0010s ]
NOTIC: [2048] Declaration of Common\Model\MenuModel::add() should be compatible with Think\Model::add($data = '', $options = Array, $replace = false) D:\xampp\htdocs\wemall-chajian\Application\Common\Model\MenuModel.class.php 第 78 行.
NOTIC: [2048] Declaration of Common\Model\MenuModel::addAll() should be compatible with Think\Model::addAll($dataList, $options = Array, $replace = false) D:\xampp\htdocs\wemall-chajian\Application\Common\Model\MenuModel.class.php 第 78 行.
NOTIC: [2048] Declaration of Common\Model\MenuModel::save() should be compatible with Think\Model::save($data = '', $options = Array) D:\xampp\htdocs\wemall-chajian\Application\Common\Model\MenuModel.class.php 第 78 行.
SQL: SHOW COLUMNS FROM `wemall_menu` [ RunTime:0.0183s ]
SQL: SELECT * FROM `wemall_menu` WHERE ( 1=1 AND id='4' ) LIMIT 1   [ RunTime:0.0004s ]
NOTIC: [2048] Declaration of Common\Model\FileModel::add() should be compatible with Think\Model::add($data = '', $options = Array, $replace = false) D:\xampp\htdocs\wemall-chajian\Application\Common\Model\FileModel.class.php 第 111 行.
NOTIC: [2048] Declaration of Common\Model\FileModel::addAll() should be compatible with Think\Model::addAll($dataList, $options = Array, $replace = false) D:\xampp\htdocs\wemall-chajian\Application\Common\Model\FileModel.class.php 第 111 行.
NOTIC: [2048] Declaration of Common\Model\FileModel::save() should be compatible with Think\Model::save($data = '', $options = Array) D:\xampp\htdocs\wemall-chajian\Application\Common\Model\FileModel.class.php 第 111 行.
SQL: SHOW COLUMNS FROM `wemall_file` [ RunTime:0.0116s ]
SQL: SELECT * FROM `wemall_file` WHERE ( 1=1 AND id='28' ) LIMIT 1   [ RunTime:0.0004s ]
SQL: SELECT * FROM `wemall_menu` WHERE ( 1=1 AND id='5' ) LIMIT 1   [ RunTime:0.0003s ]
SQL: SELECT * FROM `wemall_file` WHERE ( 1=1 AND id='27' ) LIMIT 1   [ RunTime:0.0003s ]
SQL: SELECT * FROM `wemall_menu` WHERE ( 1=1 AND id='5' ) LIMIT 1   [ RunTime:0.0003s ]
SQL: SELECT * FROM `wemall_file` WHERE ( 1=1 AND id='21' ) LIMIT 1   [ RunTime:0.0003s ]
SQL: SELECT * FROM `wemall_menu` WHERE ( 1=1 AND id='2' ) LIMIT 1   [ RunTime:0.0003s ]
SQL: SELECT * FROM `wemall_file` WHERE ( 1=1 AND id='19' ) LIMIT 1   [ RunTime:0.0003s ]
SQL: SELECT * FROM `wemall_menu` WHERE ( 1=1 AND id='2' ) LIMIT 1   [ RunTime:0.0002s ]
SQL: SELECT * FROM `wemall_file` WHERE ( 1=1 AND id='20' ) LIMIT 1   [ RunTime:0.0002s ]
SQL: SELECT * FROM `wemall_menu` WHERE ( 1=1 AND id='5' ) LIMIT 1   [ RunTime:0.0002s ]
SQL: SELECT * FROM `wemall_file` WHERE ( 1=1 AND id='22' ) LIMIT 1   [ RunTime:0.0003s ]
SQL: SELECT * FROM `wemall_menu` WHERE ( 1=1 AND id='2' ) LIMIT 1   [ RunTime:0.0002s ]
SQL: SELECT * FROM `wemall_file` WHERE ( 1=1 AND id='23' ) LIMIT 1   [ RunTime:0.0003s ]
SQL: SELECT * FROM `wemall_menu` WHERE ( 1=1 AND id='2' ) LIMIT 1   [ RunTime:0.0002s ]
SQL: SELECT * FROM `wemall_file` WHERE ( 1=1 AND id='25' ) LIMIT 1   [ RunTime:0.0002s ]
SQL: SELECT * FROM `wemall_menu` WHERE ( 1=1 AND id='2' ) LIMIT 1   [ RunTime:0.0003s ]
SQL: SELECT * FROM `wemall_file` WHERE ( 1=1 AND id='26' ) LIMIT 1   [ RunTime:0.0003s ]
SQL: SELECT * FROM `wemall_menu` WHERE ( 1=1 AND id='2' ) LIMIT 1   [ RunTime:0.0003s ]
SQL: SELECT * FROM `wemall_file` WHERE ( 1=1 AND id='18' ) LIMIT 1   [ RunTime:0.0003s ]
SQL: SELECT * FROM `wemall_menu` WHERE ( 1=1 AND id='2' ) LIMIT 1   [ RunTime:0.0003s ]
SQL: SELECT * FROM `wemall_file` WHERE ( 1=1 AND id='24' ) LIMIT 1   [ RunTime:0.0003s ]
SQL: SELECT * FROM `wemall_menu` WHERE ( 1=1 AND id='1' ) LIMIT 1   [ RunTime:0.0004s ]
SQL: SELECT * FROM `wemall_file` WHERE ( 1=1 AND id='12' ) LIMIT 1   [ RunTime:0.0007s ]
SQL: SELECT * FROM `wemall_menu` WHERE ( 1=1 AND id='1' ) LIMIT 1   [ RunTime:0.0006s ]
SQL: SELECT * FROM `wemall_file` WHERE ( 1=1 AND id='13' ) LIMIT 1   [ RunTime:0.0004s ]
SQL: SELECT * FROM `wemall_menu` WHERE ( 1=1 AND id='1' ) LIMIT 1   [ RunTime:0.0004s ]
SQL: SELECT * FROM `wemall_file` WHERE ( 1=1 AND id='14' ) LIMIT 1   [ RunTime:0.0003s ]
SQL: SELECT * FROM `wemall_menu` WHERE ( 1=1 AND id='1' ) LIMIT 1   [ RunTime:0.0003s ]
SQL: SELECT * FROM `wemall_file` WHERE ( 1=1 AND id='15' ) LIMIT 1   [ RunTime:0.0003s ]
SQL: SELECT * FROM `wemall_menu` WHERE ( 1=1 AND id='1' ) LIMIT 1   [ RunTime:0.0003s ]
SQL: SELECT * FROM `wemall_file` WHERE ( 1=1 AND id='16' ) LIMIT 1   [ RunTime:0.0003s ]
SQL: SELECT * FROM `wemall_menu` WHERE ( 1=1 AND id='1' ) LIMIT 1   [ RunTime:0.0003s ]
SQL: SELECT * FROM `wemall_file` WHERE ( 1=1 AND id='17' ) LIMIT 1   [ RunTime:0.0003s ]
SQL: SELECT * FROM `wemall_menu` WHERE ( 1=1 AND id='5' ) LIMIT 1   [ RunTime:0.0002s ]
SQL: SELECT * FROM `wemall_file` WHERE ( 1=1 AND id='11' ) LIMIT 1   [ RunTime:0.0003s ]
SQL: SELECT * FROM `wemall_menu` WHERE ( 1=1 AND id='1' ) LIMIT 1   [ RunTime:0.0002s ]
SQL: SELECT * FROM `wemall_file` WHERE ( 1=1 AND id='9' ) LIMIT 1   [ RunTime:0.0002s ]
SQL: SELECT * FROM `wemall_menu` WHERE ( 1=1 AND id='1' ) LIMIT 1   [ RunTime:0.0003s ]
SQL: SELECT * FROM `wemall_file` WHERE ( 1=1 AND id='10' ) LIMIT 1   [ RunTime:0.0003s ]
NOTIC: [2] Missing argument 3 for Common\Model\ProductModel::getMethod(), called in D:\xampp\htdocs\wemall-chajian\Application\Admin\Controller\ShopController.class.php on line 23 and defined D:\xampp\htdocs\wemall-chajian\Application\Common\Model\ProductModel.class.php 第 62 行.
SQL: SELECT COUNT(*) AS tp_count FROM `wemall_product` LIMIT 1   [ RunTime:0.0002s ]
INFO: [ view_parse ] --START--
INFO: [ template_filter ] --START--
INFO: Run Behavior\ContentReplaceBehavior [ RunTime:0.000115s ]
INFO: [ template_filter ] --END-- [ RunTime:0.000181s ]
NOTIC: [8] Undefined variable: productPost D:\xampp\htdocs\wemall-chajian\Application\Runtime\Cache\Admin\6f766f9c8c18ea2927d4a96667f1a861.php 第 24 行.
NOTIC: [8] Undefined variable: productPost D:\xampp\htdocs\wemall-chajian\Application\Runtime\Cache\Admin\6f766f9c8c18ea2927d4a96667f1a861.php 第 31 行.
NOTIC: [8] Undefined variable: productPost D:\xampp\htdocs\wemall-chajian\Application\Runtime\Cache\Admin\6f766f9c8c18ea2927d4a96667f1a861.php 第 65 行.
NOTIC: [8] Undefined variable: productPost D:\xampp\htdocs\wemall-chajian\Application\Runtime\Cache\Admin\6f766f9c8c18ea2927d4a96667f1a861.php 第 245 行.
NOTIC: [8] Undefined variable: productPost D:\xampp\htdocs\wemall-chajian\Application\Runtime\Cache\Admin\6f766f9c8c18ea2927d4a96667f1a861.php 第 246 行.
NOTIC: [8] Undefined variable: productPost D:\xampp\htdocs\wemall-chajian\Application\Runtime\Cache\Admin\6f766f9c8c18ea2927d4a96667f1a861.php 第 247 行.
INFO: Run Behavior\ParseTemplateBehavior [ RunTime:0.029161s ]
INFO: [ view_parse ] --END-- [ RunTime:0.029236s ]
INFO: [ view_filter ] --START--
INFO: Run Behavior\WriteHtmlCacheBehavior [ RunTime:0.000908s ]
INFO: [ view_filter ] --END-- [ RunTime:0.000962s ]
INFO: [ app_end ] --START--
INFO: Run Behavior\ShowPageTraceBehavior [ RunTime:0.001767s ]
INFO: [ app_end ] --END-- [ RunTime:0.001876s ]

[ 2016-03-07T13:37:33+08:00 ] ::1 /wemall-chajian/index.php/Admin/Shop/modProduct/id/21?_pjax=%23pjax-container
INFO: [ app_init ] --START--
INFO: Run Behavior\BuildLiteBehavior [ RunTime:0.000029s ]
INFO: [ app_init ] --END-- [ RunTime:0.000556s ]
INFO: [ app_begin ] --START--
INFO: Run Behavior\ReadHtmlCacheBehavior [ RunTime:0.001015s ]
INFO: [ app_begin ] --END-- [ RunTime:0.001100s ]
NOTIC: [2048] Declaration of Admin\Controller\BaseController::display() should be compatible with Think\Controller::display($templateFile = '', $charset = '', $contentType = '', $content = '', $prefix = '') D:\xampp\htdocs\wemall-chajian\Application\Admin\Controller\BaseController.class.php 第 89 行.
NOTIC: [2048] Declaration of Common\Model\ProductModel::add() should be compatible with Think\Model::add($data = '', $options = Array, $replace = false) D:\xampp\htdocs\wemall-chajian\Application\Common\Model\ProductModel.class.php 第 7 行.
NOTIC: [2048] Declaration of Common\Model\ProductModel::addAll() should be compatible with Think\Model::addAll($dataList, $options = Array, $replace = false) D:\xampp\htdocs\wemall-chajian\Application\Common\Model\ProductModel.class.php 第 7 行.
NOTIC: [2048] Declaration of Common\Model\ProductModel::save() should be compatible with Think\Model::save($data = '', $options = Array) D:\xampp\htdocs\wemall-chajian\Application\Common\Model\ProductModel.class.php 第 7 行.
SQL: SHOW COLUMNS FROM `wemall_product` [ RunTime:0.0132s ]
SQL: SELECT * FROM `wemall_product` WHERE `id` = 21 LIMIT 1   [ RunTime:0.0007s ]
NOTIC: [2048] Declaration of Common\Model\MenuModel::add() should be compatible with Think\Model::add($data = '', $options = Array, $replace = false) D:\xampp\htdocs\wemall-chajian\Application\Common\Model\MenuModel.class.php 第 78 行.
NOTIC: [2048] Declaration of Common\Model\MenuModel::addAll() should be compatible with Think\Model::addAll($dataList, $options = Array, $replace = false) D:\xampp\htdocs\wemall-chajian\Application\Common\Model\MenuModel.class.php 第 78 行.
NOTIC: [2048] Declaration of Common\Model\MenuModel::save() should be compatible with Think\Model::save($data = '', $options = Array) D:\xampp\htdocs\wemall-chajian\Application\Common\Model\MenuModel.class.php 第 78 行.
SQL: SHOW COLUMNS FROM `wemall_menu` [ RunTime:0.0028s ]
SQL: SELECT * FROM `wemall_menu` WHERE ( 1=1 AND id='4' ) LIMIT 1   [ RunTime:0.0003s ]
NOTIC: [2048] Declaration of Common\Model\FileModel::add() should be compatible with Think\Model::add($data = '', $options = Array, $replace = false) D:\xampp\htdocs\wemall-chajian\Application\Common\Model\FileModel.class.php 第 111 行.
NOTIC: [2048] Declaration of Common\Model\FileModel::addAll() should be compatible with Think\Model::addAll($dataList, $options = Array, $replace = false) D:\xampp\htdocs\wemall-chajian\Application\Common\Model\FileModel.class.php 第 111 行.
NOTIC: [2048] Declaration of Common\Model\FileModel::save() should be compatible with Think\Model::save($data = '', $options = Array) D:\xampp\htdocs\wemall-chajian\Application\Common\Model\FileModel.class.php 第 111 行.
SQL: SHOW COLUMNS FROM `wemall_file` [ RunTime:0.0027s ]
SQL: SELECT * FROM `wemall_file` WHERE ( 1=1 AND id='28' ) LIMIT 1   [ RunTime:0.0003s ]
SQL: SELECT * FROM `wemall_file` WHERE `id` IN ('24','18','') ORDER BY id desc  [ RunTime:0.0003s ]
SQL: SELECT * FROM `wemall_menu` ORDER BY id desc  [ RunTime:0.0002s ]
NOTIC: [2048] Declaration of Common\Model\ProductLabelModel::add() should be compatible with Think\Model::add($data = '', $options = Array, $replace = false) D:\xampp\htdocs\wemall-chajian\Application\Common\Model\ProductLabelModel.class.php 第 69 行.
NOTIC: [2048] Declaration of Common\Model\ProductLabelModel::addAll() should be compatible with Think\Model::addAll($dataList, $options = Array, $replace = false) D:\xampp\htdocs\wemall-chajian\Application\Common\Model\ProductLabelModel.class.php 第 69 行.
NOTIC: [2048] Declaration of Common\Model\ProductLabelModel::save() should be compatible with Think\Model::save($data = '', $options = Array) D:\xampp\htdocs\wemall-chajian\Application\Common\Model\ProductLabelModel.class.php 第 69 行.
SQL: SHOW COLUMNS FROM `wemall_product_label` [ RunTime:0.0549s ]
SQL: SELECT * FROM `wemall_product_label` ORDER BY id desc  [ RunTime:0.0004s ]
INFO: [ view_parse ] --START--
INFO: [ template_filter ] --START--
INFO: Run Behavior\ContentReplaceBehavior [ RunTime:0.000112s ]
INFO: [ template_filter ] --END-- [ RunTime:0.000172s ]
NOTIC: [8] Array to string conversion D:\xampp\htdocs\wemall-chajian\Application\Runtime\Cache\Admin\9fefc12e23f6d125f974d8d146da77e4.php 第 229 行.
INFO: Run Behavior\ParseTemplateBehavior [ RunTime:0.032254s ]
INFO: [ view_parse ] --END-- [ RunTime:0.032313s ]
INFO: [ view_filter ] --START--
INFO: Run Behavior\WriteHtmlCacheBehavior [ RunTime:0.000669s ]
INFO: [ view_filter ] --END-- [ RunTime:0.000714s ]
INFO: [ app_end ] --START--
INFO: Run Behavior\ShowPageTraceBehavior [ RunTime:0.001023s ]
INFO: [ app_end ] --END-- [ RunTime:0.001083s ]

[ 2016-03-07T13:38:02+08:00 ] ::1 /wemall-chajian/index.php/Admin/Shop/addProduct
INFO: [ app_init ] --START--
INFO: Run Behavior\BuildLiteBehavior [ RunTime:0.000026s ]
INFO: [ app_init ] --END-- [ RunTime:0.000752s ]
INFO: [ app_begin ] --START--
INFO: Run Behavior\ReadHtmlCacheBehavior [ RunTime:0.001301s ]
INFO: [ app_begin ] --END-- [ RunTime:0.001413s ]
NOTIC: [2048] Declaration of Admin\Controller\BaseController::display() should be compatible with Think\Controller::display($templateFile = '', $charset = '', $contentType = '', $content = '', $prefix = '') D:\xampp\htdocs\wemall-chajian\Application\Admin\Controller\BaseController.class.php 第 89 行.
NOTIC: [2048] Declaration of Common\Model\ProductModel::add() should be compatible with Think\Model::add($data = '', $options = Array, $replace = false) D:\xampp\htdocs\wemall-chajian\Application\Common\Model\ProductModel.class.php 第 7 行.
NOTIC: [2048] Declaration of Common\Model\ProductModel::addAll() should be compatible with Think\Model::addAll($dataList, $options = Array, $replace = false) D:\xampp\htdocs\wemall-chajian\Application\Common\Model\ProductModel.class.php 第 7 行.
NOTIC: [2048] Declaration of Common\Model\ProductModel::save() should be compatible with Think\Model::save($data = '', $options = Array) D:\xampp\htdocs\wemall-chajian\Application\Common\Model\ProductModel.class.php 第 7 行.
SQL: SHOW COLUMNS FROM `wemall_product` [ RunTime:0.0052s ]
SQL: UPDATE `wemall_product` SET `menu_id`='4',`name`='肉末茄子',`subname`='好吃不贵',`price`='12',`score`='12',`rank`='0',`file_id`='28',`albums`='24,18,',`sku`='1',`label`='推荐,热销',`status`='1',`remark`='',`detail`='<p>哈哈哈哈哈哈</p>' WHERE `id` = '21' [ RunTime:0.0461s ]

[ 2016-03-07T13:38:02+08:00 ] ::1 /wemall-chajian/Admin/Shop/product/page/1?_pjax=%23pjax-container
INFO: [ app_init ] --START--
INFO: Run Behavior\BuildLiteBehavior [ RunTime:0.000026s ]
INFO: [ app_init ] --END-- [ RunTime:0.000778s ]
INFO: [ app_begin ] --START--
INFO: Run Behavior\ReadHtmlCacheBehavior [ RunTime:0.001574s ]
INFO: [ app_begin ] --END-- [ RunTime:0.001684s ]
NOTIC: [2048] Declaration of Admin\Controller\BaseController::display() should be compatible with Think\Controller::display($templateFile = '', $charset = '', $contentType = '', $content = '', $prefix = '') D:\xampp\htdocs\wemall-chajian\Application\Admin\Controller\BaseController.class.php 第 89 行.
NOTIC: [2048] Declaration of Common\Model\ProductModel::add() should be compatible with Think\Model::add($data = '', $options = Array, $replace = false) D:\xampp\htdocs\wemall-chajian\Application\Common\Model\ProductModel.class.php 第 7 行.
NOTIC: [2048] Declaration of Common\Model\ProductModel::addAll() should be compatible with Think\Model::addAll($dataList, $options = Array, $replace = false) D:\xampp\htdocs\wemall-chajian\Application\Common\Model\ProductModel.class.php 第 7 行.
NOTIC: [2048] Declaration of Common\Model\ProductModel::save() should be compatible with Think\Model::save($data = '', $options = Array) D:\xampp\htdocs\wemall-chajian\Application\Common\Model\ProductModel.class.php 第 7 行.
SQL: SHOW COLUMNS FROM `wemall_product` [ RunTime:0.0039s ]
SQL: SELECT * FROM `wemall_product` ORDER BY id desc LIMIT 0,25   [ RunTime:0.0011s ]
NOTIC: [2048] Declaration of Common\Model\MenuModel::add() should be compatible with Think\Model::add($data = '', $options = Array, $replace = false) D:\xampp\htdocs\wemall-chajian\Application\Common\Model\MenuModel.class.php 第 78 行.
NOTIC: [2048] Declaration of Common\Model\MenuModel::addAll() should be compatible with Think\Model::addAll($dataList, $options = Array, $replace = false) D:\xampp\htdocs\wemall-chajian\Application\Common\Model\MenuModel.class.php 第 78 行.
NOTIC: [2048] Declaration of Common\Model\MenuModel::save() should be compatible with Think\Model::save($data = '', $options = Array) D:\xampp\htdocs\wemall-chajian\Application\Common\Model\MenuModel.class.php 第 78 行.
SQL: SHOW COLUMNS FROM `wemall_menu` [ RunTime:0.0038s ]
SQL: SELECT * FROM `wemall_menu` WHERE ( 1=1 AND id='4' ) LIMIT 1   [ RunTime:0.0004s ]
NOTIC: [2048] Declaration of Common\Model\FileModel::add() should be compatible with Think\Model::add($data = '', $options = Array, $replace = false) D:\xampp\htdocs\wemall-chajian\Application\Common\Model\FileModel.class.php 第 111 行.
NOTIC: [2048] Declaration of Common\Model\FileModel::addAll() should be compatible with Think\Model::addAll($dataList, $options = Array, $replace = false) D:\xampp\htdocs\wemall-chajian\Application\Common\Model\FileModel.class.php 第 111 行.
NOTIC: [2048] Declaration of Common\Model\FileModel::save() should be compatible with Think\Model::save($data = '', $options = Array) D:\xampp\htdocs\wemall-chajian\Application\Common\Model\FileModel.class.php 第 111 行.
SQL: SHOW COLUMNS FROM `wemall_file` [ RunTime:0.0031s ]
SQL: SELECT * FROM `wemall_file` WHERE ( 1=1 AND id='28' ) LIMIT 1   [ RunTime:0.0004s ]
SQL: SELECT * FROM `wemall_menu` WHERE ( 1=1 AND id='5' ) LIMIT 1   [ RunTime:0.0003s ]
SQL: SELECT * FROM `wemall_file` WHERE ( 1=1 AND id='27' ) LIMIT 1   [ RunTime:0.0003s ]
SQL: SELECT * FROM `wemall_menu` WHERE ( 1=1 AND id='5' ) LIMIT 1   [ RunTime:0.0002s ]
SQL: SELECT * FROM `wemall_file` WHERE ( 1=1 AND id='21' ) LIMIT 1   [ RunTime:0.0003s ]
SQL: SELECT * FROM `wemall_menu` WHERE ( 1=1 AND id='2' ) LIMIT 1   [ RunTime:0.0004s ]
SQL: SELECT * FROM `wemall_file` WHERE ( 1=1 AND id='19' ) LIMIT 1   [ RunTime:0.0009s ]
SQL: SELECT * FROM `wemall_menu` WHERE ( 1=1 AND id='2' ) LIMIT 1   [ RunTime:0.0005s ]
SQL: SELECT * FROM `wemall_file` WHERE ( 1=1 AND id='20' ) LIMIT 1   [ RunTime:0.0007s ]
SQL: SELECT * FROM `wemall_menu` WHERE ( 1=1 AND id='5' ) LIMIT 1   [ RunTime:0.0004s ]
SQL: SELECT * FROM `wemall_file` WHERE ( 1=1 AND id='22' ) LIMIT 1   [ RunTime:0.0003s ]
SQL: SELECT * FROM `wemall_menu` WHERE ( 1=1 AND id='2' ) LIMIT 1   [ RunTime:0.0003s ]
SQL: SELECT * FROM `wemall_file` WHERE ( 1=1 AND id='23' ) LIMIT 1   [ RunTime:0.0003s ]
SQL: SELECT * FROM `wemall_menu` WHERE ( 1=1 AND id='2' ) LIMIT 1   [ RunTime:0.0002s ]
SQL: SELECT * FROM `wemall_file` WHERE ( 1=1 AND id='25' ) LIMIT 1   [ RunTime:0.0002s ]
SQL: SELECT * FROM `wemall_menu` WHERE ( 1=1 AND id='2' ) LIMIT 1   [ RunTime:0.0002s ]
SQL: SELECT * FROM `wemall_file` WHERE ( 1=1 AND id='26' ) LIMIT 1   [ RunTime:0.0003s ]
SQL: SELECT * FROM `wemall_menu` WHERE ( 1=1 AND id='2' ) LIMIT 1   [ RunTime:0.0002s ]
SQL: SELECT * FROM `wemall_file` WHERE ( 1=1 AND id='18' ) LIMIT 1   [ RunTime:0.0002s ]
SQL: SELECT * FROM `wemall_menu` WHERE ( 1=1 AND id='2' ) LIMIT 1   [ RunTime:0.0003s ]
SQL: SELECT * FROM `wemall_file` WHERE ( 1=1 AND id='24' ) LIMIT 1   [ RunTime:0.0003s ]
SQL: SELECT * FROM `wemall_menu` WHERE ( 1=1 AND id='1' ) LIMIT 1   [ RunTime:0.0003s ]
SQL: SELECT * FROM `wemall_file` WHERE ( 1=1 AND id='12' ) LIMIT 1   [ RunTime:0.0003s ]
SQL: SELECT * FROM `wemall_menu` WHERE ( 1=1 AND id='1' ) LIMIT 1   [ RunTime:0.0003s ]
SQL: SELECT * FROM `wemall_file` WHERE ( 1=1 AND id='13' ) LIMIT 1   [ RunTime:0.0003s ]
SQL: SELECT * FROM `wemall_menu` WHERE ( 1=1 AND id='1' ) LIMIT 1   [ RunTime:0.0003s ]
SQL: SELECT * FROM `wemall_file` WHERE ( 1=1 AND id='14' ) LIMIT 1   [ RunTime:0.0003s ]
SQL: SELECT * FROM `wemall_menu` WHERE ( 1=1 AND id='1' ) LIMIT 1   [ RunTime:0.0004s ]
SQL: SELECT * FROM `wemall_file` WHERE ( 1=1 AND id='15' ) LIMIT 1   [ RunTime:0.0003s ]
SQL: SELECT * FROM `wemall_menu` WHERE ( 1=1 AND id='1' ) LIMIT 1   [ RunTime:0.0003s ]
SQL: SELECT * FROM `wemall_file` WHERE ( 1=1 AND id='16' ) LIMIT 1   [ RunTime:0.0003s ]
SQL: SELECT * FROM `wemall_menu` WHERE ( 1=1 AND id='1' ) LIMIT 1   [ RunTime:0.0003s ]
SQL: SELECT * FROM `wemall_file` WHERE ( 1=1 AND id='17' ) LIMIT 1   [ RunTime:0.0003s ]
SQL: SELECT * FROM `wemall_menu` WHERE ( 1=1 AND id='5' ) LIMIT 1   [ RunTime:0.0003s ]
SQL: SELECT * FROM `wemall_file` WHERE ( 1=1 AND id='11' ) LIMIT 1   [ RunTime:0.0003s ]
SQL: SELECT * FROM `wemall_menu` WHERE ( 1=1 AND id='1' ) LIMIT 1   [ RunTime:0.0003s ]
SQL: SELECT * FROM `wemall_file` WHERE ( 1=1 AND id='9' ) LIMIT 1   [ RunTime:0.0004s ]
SQL: SELECT * FROM `wemall_menu` WHERE ( 1=1 AND id='1' ) LIMIT 1   [ RunTime:0.0005s ]
SQL: SELECT * FROM `wemall_file` WHERE ( 1=1 AND id='10' ) LIMIT 1   [ RunTime:0.0005s ]
NOTIC: [2] Missing argument 3 for Common\Model\ProductModel::getMethod(), called in D:\xampp\htdocs\wemall-chajian\Application\Admin\Controller\ShopController.class.php on line 23 and defined D:\xampp\htdocs\wemall-chajian\Application\Common\Model\ProductModel.class.php 第 62 行.
SQL: SELECT COUNT(*) AS tp_count FROM `wemall_product` LIMIT 1   [ RunTime:0.0006s ]
INFO: [ view_parse ] --START--
INFO: [ template_filter ] --START--
INFO: Run Behavior\ContentReplaceBehavior [ RunTime:0.000172s ]
INFO: [ template_filter ] --END-- [ RunTime:0.000255s ]
NOTIC: [8] Undefined variable: productPost D:\xampp\htdocs\wemall-chajian\Application\Runtime\Cache\Admin\6f766f9c8c18ea2927d4a96667f1a861.php 第 24 行.
NOTIC: [8] Undefined variable: productPost D:\xampp\htdocs\wemall-chajian\Application\Runtime\Cache\Admin\6f766f9c8c18ea2927d4a96667f1a861.php 第 31 行.
NOTIC: [8] Undefined variable: productPost D:\xampp\htdocs\wemall-chajian\Application\Runtime\Cache\Admin\6f766f9c8c18ea2927d4a96667f1a861.php 第 65 行.
NOTIC: [8] Undefined variable: productPost D:\xampp\htdocs\wemall-chajian\Application\Runtime\Cache\Admin\6f766f9c8c18ea2927d4a96667f1a861.php 第 245 行.
NOTIC: [8] Undefined variable: productPost D:\xampp\htdocs\wemall-chajian\Application\Runtime\Cache\Admin\6f766f9c8c18ea2927d4a96667f1a861.php 第 246 行.
NOTIC: [8] Undefined variable: productPost D:\xampp\htdocs\wemall-chajian\Application\Runtime\Cache\Admin\6f766f9c8c18ea2927d4a96667f1a861.php 第 247 行.
INFO: Run Behavior\ParseTemplateBehavior [ RunTime:0.027346s ]
INFO: [ view_parse ] --END-- [ RunTime:0.027422s ]
INFO: [ view_filter ] --START--
INFO: Run Behavior\WriteHtmlCacheBehavior [ RunTime:0.001123s ]
INFO: [ view_filter ] --END-- [ RunTime:0.001202s ]
INFO: [ app_end ] --START--
INFO: Run Behavior\ShowPageTraceBehavior [ RunTime:0.002032s ]
INFO: [ app_end ] --END-- [ RunTime:0.002140s ]

[ 2016-03-07T13:38:05+08:00 ] ::1 /wemall-chajian/index.php/Admin/Shop/modProduct/id/21?_pjax=%23pjax-container
INFO: [ app_init ] --START--
INFO: Run Behavior\BuildLiteBehavior [ RunTime:0.000025s ]
INFO: [ app_init ] --END-- [ RunTime:0.000682s ]
INFO: [ app_begin ] --START--
INFO: Run Behavior\ReadHtmlCacheBehavior [ RunTime:0.001793s ]
INFO: [ app_begin ] --END-- [ RunTime:0.001944s ]
NOTIC: [2048] Declaration of Admin\Controller\BaseController::display() should be compatible with Think\Controller::display($templateFile = '', $charset = '', $contentType = '', $content = '', $prefix = '') D:\xampp\htdocs\wemall-chajian\Application\Admin\Controller\BaseController.class.php 第 89 行.
NOTIC: [2048] Declaration of Common\Model\ProductModel::add() should be compatible with Think\Model::add($data = '', $options = Array, $replace = false) D:\xampp\htdocs\wemall-chajian\Application\Common\Model\ProductModel.class.php 第 7 行.
NOTIC: [2048] Declaration of Common\Model\ProductModel::addAll() should be compatible with Think\Model::addAll($dataList, $options = Array, $replace = false) D:\xampp\htdocs\wemall-chajian\Application\Common\Model\ProductModel.class.php 第 7 行.
NOTIC: [2048] Declaration of Common\Model\ProductModel::save() should be compatible with Think\Model::save($data = '', $options = Array) D:\xampp\htdocs\wemall-chajian\Application\Common\Model\ProductModel.class.php 第 7 行.
SQL: SHOW COLUMNS FROM `wemall_product` [ RunTime:0.0030s ]
SQL: SELECT * FROM `wemall_product` WHERE `id` = 21 LIMIT 1   [ RunTime:0.0005s ]
NOTIC: [2048] Declaration of Common\Model\MenuModel::add() should be compatible with Think\Model::add($data = '', $options = Array, $replace = false) D:\xampp\htdocs\wemall-chajian\Application\Common\Model\MenuModel.class.php 第 78 行.
NOTIC: [2048] Declaration of Common\Model\MenuModel::addAll() should be compatible with Think\Model::addAll($dataList, $options = Array, $replace = false) D:\xampp\htdocs\wemall-chajian\Application\Common\Model\MenuModel.class.php 第 78 行.
NOTIC: [2048] Declaration of Common\Model\MenuModel::save() should be compatible with Think\Model::save($data = '', $options = Array) D:\xampp\htdocs\wemall-chajian\Application\Common\Model\MenuModel.class.php 第 78 行.
SQL: SHOW COLUMNS FROM `wemall_menu` [ RunTime:0.0027s ]
SQL: SELECT * FROM `wemall_menu` WHERE ( 1=1 AND id='4' ) LIMIT 1   [ RunTime:0.0003s ]
NOTIC: [2048] Declaration of Common\Model\FileModel::add() should be compatible with Think\Model::add($data = '', $options = Array, $replace = false) D:\xampp\htdocs\wemall-chajian\Application\Common\Model\FileModel.class.php 第 111 行.
NOTIC: [2048] Declaration of Common\Model\FileModel::addAll() should be compatible with Think\Model::addAll($dataList, $options = Array, $replace = false) D:\xampp\htdocs\wemall-chajian\Application\Common\Model\FileModel.class.php 第 111 行.
NOTIC: [2048] Declaration of Common\Model\FileModel::save() should be compatible with Think\Model::save($data = '', $options = Array) D:\xampp\htdocs\wemall-chajian\Application\Common\Model\FileModel.class.php 第 111 行.
SQL: SHOW COLUMNS FROM `wemall_file` [ RunTime:0.0031s ]
SQL: SELECT * FROM `wemall_file` WHERE ( 1=1 AND id='28' ) LIMIT 1   [ RunTime:0.0005s ]
SQL: SELECT * FROM `wemall_file` WHERE `id` IN ('24','18','') ORDER BY id desc  [ RunTime:0.0008s ]
SQL: SELECT * FROM `wemall_menu` ORDER BY id desc  [ RunTime:0.0004s ]
NOTIC: [2048] Declaration of Common\Model\ProductLabelModel::add() should be compatible with Think\Model::add($data = '', $options = Array, $replace = false) D:\xampp\htdocs\wemall-chajian\Application\Common\Model\ProductLabelModel.class.php 第 69 行.
NOTIC: [2048] Declaration of Common\Model\ProductLabelModel::addAll() should be compatible with Think\Model::addAll($dataList, $options = Array, $replace = false) D:\xampp\htdocs\wemall-chajian\Application\Common\Model\ProductLabelModel.class.php 第 69 行.
NOTIC: [2048] Declaration of Common\Model\ProductLabelModel::save() should be compatible with Think\Model::save($data = '', $options = Array) D:\xampp\htdocs\wemall-chajian\Application\Common\Model\ProductLabelModel.class.php 第 69 行.
SQL: SHOW COLUMNS FROM `wemall_product_label` [ RunTime:0.0026s ]
SQL: SELECT * FROM `wemall_product_label` ORDER BY id desc  [ RunTime:0.0003s ]
INFO: [ view_parse ] --START--
INFO: [ template_filter ] --START--
INFO: Run Behavior\ContentReplaceBehavior [ RunTime:0.000108s ]
INFO: [ template_filter ] --END-- [ RunTime:0.000165s ]
NOTIC: [8] Array to string conversion D:\xampp\htdocs\wemall-chajian\Application\Runtime\Cache\Admin\9fefc12e23f6d125f974d8d146da77e4.php 第 229 行.
INFO: Run Behavior\ParseTemplateBehavior [ RunTime:0.017399s ]
INFO: [ view_parse ] --END-- [ RunTime:0.017452s ]
INFO: [ view_filter ] --START--
INFO: Run Behavior\WriteHtmlCacheBehavior [ RunTime:0.000623s ]
INFO: [ view_filter ] --END-- [ RunTime:0.000675s ]
INFO: [ app_end ] --START--
INFO: Run Behavior\ShowPageTraceBehavior [ RunTime:0.001084s ]
INFO: [ app_end ] --END-- [ RunTime:0.001159s ]

[ 2016-03-07T17:48:53+08:00 ] ::1 /wemall-chajian/
INFO: [ app_init ] --START--
INFO: Run Behavior\BuildLiteBehavior [ RunTime:0.000025s ]
INFO: [ app_init ] --END-- [ RunTime:0.000792s ]
INFO: [ app_begin ] --START--
INFO: Run Behavior\ReadHtmlCacheBehavior [ RunTime:0.000948s ]
INFO: [ app_begin ] --END-- [ RunTime:0.001032s ]
NOTIC: [2048] Declaration of Admin\Controller\BaseController::display() should be compatible with Think\Controller::display($templateFile = '', $charset = '', $contentType = '', $content = '', $prefix = '') D:\xampp\htdocs\wemall-chajian\Application\Admin\Controller\BaseController.class.php 第 89 行.
NOTIC: [2048] Declaration of Common\Model\OrderModel::add() should be compatible with Think\Model::add($data = '', $options = Array, $replace = false) D:\xampp\htdocs\wemall-chajian\Application\Common\Model\OrderModel.class.php 第 7 行.
NOTIC: [2048] Declaration of Common\Model\OrderModel::addAll() should be compatible with Think\Model::addAll($dataList, $options = Array, $replace = false) D:\xampp\htdocs\wemall-chajian\Application\Common\Model\OrderModel.class.php 第 7 行.
NOTIC: [2048] Declaration of Common\Model\OrderModel::save() should be compatible with Think\Model::save($data = '', $options = Array) D:\xampp\htdocs\wemall-chajian\Application\Common\Model\OrderModel.class.php 第 7 行.
SQL: SHOW COLUMNS FROM `wemall_order` [ RunTime:0.0029s ]
NOTIC: [2] Missing argument 3 for Common\Model\OrderModel::getMethod(), called in D:\xampp\htdocs\wemall-chajian\Application\Admin\Controller\IndexController.class.php on line 9 and defined D:\xampp\htdocs\wemall-chajian\Application\Common\Model\OrderModel.class.php 第 55 行.
SQL: SELECT COUNT(*) AS tp_count FROM `wemall_order` WHERE `status` = 0 LIMIT 1   [ RunTime:0.0475s ]
SQL: SELECT SUM(totalprice) AS tp_sum FROM `wemall_order` WHERE `status` = 0 LIMIT 1   [ RunTime:0.0004s ]
NOTIC: [2048] Declaration of Common\Model\UserModel::add() should be compatible with Think\Model::add($data = '', $options = Array, $replace = false) D:\xampp\htdocs\wemall-chajian\Application\Common\Model\UserModel.class.php 第 77 行.
NOTIC: [2048] Declaration of Common\Model\UserModel::addAll() should be compatible with Think\Model::addAll($dataList, $options = Array, $replace = false) D:\xampp\htdocs\wemall-chajian\Application\Common\Model\UserModel.class.php 第 77 行.
NOTIC: [2048] Declaration of Common\Model\UserModel::save() should be compatible with Think\Model::save($data = '', $options = Array) D:\xampp\htdocs\wemall-chajian\Application\Common\Model\UserModel.class.php 第 77 行.
SQL: SHOW COLUMNS FROM `wemall_user` [ RunTime:0.0030s ]
NOTIC: [2] Missing argument 3 for Common\Model\UserModel::getMethod(), called in D:\xampp\htdocs\wemall-chajian\Application\Admin\Controller\IndexController.class.php on line 15 and defined D:\xampp\htdocs\wemall-chajian\Application\Common\Model\UserModel.class.php 第 45 行.
SQL: SELECT COUNT(*) AS tp_count FROM `wemall_user` LIMIT 1   [ RunTime:0.0041s ]
NOTIC: [2] Missing argument 3 for Common\Model\OrderModel::getMethod(), called in D:\xampp\htdocs\wemall-chajian\Application\Admin\Controller\IndexController.class.php on line 18 and defined D:\xampp\htdocs\wemall-chajian\Application\Common\Model\OrderModel.class.php 第 55 行.
SQL: SELECT COUNT(*) AS tp_count FROM `wemall_order` LIMIT 1   [ RunTime:0.0003s ]
INFO: [ view_parse ] --START--
INFO: [ template_filter ] --START--
INFO: Run Behavior\ContentReplaceBehavior [ RunTime:0.000192s ]
INFO: [ template_filter ] --END-- [ RunTime:0.000255s ]
NOTIC: [8] Undefined variable: ip D:\xampp\htdocs\wemall-chajian\Application\Runtime\Cache\Admin\6fedbbe541e195344bf1450076482852.php 第 393 行.
INFO: Run Behavior\ParseTemplateBehavior [ RunTime:0.021348s ]
INFO: [ view_parse ] --END-- [ RunTime:0.021409s ]
INFO: [ view_filter ] --START--
INFO: Run Behavior\WriteHtmlCacheBehavior [ RunTime:0.000690s ]
INFO: [ view_filter ] --END-- [ RunTime:0.000736s ]
INFO: [ app_end ] --START--
INFO: Run Behavior\ShowPageTraceBehavior [ RunTime:0.001075s ]
INFO: [ app_end ] --END-- [ RunTime:0.001159s ]

[ 2016-03-07T17:48:54+08:00 ] ::1 /wemall-chajian/index.php/Admin/Base/getNotify
INFO: [ app_init ] --START--
INFO: Run Behavior\BuildLiteBehavior [ RunTime:0.000016s ]
INFO: [ app_init ] --END-- [ RunTime:0.000476s ]
INFO: [ app_begin ] --START--
INFO: Run Behavior\ReadHtmlCacheBehavior [ RunTime:0.000918s ]
INFO: [ app_begin ] --END-- [ RunTime:0.000979s ]
NOTIC: [2048] Declaration of Admin\Controller\BaseController::display() should be compatible with Think\Controller::display($templateFile = '', $charset = '', $contentType = '', $content = '', $prefix = '') D:\xampp\htdocs\wemall-chajian\Application\Admin\Controller\BaseController.class.php 第 89 行.
INFO: [ app_end ] --START--
INFO: Run Behavior\ShowPageTraceBehavior [ RunTime:0.001090s ]
INFO: [ app_end ] --END-- [ RunTime:0.001186s ]

[ 2016-03-07T17:49:00+08:00 ] ::1 /wemall-chajian/index.php/Admin/Weixin/wxSet?_pjax=%23pjax-container
INFO: [ app_init ] --START--
INFO: Run Behavior\BuildLiteBehavior [ RunTime:0.000016s ]
INFO: [ app_init ] --END-- [ RunTime:0.000551s ]
INFO: [ app_begin ] --START--
INFO: Run Behavior\ReadHtmlCacheBehavior [ RunTime:0.001309s ]
INFO: [ app_begin ] --END-- [ RunTime:0.001436s ]
NOTIC: [2048] Declaration of Admin\Controller\BaseController::display() should be compatible with Think\Controller::display($templateFile = '', $charset = '', $contentType = '', $content = '', $prefix = '') D:\xampp\htdocs\wemall-chajian\Application\Admin\Controller\BaseController.class.php 第 89 行.
NOTIC: [2048] Declaration of Common\Model\WxConfigModel::add() should be compatible with Think\Model::add($data = '', $options = Array, $replace = false) D:\xampp\htdocs\wemall-chajian\Application\Common\Model\WxConfigModel.class.php 第 7 行.
NOTIC: [2048] Declaration of Common\Model\WxConfigModel::addAll() should be compatible with Think\Model::addAll($dataList, $options = Array, $replace = false) D:\xampp\htdocs\wemall-chajian\Application\Common\Model\WxConfigModel.class.php 第 7 行.
NOTIC: [2048] Declaration of Common\Model\WxConfigModel::save() should be compatible with Think\Model::save($data = '', $options = Array) D:\xampp\htdocs\wemall-chajian\Application\Common\Model\WxConfigModel.class.php 第 7 行.
SQL: SHOW COLUMNS FROM `wemall_wx_config` [ RunTime:0.0040s ]
SQL: SELECT * FROM `wemall_wx_config` LIMIT 1   [ RunTime:0.0003s ]
INFO: [ view_parse ] --START--
INFO: [ template_filter ] --START--
INFO: Run Behavior\ContentReplaceBehavior [ RunTime:0.000059s ]
INFO: [ template_filter ] --END-- [ RunTime:0.000114s ]
INFO: Run Behavior\ParseTemplateBehavior [ RunTime:0.020035s ]
INFO: [ view_parse ] --END-- [ RunTime:0.020095s ]
INFO: [ view_filter ] --START--
INFO: Run Behavior\WriteHtmlCacheBehavior [ RunTime:0.000551s ]
INFO: [ view_filter ] --END-- [ RunTime:0.000611s ]
INFO: [ app_end ] --START--
INFO: Run Behavior\ShowPageTraceBehavior [ RunTime:0.000896s ]
INFO: [ app_end ] --END-- [ RunTime:0.000959s ]

