[ 2016-06-05T15:41:04+08:00 ] 180.153.206.23 /multi/admin/public/login
INFO: [ app_init ] --START--
INFO: Run Behavior\BuildLiteBehavior [ RunTime:0.000024s ]
INFO: [ app_init ] --END-- [ RunTime:0.000486s ]
INFO: [ app_begin ] --START--
INFO: Run Behavior\ReadHtmlCacheBehavior [ RunTime:0.000825s ]
INFO: [ app_begin ] --END-- [ RunTime:0.000908s ]
INFO: [ view_parse ] --START--
INFO: [ template_filter ] --START--
INFO: Run Behavior\ContentReplaceBehavior [ RunTime:0.000095s ]
INFO: [ template_filter ] --END-- [ RunTime:0.000196s ]
INFO: Run Behavior\ParseTemplateBehavior [ RunTime:0.034192s ]
INFO: [ view_parse ] --END-- [ RunTime:0.034275s ]
INFO: [ view_filter ] --START--
INFO: Run Behavior\WriteHtmlCacheBehavior [ RunTime:0.000280s ]
INFO: [ view_filter ] --END-- [ RunTime:0.000329s ]
INFO: [ app_end ] --START--
INFO: Run Behavior\ShowPageTraceBehavior [ RunTime:0.000793s ]
INFO: [ app_end ] --END-- [ RunTime:0.000857s ]

[ 2016-06-05T15:41:04+08:00 ] 101.226.227.141 /multi/admin/public/login
INFO: [ app_init ] --START--
INFO: Run Behavior\BuildLiteBehavior [ RunTime:0.000023s ]
INFO: [ app_init ] --END-- [ RunTime:0.000464s ]
INFO: [ app_begin ] --START--
INFO: Run Behavior\ReadHtmlCacheBehavior [ RunTime:0.001119s ]
INFO: [ app_begin ] --END-- [ RunTime:0.001202s ]
INFO: [ view_parse ] --START--
INFO: [ template_filter ] --START--
INFO: Run Behavior\ContentReplaceBehavior [ RunTime:0.000089s ]
INFO: [ template_filter ] --END-- [ RunTime:0.000197s ]
INFO: Run Behavior\ParseTemplateBehavior [ RunTime:0.025802s ]
INFO: [ view_parse ] --END-- [ RunTime:0.025911s ]
INFO: [ view_filter ] --START--
INFO: Run Behavior\WriteHtmlCacheBehavior [ RunTime:0.000368s ]
INFO: [ view_filter ] --END-- [ RunTime:0.000420s ]
INFO: [ app_end ] --START--
INFO: Run Behavior\ShowPageTraceBehavior [ RunTime:0.001143s ]
INFO: [ app_end ] --END-- [ RunTime:0.001249s ]

[ 2016-06-05T15:41:06+08:00 ] 123.235.236.220 /multi/Admin/Public/login
INFO: [ app_init ] --START--
INFO: Run Behavior\BuildLiteBehavior [ RunTime:0.000023s ]
INFO: [ app_init ] --END-- [ RunTime:0.000485s ]
INFO: [ app_begin ] --START--
INFO: Run Behavior\ReadHtmlCacheBehavior [ RunTime:0.000624s ]
INFO: [ app_begin ] --END-- [ RunTime:0.000695s ]
INFO: [ view_parse ] --START--
INFO: [ template_filter ] --START--
INFO: Run Behavior\ContentReplaceBehavior [ RunTime:0.000087s ]
INFO: [ template_filter ] --END-- [ RunTime:0.000163s ]
INFO: Run Behavior\ParseTemplateBehavior [ RunTime:0.017028s ]
INFO: [ view_parse ] --END-- [ RunTime:0.017123s ]
INFO: [ view_filter ] --START--
INFO: Run Behavior\WriteHtmlCacheBehavior [ RunTime:0.000437s ]
INFO: [ view_filter ] --END-- [ RunTime:0.000502s ]
INFO: [ app_end ] --START--
INFO: Run Behavior\ShowPageTraceBehavior [ RunTime:0.000631s ]
INFO: [ app_end ] --END-- [ RunTime:0.000689s ]

[ 2016-06-05T15:41:06+08:00 ] 123.235.236.220 /multi/Admin/Public/getVerify
INFO: [ app_init ] --START--
INFO: Run Behavior\BuildLiteBehavior [ RunTime:0.000022s ]
INFO: [ app_init ] --END-- [ RunTime:0.000533s ]
INFO: [ app_begin ] --START--
INFO: Run Behavior\ReadHtmlCacheBehavior [ RunTime:0.000657s ]
INFO: [ app_begin ] --END-- [ RunTime:0.000739s ]
INFO: [ app_end ] --START--
INFO: Run Behavior\ShowPageTraceBehavior [ RunTime:0.000703s ]
INFO: [ app_end ] --END-- [ RunTime:0.000800s ]

[ 2016-06-05T15:41:24+08:00 ] 123.235.236.220 /multi/Admin/Public/login
INFO: [ app_init ] --START--
INFO: Run Behavior\BuildLiteBehavior [ RunTime:0.000023s ]
INFO: [ app_init ] --END-- [ RunTime:0.000488s ]
INFO: [ app_begin ] --START--
INFO: Run Behavior\ReadHtmlCacheBehavior [ RunTime:0.000608s ]
INFO: [ app_begin ] --END-- [ RunTime:0.000683s ]
NOTIC: [2048] Declaration of Common\Model\AdminModel::add() should be compatible with Think\Model::add($data = '', $options = Array, $replace = false) /www/users/HA84691/WEB/multi/Application/Common/Model/AdminModel.class.php 第 7 行.
NOTIC: [2048] Declaration of Common\Model\AdminModel::addAll() should be compatible with Think\Model::addAll($dataList, $options = Array, $replace = false) /www/users/HA84691/WEB/multi/Application/Common/Model/AdminModel.class.php 第 7 行.
NOTIC: [2048] Declaration of Common\Model\AdminModel::save() should be compatible with Think\Model::save($data = '', $options = Array) /www/users/HA84691/WEB/multi/Application/Common/Model/AdminModel.class.php 第 7 行.
SQL: SHOW COLUMNS FROM `multi_admin` [ RunTime:0.0023s ]
SQL: SELECT * FROM `multi_admin` WHERE `username` = 'admin' AND `password` = '21232f297a57a5a743894a0e4a801fc3' LIMIT 1   [ RunTime:0.0015s ]
NOTIC: [2048] Declaration of Common\Model\AuthGroupAccessModel::add() should be compatible with Think\Model::add($data = '', $options = Array, $replace = false) /www/users/HA84691/WEB/multi/Application/Common/Model/AuthGroupAccessModel.class.php 第 23 行.
SQL: SHOW COLUMNS FROM `multi_auth_group_access` [ RunTime:0.0019s ]
SQL: SELECT * FROM `multi_auth_group_access` WHERE ( 1=1 AND uid='1' ) LIMIT 1   [ RunTime:0.0029s ]

[ 2016-06-05T15:41:25+08:00 ] 123.235.236.220 /multi/Admin/Index/index
INFO: [ app_init ] --START--
INFO: Run Behavior\BuildLiteBehavior [ RunTime:0.000021s ]
INFO: [ app_init ] --END-- [ RunTime:0.000444s ]
INFO: [ app_begin ] --START--
INFO: Run Behavior\ReadHtmlCacheBehavior [ RunTime:0.000551s ]
INFO: [ app_begin ] --END-- [ RunTime:0.000637s ]
NOTIC: [2048] Declaration of Admin\Controller\BaseController::display() should be compatible with Think\Controller::display($templateFile = '', $charset = '', $contentType = '', $content = '', $prefix = '') /www/users/HA84691/WEB/multi/Application/Admin/Controller/BaseController.class.php 第 89 行.
NOTIC: [2048] Declaration of Common\Model\OrderModel::add() should be compatible with Think\Model::add($data = '', $options = Array, $replace = false) /www/users/HA84691/WEB/multi/Application/Common/Model/OrderModel.class.php 第 7 行.
NOTIC: [2048] Declaration of Common\Model\OrderModel::addAll() should be compatible with Think\Model::addAll($dataList, $options = Array, $replace = false) /www/users/HA84691/WEB/multi/Application/Common/Model/OrderModel.class.php 第 7 行.
NOTIC: [2048] Declaration of Common\Model\OrderModel::save() should be compatible with Think\Model::save($data = '', $options = Array) /www/users/HA84691/WEB/multi/Application/Common/Model/OrderModel.class.php 第 7 行.
SQL: SHOW COLUMNS FROM `multi_order` [ RunTime:0.0026s ]
NOTIC: [2] Missing argument 3 for Common\Model\OrderModel::getMethod(), called in /www/users/HA84691/WEB/multi/Application/Admin/Controller/IndexController.class.php on line 9 and defined /www/users/HA84691/WEB/multi/Application/Common/Model/OrderModel.class.php 第 73 行.
SQL: SELECT COUNT(*) AS tp_count FROM `multi_order` WHERE `status` = 0 LIMIT 1   [ RunTime:0.0015s ]
SQL: SELECT SUM(totalprice) AS tp_sum FROM `multi_order` WHERE `status` = 0 LIMIT 1   [ RunTime:0.0017s ]
NOTIC: [2048] Declaration of Common\Model\UserModel::add() should be compatible with Think\Model::add($data = '', $options = Array, $replace = false) /www/users/HA84691/WEB/multi/Application/Common/Model/UserModel.class.php 第 139 行.
NOTIC: [2048] Declaration of Common\Model\UserModel::addAll() should be compatible with Think\Model::addAll($dataList, $options = Array, $replace = false) /www/users/HA84691/WEB/multi/Application/Common/Model/UserModel.class.php 第 139 行.
NOTIC: [2048] Declaration of Common\Model\UserModel::save() should be compatible with Think\Model::save($data = '', $options = Array) /www/users/HA84691/WEB/multi/Application/Common/Model/UserModel.class.php 第 139 行.
SQL: SHOW COLUMNS FROM `multi_user` [ RunTime:0.0027s ]
NOTIC: [2] Missing argument 3 for Common\Model\UserModel::getMethod(), called in /www/users/HA84691/WEB/multi/Application/Admin/Controller/IndexController.class.php on line 15 and defined /www/users/HA84691/WEB/multi/Application/Common/Model/UserModel.class.php 第 96 行.
SQL: SELECT COUNT(*) AS tp_count FROM `multi_user` LIMIT 1   [ RunTime:0.0017s ]
NOTIC: [2] Missing argument 3 for Common\Model\OrderModel::getMethod(), called in /www/users/HA84691/WEB/multi/Application/Admin/Controller/IndexController.class.php on line 18 and defined /www/users/HA84691/WEB/multi/Application/Common/Model/OrderModel.class.php 第 73 行.
SQL: SELECT COUNT(*) AS tp_count FROM `multi_order` LIMIT 1   [ RunTime:0.0009s ]
INFO: [ view_parse ] --START--
INFO: [ template_filter ] --START--
INFO: Run Behavior\ContentReplaceBehavior [ RunTime:0.000217s ]
INFO: [ template_filter ] --END-- [ RunTime:0.000297s ]
NOTIC: [8] Undefined variable: ip /www/users/HA84691/WEB/multi/Application/Runtime/Cache/Admin/6fedbbe541e195344bf1450076482852.php 第 397 行.
INFO: Run Behavior\ParseTemplateBehavior [ RunTime:0.066493s ]
INFO: [ view_parse ] --END-- [ RunTime:0.066562s ]
INFO: [ view_filter ] --START--
INFO: Run Behavior\WriteHtmlCacheBehavior [ RunTime:0.000402s ]
INFO: [ view_filter ] --END-- [ RunTime:0.000456s ]
INFO: [ app_end ] --START--
INFO: Run Behavior\ShowPageTraceBehavior [ RunTime:0.001034s ]
INFO: [ app_end ] --END-- [ RunTime:0.001115s ]

[ 2016-06-05T15:41:25+08:00 ] 112.64.235.250 /multi/admin/index/index
INFO: [ app_init ] --START--
INFO: Run Behavior\BuildLiteBehavior [ RunTime:0.000041s ]
INFO: [ app_init ] --END-- [ RunTime:0.000564s ]
INFO: [ app_begin ] --START--
INFO: Run Behavior\ReadHtmlCacheBehavior [ RunTime:0.000566s ]
INFO: [ app_begin ] --END-- [ RunTime:0.000720s ]
NOTIC: [2048] Declaration of Admin\Controller\BaseController::display() should be compatible with Think\Controller::display($templateFile = '', $charset = '', $contentType = '', $content = '', $prefix = '') /www/users/HA84691/WEB/multi/Application/Admin/Controller/BaseController.class.php 第 89 行.

[ 2016-06-05T15:41:26+08:00 ] 101.226.227.99 /multi/admin/index/index
INFO: [ app_init ] --START--
INFO: Run Behavior\BuildLiteBehavior [ RunTime:0.000031s ]
INFO: [ app_init ] --END-- [ RunTime:0.009259s ]
INFO: [ app_begin ] --START--
INFO: Run Behavior\ReadHtmlCacheBehavior [ RunTime:0.000741s ]
INFO: [ app_begin ] --END-- [ RunTime:0.000814s ]
NOTIC: [2048] Declaration of Admin\Controller\BaseController::display() should be compatible with Think\Controller::display($templateFile = '', $charset = '', $contentType = '', $content = '', $prefix = '') /www/users/HA84691/WEB/multi/Application/Admin/Controller/BaseController.class.php 第 89 行.

[ 2016-06-05T15:41:26+08:00 ] 112.64.235.250 /multi/Admin/Public/login
INFO: [ app_init ] --START--
INFO: Run Behavior\BuildLiteBehavior [ RunTime:0.000024s ]
INFO: [ app_init ] --END-- [ RunTime:0.000616s ]
INFO: [ app_begin ] --START--
INFO: Run Behavior\ReadHtmlCacheBehavior [ RunTime:0.000591s ]
INFO: [ app_begin ] --END-- [ RunTime:0.000685s ]
INFO: [ view_parse ] --START--
INFO: [ template_filter ] --START--
INFO: Run Behavior\ContentReplaceBehavior [ RunTime:0.000090s ]
INFO: [ template_filter ] --END-- [ RunTime:0.000168s ]
INFO: Run Behavior\ParseTemplateBehavior [ RunTime:0.041884s ]
INFO: [ view_parse ] --END-- [ RunTime:0.041970s ]
INFO: [ view_filter ] --START--
INFO: Run Behavior\WriteHtmlCacheBehavior [ RunTime:0.000330s ]
INFO: [ view_filter ] --END-- [ RunTime:0.000378s ]
INFO: [ app_end ] --START--
INFO: Run Behavior\ShowPageTraceBehavior [ RunTime:0.000658s ]
INFO: [ app_end ] --END-- [ RunTime:0.000720s ]

[ 2016-06-05T15:41:26+08:00 ] 101.226.227.99 /multi/Admin/Public/login
INFO: [ app_init ] --START--
INFO: Run Behavior\BuildLiteBehavior [ RunTime:0.000026s ]
INFO: [ app_init ] --END-- [ RunTime:0.000627s ]
INFO: [ app_begin ] --START--
INFO: Run Behavior\ReadHtmlCacheBehavior [ RunTime:0.000722s ]
INFO: [ app_begin ] --END-- [ RunTime:0.000797s ]
INFO: [ view_parse ] --START--
INFO: [ template_filter ] --START--
INFO: Run Behavior\ContentReplaceBehavior [ RunTime:0.000085s ]
INFO: [ template_filter ] --END-- [ RunTime:0.000162s ]
INFO: Run Behavior\ParseTemplateBehavior [ RunTime:0.022376s ]
INFO: [ view_parse ] --END-- [ RunTime:0.022471s ]
INFO: [ view_filter ] --START--
INFO: Run Behavior\WriteHtmlCacheBehavior [ RunTime:0.000303s ]
INFO: [ view_filter ] --END-- [ RunTime:0.000352s ]
INFO: [ app_end ] --START--
INFO: Run Behavior\ShowPageTraceBehavior [ RunTime:0.000613s ]
INFO: [ app_end ] --END-- [ RunTime:0.000666s ]

[ 2016-06-05T15:41:29+08:00 ] 123.235.236.220 /multi/Admin/Base/getNotify
INFO: [ app_init ] --START--
INFO: Run Behavior\BuildLiteBehavior [ RunTime:0.000023s ]
INFO: [ app_init ] --END-- [ RunTime:0.000534s ]
INFO: [ app_begin ] --START--
INFO: Run Behavior\ReadHtmlCacheBehavior [ RunTime:0.000626s ]
INFO: [ app_begin ] --END-- [ RunTime:0.000688s ]
NOTIC: [2048] Declaration of Admin\Controller\BaseController::display() should be compatible with Think\Controller::display($templateFile = '', $charset = '', $contentType = '', $content = '', $prefix = '') /www/users/HA84691/WEB/multi/Application/Admin/Controller/BaseController.class.php 第 89 行.
INFO: [ app_end ] --START--
INFO: Run Behavior\ShowPageTraceBehavior [ RunTime:0.000891s ]
INFO: [ app_end ] --END-- [ RunTime:0.001026s ]

[ 2016-06-05T15:41:41+08:00 ] 101.226.227.142 /multi/admin/shop/shop
INFO: [ app_init ] --START--
INFO: Run Behavior\BuildLiteBehavior [ RunTime:0.000020s ]
INFO: [ app_init ] --END-- [ RunTime:0.000492s ]
INFO: [ app_begin ] --START--
INFO: Run Behavior\ReadHtmlCacheBehavior [ RunTime:0.000636s ]
INFO: [ app_begin ] --END-- [ RunTime:0.000744s ]
NOTIC: [2048] Declaration of Admin\Controller\BaseController::display() should be compatible with Think\Controller::display($templateFile = '', $charset = '', $contentType = '', $content = '', $prefix = '') /www/users/HA84691/WEB/multi/Application/Admin/Controller/BaseController.class.php 第 89 行.

[ 2016-06-05T15:41:41+08:00 ] 180.153.212.13 /multi/admin/shop/shop
INFO: [ app_init ] --START--
INFO: Run Behavior\BuildLiteBehavior [ RunTime:0.000022s ]
INFO: [ app_init ] --END-- [ RunTime:0.000442s ]
INFO: [ app_begin ] --START--
INFO: Run Behavior\ReadHtmlCacheBehavior [ RunTime:0.002868s ]
INFO: [ app_begin ] --END-- [ RunTime:0.002967s ]
NOTIC: [2048] Declaration of Admin\Controller\BaseController::display() should be compatible with Think\Controller::display($templateFile = '', $charset = '', $contentType = '', $content = '', $prefix = '') /www/users/HA84691/WEB/multi/Application/Admin/Controller/BaseController.class.php 第 89 行.

[ 2016-06-05T15:41:41+08:00 ] 101.226.227.142 /multi/Admin/Public/login
INFO: [ app_init ] --START--
INFO: Run Behavior\BuildLiteBehavior [ RunTime:0.000022s ]
INFO: [ app_init ] --END-- [ RunTime:0.000489s ]
INFO: [ app_begin ] --START--
INFO: Run Behavior\ReadHtmlCacheBehavior [ RunTime:0.000614s ]
INFO: [ app_begin ] --END-- [ RunTime:0.000685s ]
INFO: [ view_parse ] --START--
INFO: [ template_filter ] --START--
INFO: Run Behavior\ContentReplaceBehavior [ RunTime:0.000115s ]
INFO: [ template_filter ] --END-- [ RunTime:0.000194s ]
INFO: Run Behavior\ParseTemplateBehavior [ RunTime:0.025742s ]
INFO: [ view_parse ] --END-- [ RunTime:0.025848s ]
INFO: [ view_filter ] --START--
INFO: Run Behavior\WriteHtmlCacheBehavior [ RunTime:0.010149s ]
INFO: [ view_filter ] --END-- [ RunTime:0.010695s ]
INFO: [ app_end ] --START--
INFO: Run Behavior\ShowPageTraceBehavior [ RunTime:0.000814s ]
INFO: [ app_end ] --END-- [ RunTime:0.001163s ]

[ 2016-06-05T15:41:41+08:00 ] 123.235.236.220 /multi/Admin/Shop/shop?_pjax=%23pjax-container
INFO: [ app_init ] --START--
INFO: Run Behavior\BuildLiteBehavior [ RunTime:0.000023s ]
INFO: [ app_init ] --END-- [ RunTime:0.000507s ]
INFO: [ app_begin ] --START--
INFO: Run Behavior\ReadHtmlCacheBehavior [ RunTime:0.000685s ]
INFO: [ app_begin ] --END-- [ RunTime:0.000797s ]
NOTIC: [2048] Declaration of Admin\Controller\BaseController::display() should be compatible with Think\Controller::display($templateFile = '', $charset = '', $contentType = '', $content = '', $prefix = '') /www/users/HA84691/WEB/multi/Application/Admin/Controller/BaseController.class.php 第 89 行.
SQL: SHOW COLUMNS FROM `multi_shop` [ RunTime:0.0027s ]
SQL: SELECT * FROM `multi_shop` ORDER BY id desc LIMIT 0,25   [ RunTime:0.0022s ]
NOTIC: [2048] Declaration of Common\Model\FileModel::add() should be compatible with Think\Model::add($data = '', $options = Array, $replace = false) /www/users/HA84691/WEB/multi/Application/Common/Model/FileModel.class.php 第 137 行.
NOTIC: [2048] Declaration of Common\Model\FileModel::addAll() should be compatible with Think\Model::addAll($dataList, $options = Array, $replace = false) /www/users/HA84691/WEB/multi/Application/Common/Model/FileModel.class.php 第 137 行.
NOTIC: [2048] Declaration of Common\Model\FileModel::save() should be compatible with Think\Model::save($data = '', $options = Array) /www/users/HA84691/WEB/multi/Application/Common/Model/FileModel.class.php 第 137 行.
SQL: SHOW COLUMNS FROM `multi_file` [ RunTime:0.0026s ]
SQL: SELECT * FROM `multi_file` WHERE ( 1=1 AND id='0' ) LIMIT 1   [ RunTime:0.0072s ]
NOTIC: [2048] Declaration of Common\Model\UserModel::add() should be compatible with Think\Model::add($data = '', $options = Array, $replace = false) /www/users/HA84691/WEB/multi/Application/Common/Model/UserModel.class.php 第 139 行.
NOTIC: [2048] Declaration of Common\Model\UserModel::addAll() should be compatible with Think\Model::addAll($dataList, $options = Array, $replace = false) /www/users/HA84691/WEB/multi/Application/Common/Model/UserModel.class.php 第 139 行.
NOTIC: [2048] Declaration of Common\Model\UserModel::save() should be compatible with Think\Model::save($data = '', $options = Array) /www/users/HA84691/WEB/multi/Application/Common/Model/UserModel.class.php 第 139 行.
SQL: SHOW COLUMNS FROM `multi_user` [ RunTime:0.0047s ]
SQL: SELECT * FROM `multi_user` WHERE ( 1=1 AND id='789' ) LIMIT 1   [ RunTime:0.0020s ]
SQL: SELECT * FROM `multi_file` WHERE ( 1=1 AND id='58' ) LIMIT 1   [ RunTime:0.0017s ]
SQL: SELECT * FROM `multi_user` WHERE ( 1=1 AND id='1016' ) LIMIT 1   [ RunTime:0.0070s ]
SQL: SELECT * FROM `multi_file` WHERE ( 1=1 AND id='58' ) LIMIT 1   [ RunTime:0.0020s ]
SQL: SELECT * FROM `multi_user` WHERE ( 1=1 AND id='1016' ) LIMIT 1   [ RunTime:0.0059s ]
SQL: SELECT * FROM `multi_file` WHERE ( 1=1 AND id='60' ) LIMIT 1   [ RunTime:0.0049s ]
SQL: SELECT * FROM `multi_user` WHERE ( 1=1 AND id='789' ) LIMIT 1   [ RunTime:0.0017s ]
SQL: SELECT * FROM `multi_file` WHERE ( 1=1 AND id='51' ) LIMIT 1   [ RunTime:0.0017s ]
SQL: SELECT * FROM `multi_user` WHERE ( 1=1 AND id='789' ) LIMIT 1   [ RunTime:0.0032s ]
SQL: SELECT * FROM `multi_file` WHERE ( 1=1 AND id='0' ) LIMIT 1   [ RunTime:0.0063s ]
SQL: SELECT * FROM `multi_user` WHERE ( 1=1 AND id='789' ) LIMIT 1   [ RunTime:0.2058s ]
SQL: SELECT * FROM `multi_file` WHERE ( 1=1 AND id='52' ) LIMIT 1   [ RunTime:0.0016s ]
SQL: SELECT * FROM `multi_user` WHERE ( 1=1 AND id='1011' ) LIMIT 1   [ RunTime:0.0018s ]
SQL: SELECT * FROM `multi_file` WHERE ( 1=1 AND id='0' ) LIMIT 1   [ RunTime:0.0014s ]
SQL: SELECT * FROM `multi_user` WHERE ( 1=1 AND id='789' ) LIMIT 1   [ RunTime:0.0023s ]
SQL: SELECT * FROM `multi_file` WHERE ( 1=1 AND id='48' ) LIMIT 1   [ RunTime:0.0055s ]
SQL: SELECT * FROM `multi_user` WHERE ( 1=1 AND id='789' ) LIMIT 1   [ RunTime:0.0017s ]
SQL: SELECT * FROM `multi_file` WHERE ( 1=1 AND id='46' ) LIMIT 1   [ RunTime:0.0014s ]
SQL: SELECT * FROM `multi_user` WHERE ( 1=1 AND id='1009' ) LIMIT 1   [ RunTime:0.0017s ]
SQL: SELECT * FROM `multi_file` WHERE ( 1=1 AND id='47' ) LIMIT 1   [ RunTime:0.0023s ]
SQL: SELECT * FROM `multi_user` WHERE ( 1=1 AND id='1000' ) LIMIT 1   [ RunTime:0.0018s ]
SQL: SELECT * FROM `multi_file` WHERE ( 1=1 AND id='0' ) LIMIT 1   [ RunTime:0.0068s ]
SQL: SELECT * FROM `multi_user` WHERE ( 1=1 AND id='979' ) LIMIT 1   [ RunTime:0.0019s ]
SQL: SELECT * FROM `multi_file` WHERE ( 1=1 AND id='0' ) LIMIT 1   [ RunTime:0.2038s ]
SQL: SELECT * FROM `multi_user` WHERE ( 1=1 AND id='974' ) LIMIT 1   [ RunTime:0.0016s ]
SQL: SELECT * FROM `multi_file` WHERE ( 1=1 AND id='26' ) LIMIT 1   [ RunTime:0.0089s ]
SQL: SELECT * FROM `multi_user` WHERE ( 1=1 AND id='976' ) LIMIT 1   [ RunTime:0.0027s ]
SQL: SELECT * FROM `multi_file` WHERE ( 1=1 AND id='46' ) LIMIT 1   [ RunTime:0.0057s ]
SQL: SELECT * FROM `multi_user` WHERE ( 1=1 AND id='972' ) LIMIT 1   [ RunTime:0.0019s ]
SQL: SELECT * FROM `multi_file` WHERE ( 1=1 AND id='0' ) LIMIT 1   [ RunTime:0.0042s ]
SQL: SELECT * FROM `multi_user` WHERE ( 1=1 AND id='968' ) LIMIT 1   [ RunTime:0.0017s ]
SQL: SELECT * FROM `multi_file` WHERE ( 1=1 AND id='0' ) LIMIT 1   [ RunTime:0.0022s ]
SQL: SELECT * FROM `multi_user` WHERE ( 1=1 AND id='967' ) LIMIT 1   [ RunTime:0.0045s ]
SQL: SELECT * FROM `multi_file` WHERE ( 1=1 AND id='0' ) LIMIT 1   [ RunTime:0.0017s ]
SQL: SELECT * FROM `multi_user` WHERE ( 1=1 AND id='940' ) LIMIT 1   [ RunTime:0.0021s ]
SQL: SELECT * FROM `multi_file` WHERE ( 1=1 AND id='29' ) LIMIT 1   [ RunTime:0.0018s ]
SQL: SELECT * FROM `multi_user` WHERE ( 1=1 AND id='963' ) LIMIT 1   [ RunTime:0.0018s ]
SQL: SELECT * FROM `multi_file` WHERE ( 1=1 AND id='0' ) LIMIT 1   [ RunTime:0.0015s ]
SQL: SELECT * FROM `multi_user` WHERE ( 1=1 AND id='956' ) LIMIT 1   [ RunTime:0.0019s ]
SQL: SELECT * FROM `multi_file` WHERE ( 1=1 AND id='41' ) LIMIT 1   [ RunTime:0.0023s ]
SQL: SELECT * FROM `multi_user` WHERE ( 1=1 AND id='953' ) LIMIT 1   [ RunTime:0.0018s ]
SQL: SELECT * FROM `multi_file` WHERE ( 1=1 AND id='30' ) LIMIT 1   [ RunTime:0.0012s ]
SQL: SELECT * FROM `multi_user` WHERE ( 1=1 AND id='952' ) LIMIT 1   [ RunTime:0.0017s ]
SQL: SELECT * FROM `multi_file` WHERE ( 1=1 AND id='41' ) LIMIT 1   [ RunTime:0.0017s ]
SQL: SELECT * FROM `multi_user` WHERE ( 1=1 AND id='950' ) LIMIT 1   [ RunTime:0.0018s ]
SQL: SELECT * FROM `multi_file` WHERE ( 1=1 AND id='0' ) LIMIT 1   [ RunTime:0.0020s ]
SQL: SELECT * FROM `multi_user` WHERE ( 1=1 AND id='949' ) LIMIT 1   [ RunTime:0.0018s ]
SQL: SELECT * FROM `multi_file` WHERE ( 1=1 AND id='0' ) LIMIT 1   [ RunTime:0.0018s ]
SQL: SELECT * FROM `multi_user` WHERE ( 1=1 AND id='949' ) LIMIT 1   [ RunTime:0.0021s ]
SQL: SELECT COUNT(*) AS tp_count FROM `multi_shop` LIMIT 1   [ RunTime:0.0023s ]
INFO: [ view_parse ] --START--
INFO: [ template_filter ] --START--
INFO: Run Behavior\ContentReplaceBehavior [ RunTime:0.000098s ]
INFO: [ template_filter ] --END-- [ RunTime:0.000176s ]
NOTIC: [8] Use of undefined constant savename - assumed 'savename' /www/users/HA84691/WEB/multi/Application/Runtime/Cache/Admin/b057583dc0ae2405636b13c2f866cf9f.php 第 126 行.
NOTIC: [8] Array to string conversion /www/users/HA84691/WEB/multi/Application/Runtime/Cache/Admin/b057583dc0ae2405636b13c2f866cf9f.php 第 126 行.
NOTIC: [8] Use of undefined constant savename - assumed 'savename' /www/users/HA84691/WEB/multi/Application/Runtime/Cache/Admin/b057583dc0ae2405636b13c2f866cf9f.php 第 126 行.
NOTIC: [8] Array to string conversion /www/users/HA84691/WEB/multi/Application/Runtime/Cache/Admin/b057583dc0ae2405636b13c2f866cf9f.php 第 126 行.
NOTIC: [8] Use of undefined constant savename - assumed 'savename' /www/users/HA84691/WEB/multi/Application/Runtime/Cache/Admin/b057583dc0ae2405636b13c2f866cf9f.php 第 126 行.
NOTIC: [8] Array to string conversion /www/users/HA84691/WEB/multi/Application/Runtime/Cache/Admin/b057583dc0ae2405636b13c2f866cf9f.php 第 126 行.
NOTIC: [8] Use of undefined constant savename - assumed 'savename' /www/users/HA84691/WEB/multi/Application/Runtime/Cache/Admin/b057583dc0ae2405636b13c2f866cf9f.php 第 126 行.
NOTIC: [8] Array to string conversion /www/users/HA84691/WEB/multi/Application/Runtime/Cache/Admin/b057583dc0ae2405636b13c2f866cf9f.php 第 126 行.
NOTIC: [8] Use of undefined constant savename - assumed 'savename' /www/users/HA84691/WEB/multi/Application/Runtime/Cache/Admin/b057583dc0ae2405636b13c2f866cf9f.php 第 126 行.
NOTIC: [8] Array to string conversion /www/users/HA84691/WEB/multi/Application/Runtime/Cache/Admin/b057583dc0ae2405636b13c2f866cf9f.php 第 126 行.
NOTIC: [8] Use of undefined constant savename - assumed 'savename' /www/users/HA84691/WEB/multi/Application/Runtime/Cache/Admin/b057583dc0ae2405636b13c2f866cf9f.php 第 126 行.
NOTIC: [8] Array to string conversion /www/users/HA84691/WEB/multi/Application/Runtime/Cache/Admin/b057583dc0ae2405636b13c2f866cf9f.php 第 126 行.
NOTIC: [8] Use of undefined constant savename - assumed 'savename' /www/users/HA84691/WEB/multi/Application/Runtime/Cache/Admin/b057583dc0ae2405636b13c2f866cf9f.php 第 126 行.
NOTIC: [8] Array to string conversion /www/users/HA84691/WEB/multi/Application/Runtime/Cache/Admin/b057583dc0ae2405636b13c2f866cf9f.php 第 126 行.
NOTIC: [8] Use of undefined constant savename - assumed 'savename' /www/users/HA84691/WEB/multi/Application/Runtime/Cache/Admin/b057583dc0ae2405636b13c2f866cf9f.php 第 126 行.
NOTIC: [8] Array to string conversion /www/users/HA84691/WEB/multi/Application/Runtime/Cache/Admin/b057583dc0ae2405636b13c2f866cf9f.php 第 126 行.
NOTIC: [8] Use of undefined constant savename - assumed 'savename' /www/users/HA84691/WEB/multi/Application/Runtime/Cache/Admin/b057583dc0ae2405636b13c2f866cf9f.php 第 126 行.
NOTIC: [8] Array to string conversion /www/users/HA84691/WEB/multi/Application/Runtime/Cache/Admin/b057583dc0ae2405636b13c2f866cf9f.php 第 126 行.
NOTIC: [8] Use of undefined constant savename - assumed 'savename' /www/users/HA84691/WEB/multi/Application/Runtime/Cache/Admin/b057583dc0ae2405636b13c2f866cf9f.php 第 126 行.
NOTIC: [8] Array to string conversion /www/users/HA84691/WEB/multi/Application/Runtime/Cache/Admin/b057583dc0ae2405636b13c2f866cf9f.php 第 126 行.
NOTIC: [8] Use of undefined constant savename - assumed 'savename' /www/users/HA84691/WEB/multi/Application/Runtime/Cache/Admin/b057583dc0ae2405636b13c2f866cf9f.php 第 126 行.
NOTIC: [8] Array to string conversion /www/users/HA84691/WEB/multi/Application/Runtime/Cache/Admin/b057583dc0ae2405636b13c2f866cf9f.php 第 126 行.
NOTIC: [8] Use of undefined constant savename - assumed 'savename' /www/users/HA84691/WEB/multi/Application/Runtime/Cache/Admin/b057583dc0ae2405636b13c2f866cf9f.php 第 126 行.
NOTIC: [8] Array to string conversion /www/users/HA84691/WEB/multi/Application/Runtime/Cache/Admin/b057583dc0ae2405636b13c2f866cf9f.php 第 126 行.
NOTIC: [8] Use of undefined constant savename - assumed 'savename' /www/users/HA84691/WEB/multi/Application/Runtime/Cache/Admin/b057583dc0ae2405636b13c2f866cf9f.php 第 126 行.
NOTIC: [8] Array to string conversion /www/users/HA84691/WEB/multi/Application/Runtime/Cache/Admin/b057583dc0ae2405636b13c2f866cf9f.php 第 126 行.
NOTIC: [8] Use of undefined constant savename - assumed 'savename' /www/users/HA84691/WEB/multi/Application/Runtime/Cache/Admin/b057583dc0ae2405636b13c2f866cf9f.php 第 126 行.
NOTIC: [8] Array to string conversion /www/users/HA84691/WEB/multi/Application/Runtime/Cache/Admin/b057583dc0ae2405636b13c2f866cf9f.php 第 126 行.
INFO: Run Behavior\ParseTemplateBehavior [ RunTime:0.060461s ]
INFO: [ view_parse ] --END-- [ RunTime:0.060529s ]
INFO: [ view_filter ] --START--
INFO: Run Behavior\WriteHtmlCacheBehavior [ RunTime:0.000409s ]
INFO: [ view_filter ] --END-- [ RunTime:0.000459s ]
INFO: [ app_end ] --START--
INFO: Run Behavior\ShowPageTraceBehavior [ RunTime:0.000689s ]
INFO: [ app_end ] --END-- [ RunTime:0.000775s ]

[ 2016-06-05T15:41:42+08:00 ] 180.153.212.13 /multi/Admin/Public/login
INFO: [ app_init ] --START--
INFO: Run Behavior\BuildLiteBehavior [ RunTime:0.000025s ]
INFO: [ app_init ] --END-- [ RunTime:0.000520s ]
INFO: [ app_begin ] --START--
INFO: Run Behavior\ReadHtmlCacheBehavior [ RunTime:0.000620s ]
INFO: [ app_begin ] --END-- [ RunTime:0.000682s ]
INFO: [ view_parse ] --START--
INFO: [ template_filter ] --START--
INFO: Run Behavior\ContentReplaceBehavior [ RunTime:0.000087s ]
INFO: [ template_filter ] --END-- [ RunTime:0.000162s ]
INFO: Run Behavior\ParseTemplateBehavior [ RunTime:0.015037s ]
INFO: [ view_parse ] --END-- [ RunTime:0.015106s ]
INFO: [ view_filter ] --START--
INFO: Run Behavior\WriteHtmlCacheBehavior [ RunTime:0.000315s ]
INFO: [ view_filter ] --END-- [ RunTime:0.000369s ]
INFO: [ app_end ] --START--
INFO: Run Behavior\ShowPageTraceBehavior [ RunTime:0.000681s ]
INFO: [ app_end ] --END-- [ RunTime:0.000735s ]

[ 2016-06-05T15:41:54+08:00 ] 123.235.236.220 /multi/Admin/Addon/addon?_pjax=%23pjax-container
INFO: [ app_init ] --START--
INFO: Run Behavior\BuildLiteBehavior [ RunTime:0.000027s ]
INFO: [ app_init ] --END-- [ RunTime:0.001428s ]
INFO: [ app_begin ] --START--
INFO: Run Behavior\ReadHtmlCacheBehavior [ RunTime:0.000850s ]
INFO: [ app_begin ] --END-- [ RunTime:0.000916s ]
NOTIC: [2048] Declaration of Admin\Controller\BaseController::display() should be compatible with Think\Controller::display($templateFile = '', $charset = '', $contentType = '', $content = '', $prefix = '') /www/users/HA84691/WEB/multi/Application/Admin/Controller/BaseController.class.php 第 89 行.
INFO: [ view_parse ] --START--
INFO: [ template_filter ] --START--
INFO: Run Behavior\ContentReplaceBehavior [ RunTime:0.000068s ]
INFO: [ template_filter ] --END-- [ RunTime:0.000144s ]
INFO: Run Behavior\ParseTemplateBehavior [ RunTime:0.020709s ]
INFO: [ view_parse ] --END-- [ RunTime:0.020803s ]
INFO: [ view_filter ] --START--
INFO: Run Behavior\WriteHtmlCacheBehavior [ RunTime:0.000303s ]
INFO: [ view_filter ] --END-- [ RunTime:0.000348s ]
INFO: [ app_end ] --START--
INFO: Run Behavior\ShowPageTraceBehavior [ RunTime:0.000651s ]
INFO: [ app_end ] --END-- [ RunTime:0.000706s ]

[ 2016-06-05T15:41:54+08:00 ] 180.153.206.35 /multi/admin/addon/addon
INFO: [ app_init ] --START--
INFO: Run Behavior\BuildLiteBehavior [ RunTime:0.000022s ]
INFO: [ app_init ] --END-- [ RunTime:0.000460s ]
INFO: [ app_begin ] --START--
INFO: Run Behavior\ReadHtmlCacheBehavior [ RunTime:0.000596s ]
INFO: [ app_begin ] --END-- [ RunTime:0.000679s ]
NOTIC: [2048] Declaration of Admin\Controller\BaseController::display() should be compatible with Think\Controller::display($templateFile = '', $charset = '', $contentType = '', $content = '', $prefix = '') /www/users/HA84691/WEB/multi/Application/Admin/Controller/BaseController.class.php 第 89 行.

[ 2016-06-05T15:41:54+08:00 ] 101.226.227.96 /multi/admin/addon/addon
INFO: [ app_init ] --START--
INFO: Run Behavior\BuildLiteBehavior [ RunTime:0.000022s ]
INFO: [ app_init ] --END-- [ RunTime:0.005739s ]
INFO: [ app_begin ] --START--
INFO: Run Behavior\ReadHtmlCacheBehavior [ RunTime:0.000719s ]
INFO: [ app_begin ] --END-- [ RunTime:0.000814s ]
NOTIC: [2048] Declaration of Admin\Controller\BaseController::display() should be compatible with Think\Controller::display($templateFile = '', $charset = '', $contentType = '', $content = '', $prefix = '') /www/users/HA84691/WEB/multi/Application/Admin/Controller/BaseController.class.php 第 89 行.

[ 2016-06-05T15:41:54+08:00 ] 101.226.227.96 /multi/Admin/Public/login
INFO: [ app_init ] --START--
INFO: Run Behavior\BuildLiteBehavior [ RunTime:0.000022s ]
INFO: [ app_init ] --END-- [ RunTime:0.000469s ]
INFO: [ app_begin ] --START--
INFO: Run Behavior\ReadHtmlCacheBehavior [ RunTime:0.007858s ]
INFO: [ app_begin ] --END-- [ RunTime:0.007966s ]
INFO: [ view_parse ] --START--
INFO: [ template_filter ] --START--
INFO: Run Behavior\ContentReplaceBehavior [ RunTime:0.000089s ]
INFO: [ template_filter ] --END-- [ RunTime:0.000174s ]
INFO: Run Behavior\ParseTemplateBehavior [ RunTime:0.036038s ]
INFO: [ view_parse ] --END-- [ RunTime:0.036139s ]
INFO: [ view_filter ] --START--
INFO: Run Behavior\WriteHtmlCacheBehavior [ RunTime:0.000276s ]
INFO: [ view_filter ] --END-- [ RunTime:0.000325s ]
INFO: [ app_end ] --START--
INFO: Run Behavior\ShowPageTraceBehavior [ RunTime:0.000756s ]
INFO: [ app_end ] --END-- [ RunTime:0.000814s ]

[ 2016-06-05T15:41:54+08:00 ] 180.153.206.35 /multi/Admin/Public/login
INFO: [ app_init ] --START--
INFO: Run Behavior\BuildLiteBehavior [ RunTime:0.000026s ]
INFO: [ app_init ] --END-- [ RunTime:0.000564s ]
INFO: [ app_begin ] --START--
INFO: Run Behavior\ReadHtmlCacheBehavior [ RunTime:0.000970s ]
INFO: [ app_begin ] --END-- [ RunTime:0.001052s ]
INFO: [ view_parse ] --START--
INFO: [ template_filter ] --START--
INFO: Run Behavior\ContentReplaceBehavior [ RunTime:0.000114s ]
INFO: [ template_filter ] --END-- [ RunTime:0.000196s ]
INFO: Run Behavior\ParseTemplateBehavior [ RunTime:0.022277s ]
INFO: [ view_parse ] --END-- [ RunTime:0.022388s ]
INFO: [ view_filter ] --START--
INFO: Run Behavior\WriteHtmlCacheBehavior [ RunTime:0.004973s ]
INFO: [ view_filter ] --END-- [ RunTime:0.005507s ]
INFO: [ app_end ] --START--
INFO: Run Behavior\ShowPageTraceBehavior [ RunTime:0.000782s ]
INFO: [ app_end ] --END-- [ RunTime:0.000840s ]

[ 2016-06-05T15:41:58+08:00 ] 123.235.236.220 /multi/Admin/Addon/addonShop?_pjax=%23pjax-container
INFO: [ app_init ] --START--
INFO: Run Behavior\BuildLiteBehavior [ RunTime:0.000024s ]
INFO: [ app_init ] --END-- [ RunTime:0.000516s ]
INFO: [ app_begin ] --START--
INFO: Run Behavior\ReadHtmlCacheBehavior [ RunTime:0.000610s ]
INFO: [ app_begin ] --END-- [ RunTime:0.000709s ]
NOTIC: [2048] Declaration of Admin\Controller\BaseController::display() should be compatible with Think\Controller::display($templateFile = '', $charset = '', $contentType = '', $content = '', $prefix = '') /www/users/HA84691/WEB/multi/Application/Admin/Controller/BaseController.class.php 第 89 行.
INFO: [ view_parse ] --START--
INFO: [ template_filter ] --START--
INFO: Run Behavior\ContentReplaceBehavior [ RunTime:0.000053s ]
INFO: [ template_filter ] --END-- [ RunTime:0.000126s ]
INFO: Run Behavior\ParseTemplateBehavior [ RunTime:0.029155s ]
INFO: [ view_parse ] --END-- [ RunTime:0.029251s ]
INFO: [ view_filter ] --START--
INFO: Run Behavior\WriteHtmlCacheBehavior [ RunTime:0.000351s ]
INFO: [ view_filter ] --END-- [ RunTime:0.000397s ]
INFO: [ app_end ] --START--
INFO: Run Behavior\ShowPageTraceBehavior [ RunTime:0.000823s ]
INFO: [ app_end ] --END-- [ RunTime:0.000884s ]

[ 2016-06-05T15:41:58+08:00 ] 101.226.66.174 /multi/admin/addon/addonshop
INFO: [ app_init ] --START--
INFO: Run Behavior\BuildLiteBehavior [ RunTime:0.000022s ]
INFO: [ app_init ] --END-- [ RunTime:0.000474s ]
INFO: [ app_begin ] --START--
INFO: Run Behavior\ReadHtmlCacheBehavior [ RunTime:0.000688s ]
INFO: [ app_begin ] --END-- [ RunTime:0.000776s ]
NOTIC: [2048] Declaration of Admin\Controller\BaseController::display() should be compatible with Think\Controller::display($templateFile = '', $charset = '', $contentType = '', $content = '', $prefix = '') /www/users/HA84691/WEB/multi/Application/Admin/Controller/BaseController.class.php 第 89 行.

[ 2016-06-05T15:41:58+08:00 ] 101.226.227.95 /multi/admin/addon/addonshop
INFO: [ app_init ] --START--
INFO: Run Behavior\BuildLiteBehavior [ RunTime:0.000022s ]
INFO: [ app_init ] --END-- [ RunTime:0.000558s ]
INFO: [ app_begin ] --START--
INFO: Run Behavior\ReadHtmlCacheBehavior [ RunTime:0.000605s ]
INFO: [ app_begin ] --END-- [ RunTime:0.000715s ]
NOTIC: [2048] Declaration of Admin\Controller\BaseController::display() should be compatible with Think\Controller::display($templateFile = '', $charset = '', $contentType = '', $content = '', $prefix = '') /www/users/HA84691/WEB/multi/Application/Admin/Controller/BaseController.class.php 第 89 行.

[ 2016-06-05T15:41:59+08:00 ] 101.226.227.95 /multi/Admin/Public/login
INFO: [ app_init ] --START--
INFO: Run Behavior\BuildLiteBehavior [ RunTime:0.000024s ]
INFO: [ app_init ] --END-- [ RunTime:0.000536s ]
INFO: [ app_begin ] --START--
INFO: Run Behavior\ReadHtmlCacheBehavior [ RunTime:0.000771s ]
INFO: [ app_begin ] --END-- [ RunTime:0.003715s ]
INFO: [ view_parse ] --START--
INFO: [ template_filter ] --START--
INFO: Run Behavior\ContentReplaceBehavior [ RunTime:0.000087s ]
INFO: [ template_filter ] --END-- [ RunTime:0.000197s ]
INFO: Run Behavior\ParseTemplateBehavior [ RunTime:0.029203s ]
INFO: [ view_parse ] --END-- [ RunTime:0.029288s ]
INFO: [ view_filter ] --START--
INFO: Run Behavior\WriteHtmlCacheBehavior [ RunTime:0.000315s ]
INFO: [ view_filter ] --END-- [ RunTime:0.000397s ]
INFO: [ app_end ] --START--
INFO: Run Behavior\ShowPageTraceBehavior [ RunTime:0.000622s ]
INFO: [ app_end ] --END-- [ RunTime:0.000675s ]

[ 2016-06-05T15:41:59+08:00 ] 101.226.66.174 /multi/Admin/Public/login
INFO: [ app_init ] --START--
INFO: Run Behavior\BuildLiteBehavior [ RunTime:0.000023s ]
INFO: [ app_init ] --END-- [ RunTime:0.000481s ]
INFO: [ app_begin ] --START--
INFO: Run Behavior\ReadHtmlCacheBehavior [ RunTime:0.000664s ]
INFO: [ app_begin ] --END-- [ RunTime:0.000729s ]
INFO: [ view_parse ] --START--
INFO: [ template_filter ] --START--
INFO: Run Behavior\ContentReplaceBehavior [ RunTime:0.000109s ]
INFO: [ template_filter ] --END-- [ RunTime:0.000187s ]
INFO: Run Behavior\ParseTemplateBehavior [ RunTime:0.026538s ]
INFO: [ view_parse ] --END-- [ RunTime:0.026597s ]
INFO: [ view_filter ] --START--
INFO: Run Behavior\WriteHtmlCacheBehavior [ RunTime:0.006325s ]
INFO: [ view_filter ] --END-- [ RunTime:0.006399s ]
INFO: [ app_end ] --START--
INFO: Run Behavior\ShowPageTraceBehavior [ RunTime:0.000647s ]
INFO: [ app_end ] --END-- [ RunTime:0.000709s ]

[ 2016-06-05T15:42:04+08:00 ] 123.235.236.220 /multi/Admin/Index/index?_pjax=%23pjax-container
INFO: [ app_init ] --START--
INFO: Run Behavior\BuildLiteBehavior [ RunTime:0.000024s ]
INFO: [ app_init ] --END-- [ RunTime:0.000469s ]
INFO: [ app_begin ] --START--
INFO: Run Behavior\ReadHtmlCacheBehavior [ RunTime:0.000626s ]
INFO: [ app_begin ] --END-- [ RunTime:0.000789s ]
NOTIC: [2048] Declaration of Admin\Controller\BaseController::display() should be compatible with Think\Controller::display($templateFile = '', $charset = '', $contentType = '', $content = '', $prefix = '') /www/users/HA84691/WEB/multi/Application/Admin/Controller/BaseController.class.php 第 89 行.
NOTIC: [2048] Declaration of Common\Model\OrderModel::add() should be compatible with Think\Model::add($data = '', $options = Array, $replace = false) /www/users/HA84691/WEB/multi/Application/Common/Model/OrderModel.class.php 第 7 行.
NOTIC: [2048] Declaration of Common\Model\OrderModel::addAll() should be compatible with Think\Model::addAll($dataList, $options = Array, $replace = false) /www/users/HA84691/WEB/multi/Application/Common/Model/OrderModel.class.php 第 7 行.
NOTIC: [2048] Declaration of Common\Model\OrderModel::save() should be compatible with Think\Model::save($data = '', $options = Array) /www/users/HA84691/WEB/multi/Application/Common/Model/OrderModel.class.php 第 7 行.
SQL: SHOW COLUMNS FROM `multi_order` [ RunTime:0.0028s ]
NOTIC: [2] Missing argument 3 for Common\Model\OrderModel::getMethod(), called in /www/users/HA84691/WEB/multi/Application/Admin/Controller/IndexController.class.php on line 9 and defined /www/users/HA84691/WEB/multi/Application/Common/Model/OrderModel.class.php 第 73 行.
SQL: SELECT COUNT(*) AS tp_count FROM `multi_order` WHERE `status` = 0 LIMIT 1   [ RunTime:0.0016s ]
SQL: SELECT SUM(totalprice) AS tp_sum FROM `multi_order` WHERE `status` = 0 LIMIT 1   [ RunTime:0.0016s ]
NOTIC: [2048] Declaration of Common\Model\UserModel::add() should be compatible with Think\Model::add($data = '', $options = Array, $replace = false) /www/users/HA84691/WEB/multi/Application/Common/Model/UserModel.class.php 第 139 行.
NOTIC: [2048] Declaration of Common\Model\UserModel::addAll() should be compatible with Think\Model::addAll($dataList, $options = Array, $replace = false) /www/users/HA84691/WEB/multi/Application/Common/Model/UserModel.class.php 第 139 行.
NOTIC: [2048] Declaration of Common\Model\UserModel::save() should be compatible with Think\Model::save($data = '', $options = Array) /www/users/HA84691/WEB/multi/Application/Common/Model/UserModel.class.php 第 139 行.
SQL: SHOW COLUMNS FROM `multi_user` [ RunTime:0.0028s ]
NOTIC: [2] Missing argument 3 for Common\Model\UserModel::getMethod(), called in /www/users/HA84691/WEB/multi/Application/Admin/Controller/IndexController.class.php on line 15 and defined /www/users/HA84691/WEB/multi/Application/Common/Model/UserModel.class.php 第 96 行.
SQL: SELECT COUNT(*) AS tp_count FROM `multi_user` LIMIT 1   [ RunTime:0.0017s ]
NOTIC: [2] Missing argument 3 for Common\Model\OrderModel::getMethod(), called in /www/users/HA84691/WEB/multi/Application/Admin/Controller/IndexController.class.php on line 18 and defined /www/users/HA84691/WEB/multi/Application/Common/Model/OrderModel.class.php 第 73 行.
SQL: SELECT COUNT(*) AS tp_count FROM `multi_order` LIMIT 1   [ RunTime:0.0010s ]
INFO: [ view_parse ] --START--
INFO: [ template_filter ] --START--
INFO: Run Behavior\ContentReplaceBehavior [ RunTime:0.000070s ]
INFO: [ template_filter ] --END-- [ RunTime:0.000134s ]
NOTIC: [8] Undefined variable: ip /www/users/HA84691/WEB/multi/Application/Runtime/Cache/Admin/6fedbbe541e195344bf1450076482852.php 第 108 行.
INFO: Run Behavior\ParseTemplateBehavior [ RunTime:0.010687s ]
INFO: [ view_parse ] --END-- [ RunTime:0.010740s ]
INFO: [ view_filter ] --START--
INFO: Run Behavior\WriteHtmlCacheBehavior [ RunTime:0.000318s ]
INFO: [ view_filter ] --END-- [ RunTime:0.000364s ]
INFO: [ app_end ] --START--
INFO: Run Behavior\ShowPageTraceBehavior [ RunTime:0.000910s ]
INFO: [ app_end ] --END-- [ RunTime:0.000979s ]

[ 2016-06-05T15:42:05+08:00 ] 123.235.236.220 /multi/Admin/Base/getNotify
INFO: [ app_init ] --START--
INFO: Run Behavior\BuildLiteBehavior [ RunTime:0.000023s ]
INFO: [ app_init ] --END-- [ RunTime:0.000493s ]
INFO: [ app_begin ] --START--
INFO: Run Behavior\ReadHtmlCacheBehavior [ RunTime:0.000899s ]
INFO: [ app_begin ] --END-- [ RunTime:0.000971s ]
NOTIC: [2048] Declaration of Admin\Controller\BaseController::display() should be compatible with Think\Controller::display($templateFile = '', $charset = '', $contentType = '', $content = '', $prefix = '') /www/users/HA84691/WEB/multi/Application/Admin/Controller/BaseController.class.php 第 89 行.
INFO: [ app_end ] --START--
INFO: Run Behavior\ShowPageTraceBehavior [ RunTime:0.000716s ]
INFO: [ app_end ] --END-- [ RunTime:0.000817s ]

[ 2016-06-05T15:42:56+08:00 ] 123.235.236.220 /multi/Admin/Shop/shop?_pjax=%23pjax-container
INFO: [ app_init ] --START--
INFO: Run Behavior\BuildLiteBehavior [ RunTime:0.000024s ]
INFO: [ app_init ] --END-- [ RunTime:0.000527s ]
INFO: [ app_begin ] --START--
INFO: Run Behavior\ReadHtmlCacheBehavior [ RunTime:0.001281s ]
INFO: [ app_begin ] --END-- [ RunTime:0.001364s ]
NOTIC: [2048] Declaration of Admin\Controller\BaseController::display() should be compatible with Think\Controller::display($templateFile = '', $charset = '', $contentType = '', $content = '', $prefix = '') /www/users/HA84691/WEB/multi/Application/Admin/Controller/BaseController.class.php 第 89 行.
SQL: SHOW COLUMNS FROM `multi_shop` [ RunTime:0.0038s ]
SQL: SELECT * FROM `multi_shop` ORDER BY id desc LIMIT 0,25   [ RunTime:0.0036s ]
NOTIC: [2048] Declaration of Common\Model\FileModel::add() should be compatible with Think\Model::add($data = '', $options = Array, $replace = false) /www/users/HA84691/WEB/multi/Application/Common/Model/FileModel.class.php 第 137 行.
NOTIC: [2048] Declaration of Common\Model\FileModel::addAll() should be compatible with Think\Model::addAll($dataList, $options = Array, $replace = false) /www/users/HA84691/WEB/multi/Application/Common/Model/FileModel.class.php 第 137 行.
NOTIC: [2048] Declaration of Common\Model\FileModel::save() should be compatible with Think\Model::save($data = '', $options = Array) /www/users/HA84691/WEB/multi/Application/Common/Model/FileModel.class.php 第 137 行.
SQL: SHOW COLUMNS FROM `multi_file` [ RunTime:0.0023s ]
SQL: SELECT * FROM `multi_file` WHERE ( 1=1 AND id='0' ) LIMIT 1   [ RunTime:0.0038s ]
NOTIC: [2048] Declaration of Common\Model\UserModel::add() should be compatible with Think\Model::add($data = '', $options = Array, $replace = false) /www/users/HA84691/WEB/multi/Application/Common/Model/UserModel.class.php 第 139 行.
NOTIC: [2048] Declaration of Common\Model\UserModel::addAll() should be compatible with Think\Model::addAll($dataList, $options = Array, $replace = false) /www/users/HA84691/WEB/multi/Application/Common/Model/UserModel.class.php 第 139 行.
NOTIC: [2048] Declaration of Common\Model\UserModel::save() should be compatible with Think\Model::save($data = '', $options = Array) /www/users/HA84691/WEB/multi/Application/Common/Model/UserModel.class.php 第 139 行.
SQL: SHOW COLUMNS FROM `multi_user` [ RunTime:0.0031s ]
SQL: SELECT * FROM `multi_user` WHERE ( 1=1 AND id='789' ) LIMIT 1   [ RunTime:0.0020s ]
SQL: SELECT * FROM `multi_file` WHERE ( 1=1 AND id='58' ) LIMIT 1   [ RunTime:0.0030s ]
SQL: SELECT * FROM `multi_user` WHERE ( 1=1 AND id='1016' ) LIMIT 1   [ RunTime:0.0048s ]
SQL: SELECT * FROM `multi_file` WHERE ( 1=1 AND id='58' ) LIMIT 1   [ RunTime:0.0014s ]
SQL: SELECT * FROM `multi_user` WHERE ( 1=1 AND id='1016' ) LIMIT 1   [ RunTime:0.0019s ]
SQL: SELECT * FROM `multi_file` WHERE ( 1=1 AND id='60' ) LIMIT 1   [ RunTime:0.0012s ]
SQL: SELECT * FROM `multi_user` WHERE ( 1=1 AND id='789' ) LIMIT 1   [ RunTime:0.0014s ]
SQL: SELECT * FROM `multi_file` WHERE ( 1=1 AND id='51' ) LIMIT 1   [ RunTime:0.0018s ]
SQL: SELECT * FROM `multi_user` WHERE ( 1=1 AND id='789' ) LIMIT 1   [ RunTime:0.0045s ]
SQL: SELECT * FROM `multi_file` WHERE ( 1=1 AND id='0' ) LIMIT 1   [ RunTime:0.0019s ]
SQL: SELECT * FROM `multi_user` WHERE ( 1=1 AND id='789' ) LIMIT 1   [ RunTime:0.0018s ]
SQL: SELECT * FROM `multi_file` WHERE ( 1=1 AND id='52' ) LIMIT 1   [ RunTime:0.0038s ]
SQL: SELECT * FROM `multi_user` WHERE ( 1=1 AND id='1011' ) LIMIT 1   [ RunTime:0.0018s ]
SQL: SELECT * FROM `multi_file` WHERE ( 1=1 AND id='0' ) LIMIT 1   [ RunTime:0.0009s ]
SQL: SELECT * FROM `multi_user` WHERE ( 1=1 AND id='789' ) LIMIT 1   [ RunTime:0.0027s ]
SQL: SELECT * FROM `multi_file` WHERE ( 1=1 AND id='48' ) LIMIT 1   [ RunTime:0.0027s ]
SQL: SELECT * FROM `multi_user` WHERE ( 1=1 AND id='789' ) LIMIT 1   [ RunTime:0.0014s ]
SQL: SELECT * FROM `multi_file` WHERE ( 1=1 AND id='46' ) LIMIT 1   [ RunTime:0.0037s ]
SQL: SELECT * FROM `multi_user` WHERE ( 1=1 AND id='1009' ) LIMIT 1   [ RunTime:0.0022s ]
SQL: SELECT * FROM `multi_file` WHERE ( 1=1 AND id='47' ) LIMIT 1   [ RunTime:0.0019s ]
SQL: SELECT * FROM `multi_user` WHERE ( 1=1 AND id='1000' ) LIMIT 1   [ RunTime:0.0016s ]
SQL: SELECT * FROM `multi_file` WHERE ( 1=1 AND id='0' ) LIMIT 1   [ RunTime:0.0013s ]
SQL: SELECT * FROM `multi_user` WHERE ( 1=1 AND id='979' ) LIMIT 1   [ RunTime:0.0063s ]
SQL: SELECT * FROM `multi_file` WHERE ( 1=1 AND id='0' ) LIMIT 1   [ RunTime:0.0089s ]
SQL: SELECT * FROM `multi_user` WHERE ( 1=1 AND id='974' ) LIMIT 1   [ RunTime:0.0026s ]
SQL: SELECT * FROM `multi_file` WHERE ( 1=1 AND id='26' ) LIMIT 1   [ RunTime:0.0012s ]
SQL: SELECT * FROM `multi_user` WHERE ( 1=1 AND id='976' ) LIMIT 1   [ RunTime:0.0033s ]
SQL: SELECT * FROM `multi_file` WHERE ( 1=1 AND id='46' ) LIMIT 1   [ RunTime:0.0095s ]
SQL: SELECT * FROM `multi_user` WHERE ( 1=1 AND id='972' ) LIMIT 1   [ RunTime:0.0022s ]
SQL: SELECT * FROM `multi_file` WHERE ( 1=1 AND id='0' ) LIMIT 1   [ RunTime:0.0012s ]
SQL: SELECT * FROM `multi_user` WHERE ( 1=1 AND id='968' ) LIMIT 1   [ RunTime:0.0018s ]
SQL: SELECT * FROM `multi_file` WHERE ( 1=1 AND id='0' ) LIMIT 1   [ RunTime:0.0060s ]
SQL: SELECT * FROM `multi_user` WHERE ( 1=1 AND id='967' ) LIMIT 1   [ RunTime:0.0023s ]
SQL: SELECT * FROM `multi_file` WHERE ( 1=1 AND id='0' ) LIMIT 1   [ RunTime:0.0015s ]
SQL: SELECT * FROM `multi_user` WHERE ( 1=1 AND id='940' ) LIMIT 1   [ RunTime:0.0020s ]
SQL: SELECT * FROM `multi_file` WHERE ( 1=1 AND id='29' ) LIMIT 1   [ RunTime:0.0025s ]
SQL: SELECT * FROM `multi_user` WHERE ( 1=1 AND id='963' ) LIMIT 1   [ RunTime:0.0018s ]
SQL: SELECT * FROM `multi_file` WHERE ( 1=1 AND id='0' ) LIMIT 1   [ RunTime:0.0027s ]
SQL: SELECT * FROM `multi_user` WHERE ( 1=1 AND id='956' ) LIMIT 1   [ RunTime:0.0019s ]
SQL: SELECT * FROM `multi_file` WHERE ( 1=1 AND id='41' ) LIMIT 1   [ RunTime:0.0075s ]
SQL: SELECT * FROM `multi_user` WHERE ( 1=1 AND id='953' ) LIMIT 1   [ RunTime:0.0016s ]
SQL: SELECT * FROM `multi_file` WHERE ( 1=1 AND id='30' ) LIMIT 1   [ RunTime:0.0012s ]
SQL: SELECT * FROM `multi_user` WHERE ( 1=1 AND id='952' ) LIMIT 1   [ RunTime:0.0023s ]
SQL: SELECT * FROM `multi_file` WHERE ( 1=1 AND id='41' ) LIMIT 1   [ RunTime:0.0017s ]
SQL: SELECT * FROM `multi_user` WHERE ( 1=1 AND id='950' ) LIMIT 1   [ RunTime:0.0021s ]
SQL: SELECT * FROM `multi_file` WHERE ( 1=1 AND id='0' ) LIMIT 1   [ RunTime:0.0018s ]
SQL: SELECT * FROM `multi_user` WHERE ( 1=1 AND id='949' ) LIMIT 1   [ RunTime:0.0019s ]
SQL: SELECT * FROM `multi_file` WHERE ( 1=1 AND id='0' ) LIMIT 1   [ RunTime:0.0016s ]
SQL: SELECT * FROM `multi_user` WHERE ( 1=1 AND id='949' ) LIMIT 1   [ RunTime:0.0018s ]
SQL: SELECT COUNT(*) AS tp_count FROM `multi_shop` LIMIT 1   [ RunTime:0.0032s ]
INFO: [ view_parse ] --START--
INFO: [ template_filter ] --START--
INFO: Run Behavior\ContentReplaceBehavior [ RunTime:0.000119s ]
INFO: [ template_filter ] --END-- [ RunTime:0.000189s ]
NOTIC: [8] Use of undefined constant savename - assumed 'savename' /www/users/HA84691/WEB/multi/Application/Runtime/Cache/Admin/b057583dc0ae2405636b13c2f866cf9f.php 第 126 行.
NOTIC: [8] Array to string conversion /www/users/HA84691/WEB/multi/Application/Runtime/Cache/Admin/b057583dc0ae2405636b13c2f866cf9f.php 第 126 行.
NOTIC: [8] Use of undefined constant savename - assumed 'savename' /www/users/HA84691/WEB/multi/Application/Runtime/Cache/Admin/b057583dc0ae2405636b13c2f866cf9f.php 第 126 行.
NOTIC: [8] Array to string conversion /www/users/HA84691/WEB/multi/Application/Runtime/Cache/Admin/b057583dc0ae2405636b13c2f866cf9f.php 第 126 行.
NOTIC: [8] Use of undefined constant savename - assumed 'savename' /www/users/HA84691/WEB/multi/Application/Runtime/Cache/Admin/b057583dc0ae2405636b13c2f866cf9f.php 第 126 行.
NOTIC: [8] Array to string conversion /www/users/HA84691/WEB/multi/Application/Runtime/Cache/Admin/b057583dc0ae2405636b13c2f866cf9f.php 第 126 行.
NOTIC: [8] Use of undefined constant savename - assumed 'savename' /www/users/HA84691/WEB/multi/Application/Runtime/Cache/Admin/b057583dc0ae2405636b13c2f866cf9f.php 第 126 行.
NOTIC: [8] Array to string conversion /www/users/HA84691/WEB/multi/Application/Runtime/Cache/Admin/b057583dc0ae2405636b13c2f866cf9f.php 第 126 行.
NOTIC: [8] Use of undefined constant savename - assumed 'savename' /www/users/HA84691/WEB/multi/Application/Runtime/Cache/Admin/b057583dc0ae2405636b13c2f866cf9f.php 第 126 行.
NOTIC: [8] Array to string conversion /www/users/HA84691/WEB/multi/Application/Runtime/Cache/Admin/b057583dc0ae2405636b13c2f866cf9f.php 第 126 行.
NOTIC: [8] Use of undefined constant savename - assumed 'savename' /www/users/HA84691/WEB/multi/Application/Runtime/Cache/Admin/b057583dc0ae2405636b13c2f866cf9f.php 第 126 行.
NOTIC: [8] Array to string conversion /www/users/HA84691/WEB/multi/Application/Runtime/Cache/Admin/b057583dc0ae2405636b13c2f866cf9f.php 第 126 行.
NOTIC: [8] Use of undefined constant savename - assumed 'savename' /www/users/HA84691/WEB/multi/Application/Runtime/Cache/Admin/b057583dc0ae2405636b13c2f866cf9f.php 第 126 行.
NOTIC: [8] Array to string conversion /www/users/HA84691/WEB/multi/Application/Runtime/Cache/Admin/b057583dc0ae2405636b13c2f866cf9f.php 第 126 行.
NOTIC: [8] Use of undefined constant savename - assumed 'savename' /www/users/HA84691/WEB/multi/Application/Runtime/Cache/Admin/b057583dc0ae2405636b13c2f866cf9f.php 第 126 行.
NOTIC: [8] Array to string conversion /www/users/HA84691/WEB/multi/Application/Runtime/Cache/Admin/b057583dc0ae2405636b13c2f866cf9f.php 第 126 行.
NOTIC: [8] Use of undefined constant savename - assumed 'savename' /www/users/HA84691/WEB/multi/Application/Runtime/Cache/Admin/b057583dc0ae2405636b13c2f866cf9f.php 第 126 行.
NOTIC: [8] Array to string conversion /www/users/HA84691/WEB/multi/Application/Runtime/Cache/Admin/b057583dc0ae2405636b13c2f866cf9f.php 第 126 行.
NOTIC: [8] Use of undefined constant savename - assumed 'savename' /www/users/HA84691/WEB/multi/Application/Runtime/Cache/Admin/b057583dc0ae2405636b13c2f866cf9f.php 第 126 行.
NOTIC: [8] Array to string conversion /www/users/HA84691/WEB/multi/Application/Runtime/Cache/Admin/b057583dc0ae2405636b13c2f866cf9f.php 第 126 行.
NOTIC: [8] Use of undefined constant savename - assumed 'savename' /www/users/HA84691/WEB/multi/Application/Runtime/Cache/Admin/b057583dc0ae2405636b13c2f866cf9f.php 第 126 行.
NOTIC: [8] Array to string conversion /www/users/HA84691/WEB/multi/Application/Runtime/Cache/Admin/b057583dc0ae2405636b13c2f866cf9f.php 第 126 行.
NOTIC: [8] Use of undefined constant savename - assumed 'savename' /www/users/HA84691/WEB/multi/Application/Runtime/Cache/Admin/b057583dc0ae2405636b13c2f866cf9f.php 第 126 行.
NOTIC: [8] Array to string conversion /www/users/HA84691/WEB/multi/Application/Runtime/Cache/Admin/b057583dc0ae2405636b13c2f866cf9f.php 第 126 行.
NOTIC: [8] Use of undefined constant savename - assumed 'savename' /www/users/HA84691/WEB/multi/Application/Runtime/Cache/Admin/b057583dc0ae2405636b13c2f866cf9f.php 第 126 行.
NOTIC: [8] Array to string conversion /www/users/HA84691/WEB/multi/Application/Runtime/Cache/Admin/b057583dc0ae2405636b13c2f866cf9f.php 第 126 行.
NOTIC: [8] Use of undefined constant savename - assumed 'savename' /www/users/HA84691/WEB/multi/Application/Runtime/Cache/Admin/b057583dc0ae2405636b13c2f866cf9f.php 第 126 行.
NOTIC: [8] Array to string conversion /www/users/HA84691/WEB/multi/Application/Runtime/Cache/Admin/b057583dc0ae2405636b13c2f866cf9f.php 第 126 行.
INFO: Run Behavior\ParseTemplateBehavior [ RunTime:0.022925s ]
INFO: [ view_parse ] --END-- [ RunTime:0.022990s ]
INFO: [ view_filter ] --START--
INFO: Run Behavior\WriteHtmlCacheBehavior [ RunTime:0.000359s ]
INFO: [ view_filter ] --END-- [ RunTime:0.000406s ]
INFO: [ app_end ] --START--
INFO: Run Behavior\ShowPageTraceBehavior [ RunTime:0.001006s ]
INFO: [ app_end ] --END-- [ RunTime:0.001088s ]

