[ 2016-05-06T00:22:51+08:00 ] 202.100.206.183 /multi/Admin/Config/wxTplMsgSet?_pjax=%23pjax-container
INFO: [ app_init ] --START--
INFO: Run Behavior\BuildLiteBehavior [ RunTime:0.000034s ]
INFO: [ app_init ] --END-- [ RunTime:0.000660s ]
INFO: [ app_begin ] --START--
INFO: Run Behavior\ReadHtmlCacheBehavior [ RunTime:0.001265s ]
INFO: [ app_begin ] --END-- [ RunTime:0.004115s ]
NOTIC: [2048] Declaration of Admin\Controller\BaseController::display() should be compatible with Think\Controller::display($templateFile = '', $charset = '', $contentType = '', $content = '', $prefix = '') /www/users/HA84691/WEB/multi/Application/Admin/Controller/BaseController.class.php 第 89 行.
NOTIC: [2048] Declaration of Common\Model\WxTplmsgModel::add() should be compatible with Think\Model::add($data = '', $options = Array, $replace = false) /www/users/HA84691/WEB/multi/Application/Common/Model/WxTplmsgModel.class.php 第 8 行.
NOTIC: [2048] Declaration of Common\Model\WxTplmsgModel::addAll() should be compatible with Think\Model::addAll($dataList, $options = Array, $replace = false) /www/users/HA84691/WEB/multi/Application/Common/Model/WxTplmsgModel.class.php 第 8 行.
NOTIC: [2048] Declaration of Common\Model\WxTplmsgModel::save() should be compatible with Think\Model::save($data = '', $options = Array) /www/users/HA84691/WEB/multi/Application/Common/Model/WxTplmsgModel.class.php 第 8 行.
SQL: SHOW COLUMNS FROM `multi_wx_tplmsg` [ RunTime:0.0048s ]
SQL: SELECT * FROM `multi_wx_tplmsg` ORDER BY id desc  [ RunTime:0.0105s ]
INFO: [ view_parse ] --START--
INFO: [ template_filter ] --START--
INFO: Run Behavior\ContentReplaceBehavior [ RunTime:0.000140s ]
INFO: [ template_filter ] --END-- [ RunTime:0.000245s ]
INFO: Run Behavior\ParseTemplateBehavior [ RunTime:0.012281s ]
INFO: [ view_parse ] --END-- [ RunTime:0.012368s ]
INFO: [ view_filter ] --START--
INFO: Run Behavior\WriteHtmlCacheBehavior [ RunTime:0.000612s ]
INFO: [ view_filter ] --END-- [ RunTime:0.000681s ]
INFO: [ app_end ] --START--
INFO: Run Behavior\ShowPageTraceBehavior [ RunTime:0.001131s ]
INFO: [ app_end ] --END-- [ RunTime:0.001237s ]

[ 2016-05-06T00:22:58+08:00 ] 202.100.206.183 /multi/Admin/Config/wxTplMsgSet
INFO: [ app_init ] --START--
INFO: Run Behavior\BuildLiteBehavior [ RunTime:0.000029s ]
INFO: [ app_init ] --END-- [ RunTime:0.000547s ]
INFO: [ app_begin ] --START--
INFO: Run Behavior\ReadHtmlCacheBehavior [ RunTime:0.000623s ]
INFO: [ app_begin ] --END-- [ RunTime:0.000708s ]
NOTIC: [2048] Declaration of Admin\Controller\BaseController::display() should be compatible with Think\Controller::display($templateFile = '', $charset = '', $contentType = '', $content = '', $prefix = '') /www/users/HA84691/WEB/multi/Application/Admin/Controller/BaseController.class.php 第 89 行.
NOTIC: [2048] Declaration of Common\Model\WxTplmsgModel::add() should be compatible with Think\Model::add($data = '', $options = Array, $replace = false) /www/users/HA84691/WEB/multi/Application/Common/Model/WxTplmsgModel.class.php 第 8 行.
NOTIC: [2048] Declaration of Common\Model\WxTplmsgModel::addAll() should be compatible with Think\Model::addAll($dataList, $options = Array, $replace = false) /www/users/HA84691/WEB/multi/Application/Common/Model/WxTplmsgModel.class.php 第 8 行.
NOTIC: [2048] Declaration of Common\Model\WxTplmsgModel::save() should be compatible with Think\Model::save($data = '', $options = Array) /www/users/HA84691/WEB/multi/Application/Common/Model/WxTplmsgModel.class.php 第 8 行.
SQL: SHOW COLUMNS FROM `multi_wx_tplmsg` [ RunTime:0.0035s ]
SQL: SELECT * FROM `multi_wx_tplmsg` WHERE `template_id_short` = 'OPENTM201785396' LIMIT 1   [ RunTime:0.0028s ]
SQL: UPDATE `multi_wx_tplmsg` SET `template_id_short`='OPENTM201785396',`template_id`='2fXIC52dOVv9NXPbpBN7O9C9W5N5qT28G6OuzVilUt4',`time`='2015-11-16 13:30:56' WHERE `id` = 1 [ RunTime:0.0296s ]
SQL: SELECT * FROM `multi_wx_tplmsg` WHERE `template_id_short` = 'OPENTM207791277' LIMIT 1   [ RunTime:0.0038s ]
SQL: UPDATE `multi_wx_tplmsg` SET `template_id_short`='OPENTM207791277',`template_id`='gdKGxJYc6N-sKc7yvv1Gcf9YOOinCy2WiqPcTs3NfWU',`time`='2016-01-06 20:41:45' WHERE `id` = 2 [ RunTime:0.0306s ]
SQL: SELECT * FROM `multi_wx_tplmsg` WHERE `template_id_short` = 'OPENTM207763419' LIMIT 1   [ RunTime:0.0022s ]
SQL: UPDATE `multi_wx_tplmsg` SET `template_id_short`='OPENTM207763419',`template_id`='Geb3MkzmDZBCpz4Kwk6SwROTyRbxNC7ZsTigg8B3yw0',`time`='2016-04-07 16:27:07' WHERE `id` = 3 [ RunTime:0.0437s ]

[ 2016-05-06T00:22:59+08:00 ] 202.100.206.183 /multi/Admin/Config/wxTplMsgSet?_pjax=%23pjax-container
INFO: [ app_init ] --START--
INFO: Run Behavior\BuildLiteBehavior [ RunTime:0.000022s ]
INFO: [ app_init ] --END-- [ RunTime:0.000524s ]
INFO: [ app_begin ] --START--
INFO: Run Behavior\ReadHtmlCacheBehavior [ RunTime:0.000690s ]
INFO: [ app_begin ] --END-- [ RunTime:0.000752s ]
NOTIC: [2048] Declaration of Admin\Controller\BaseController::display() should be compatible with Think\Controller::display($templateFile = '', $charset = '', $contentType = '', $content = '', $prefix = '') /www/users/HA84691/WEB/multi/Application/Admin/Controller/BaseController.class.php 第 89 行.
NOTIC: [2048] Declaration of Common\Model\WxTplmsgModel::add() should be compatible with Think\Model::add($data = '', $options = Array, $replace = false) /www/users/HA84691/WEB/multi/Application/Common/Model/WxTplmsgModel.class.php 第 8 行.
NOTIC: [2048] Declaration of Common\Model\WxTplmsgModel::addAll() should be compatible with Think\Model::addAll($dataList, $options = Array, $replace = false) /www/users/HA84691/WEB/multi/Application/Common/Model/WxTplmsgModel.class.php 第 8 行.
NOTIC: [2048] Declaration of Common\Model\WxTplmsgModel::save() should be compatible with Think\Model::save($data = '', $options = Array) /www/users/HA84691/WEB/multi/Application/Common/Model/WxTplmsgModel.class.php 第 8 行.
SQL: SHOW COLUMNS FROM `multi_wx_tplmsg` [ RunTime:0.0034s ]
SQL: SELECT * FROM `multi_wx_tplmsg` ORDER BY id desc  [ RunTime:0.0017s ]
INFO: [ view_parse ] --START--
INFO: [ template_filter ] --START--
INFO: Run Behavior\ContentReplaceBehavior [ RunTime:0.000079s ]
INFO: [ template_filter ] --END-- [ RunTime:0.000260s ]
INFO: Run Behavior\ParseTemplateBehavior [ RunTime:0.013032s ]
INFO: [ view_parse ] --END-- [ RunTime:0.013141s ]
INFO: [ view_filter ] --START--
INFO: Run Behavior\WriteHtmlCacheBehavior [ RunTime:0.000523s ]
INFO: [ view_filter ] --END-- [ RunTime:0.000577s ]
INFO: [ app_end ] --START--
INFO: Run Behavior\ShowPageTraceBehavior [ RunTime:0.001093s ]
INFO: [ app_end ] --END-- [ RunTime:0.001166s ]

[ 2016-05-06T19:09:23+08:00 ] 119.163.88.149 /multi/Admin/Public/login
INFO: [ app_init ] --START--
INFO: Run Behavior\BuildLiteBehavior [ RunTime:0.000023s ]
INFO: [ app_init ] --END-- [ RunTime:0.000507s ]
INFO: [ app_begin ] --START--
INFO: Run Behavior\ReadHtmlCacheBehavior [ RunTime:0.000688s ]
INFO: [ app_begin ] --END-- [ RunTime:0.000838s ]
INFO: [ view_parse ] --START--
INFO: [ template_filter ] --START--
INFO: Run Behavior\ContentReplaceBehavior [ RunTime:0.000085s ]
INFO: [ template_filter ] --END-- [ RunTime:0.000162s ]
INFO: Run Behavior\ParseTemplateBehavior [ RunTime:0.062219s ]
INFO: [ view_parse ] --END-- [ RunTime:0.062331s ]
INFO: [ view_filter ] --START--
INFO: Run Behavior\WriteHtmlCacheBehavior [ RunTime:0.000341s ]
INFO: [ view_filter ] --END-- [ RunTime:0.000392s ]
INFO: [ app_end ] --START--
INFO: Run Behavior\ShowPageTraceBehavior [ RunTime:0.000716s ]
INFO: [ app_end ] --END-- [ RunTime:0.000780s ]

[ 2016-05-06T19:09:24+08:00 ] 119.163.88.149 /multi/Admin/Public/getVerify
INFO: [ app_init ] --START--
INFO: Run Behavior\BuildLiteBehavior [ RunTime:0.000023s ]
INFO: [ app_init ] --END-- [ RunTime:0.000557s ]
INFO: [ app_begin ] --START--
INFO: Run Behavior\ReadHtmlCacheBehavior [ RunTime:0.018815s ]
INFO: [ app_begin ] --END-- [ RunTime:0.018907s ]
INFO: [ app_end ] --START--
INFO: Run Behavior\ShowPageTraceBehavior [ RunTime:0.000748s ]
INFO: [ app_end ] --END-- [ RunTime:0.000829s ]

[ 2016-05-06T19:09:40+08:00 ] 119.163.88.149 /multi/Admin/Public/login
INFO: [ app_init ] --START--
INFO: Run Behavior\BuildLiteBehavior [ RunTime:0.000025s ]
INFO: [ app_init ] --END-- [ RunTime:0.000578s ]
INFO: [ app_begin ] --START--
INFO: Run Behavior\ReadHtmlCacheBehavior [ RunTime:0.000969s ]
INFO: [ app_begin ] --END-- [ RunTime:0.001078s ]
NOTIC: [2048] Declaration of Common\Model\AdminModel::add() should be compatible with Think\Model::add($data = '', $options = Array, $replace = false) /www/users/HA84691/WEB/multi/Application/Common/Model/AdminModel.class.php 第 7 行.
NOTIC: [2048] Declaration of Common\Model\AdminModel::addAll() should be compatible with Think\Model::addAll($dataList, $options = Array, $replace = false) /www/users/HA84691/WEB/multi/Application/Common/Model/AdminModel.class.php 第 7 行.
NOTIC: [2048] Declaration of Common\Model\AdminModel::save() should be compatible with Think\Model::save($data = '', $options = Array) /www/users/HA84691/WEB/multi/Application/Common/Model/AdminModel.class.php 第 7 行.
SQL: SHOW COLUMNS FROM `multi_admin` [ RunTime:0.0190s ]
SQL: SELECT * FROM `multi_admin` WHERE `username` = 'admin' AND `password` = '21232f297a57a5a743894a0e4a801fc3' LIMIT 1   [ RunTime:0.0132s ]
NOTIC: [2048] Declaration of Common\Model\AuthGroupAccessModel::add() should be compatible with Think\Model::add($data = '', $options = Array, $replace = false) /www/users/HA84691/WEB/multi/Application/Common/Model/AuthGroupAccessModel.class.php 第 23 行.
SQL: SHOW COLUMNS FROM `multi_auth_group_access` [ RunTime:0.0107s ]
SQL: SELECT * FROM `multi_auth_group_access` WHERE ( 1=1 AND uid='1' ) LIMIT 1   [ RunTime:0.0097s ]

[ 2016-05-06T19:09:42+08:00 ] 119.163.88.149 /multi/Admin/Index/index
INFO: [ app_init ] --START--
INFO: Run Behavior\BuildLiteBehavior [ RunTime:0.000023s ]
INFO: [ app_init ] --END-- [ RunTime:0.000492s ]
INFO: [ app_begin ] --START--
INFO: Run Behavior\ReadHtmlCacheBehavior [ RunTime:0.000738s ]
INFO: [ app_begin ] --END-- [ RunTime:0.000840s ]
NOTIC: [2048] Declaration of Admin\Controller\BaseController::display() should be compatible with Think\Controller::display($templateFile = '', $charset = '', $contentType = '', $content = '', $prefix = '') /www/users/HA84691/WEB/multi/Application/Admin/Controller/BaseController.class.php 第 89 行.
NOTIC: [2048] Declaration of Common\Model\OrderModel::add() should be compatible with Think\Model::add($data = '', $options = Array, $replace = false) /www/users/HA84691/WEB/multi/Application/Common/Model/OrderModel.class.php 第 7 行.
NOTIC: [2048] Declaration of Common\Model\OrderModel::addAll() should be compatible with Think\Model::addAll($dataList, $options = Array, $replace = false) /www/users/HA84691/WEB/multi/Application/Common/Model/OrderModel.class.php 第 7 行.
NOTIC: [2048] Declaration of Common\Model\OrderModel::save() should be compatible with Think\Model::save($data = '', $options = Array) /www/users/HA84691/WEB/multi/Application/Common/Model/OrderModel.class.php 第 7 行.
SQL: SHOW COLUMNS FROM `multi_order` [ RunTime:0.0106s ]
NOTIC: [2] Missing argument 3 for Common\Model\OrderModel::getMethod(), called in /www/users/HA84691/WEB/multi/Application/Admin/Controller/IndexController.class.php on line 9 and defined /www/users/HA84691/WEB/multi/Application/Common/Model/OrderModel.class.php 第 73 行.
SQL: SELECT COUNT(*) AS tp_count FROM `multi_order` WHERE `status` = 0 LIMIT 1   [ RunTime:0.0103s ]
SQL: SELECT SUM(totalprice) AS tp_sum FROM `multi_order` WHERE `status` = 0 LIMIT 1   [ RunTime:0.0072s ]
NOTIC: [2048] Declaration of Common\Model\UserModel::add() should be compatible with Think\Model::add($data = '', $options = Array, $replace = false) /www/users/HA84691/WEB/multi/Application/Common/Model/UserModel.class.php 第 139 行.
NOTIC: [2048] Declaration of Common\Model\UserModel::addAll() should be compatible with Think\Model::addAll($dataList, $options = Array, $replace = false) /www/users/HA84691/WEB/multi/Application/Common/Model/UserModel.class.php 第 139 行.
NOTIC: [2048] Declaration of Common\Model\UserModel::save() should be compatible with Think\Model::save($data = '', $options = Array) /www/users/HA84691/WEB/multi/Application/Common/Model/UserModel.class.php 第 139 行.
SQL: SHOW COLUMNS FROM `multi_user` [ RunTime:0.0151s ]
NOTIC: [2] Missing argument 3 for Common\Model\UserModel::getMethod(), called in /www/users/HA84691/WEB/multi/Application/Admin/Controller/IndexController.class.php on line 15 and defined /www/users/HA84691/WEB/multi/Application/Common/Model/UserModel.class.php 第 96 行.
SQL: SELECT COUNT(*) AS tp_count FROM `multi_user` LIMIT 1   [ RunTime:0.0113s ]
NOTIC: [2] Missing argument 3 for Common\Model\OrderModel::getMethod(), called in /www/users/HA84691/WEB/multi/Application/Admin/Controller/IndexController.class.php on line 18 and defined /www/users/HA84691/WEB/multi/Application/Common/Model/OrderModel.class.php 第 73 行.
SQL: SELECT COUNT(*) AS tp_count FROM `multi_order` LIMIT 1   [ RunTime:0.0098s ]
INFO: [ view_parse ] --START--
INFO: [ template_filter ] --START--
INFO: Run Behavior\ContentReplaceBehavior [ RunTime:0.000270s ]
INFO: [ template_filter ] --END-- [ RunTime:0.000401s ]
NOTIC: [8] Undefined variable: ip /www/users/HA84691/WEB/multi/Application/Runtime/Cache/Admin/6fedbbe541e195344bf1450076482852.php 第 397 行.
INFO: Run Behavior\ParseTemplateBehavior [ RunTime:0.201348s ]
INFO: [ view_parse ] --END-- [ RunTime:0.201429s ]
INFO: [ view_filter ] --START--
INFO: Run Behavior\WriteHtmlCacheBehavior [ RunTime:0.001253s ]
INFO: [ view_filter ] --END-- [ RunTime:0.001334s ]
INFO: [ app_end ] --START--
INFO: Run Behavior\ShowPageTraceBehavior [ RunTime:0.000995s ]
INFO: [ app_end ] --END-- [ RunTime:0.001170s ]

[ 2016-05-06T19:09:45+08:00 ] 119.163.88.149 /multi/Admin/Base/getNotify
INFO: [ app_init ] --START--
INFO: Run Behavior\BuildLiteBehavior [ RunTime:0.000034s ]
INFO: [ app_init ] --END-- [ RunTime:0.000714s ]
INFO: [ app_begin ] --START--
INFO: Run Behavior\ReadHtmlCacheBehavior [ RunTime:0.016339s ]
INFO: [ app_begin ] --END-- [ RunTime:0.016445s ]
NOTIC: [2048] Declaration of Admin\Controller\BaseController::display() should be compatible with Think\Controller::display($templateFile = '', $charset = '', $contentType = '', $content = '', $prefix = '') /www/users/HA84691/WEB/multi/Application/Admin/Controller/BaseController.class.php 第 89 行.
INFO: [ app_end ] --START--
INFO: Run Behavior\ShowPageTraceBehavior [ RunTime:0.000725s ]
INFO: [ app_end ] --END-- [ RunTime:0.000856s ]

[ 2016-05-06T19:10:07+08:00 ] 119.163.88.149 /multi/Admin/Shop/shop?_pjax=%23pjax-container
INFO: [ app_init ] --START--
INFO: Run Behavior\BuildLiteBehavior [ RunTime:0.000025s ]
INFO: [ app_init ] --END-- [ RunTime:0.000559s ]
INFO: [ app_begin ] --START--
INFO: Run Behavior\ReadHtmlCacheBehavior [ RunTime:0.003442s ]
INFO: [ app_begin ] --END-- [ RunTime:0.003649s ]
NOTIC: [2048] Declaration of Admin\Controller\BaseController::display() should be compatible with Think\Controller::display($templateFile = '', $charset = '', $contentType = '', $content = '', $prefix = '') /www/users/HA84691/WEB/multi/Application/Admin/Controller/BaseController.class.php 第 89 行.
SQL: SHOW COLUMNS FROM `multi_shop` [ RunTime:0.0157s ]
SQL: SELECT * FROM `multi_shop` ORDER BY id desc LIMIT 0,25   [ RunTime:0.0103s ]
NOTIC: [2048] Declaration of Common\Model\FileModel::add() should be compatible with Think\Model::add($data = '', $options = Array, $replace = false) /www/users/HA84691/WEB/multi/Application/Common/Model/FileModel.class.php 第 137 行.
NOTIC: [2048] Declaration of Common\Model\FileModel::addAll() should be compatible with Think\Model::addAll($dataList, $options = Array, $replace = false) /www/users/HA84691/WEB/multi/Application/Common/Model/FileModel.class.php 第 137 行.
NOTIC: [2048] Declaration of Common\Model\FileModel::save() should be compatible with Think\Model::save($data = '', $options = Array) /www/users/HA84691/WEB/multi/Application/Common/Model/FileModel.class.php 第 137 行.
SQL: SHOW COLUMNS FROM `multi_file` [ RunTime:0.0333s ]
SQL: SELECT * FROM `multi_file` WHERE ( 1=1 AND id='0' ) LIMIT 1   [ RunTime:0.0131s ]
NOTIC: [2048] Declaration of Common\Model\UserModel::add() should be compatible with Think\Model::add($data = '', $options = Array, $replace = false) /www/users/HA84691/WEB/multi/Application/Common/Model/UserModel.class.php 第 139 行.
NOTIC: [2048] Declaration of Common\Model\UserModel::addAll() should be compatible with Think\Model::addAll($dataList, $options = Array, $replace = false) /www/users/HA84691/WEB/multi/Application/Common/Model/UserModel.class.php 第 139 行.
NOTIC: [2048] Declaration of Common\Model\UserModel::save() should be compatible with Think\Model::save($data = '', $options = Array) /www/users/HA84691/WEB/multi/Application/Common/Model/UserModel.class.php 第 139 行.
SQL: SHOW COLUMNS FROM `multi_user` [ RunTime:0.0102s ]
SQL: SELECT * FROM `multi_user` WHERE ( 1=1 AND id='789' ) LIMIT 1   [ RunTime:0.0131s ]
SQL: SELECT * FROM `multi_file` WHERE ( 1=1 AND id='47' ) LIMIT 1   [ RunTime:0.0113s ]
SQL: SELECT * FROM `multi_user` WHERE ( 1=1 AND id='1000' ) LIMIT 1   [ RunTime:0.0107s ]
SQL: SELECT * FROM `multi_file` WHERE ( 1=1 AND id='0' ) LIMIT 1   [ RunTime:0.0112s ]
SQL: SELECT * FROM `multi_user` WHERE ( 1=1 AND id='789' ) LIMIT 1   [ RunTime:0.0231s ]
SQL: SELECT * FROM `multi_file` WHERE ( 1=1 AND id='0' ) LIMIT 1   [ RunTime:0.0138s ]
SQL: SELECT * FROM `multi_user` WHERE ( 1=1 AND id='997' ) LIMIT 1   [ RunTime:0.0112s ]
SQL: SELECT * FROM `multi_file` WHERE ( 1=1 AND id='0' ) LIMIT 1   [ RunTime:0.0104s ]
SQL: SELECT * FROM `multi_user` WHERE ( 1=1 AND id='982' ) LIMIT 1   [ RunTime:0.0090s ]
SQL: SELECT * FROM `multi_file` WHERE ( 1=1 AND id='0' ) LIMIT 1   [ RunTime:0.0093s ]
SQL: SELECT * FROM `multi_user` WHERE ( 1=1 AND id='981' ) LIMIT 1   [ RunTime:0.0150s ]
SQL: SELECT * FROM `multi_file` WHERE ( 1=1 AND id='0' ) LIMIT 1   [ RunTime:0.0095s ]
SQL: SELECT * FROM `multi_user` WHERE ( 1=1 AND id='979' ) LIMIT 1   [ RunTime:0.0099s ]
SQL: SELECT * FROM `multi_file` WHERE ( 1=1 AND id='0' ) LIMIT 1   [ RunTime:0.0128s ]
SQL: SELECT * FROM `multi_user` WHERE ( 1=1 AND id='979' ) LIMIT 1   [ RunTime:0.0106s ]
SQL: SELECT * FROM `multi_file` WHERE ( 1=1 AND id='0' ) LIMIT 1   [ RunTime:0.0112s ]
SQL: SELECT * FROM `multi_user` WHERE ( 1=1 AND id='974' ) LIMIT 1   [ RunTime:0.0095s ]
SQL: SELECT * FROM `multi_file` WHERE ( 1=1 AND id='26' ) LIMIT 1   [ RunTime:0.0139s ]
SQL: SELECT * FROM `multi_user` WHERE ( 1=1 AND id='976' ) LIMIT 1   [ RunTime:0.0232s ]
SQL: SELECT * FROM `multi_file` WHERE ( 1=1 AND id='46' ) LIMIT 1   [ RunTime:0.0116s ]
SQL: SELECT * FROM `multi_user` WHERE ( 1=1 AND id='972' ) LIMIT 1   [ RunTime:0.0080s ]
SQL: SELECT * FROM `multi_file` WHERE ( 1=1 AND id='0' ) LIMIT 1   [ RunTime:0.0119s ]
SQL: SELECT * FROM `multi_user` WHERE ( 1=1 AND id='968' ) LIMIT 1   [ RunTime:0.0087s ]
SQL: SELECT * FROM `multi_file` WHERE ( 1=1 AND id='0' ) LIMIT 1   [ RunTime:0.0092s ]
SQL: SELECT * FROM `multi_user` WHERE ( 1=1 AND id='967' ) LIMIT 1   [ RunTime:0.0095s ]
SQL: SELECT * FROM `multi_file` WHERE ( 1=1 AND id='0' ) LIMIT 1   [ RunTime:0.0146s ]
SQL: SELECT * FROM `multi_user` WHERE ( 1=1 AND id='940' ) LIMIT 1   [ RunTime:0.0076s ]
SQL: SELECT * FROM `multi_file` WHERE ( 1=1 AND id='29' ) LIMIT 1   [ RunTime:0.0098s ]
SQL: SELECT * FROM `multi_user` WHERE ( 1=1 AND id='963' ) LIMIT 1   [ RunTime:0.0149s ]
SQL: SELECT * FROM `multi_file` WHERE ( 1=1 AND id='0' ) LIMIT 1   [ RunTime:0.0138s ]
SQL: SELECT * FROM `multi_user` WHERE ( 1=1 AND id='956' ) LIMIT 1   [ RunTime:0.0060s ]
SQL: SELECT * FROM `multi_file` WHERE ( 1=1 AND id='41' ) LIMIT 1   [ RunTime:0.0222s ]
SQL: SELECT * FROM `multi_user` WHERE ( 1=1 AND id='953' ) LIMIT 1   [ RunTime:0.0140s ]
SQL: SELECT * FROM `multi_file` WHERE ( 1=1 AND id='30' ) LIMIT 1   [ RunTime:0.0149s ]
SQL: SELECT * FROM `multi_user` WHERE ( 1=1 AND id='952' ) LIMIT 1   [ RunTime:0.0108s ]
SQL: SELECT * FROM `multi_file` WHERE ( 1=1 AND id='41' ) LIMIT 1   [ RunTime:0.0121s ]
SQL: SELECT * FROM `multi_user` WHERE ( 1=1 AND id='950' ) LIMIT 1   [ RunTime:0.0133s ]
SQL: SELECT * FROM `multi_file` WHERE ( 1=1 AND id='0' ) LIMIT 1   [ RunTime:0.0147s ]
SQL: SELECT * FROM `multi_user` WHERE ( 1=1 AND id='949' ) LIMIT 1   [ RunTime:0.0144s ]
SQL: SELECT * FROM `multi_file` WHERE ( 1=1 AND id='0' ) LIMIT 1   [ RunTime:0.0091s ]
SQL: SELECT * FROM `multi_user` WHERE ( 1=1 AND id='949' ) LIMIT 1   [ RunTime:0.0142s ]
SQL: SELECT * FROM `multi_file` WHERE ( 1=1 AND id='0' ) LIMIT 1   [ RunTime:0.0131s ]
SQL: SELECT * FROM `multi_user` WHERE ( 1=1 AND id='948' ) LIMIT 1   [ RunTime:0.0110s ]
SQL: SELECT * FROM `multi_file` WHERE ( 1=1 AND id='39' ) LIMIT 1   [ RunTime:0.0119s ]
SQL: SELECT * FROM `multi_user` WHERE ( 1=1 AND id='945' ) LIMIT 1   [ RunTime:0.2533s ]
SQL: SELECT * FROM `multi_file` WHERE ( 1=1 AND id='31' ) LIMIT 1   [ RunTime:0.0152s ]
SQL: SELECT * FROM `multi_user` WHERE ( 1=1 AND id='943' ) LIMIT 1   [ RunTime:0.0099s ]
SQL: SELECT * FROM `multi_file` WHERE ( 1=1 AND id='37' ) LIMIT 1   [ RunTime:0.0116s ]
SQL: SELECT * FROM `multi_user` WHERE ( 1=1 AND id='940' ) LIMIT 1   [ RunTime:0.0065s ]
SQL: SELECT COUNT(*) AS tp_count FROM `multi_shop` LIMIT 1   [ RunTime:0.0036s ]
INFO: [ view_parse ] --START--
INFO: [ template_filter ] --START--
INFO: Run Behavior\ContentReplaceBehavior [ RunTime:0.000110s ]
INFO: [ template_filter ] --END-- [ RunTime:0.000190s ]
NOTIC: [8] Use of undefined constant savename - assumed 'savename' /www/users/HA84691/WEB/multi/Application/Runtime/Cache/Admin/b057583dc0ae2405636b13c2f866cf9f.php 第 126 行.
NOTIC: [8] Array to string conversion /www/users/HA84691/WEB/multi/Application/Runtime/Cache/Admin/b057583dc0ae2405636b13c2f866cf9f.php 第 126 行.
NOTIC: [8] Use of undefined constant savename - assumed 'savename' /www/users/HA84691/WEB/multi/Application/Runtime/Cache/Admin/b057583dc0ae2405636b13c2f866cf9f.php 第 126 行.
NOTIC: [8] Array to string conversion /www/users/HA84691/WEB/multi/Application/Runtime/Cache/Admin/b057583dc0ae2405636b13c2f866cf9f.php 第 126 行.
NOTIC: [8] Use of undefined constant savename - assumed 'savename' /www/users/HA84691/WEB/multi/Application/Runtime/Cache/Admin/b057583dc0ae2405636b13c2f866cf9f.php 第 126 行.
NOTIC: [8] Array to string conversion /www/users/HA84691/WEB/multi/Application/Runtime/Cache/Admin/b057583dc0ae2405636b13c2f866cf9f.php 第 126 行.
NOTIC: [8] Use of undefined constant savename - assumed 'savename' /www/users/HA84691/WEB/multi/Application/Runtime/Cache/Admin/b057583dc0ae2405636b13c2f866cf9f.php 第 126 行.
NOTIC: [8] Array to string conversion /www/users/HA84691/WEB/multi/Application/Runtime/Cache/Admin/b057583dc0ae2405636b13c2f866cf9f.php 第 126 行.
NOTIC: [8] Use of undefined constant savename - assumed 'savename' /www/users/HA84691/WEB/multi/Application/Runtime/Cache/Admin/b057583dc0ae2405636b13c2f866cf9f.php 第 126 行.
NOTIC: [8] Array to string conversion /www/users/HA84691/WEB/multi/Application/Runtime/Cache/Admin/b057583dc0ae2405636b13c2f866cf9f.php 第 126 行.
NOTIC: [8] Use of undefined constant savename - assumed 'savename' /www/users/HA84691/WEB/multi/Application/Runtime/Cache/Admin/b057583dc0ae2405636b13c2f866cf9f.php 第 126 行.
NOTIC: [8] Array to string conversion /www/users/HA84691/WEB/multi/Application/Runtime/Cache/Admin/b057583dc0ae2405636b13c2f866cf9f.php 第 126 行.
NOTIC: [8] Use of undefined constant savename - assumed 'savename' /www/users/HA84691/WEB/multi/Application/Runtime/Cache/Admin/b057583dc0ae2405636b13c2f866cf9f.php 第 126 行.
NOTIC: [8] Array to string conversion /www/users/HA84691/WEB/multi/Application/Runtime/Cache/Admin/b057583dc0ae2405636b13c2f866cf9f.php 第 126 行.
NOTIC: [8] Use of undefined constant savename - assumed 'savename' /www/users/HA84691/WEB/multi/Application/Runtime/Cache/Admin/b057583dc0ae2405636b13c2f866cf9f.php 第 126 行.
NOTIC: [8] Array to string conversion /www/users/HA84691/WEB/multi/Application/Runtime/Cache/Admin/b057583dc0ae2405636b13c2f866cf9f.php 第 126 行.
NOTIC: [8] Use of undefined constant savename - assumed 'savename' /www/users/HA84691/WEB/multi/Application/Runtime/Cache/Admin/b057583dc0ae2405636b13c2f866cf9f.php 第 126 行.
NOTIC: [8] Array to string conversion /www/users/HA84691/WEB/multi/Application/Runtime/Cache/Admin/b057583dc0ae2405636b13c2f866cf9f.php 第 126 行.
NOTIC: [8] Use of undefined constant savename - assumed 'savename' /www/users/HA84691/WEB/multi/Application/Runtime/Cache/Admin/b057583dc0ae2405636b13c2f866cf9f.php 第 126 行.
NOTIC: [8] Array to string conversion /www/users/HA84691/WEB/multi/Application/Runtime/Cache/Admin/b057583dc0ae2405636b13c2f866cf9f.php 第 126 行.
INFO: Run Behavior\ParseTemplateBehavior [ RunTime:0.363099s ]
INFO: [ view_parse ] --END-- [ RunTime:0.363264s ]
INFO: [ view_filter ] --START--
INFO: Run Behavior\WriteHtmlCacheBehavior [ RunTime:0.000434s ]
INFO: [ view_filter ] --END-- [ RunTime:0.000525s ]
INFO: [ app_end ] --START--
INFO: Run Behavior\ShowPageTraceBehavior [ RunTime:0.011632s ]
INFO: [ app_end ] --END-- [ RunTime:0.011790s ]

[ 2016-05-06T19:50:22+08:00 ] 202.100.206.183 /multi/Admin/Index/orderChart
INFO: [ app_init ] --START--
INFO: Run Behavior\BuildLiteBehavior [ RunTime:0.000023s ]
INFO: [ app_init ] --END-- [ RunTime:0.000549s ]
INFO: [ app_begin ] --START--
INFO: Run Behavior\ReadHtmlCacheBehavior [ RunTime:0.000637s ]
INFO: [ app_begin ] --END-- [ RunTime:0.000700s ]
NOTIC: [2048] Declaration of Admin\Controller\BaseController::display() should be compatible with Think\Controller::display($templateFile = '', $charset = '', $contentType = '', $content = '', $prefix = '') /www/users/HA84691/WEB/multi/Application/Admin/Controller/BaseController.class.php 第 89 行.

[ 2016-05-06T19:50:22+08:00 ] 202.100.206.183 /multi/Admin/Public/login
INFO: [ app_init ] --START--
INFO: Run Behavior\BuildLiteBehavior [ RunTime:0.000025s ]
INFO: [ app_init ] --END-- [ RunTime:0.000513s ]
INFO: [ app_begin ] --START--
INFO: Run Behavior\ReadHtmlCacheBehavior [ RunTime:0.000638s ]
INFO: [ app_begin ] --END-- [ RunTime:0.000707s ]
INFO: [ view_parse ] --START--
INFO: [ template_filter ] --START--
INFO: Run Behavior\ContentReplaceBehavior [ RunTime:0.000129s ]
INFO: [ template_filter ] --END-- [ RunTime:0.000228s ]
INFO: Run Behavior\ParseTemplateBehavior [ RunTime:0.014097s ]
INFO: [ view_parse ] --END-- [ RunTime:0.014414s ]
INFO: [ view_filter ] --START--
INFO: Run Behavior\WriteHtmlCacheBehavior [ RunTime:0.000406s ]
INFO: [ view_filter ] --END-- [ RunTime:0.000473s ]
INFO: [ app_end ] --START--
INFO: Run Behavior\ShowPageTraceBehavior [ RunTime:0.000952s ]
INFO: [ app_end ] --END-- [ RunTime:0.001020s ]

[ 2016-05-06T19:50:23+08:00 ] 202.100.206.183 /multi/Admin/Public/getVerify
INFO: [ app_init ] --START--
INFO: Run Behavior\BuildLiteBehavior [ RunTime:0.000024s ]
INFO: [ app_init ] --END-- [ RunTime:0.000619s ]
INFO: [ app_begin ] --START--
INFO: Run Behavior\ReadHtmlCacheBehavior [ RunTime:0.000677s ]
INFO: [ app_begin ] --END-- [ RunTime:0.000754s ]
INFO: [ app_end ] --START--
INFO: Run Behavior\ShowPageTraceBehavior [ RunTime:0.002571s ]
INFO: [ app_end ] --END-- [ RunTime:0.002670s ]

[ 2016-05-06T19:50:29+08:00 ] 202.100.206.183 /multi/Admin/Public/login
INFO: [ app_init ] --START--
INFO: Run Behavior\BuildLiteBehavior [ RunTime:0.000093s ]
INFO: [ app_init ] --END-- [ RunTime:0.000722s ]
INFO: [ app_begin ] --START--
INFO: Run Behavior\ReadHtmlCacheBehavior [ RunTime:0.000695s ]
INFO: [ app_begin ] --END-- [ RunTime:0.000766s ]
INFO: [ view_parse ] --START--
INFO: [ template_filter ] --START--
INFO: Run Behavior\ContentReplaceBehavior [ RunTime:0.000055s ]
INFO: [ template_filter ] --END-- [ RunTime:0.000172s ]
INFO: Run Behavior\ParseTemplateBehavior [ RunTime:0.010966s ]
INFO: [ view_parse ] --END-- [ RunTime:0.011030s ]
INFO: [ view_filter ] --START--
INFO: Run Behavior\WriteHtmlCacheBehavior [ RunTime:0.000330s ]
INFO: [ view_filter ] --END-- [ RunTime:0.000379s ]

[ 2016-05-06T19:50:32+08:00 ] 202.100.206.183 /multi/Admin/Public/login
INFO: [ app_init ] --START--
INFO: Run Behavior\BuildLiteBehavior [ RunTime:0.000022s ]
INFO: [ app_init ] --END-- [ RunTime:0.000495s ]
INFO: [ app_begin ] --START--
INFO: Run Behavior\ReadHtmlCacheBehavior [ RunTime:0.000670s ]
INFO: [ app_begin ] --END-- [ RunTime:0.000767s ]
INFO: [ view_parse ] --START--
INFO: [ template_filter ] --START--
INFO: Run Behavior\ContentReplaceBehavior [ RunTime:0.000086s ]
INFO: [ template_filter ] --END-- [ RunTime:0.000165s ]
INFO: Run Behavior\ParseTemplateBehavior [ RunTime:0.060938s ]
INFO: [ view_parse ] --END-- [ RunTime:0.061017s ]
INFO: [ view_filter ] --START--
INFO: Run Behavior\WriteHtmlCacheBehavior [ RunTime:0.000340s ]
INFO: [ view_filter ] --END-- [ RunTime:0.000393s ]
INFO: [ app_end ] --START--
INFO: Run Behavior\ShowPageTraceBehavior [ RunTime:0.000659s ]
INFO: [ app_end ] --END-- [ RunTime:0.000719s ]

[ 2016-05-06T19:50:43+08:00 ] 202.100.206.183 /multi/Admin/Public/login
INFO: [ app_init ] --START--
INFO: Run Behavior\BuildLiteBehavior [ RunTime:0.000027s ]
INFO: [ app_init ] --END-- [ RunTime:0.000618s ]
INFO: [ app_begin ] --START--
INFO: Run Behavior\ReadHtmlCacheBehavior [ RunTime:0.000704s ]
INFO: [ app_begin ] --END-- [ RunTime:0.000805s ]
NOTIC: [2048] Declaration of Common\Model\AdminModel::add() should be compatible with Think\Model::add($data = '', $options = Array, $replace = false) /www/users/HA84691/WEB/multi/Application/Common/Model/AdminModel.class.php 第 7 行.
NOTIC: [2048] Declaration of Common\Model\AdminModel::addAll() should be compatible with Think\Model::addAll($dataList, $options = Array, $replace = false) /www/users/HA84691/WEB/multi/Application/Common/Model/AdminModel.class.php 第 7 行.
NOTIC: [2048] Declaration of Common\Model\AdminModel::save() should be compatible with Think\Model::save($data = '', $options = Array) /www/users/HA84691/WEB/multi/Application/Common/Model/AdminModel.class.php 第 7 行.
SQL: SHOW COLUMNS FROM `multi_admin` [ RunTime:0.0037s ]
SQL: SELECT * FROM `multi_admin` WHERE `username` = 'admin' AND `password` = '21232f297a57a5a743894a0e4a801fc3' LIMIT 1   [ RunTime:0.0063s ]
NOTIC: [2048] Declaration of Common\Model\AuthGroupAccessModel::add() should be compatible with Think\Model::add($data = '', $options = Array, $replace = false) /www/users/HA84691/WEB/multi/Application/Common/Model/AuthGroupAccessModel.class.php 第 23 行.
SQL: SHOW COLUMNS FROM `multi_auth_group_access` [ RunTime:0.0065s ]
SQL: SELECT * FROM `multi_auth_group_access` WHERE ( 1=1 AND uid='1' ) LIMIT 1   [ RunTime:0.0102s ]

[ 2016-05-06T19:50:45+08:00 ] 202.100.206.183 /multi/Admin/Index/index
INFO: [ app_init ] --START--
INFO: Run Behavior\BuildLiteBehavior [ RunTime:0.000022s ]
INFO: [ app_init ] --END-- [ RunTime:0.000519s ]
INFO: [ app_begin ] --START--
INFO: Run Behavior\ReadHtmlCacheBehavior [ RunTime:0.007553s ]
INFO: [ app_begin ] --END-- [ RunTime:0.007647s ]
NOTIC: [2048] Declaration of Admin\Controller\BaseController::display() should be compatible with Think\Controller::display($templateFile = '', $charset = '', $contentType = '', $content = '', $prefix = '') /www/users/HA84691/WEB/multi/Application/Admin/Controller/BaseController.class.php 第 89 行.
NOTIC: [2048] Declaration of Common\Model\OrderModel::add() should be compatible with Think\Model::add($data = '', $options = Array, $replace = false) /www/users/HA84691/WEB/multi/Application/Common/Model/OrderModel.class.php 第 7 行.
NOTIC: [2048] Declaration of Common\Model\OrderModel::addAll() should be compatible with Think\Model::addAll($dataList, $options = Array, $replace = false) /www/users/HA84691/WEB/multi/Application/Common/Model/OrderModel.class.php 第 7 行.
NOTIC: [2048] Declaration of Common\Model\OrderModel::save() should be compatible with Think\Model::save($data = '', $options = Array) /www/users/HA84691/WEB/multi/Application/Common/Model/OrderModel.class.php 第 7 行.
SQL: SHOW COLUMNS FROM `multi_order` [ RunTime:0.0120s ]
NOTIC: [2] Missing argument 3 for Common\Model\OrderModel::getMethod(), called in /www/users/HA84691/WEB/multi/Application/Admin/Controller/IndexController.class.php on line 9 and defined /www/users/HA84691/WEB/multi/Application/Common/Model/OrderModel.class.php 第 73 行.
SQL: SELECT COUNT(*) AS tp_count FROM `multi_order` WHERE `status` = 0 LIMIT 1   [ RunTime:0.0119s ]
SQL: SELECT SUM(totalprice) AS tp_sum FROM `multi_order` WHERE `status` = 0 LIMIT 1   [ RunTime:0.0099s ]
NOTIC: [2048] Declaration of Common\Model\UserModel::add() should be compatible with Think\Model::add($data = '', $options = Array, $replace = false) /www/users/HA84691/WEB/multi/Application/Common/Model/UserModel.class.php 第 139 行.
NOTIC: [2048] Declaration of Common\Model\UserModel::addAll() should be compatible with Think\Model::addAll($dataList, $options = Array, $replace = false) /www/users/HA84691/WEB/multi/Application/Common/Model/UserModel.class.php 第 139 行.
NOTIC: [2048] Declaration of Common\Model\UserModel::save() should be compatible with Think\Model::save($data = '', $options = Array) /www/users/HA84691/WEB/multi/Application/Common/Model/UserModel.class.php 第 139 行.
SQL: SHOW COLUMNS FROM `multi_user` [ RunTime:0.0087s ]
NOTIC: [2] Missing argument 3 for Common\Model\UserModel::getMethod(), called in /www/users/HA84691/WEB/multi/Application/Admin/Controller/IndexController.class.php on line 15 and defined /www/users/HA84691/WEB/multi/Application/Common/Model/UserModel.class.php 第 96 行.
SQL: SELECT COUNT(*) AS tp_count FROM `multi_user` LIMIT 1   [ RunTime:0.0093s ]
NOTIC: [2] Missing argument 3 for Common\Model\OrderModel::getMethod(), called in /www/users/HA84691/WEB/multi/Application/Admin/Controller/IndexController.class.php on line 18 and defined /www/users/HA84691/WEB/multi/Application/Common/Model/OrderModel.class.php 第 73 行.
SQL: SELECT COUNT(*) AS tp_count FROM `multi_order` LIMIT 1   [ RunTime:0.0263s ]
INFO: [ view_parse ] --START--
INFO: [ template_filter ] --START--
INFO: Run Behavior\ContentReplaceBehavior [ RunTime:0.000201s ]
INFO: [ template_filter ] --END-- [ RunTime:0.000277s ]
NOTIC: [8] Undefined variable: ip /www/users/HA84691/WEB/multi/Application/Runtime/Cache/Admin/6fedbbe541e195344bf1450076482852.php 第 397 行.
INFO: Run Behavior\ParseTemplateBehavior [ RunTime:0.321161s ]
INFO: [ view_parse ] --END-- [ RunTime:0.321233s ]
INFO: [ view_filter ] --START--
INFO: Run Behavior\WriteHtmlCacheBehavior [ RunTime:0.000830s ]
INFO: [ view_filter ] --END-- [ RunTime:0.000886s ]
INFO: [ app_end ] --START--
INFO: Run Behavior\ShowPageTraceBehavior [ RunTime:0.021171s ]
INFO: [ app_end ] --END-- [ RunTime:0.021289s ]

[ 2016-05-06T19:50:47+08:00 ] 202.100.206.183 /multi/Admin/Base/getNotify
INFO: [ app_init ] --START--
INFO: Run Behavior\BuildLiteBehavior [ RunTime:0.000031s ]
INFO: [ app_init ] --END-- [ RunTime:0.000689s ]
INFO: [ app_begin ] --START--
INFO: Run Behavior\ReadHtmlCacheBehavior [ RunTime:0.000704s ]
INFO: [ app_begin ] --END-- [ RunTime:0.000777s ]
NOTIC: [2048] Declaration of Admin\Controller\BaseController::display() should be compatible with Think\Controller::display($templateFile = '', $charset = '', $contentType = '', $content = '', $prefix = '') /www/users/HA84691/WEB/multi/Application/Admin/Controller/BaseController.class.php 第 89 行.
INFO: [ app_end ] --START--
INFO: Run Behavior\ShowPageTraceBehavior [ RunTime:0.000840s ]
INFO: [ app_end ] --END-- [ RunTime:0.000942s ]

[ 2016-05-06T20:09:45+08:00 ] 202.100.206.183 /multi/Admin/Config/tplSet?_pjax=%23pjax-container
INFO: [ app_init ] --START--
INFO: Run Behavior\BuildLiteBehavior [ RunTime:0.000023s ]
INFO: [ app_init ] --END-- [ RunTime:0.000512s ]
INFO: [ app_begin ] --START--
INFO: Run Behavior\ReadHtmlCacheBehavior [ RunTime:0.000868s ]
INFO: [ app_begin ] --END-- [ RunTime:0.000950s ]
NOTIC: [2048] Declaration of Admin\Controller\BaseController::display() should be compatible with Think\Controller::display($templateFile = '', $charset = '', $contentType = '', $content = '', $prefix = '') /www/users/HA84691/WEB/multi/Application/Admin/Controller/BaseController.class.php 第 89 行.
NOTIC: [2048] Declaration of Common\Model\ConfigModel::add() should be compatible with Think\Model::add($data = '', $options = Array, $replace = false) /www/users/HA84691/WEB/multi/Application/Common/Model/ConfigModel.class.php 第 7 行.
NOTIC: [2048] Declaration of Common\Model\ConfigModel::addAll() should be compatible with Think\Model::addAll($dataList, $options = Array, $replace = false) /www/users/HA84691/WEB/multi/Application/Common/Model/ConfigModel.class.php 第 7 行.
NOTIC: [2048] Declaration of Common\Model\ConfigModel::save() should be compatible with Think\Model::save($data = '', $options = Array) /www/users/HA84691/WEB/multi/Application/Common/Model/ConfigModel.class.php 第 7 行.
SQL: SHOW COLUMNS FROM `multi_config` [ RunTime:0.0205s ]
SQL: SELECT * FROM `multi_config` LIMIT 1   [ RunTime:0.0183s ]
INFO: [ view_parse ] --START--
INFO: [ template_filter ] --START--
INFO: Run Behavior\ContentReplaceBehavior [ RunTime:0.000067s ]
INFO: [ template_filter ] --END-- [ RunTime:0.000139s ]
INFO: Run Behavior\ParseTemplateBehavior [ RunTime:0.118219s ]
INFO: [ view_parse ] --END-- [ RunTime:0.118316s ]
INFO: [ view_filter ] --START--
INFO: Run Behavior\WriteHtmlCacheBehavior [ RunTime:0.000298s ]
INFO: [ view_filter ] --END-- [ RunTime:0.000342s ]
INFO: [ app_end ] --START--
INFO: Run Behavior\ShowPageTraceBehavior [ RunTime:0.000679s ]
INFO: [ app_end ] --END-- [ RunTime:0.000731s ]

[ 2016-05-06T20:09:46+08:00 ] 202.100.206.183 /multi/Admin/Weixin/wxSet?_pjax=%23pjax-container
INFO: [ app_init ] --START--
INFO: Run Behavior\BuildLiteBehavior [ RunTime:0.000042s ]
INFO: [ app_init ] --END-- [ RunTime:0.014467s ]
INFO: [ app_begin ] --START--
INFO: Run Behavior\ReadHtmlCacheBehavior [ RunTime:0.000692s ]
INFO: [ app_begin ] --END-- [ RunTime:0.000796s ]
NOTIC: [2048] Declaration of Admin\Controller\BaseController::display() should be compatible with Think\Controller::display($templateFile = '', $charset = '', $contentType = '', $content = '', $prefix = '') /www/users/HA84691/WEB/multi/Application/Admin/Controller/BaseController.class.php 第 89 行.
NOTIC: [2048] Declaration of Common\Model\WxConfigModel::add() should be compatible with Think\Model::add($data = '', $options = Array, $replace = false) /www/users/HA84691/WEB/multi/Application/Common/Model/WxConfigModel.class.php 第 7 行.
NOTIC: [2048] Declaration of Common\Model\WxConfigModel::addAll() should be compatible with Think\Model::addAll($dataList, $options = Array, $replace = false) /www/users/HA84691/WEB/multi/Application/Common/Model/WxConfigModel.class.php 第 7 行.
NOTIC: [2048] Declaration of Common\Model\WxConfigModel::save() should be compatible with Think\Model::save($data = '', $options = Array) /www/users/HA84691/WEB/multi/Application/Common/Model/WxConfigModel.class.php 第 7 行.
SQL: SHOW COLUMNS FROM `multi_wx_config` [ RunTime:0.0114s ]
SQL: SELECT * FROM `multi_wx_config` LIMIT 1   [ RunTime:0.0046s ]
INFO: [ view_parse ] --START--
INFO: [ template_filter ] --START--
INFO: Run Behavior\ContentReplaceBehavior [ RunTime:0.000071s ]
INFO: [ template_filter ] --END-- [ RunTime:0.000140s ]
INFO: Run Behavior\ParseTemplateBehavior [ RunTime:0.258826s ]
INFO: [ view_parse ] --END-- [ RunTime:0.258899s ]
INFO: [ view_filter ] --START--
INFO: Run Behavior\WriteHtmlCacheBehavior [ RunTime:0.000304s ]
INFO: [ view_filter ] --END-- [ RunTime:0.000348s ]
INFO: [ app_end ] --START--
INFO: Run Behavior\ShowPageTraceBehavior [ RunTime:0.000705s ]
INFO: [ app_end ] --END-- [ RunTime:0.000758s ]

[ 2016-05-06T20:09:50+08:00 ] 202.100.206.183 /multi/Admin/Weixin/wxSet
INFO: [ app_init ] --START--
INFO: Run Behavior\BuildLiteBehavior [ RunTime:0.000024s ]
INFO: [ app_init ] --END-- [ RunTime:0.053275s ]
INFO: [ app_begin ] --START--
INFO: Run Behavior\ReadHtmlCacheBehavior [ RunTime:0.001486s ]
INFO: [ app_begin ] --END-- [ RunTime:0.001600s ]
NOTIC: [2048] Declaration of Admin\Controller\BaseController::display() should be compatible with Think\Controller::display($templateFile = '', $charset = '', $contentType = '', $content = '', $prefix = '') /www/users/HA84691/WEB/multi/Application/Admin/Controller/BaseController.class.php 第 89 行.
NOTIC: [2048] Declaration of Common\Model\WxConfigModel::add() should be compatible with Think\Model::add($data = '', $options = Array, $replace = false) /www/users/HA84691/WEB/multi/Application/Common/Model/WxConfigModel.class.php 第 7 行.
NOTIC: [2048] Declaration of Common\Model\WxConfigModel::addAll() should be compatible with Think\Model::addAll($dataList, $options = Array, $replace = false) /www/users/HA84691/WEB/multi/Application/Common/Model/WxConfigModel.class.php 第 7 行.
NOTIC: [2048] Declaration of Common\Model\WxConfigModel::save() should be compatible with Think\Model::save($data = '', $options = Array) /www/users/HA84691/WEB/multi/Application/Common/Model/WxConfigModel.class.php 第 7 行.
SQL: SHOW COLUMNS FROM `multi_wx_config` [ RunTime:0.0118s ]
SQL: SELECT * FROM `multi_wx_config` LIMIT 1   [ RunTime:0.0071s ]
INFO: [ view_parse ] --START--
INFO: [ template_filter ] --START--
INFO: Run Behavior\ContentReplaceBehavior [ RunTime:0.000220s ]
INFO: [ template_filter ] --END-- [ RunTime:0.000300s ]
INFO: Run Behavior\ParseTemplateBehavior [ RunTime:0.665472s ]
INFO: [ view_parse ] --END-- [ RunTime:0.665600s ]
INFO: [ view_filter ] --START--
INFO: Run Behavior\WriteHtmlCacheBehavior [ RunTime:0.000411s ]
INFO: [ view_filter ] --END-- [ RunTime:0.000499s ]
INFO: [ app_end ] --START--
INFO: Run Behavior\ShowPageTraceBehavior [ RunTime:0.000991s ]
INFO: [ app_end ] --END-- [ RunTime:0.001152s ]

[ 2016-05-06T20:14:12+08:00 ] 202.100.206.183 /multi/Admin/Weixin/wxMenuSet?_pjax=%23pjax-container
INFO: [ app_init ] --START--
INFO: Run Behavior\BuildLiteBehavior [ RunTime:0.000028s ]
INFO: [ app_init ] --END-- [ RunTime:0.007392s ]
INFO: [ app_begin ] --START--
INFO: Run Behavior\ReadHtmlCacheBehavior [ RunTime:0.000614s ]
INFO: [ app_begin ] --END-- [ RunTime:0.000676s ]
NOTIC: [2048] Declaration of Admin\Controller\BaseController::display() should be compatible with Think\Controller::display($templateFile = '', $charset = '', $contentType = '', $content = '', $prefix = '') /www/users/HA84691/WEB/multi/Application/Admin/Controller/BaseController.class.php 第 89 行.
NOTIC: [2048] Declaration of Common\Model\WxMenuModel::add() should be compatible with Think\Model::add($data = '', $options = Array, $replace = false) /www/users/HA84691/WEB/multi/Application/Common/Model/WxMenuModel.class.php 第 7 行.
NOTIC: [2048] Declaration of Common\Model\WxMenuModel::addAll() should be compatible with Think\Model::addAll($dataList, $options = Array, $replace = false) /www/users/HA84691/WEB/multi/Application/Common/Model/WxMenuModel.class.php 第 7 行.
NOTIC: [2048] Declaration of Common\Model\WxMenuModel::save() should be compatible with Think\Model::save($data = '', $options = Array) /www/users/HA84691/WEB/multi/Application/Common/Model/WxMenuModel.class.php 第 7 行.
SQL: SHOW COLUMNS FROM `multi_wx_menu` [ RunTime:0.0137s ]
SQL: SELECT * FROM `multi_wx_menu` ORDER BY id desc  [ RunTime:0.0099s ]
INFO: [ view_parse ] --START--
INFO: [ template_filter ] --START--
INFO: Run Behavior\ContentReplaceBehavior [ RunTime:0.000135s ]
INFO: [ template_filter ] --END-- [ RunTime:0.000325s ]
INFO: Run Behavior\ParseTemplateBehavior [ RunTime:0.055186s ]
INFO: [ view_parse ] --END-- [ RunTime:0.055290s ]
INFO: [ view_filter ] --START--
INFO: Run Behavior\WriteHtmlCacheBehavior [ RunTime:0.000400s ]
INFO: [ view_filter ] --END-- [ RunTime:0.000448s ]
INFO: [ app_end ] --START--
INFO: Run Behavior\ShowPageTraceBehavior [ RunTime:0.000827s ]
INFO: [ app_end ] --END-- [ RunTime:0.000980s ]

[ 2016-05-06T20:14:18+08:00 ] 202.100.206.183 /multi/Admin/Weixin/addWxMenu?_pjax=%23pjax-container
INFO: [ app_init ] --START--
INFO: Run Behavior\BuildLiteBehavior [ RunTime:0.000053s ]
INFO: [ app_init ] --END-- [ RunTime:0.000713s ]
INFO: [ app_begin ] --START--
INFO: Run Behavior\ReadHtmlCacheBehavior [ RunTime:0.000808s ]
INFO: [ app_begin ] --END-- [ RunTime:0.000897s ]
NOTIC: [2048] Declaration of Admin\Controller\BaseController::display() should be compatible with Think\Controller::display($templateFile = '', $charset = '', $contentType = '', $content = '', $prefix = '') /www/users/HA84691/WEB/multi/Application/Admin/Controller/BaseController.class.php 第 89 行.
NOTIC: [2048] Declaration of Common\Model\WxMenuModel::add() should be compatible with Think\Model::add($data = '', $options = Array, $replace = false) /www/users/HA84691/WEB/multi/Application/Common/Model/WxMenuModel.class.php 第 7 行.
NOTIC: [2048] Declaration of Common\Model\WxMenuModel::addAll() should be compatible with Think\Model::addAll($dataList, $options = Array, $replace = false) /www/users/HA84691/WEB/multi/Application/Common/Model/WxMenuModel.class.php 第 7 行.
NOTIC: [2048] Declaration of Common\Model\WxMenuModel::save() should be compatible with Think\Model::save($data = '', $options = Array) /www/users/HA84691/WEB/multi/Application/Common/Model/WxMenuModel.class.php 第 7 行.
SQL: SHOW COLUMNS FROM `multi_wx_menu` [ RunTime:0.0028s ]
SQL: SELECT * FROM `multi_wx_menu` WHERE `pid` = 0 ORDER BY id desc  [ RunTime:0.0016s ]
INFO: [ view_parse ] --START--
INFO: [ template_filter ] --START--
INFO: Run Behavior\ContentReplaceBehavior [ RunTime:0.000074s ]
INFO: [ template_filter ] --END-- [ RunTime:0.000160s ]
NOTIC: [8] Undefined variable: wxMenu /www/users/HA84691/WEB/multi/Application/Runtime/Cache/Admin/32b5cbb827070d4459103534e2a633e0.php 第 20 行.
NOTIC: [8] Undefined variable: wxMenu /www/users/HA84691/WEB/multi/Application/Runtime/Cache/Admin/32b5cbb827070d4459103534e2a633e0.php 第 37 行.
NOTIC: [8] Undefined variable: wxMenu /www/users/HA84691/WEB/multi/Application/Runtime/Cache/Admin/32b5cbb827070d4459103534e2a633e0.php 第 55 行.
NOTIC: [8] Undefined variable: wxMenu /www/users/HA84691/WEB/multi/Application/Runtime/Cache/Admin/32b5cbb827070d4459103534e2a633e0.php 第 63 行.
NOTIC: [8] Undefined variable: wxMenu /www/users/HA84691/WEB/multi/Application/Runtime/Cache/Admin/32b5cbb827070d4459103534e2a633e0.php 第 71 行.
NOTIC: [8] Undefined variable: wxMenu /www/users/HA84691/WEB/multi/Application/Runtime/Cache/Admin/32b5cbb827070d4459103534e2a633e0.php 第 79 行.
NOTIC: [8] Undefined variable: wxMenu /www/users/HA84691/WEB/multi/Application/Runtime/Cache/Admin/32b5cbb827070d4459103534e2a633e0.php 第 103 行.
NOTIC: [8] Undefined variable: wxMenu /www/users/HA84691/WEB/multi/Application/Runtime/Cache/Admin/32b5cbb827070d4459103534e2a633e0.php 第 104 行.
NOTIC: [8] Undefined variable: wxMenu /www/users/HA84691/WEB/multi/Application/Runtime/Cache/Admin/32b5cbb827070d4459103534e2a633e0.php 第 105 行.
INFO: Run Behavior\ParseTemplateBehavior [ RunTime:0.176057s ]
INFO: [ view_parse ] --END-- [ RunTime:0.176204s ]
INFO: [ view_filter ] --START--
INFO: Run Behavior\WriteHtmlCacheBehavior [ RunTime:0.000432s ]
INFO: [ view_filter ] --END-- [ RunTime:0.000476s ]
INFO: [ app_end ] --START--
INFO: Run Behavior\ShowPageTraceBehavior [ RunTime:0.000754s ]
INFO: [ app_end ] --END-- [ RunTime:0.000807s ]

[ 2016-05-06T20:14:38+08:00 ] 202.100.206.183 /multi/Admin/Config/wxTplMsgSet?_pjax=%23pjax-container
INFO: [ app_init ] --START--
INFO: Run Behavior\BuildLiteBehavior [ RunTime:0.000024s ]
INFO: [ app_init ] --END-- [ RunTime:0.000494s ]
INFO: [ app_begin ] --START--
INFO: Run Behavior\ReadHtmlCacheBehavior [ RunTime:0.000922s ]
INFO: [ app_begin ] --END-- [ RunTime:0.001047s ]
NOTIC: [2048] Declaration of Admin\Controller\BaseController::display() should be compatible with Think\Controller::display($templateFile = '', $charset = '', $contentType = '', $content = '', $prefix = '') /www/users/HA84691/WEB/multi/Application/Admin/Controller/BaseController.class.php 第 89 行.
NOTIC: [2048] Declaration of Common\Model\WxTplmsgModel::add() should be compatible with Think\Model::add($data = '', $options = Array, $replace = false) /www/users/HA84691/WEB/multi/Application/Common/Model/WxTplmsgModel.class.php 第 8 行.
NOTIC: [2048] Declaration of Common\Model\WxTplmsgModel::addAll() should be compatible with Think\Model::addAll($dataList, $options = Array, $replace = false) /www/users/HA84691/WEB/multi/Application/Common/Model/WxTplmsgModel.class.php 第 8 行.
NOTIC: [2048] Declaration of Common\Model\WxTplmsgModel::save() should be compatible with Think\Model::save($data = '', $options = Array) /www/users/HA84691/WEB/multi/Application/Common/Model/WxTplmsgModel.class.php 第 8 行.
SQL: SHOW COLUMNS FROM `multi_wx_tplmsg` [ RunTime:0.0030s ]
SQL: SELECT * FROM `multi_wx_tplmsg` ORDER BY id desc  [ RunTime:0.0023s ]
INFO: [ view_parse ] --START--
INFO: [ template_filter ] --START--
INFO: Run Behavior\ContentReplaceBehavior [ RunTime:0.013422s ]
INFO: [ template_filter ] --END-- [ RunTime:0.013531s ]
INFO: Run Behavior\ParseTemplateBehavior [ RunTime:0.030526s ]
INFO: [ view_parse ] --END-- [ RunTime:0.030592s ]
INFO: [ view_filter ] --START--
INFO: Run Behavior\WriteHtmlCacheBehavior [ RunTime:0.025736s ]
INFO: [ view_filter ] --END-- [ RunTime:0.025810s ]
INFO: [ app_end ] --START--
INFO: Run Behavior\ShowPageTraceBehavior [ RunTime:0.000654s ]
INFO: [ app_end ] --END-- [ RunTime:0.000705s ]

