[ 2016-05-20T14:36:37+08:00 ] 221.217.244.182 /multi/Admin/Public/login
INFO: [ app_init ] --START--
INFO: Run Behavior\BuildLiteBehavior [ RunTime:0.000030s ]
INFO: [ app_init ] --END-- [ RunTime:0.008798s ]
INFO: [ app_begin ] --START--
INFO: Run Behavior\ReadHtmlCacheBehavior [ RunTime:0.000676s ]
INFO: [ app_begin ] --END-- [ RunTime:0.000757s ]
INFO: [ view_parse ] --START--
INFO: [ template_filter ] --START--
INFO: Run Behavior\ContentReplaceBehavior [ RunTime:0.000083s ]
INFO: [ template_filter ] --END-- [ RunTime:0.000160s ]
INFO: Run Behavior\ParseTemplateBehavior [ RunTime:0.022869s ]
INFO: [ view_parse ] --END-- [ RunTime:0.022957s ]
INFO: [ view_filter ] --START--
INFO: Run Behavior\WriteHtmlCacheBehavior [ RunTime:0.000359s ]
INFO: [ view_filter ] --END-- [ RunTime:0.000408s ]
INFO: [ app_end ] --START--
INFO: Run Behavior\ShowPageTraceBehavior [ RunTime:0.000665s ]
INFO: [ app_end ] --END-- [ RunTime:0.000727s ]

[ 2016-05-20T14:36:37+08:00 ] 221.217.244.182 /multi/Admin/Public/getVerify
INFO: [ app_init ] --START--
INFO: Run Behavior\BuildLiteBehavior [ RunTime:0.000024s ]
INFO: [ app_init ] --END-- [ RunTime:0.000503s ]
INFO: [ app_begin ] --START--
INFO: Run Behavior\ReadHtmlCacheBehavior [ RunTime:0.000840s ]
INFO: [ app_begin ] --END-- [ RunTime:0.000915s ]
INFO: [ app_end ] --START--
INFO: Run Behavior\ShowPageTraceBehavior [ RunTime:0.003533s ]
INFO: [ app_end ] --END-- [ RunTime:0.003666s ]

[ 2016-05-20T14:36:49+08:00 ] 221.217.244.182 /multi/Admin/Public/login
INFO: [ app_init ] --START--
INFO: Run Behavior\BuildLiteBehavior [ RunTime:0.000024s ]
INFO: [ app_init ] --END-- [ RunTime:0.000538s ]
INFO: [ app_begin ] --START--
INFO: Run Behavior\ReadHtmlCacheBehavior [ RunTime:0.000681s ]
INFO: [ app_begin ] --END-- [ RunTime:0.000755s ]
NOTIC: [2048] Declaration of Common\Model\AdminModel::add() should be compatible with Think\Model::add($data = '', $options = Array, $replace = false) /www/users/HA84691/WEB/multi/Application/Common/Model/AdminModel.class.php 第 7 行.
NOTIC: [2048] Declaration of Common\Model\AdminModel::addAll() should be compatible with Think\Model::addAll($dataList, $options = Array, $replace = false) /www/users/HA84691/WEB/multi/Application/Common/Model/AdminModel.class.php 第 7 行.
NOTIC: [2048] Declaration of Common\Model\AdminModel::save() should be compatible with Think\Model::save($data = '', $options = Array) /www/users/HA84691/WEB/multi/Application/Common/Model/AdminModel.class.php 第 7 行.
SQL: SHOW COLUMNS FROM `multi_admin` [ RunTime:0.0031s ]
SQL: SELECT * FROM `multi_admin` WHERE `username` = 'admin' AND `password` = '21232f297a57a5a743894a0e4a801fc3' LIMIT 1   [ RunTime:0.0019s ]
NOTIC: [2048] Declaration of Common\Model\AuthGroupAccessModel::add() should be compatible with Think\Model::add($data = '', $options = Array, $replace = false) /www/users/HA84691/WEB/multi/Application/Common/Model/AuthGroupAccessModel.class.php 第 23 行.
SQL: SHOW COLUMNS FROM `multi_auth_group_access` [ RunTime:0.0043s ]
SQL: SELECT * FROM `multi_auth_group_access` WHERE ( 1=1 AND uid='1' ) LIMIT 1   [ RunTime:0.0021s ]

[ 2016-05-20T14:36:50+08:00 ] 221.217.244.182 /multi/Admin/Index/index
INFO: [ app_init ] --START--
INFO: Run Behavior\BuildLiteBehavior [ RunTime:0.000026s ]
INFO: [ app_init ] --END-- [ RunTime:0.000528s ]
INFO: [ app_begin ] --START--
INFO: Run Behavior\ReadHtmlCacheBehavior [ RunTime:0.005305s ]
INFO: [ app_begin ] --END-- [ RunTime:0.005426s ]
NOTIC: [2048] Declaration of Admin\Controller\BaseController::display() should be compatible with Think\Controller::display($templateFile = '', $charset = '', $contentType = '', $content = '', $prefix = '') /www/users/HA84691/WEB/multi/Application/Admin/Controller/BaseController.class.php 第 89 行.
NOTIC: [2048] Declaration of Common\Model\OrderModel::add() should be compatible with Think\Model::add($data = '', $options = Array, $replace = false) /www/users/HA84691/WEB/multi/Application/Common/Model/OrderModel.class.php 第 7 行.
NOTIC: [2048] Declaration of Common\Model\OrderModel::addAll() should be compatible with Think\Model::addAll($dataList, $options = Array, $replace = false) /www/users/HA84691/WEB/multi/Application/Common/Model/OrderModel.class.php 第 7 行.
NOTIC: [2048] Declaration of Common\Model\OrderModel::save() should be compatible with Think\Model::save($data = '', $options = Array) /www/users/HA84691/WEB/multi/Application/Common/Model/OrderModel.class.php 第 7 行.
SQL: SHOW COLUMNS FROM `multi_order` [ RunTime:0.0031s ]
NOTIC: [2] Missing argument 3 for Common\Model\OrderModel::getMethod(), called in /www/users/HA84691/WEB/multi/Application/Admin/Controller/IndexController.class.php on line 9 and defined /www/users/HA84691/WEB/multi/Application/Common/Model/OrderModel.class.php 第 73 行.
SQL: SELECT COUNT(*) AS tp_count FROM `multi_order` WHERE `status` = 0 LIMIT 1   [ RunTime:0.0022s ]
SQL: SELECT SUM(totalprice) AS tp_sum FROM `multi_order` WHERE `status` = 0 LIMIT 1   [ RunTime:0.0056s ]
NOTIC: [2048] Declaration of Common\Model\UserModel::add() should be compatible with Think\Model::add($data = '', $options = Array, $replace = false) /www/users/HA84691/WEB/multi/Application/Common/Model/UserModel.class.php 第 139 行.
NOTIC: [2048] Declaration of Common\Model\UserModel::addAll() should be compatible with Think\Model::addAll($dataList, $options = Array, $replace = false) /www/users/HA84691/WEB/multi/Application/Common/Model/UserModel.class.php 第 139 行.
NOTIC: [2048] Declaration of Common\Model\UserModel::save() should be compatible with Think\Model::save($data = '', $options = Array) /www/users/HA84691/WEB/multi/Application/Common/Model/UserModel.class.php 第 139 行.
SQL: SHOW COLUMNS FROM `multi_user` [ RunTime:0.0039s ]
NOTIC: [2] Missing argument 3 for Common\Model\UserModel::getMethod(), called in /www/users/HA84691/WEB/multi/Application/Admin/Controller/IndexController.class.php on line 15 and defined /www/users/HA84691/WEB/multi/Application/Common/Model/UserModel.class.php 第 96 行.
SQL: SELECT COUNT(*) AS tp_count FROM `multi_user` LIMIT 1   [ RunTime:0.0026s ]
NOTIC: [2] Missing argument 3 for Common\Model\OrderModel::getMethod(), called in /www/users/HA84691/WEB/multi/Application/Admin/Controller/IndexController.class.php on line 18 and defined /www/users/HA84691/WEB/multi/Application/Common/Model/OrderModel.class.php 第 73 行.
SQL: SELECT COUNT(*) AS tp_count FROM `multi_order` LIMIT 1   [ RunTime:0.0010s ]
INFO: [ view_parse ] --START--
INFO: [ template_filter ] --START--
INFO: Run Behavior\ContentReplaceBehavior [ RunTime:0.000233s ]
INFO: [ template_filter ] --END-- [ RunTime:0.000311s ]
NOTIC: [8] Undefined variable: ip /www/users/HA84691/WEB/multi/Application/Runtime/Cache/Admin/6fedbbe541e195344bf1450076482852.php 第 397 行.
INFO: Run Behavior\ParseTemplateBehavior [ RunTime:0.060541s ]
INFO: [ view_parse ] --END-- [ RunTime:0.060608s ]
INFO: [ view_filter ] --START--
INFO: Run Behavior\WriteHtmlCacheBehavior [ RunTime:0.000367s ]
INFO: [ view_filter ] --END-- [ RunTime:0.000417s ]
INFO: [ app_end ] --START--
INFO: Run Behavior\ShowPageTraceBehavior [ RunTime:0.000694s ]
INFO: [ app_end ] --END-- [ RunTime:0.000785s ]

[ 2016-05-20T14:36:52+08:00 ] 221.217.244.182 /multi/Admin/Base/getNotify
INFO: [ app_init ] --START--
INFO: Run Behavior\BuildLiteBehavior [ RunTime:0.000022s ]
INFO: [ app_init ] --END-- [ RunTime:0.000571s ]
INFO: [ app_begin ] --START--
INFO: Run Behavior\ReadHtmlCacheBehavior [ RunTime:0.005794s ]
INFO: [ app_begin ] --END-- [ RunTime:0.005891s ]
NOTIC: [2048] Declaration of Admin\Controller\BaseController::display() should be compatible with Think\Controller::display($templateFile = '', $charset = '', $contentType = '', $content = '', $prefix = '') /www/users/HA84691/WEB/multi/Application/Admin/Controller/BaseController.class.php 第 89 行.
INFO: [ app_end ] --START--
INFO: Run Behavior\ShowPageTraceBehavior [ RunTime:0.000790s ]
INFO: [ app_end ] --END-- [ RunTime:0.000895s ]

[ 2016-05-20T14:37:00+08:00 ] 221.217.244.182 /multi/Admin/Index/orderChart?_pjax=%23pjax-container
INFO: [ app_init ] --START--
INFO: Run Behavior\BuildLiteBehavior [ RunTime:0.000024s ]
INFO: [ app_init ] --END-- [ RunTime:0.000526s ]
INFO: [ app_begin ] --START--
INFO: Run Behavior\ReadHtmlCacheBehavior [ RunTime:0.008802s ]
INFO: [ app_begin ] --END-- [ RunTime:0.008901s ]
NOTIC: [2048] Declaration of Admin\Controller\BaseController::display() should be compatible with Think\Controller::display($templateFile = '', $charset = '', $contentType = '', $content = '', $prefix = '') /www/users/HA84691/WEB/multi/Application/Admin/Controller/BaseController.class.php 第 89 行.
SQL: SHOW COLUMNS FROM `multi_analysis` [ RunTime:0.0099s ]
SQL: SELECT * FROM `multi_analysis` WHERE `time` LIKE '2016-05-19%' LIMIT 1   [ RunTime:0.0086s ]
SQL: SELECT * FROM `multi_analysis` WHERE `time` LIKE '2016-05-20%' LIMIT 1   [ RunTime:0.0015s ]
SQL: SELECT * FROM `multi_analysis` WHERE ( `time` LIKE '2016-05-20%' OR `time` LIKE '2016-05-19%' OR `time` LIKE '2016-05-18%' OR `time` LIKE '2016-05-17%' OR `time` LIKE '2016-05-16%' OR `time` LIKE '2016-05-15%' OR `time` LIKE '2016-05-14%' OR `time` LIKE '2016-05-13%' OR `time` LIKE '2016-05-12%' OR `time` LIKE '2016-05-11%' OR `time` LIKE '2016-05-10%' OR `time` LIKE '2016-05-09%' OR `time` LIKE '2016-05-08%' OR `time` LIKE '2016-05-07%' OR `time` LIKE '2016-05-06%' OR `time` LIKE '2016-05-05%' OR `time` LIKE '2016-05-04%' OR `time` LIKE '2016-05-03%' OR `time` LIKE '2016-05-02%' OR `time` LIKE '2016-05-01%' OR `time` LIKE '2016-04-30%' OR `time` LIKE '2016-04-29%' ) ORDER BY id desc  [ RunTime:0.0236s ]
INFO: [ view_parse ] --START--
INFO: [ template_filter ] --START--
INFO: Run Behavior\ContentReplaceBehavior [ RunTime:0.000073s ]
INFO: [ template_filter ] --END-- [ RunTime:0.000146s ]
INFO: Run Behavior\ParseTemplateBehavior [ RunTime:0.121975s ]
INFO: [ view_parse ] --END-- [ RunTime:0.122055s ]
INFO: [ view_filter ] --START--
INFO: Run Behavior\WriteHtmlCacheBehavior [ RunTime:0.000397s ]
INFO: [ view_filter ] --END-- [ RunTime:0.000443s ]
INFO: [ app_end ] --START--
INFO: Run Behavior\ShowPageTraceBehavior [ RunTime:0.015750s ]
INFO: [ app_end ] --END-- [ RunTime:0.015829s ]

[ 2016-05-20T14:37:17+08:00 ] 221.217.244.182 /multi/Admin/Weixin/wxSet?_pjax=%23pjax-container
INFO: [ app_init ] --START--
INFO: Run Behavior\BuildLiteBehavior [ RunTime:0.000023s ]
INFO: [ app_init ] --END-- [ RunTime:0.000608s ]
INFO: [ app_begin ] --START--
INFO: Run Behavior\ReadHtmlCacheBehavior [ RunTime:0.000741s ]
INFO: [ app_begin ] --END-- [ RunTime:0.000865s ]
NOTIC: [2048] Declaration of Admin\Controller\BaseController::display() should be compatible with Think\Controller::display($templateFile = '', $charset = '', $contentType = '', $content = '', $prefix = '') /www/users/HA84691/WEB/multi/Application/Admin/Controller/BaseController.class.php 第 89 行.
NOTIC: [2048] Declaration of Common\Model\WxConfigModel::add() should be compatible with Think\Model::add($data = '', $options = Array, $replace = false) /www/users/HA84691/WEB/multi/Application/Common/Model/WxConfigModel.class.php 第 7 行.
NOTIC: [2048] Declaration of Common\Model\WxConfigModel::addAll() should be compatible with Think\Model::addAll($dataList, $options = Array, $replace = false) /www/users/HA84691/WEB/multi/Application/Common/Model/WxConfigModel.class.php 第 7 行.
NOTIC: [2048] Declaration of Common\Model\WxConfigModel::save() should be compatible with Think\Model::save($data = '', $options = Array) /www/users/HA84691/WEB/multi/Application/Common/Model/WxConfigModel.class.php 第 7 行.
SQL: SHOW COLUMNS FROM `multi_wx_config` [ RunTime:0.0039s ]
SQL: SELECT * FROM `multi_wx_config` LIMIT 1   [ RunTime:0.0042s ]
INFO: [ view_parse ] --START--
INFO: [ template_filter ] --START--
INFO: Run Behavior\ContentReplaceBehavior [ RunTime:0.000120s ]
INFO: [ template_filter ] --END-- [ RunTime:0.000240s ]
INFO: Run Behavior\ParseTemplateBehavior [ RunTime:0.034999s ]
INFO: [ view_parse ] --END-- [ RunTime:0.035120s ]
INFO: [ view_filter ] --START--
INFO: Run Behavior\WriteHtmlCacheBehavior [ RunTime:0.000306s ]
INFO: [ view_filter ] --END-- [ RunTime:0.000351s ]
INFO: [ app_end ] --START--
INFO: Run Behavior\ShowPageTraceBehavior [ RunTime:0.000651s ]
INFO: [ app_end ] --END-- [ RunTime:0.000710s ]

[ 2016-05-20T14:37:26+08:00 ] 221.217.244.182 /multi/Admin/Artical/artical?_pjax=%23pjax-container
INFO: [ app_init ] --START--
INFO: Run Behavior\BuildLiteBehavior [ RunTime:0.000029s ]
INFO: [ app_init ] --END-- [ RunTime:0.000677s ]
INFO: [ app_begin ] --START--
INFO: Run Behavior\ReadHtmlCacheBehavior [ RunTime:0.006383s ]
INFO: [ app_begin ] --END-- [ RunTime:0.006493s ]
NOTIC: [2048] Declaration of Admin\Controller\BaseController::display() should be compatible with Think\Controller::display($templateFile = '', $charset = '', $contentType = '', $content = '', $prefix = '') /www/users/HA84691/WEB/multi/Application/Admin/Controller/BaseController.class.php 第 89 行.
NOTIC: [2048] Declaration of Common\Model\ArticalModel::add() should be compatible with Think\Model::add($data = '', $options = Array, $replace = false) /www/users/HA84691/WEB/multi/Application/Common/Model/ArticalModel.class.php 第 7 行.
NOTIC: [2048] Declaration of Common\Model\ArticalModel::addAll() should be compatible with Think\Model::addAll($dataList, $options = Array, $replace = false) /www/users/HA84691/WEB/multi/Application/Common/Model/ArticalModel.class.php 第 7 行.
NOTIC: [2048] Declaration of Common\Model\ArticalModel::save() should be compatible with Think\Model::save($data = '', $options = Array) /www/users/HA84691/WEB/multi/Application/Common/Model/ArticalModel.class.php 第 7 行.
SQL: SHOW COLUMNS FROM `multi_artical` [ RunTime:0.0071s ]
SQL: SELECT * FROM `multi_artical` ORDER BY id desc LIMIT 0,25   [ RunTime:0.0086s ]
NOTIC: [2048] Declaration of Common\Model\FileModel::add() should be compatible with Think\Model::add($data = '', $options = Array, $replace = false) /www/users/HA84691/WEB/multi/Application/Common/Model/FileModel.class.php 第 137 行.
NOTIC: [2048] Declaration of Common\Model\FileModel::addAll() should be compatible with Think\Model::addAll($dataList, $options = Array, $replace = false) /www/users/HA84691/WEB/multi/Application/Common/Model/FileModel.class.php 第 137 行.
NOTIC: [2048] Declaration of Common\Model\FileModel::save() should be compatible with Think\Model::save($data = '', $options = Array) /www/users/HA84691/WEB/multi/Application/Common/Model/FileModel.class.php 第 137 行.
SQL: SHOW COLUMNS FROM `multi_file` [ RunTime:0.0079s ]
SQL: SELECT * FROM `multi_file` WHERE ( 1=1 AND id='47' ) LIMIT 1   [ RunTime:0.0045s ]
SQL: SHOW COLUMNS FROM `multi_shop` [ RunTime:0.0073s ]
SQL: SELECT * FROM `multi_shop` WHERE ( 1=1 AND id='136' ) LIMIT 1   [ RunTime:0.0052s ]
SQL: SELECT * FROM `multi_file` WHERE ( 1=1 AND id='47' ) LIMIT 1   [ RunTime:0.0122s ]
SQL: SELECT * FROM `multi_shop` WHERE ( 1=1 AND id='0' ) LIMIT 1   [ RunTime:0.0049s ]
SQL: SELECT * FROM `multi_file` WHERE ( 1=1 AND id='0' ) LIMIT 1   [ RunTime:0.0059s ]
SQL: SELECT * FROM `multi_shop` WHERE ( 1=1 AND id='0' ) LIMIT 1   [ RunTime:0.0058s ]
NOTIC: [2] Missing argument 3 for Common\Model\ArticalModel::getMethod(), called in /www/users/HA84691/WEB/multi/Application/Admin/Controller/ArticalController.class.php on line 15 and defined /www/users/HA84691/WEB/multi/Application/Common/Model/ArticalModel.class.php 第 81 行.
SQL: SELECT COUNT(*) AS tp_count FROM `multi_artical` LIMIT 1   [ RunTime:0.0035s ]
INFO: [ view_parse ] --START--
INFO: [ template_filter ] --START--
INFO: Run Behavior\ContentReplaceBehavior [ RunTime:0.000092s ]
INFO: [ template_filter ] --END-- [ RunTime:0.000190s ]
INFO: Run Behavior\ParseTemplateBehavior [ RunTime:0.016526s ]
INFO: [ view_parse ] --END-- [ RunTime:0.016637s ]
INFO: [ view_filter ] --START--
INFO: Run Behavior\WriteHtmlCacheBehavior [ RunTime:0.000380s ]
INFO: [ view_filter ] --END-- [ RunTime:0.000430s ]
INFO: [ app_end ] --START--
INFO: Run Behavior\ShowPageTraceBehavior [ RunTime:0.000724s ]
INFO: [ app_end ] --END-- [ RunTime:0.000781s ]

[ 2016-05-20T14:37:31+08:00 ] 221.217.244.182 /multi/Admin/Artical/addArtical?_pjax=%23pjax-container
INFO: [ app_init ] --START--
INFO: Run Behavior\BuildLiteBehavior [ RunTime:0.000023s ]
INFO: [ app_init ] --END-- [ RunTime:0.000528s ]
INFO: [ app_begin ] --START--
INFO: Run Behavior\ReadHtmlCacheBehavior [ RunTime:0.000734s ]
INFO: [ app_begin ] --END-- [ RunTime:0.000818s ]
NOTIC: [2048] Declaration of Admin\Controller\BaseController::display() should be compatible with Think\Controller::display($templateFile = '', $charset = '', $contentType = '', $content = '', $prefix = '') /www/users/HA84691/WEB/multi/Application/Admin/Controller/BaseController.class.php 第 89 行.
INFO: [ view_parse ] --START--
INFO: [ template_filter ] --START--
INFO: Run Behavior\ContentReplaceBehavior [ RunTime:0.007398s ]
INFO: [ template_filter ] --END-- [ RunTime:0.007543s ]
NOTIC: [8] Undefined variable: artical /www/users/HA84691/WEB/multi/Application/Runtime/Cache/Admin/a7d652f00d6af7ce52b9df540ad17948.php 第 27 行.
NOTIC: [8] Undefined variable: artical /www/users/HA84691/WEB/multi/Application/Runtime/Cache/Admin/a7d652f00d6af7ce52b9df540ad17948.php 第 35 行.
NOTIC: [8] Undefined variable: artical /www/users/HA84691/WEB/multi/Application/Runtime/Cache/Admin/a7d652f00d6af7ce52b9df540ad17948.php 第 44 行.
NOTIC: [8] Undefined variable: artical /www/users/HA84691/WEB/multi/Application/Runtime/Cache/Admin/a7d652f00d6af7ce52b9df540ad17948.php 第 59 行.
NOTIC: [8] Undefined variable: artical /www/users/HA84691/WEB/multi/Application/Runtime/Cache/Admin/a7d652f00d6af7ce52b9df540ad17948.php 第 75 行.
NOTIC: [8] Undefined variable: artical /www/users/HA84691/WEB/multi/Application/Runtime/Cache/Admin/a7d652f00d6af7ce52b9df540ad17948.php 第 85 行.
NOTIC: [8] Undefined variable: artical /www/users/HA84691/WEB/multi/Application/Runtime/Cache/Admin/a7d652f00d6af7ce52b9df540ad17948.php 第 114 行.
NOTIC: [8] Undefined variable: artical /www/users/HA84691/WEB/multi/Application/Runtime/Cache/Admin/a7d652f00d6af7ce52b9df540ad17948.php 第 115 行.
INFO: Run Behavior\ParseTemplateBehavior [ RunTime:0.046233s ]
INFO: [ view_parse ] --END-- [ RunTime:0.046290s ]
INFO: [ view_filter ] --START--
INFO: Run Behavior\WriteHtmlCacheBehavior [ RunTime:0.000339s ]
INFO: [ view_filter ] --END-- [ RunTime:0.000410s ]
INFO: [ app_end ] --START--
INFO: Run Behavior\ShowPageTraceBehavior [ RunTime:0.000794s ]
INFO: [ app_end ] --END-- [ RunTime:0.000885s ]

[ 2016-05-20T14:37:36+08:00 ] 221.217.244.182 /multi/Admin/File/imageUploader
INFO: [ app_init ] --START--
INFO: Run Behavior\BuildLiteBehavior [ RunTime:0.000024s ]
INFO: [ app_init ] --END-- [ RunTime:0.000514s ]
INFO: [ app_begin ] --START--
INFO: Run Behavior\ReadHtmlCacheBehavior [ RunTime:0.000609s ]
INFO: [ app_begin ] --END-- [ RunTime:0.000727s ]
NOTIC: [2048] Declaration of Admin\Controller\BaseController::display() should be compatible with Think\Controller::display($templateFile = '', $charset = '', $contentType = '', $content = '', $prefix = '') /www/users/HA84691/WEB/multi/Application/Admin/Controller/BaseController.class.php 第 89 行.
NOTIC: [2048] Declaration of Common\Model\FileModel::add() should be compatible with Think\Model::add($data = '', $options = Array, $replace = false) /www/users/HA84691/WEB/multi/Application/Common/Model/FileModel.class.php 第 15 行.
NOTIC: [2048] Declaration of Common\Model\FileModel::addAll() should be compatible with Think\Model::addAll($dataList, $options = Array, $replace = false) /www/users/HA84691/WEB/multi/Application/Common/Model/FileModel.class.php 第 15 行.
NOTIC: [2048] Declaration of Common\Model\FileModel::save() should be compatible with Think\Model::save($data = '', $options = Array) /www/users/HA84691/WEB/multi/Application/Common/Model/FileModel.class.php 第 15 行.
SQL: SHOW COLUMNS FROM `multi_file` [ RunTime:0.0031s ]
SQL: SELECT * FROM `multi_file` ORDER BY id desc LIMIT 0,12   [ RunTime:0.0047s ]
NOTIC: [2] Missing argument 3 for Common\Model\FileModel::getMethod(), called in /www/users/HA84691/WEB/multi/Application/Admin/Controller/FileController.class.php on line 20 and defined /www/users/HA84691/WEB/multi/Application/Common/Model/FileModel.class.php 第 45 行.
SQL: SELECT COUNT(*) AS tp_count FROM `multi_file` LIMIT 1   [ RunTime:0.0023s ]
INFO: [ view_parse ] --START--
INFO: [ template_filter ] --START--
INFO: Run Behavior\ContentReplaceBehavior [ RunTime:0.008952s ]
INFO: [ template_filter ] --END-- [ RunTime:0.009061s ]
INFO: Run Behavior\ParseTemplateBehavior [ RunTime:0.046897s ]
INFO: [ view_parse ] --END-- [ RunTime:0.046975s ]
INFO: [ view_filter ] --START--
INFO: Run Behavior\WriteHtmlCacheBehavior [ RunTime:0.000299s ]
INFO: [ view_filter ] --END-- [ RunTime:0.000370s ]
INFO: [ app_end ] --START--
INFO: Run Behavior\ShowPageTraceBehavior [ RunTime:0.006629s ]
INFO: [ app_end ] --END-- [ RunTime:0.006786s ]

[ 2016-05-20T14:38:03+08:00 ] 221.217.244.182 /multi/Admin/File/uploadImage
INFO: [ app_init ] --START--
INFO: Run Behavior\BuildLiteBehavior [ RunTime:0.000031s ]
INFO: [ app_init ] --END-- [ RunTime:0.004157s ]
INFO: [ app_begin ] --START--
INFO: Run Behavior\ReadHtmlCacheBehavior [ RunTime:0.000706s ]
INFO: [ app_begin ] --END-- [ RunTime:0.000791s ]
NOTIC: [2048] Declaration of Admin\Controller\BaseController::display() should be compatible with Think\Controller::display($templateFile = '', $charset = '', $contentType = '', $content = '', $prefix = '') /www/users/HA84691/WEB/multi/Application/Admin/Controller/BaseController.class.php 第 89 行.
NOTIC: [2048] Declaration of Common\Model\FileModel::add() should be compatible with Think\Model::add($data = '', $options = Array, $replace = false) /www/users/HA84691/WEB/multi/Application/Common/Model/FileModel.class.php 第 15 行.
NOTIC: [2048] Declaration of Common\Model\FileModel::addAll() should be compatible with Think\Model::addAll($dataList, $options = Array, $replace = false) /www/users/HA84691/WEB/multi/Application/Common/Model/FileModel.class.php 第 15 行.
NOTIC: [2048] Declaration of Common\Model\FileModel::save() should be compatible with Think\Model::save($data = '', $options = Array) /www/users/HA84691/WEB/multi/Application/Common/Model/FileModel.class.php 第 15 行.
SQL: SHOW COLUMNS FROM `multi_file` [ RunTime:0.0065s ]
NOTIC: [2] finfo_file(): Empty filename or path /www/users/HA84691/WEB/multi/ThinkPHP/Library/Think/Upload.class.php 第 152 行.
NOTIC: [2] Invalid argument supplied for foreach() /www/users/HA84691/WEB/multi/Application/Common/Model/FileModel.class.php 第 82 行.
INFO: [ app_end ] --START--
INFO: Run Behavior\ShowPageTraceBehavior [ RunTime:0.000812s ]
INFO: [ app_end ] --END-- [ RunTime:0.000895s ]

[ 2016-05-20T14:38:10+08:00 ] 221.217.244.182 /multi/Admin/Artical/addArtical
INFO: [ app_init ] --START--
INFO: Run Behavior\BuildLiteBehavior [ RunTime:0.000030s ]
INFO: [ app_init ] --END-- [ RunTime:0.005041s ]
INFO: [ app_begin ] --START--
INFO: Run Behavior\ReadHtmlCacheBehavior [ RunTime:0.007485s ]
INFO: [ app_begin ] --END-- [ RunTime:0.007578s ]
NOTIC: [2048] Declaration of Admin\Controller\BaseController::display() should be compatible with Think\Controller::display($templateFile = '', $charset = '', $contentType = '', $content = '', $prefix = '') /www/users/HA84691/WEB/multi/Application/Admin/Controller/BaseController.class.php 第 89 行.
NOTIC: [2048] Declaration of Common\Model\ArticalModel::add() should be compatible with Think\Model::add($data = '', $options = Array, $replace = false) /www/users/HA84691/WEB/multi/Application/Common/Model/ArticalModel.class.php 第 7 行.
NOTIC: [2048] Declaration of Common\Model\ArticalModel::addAll() should be compatible with Think\Model::addAll($dataList, $options = Array, $replace = false) /www/users/HA84691/WEB/multi/Application/Common/Model/ArticalModel.class.php 第 7 行.
NOTIC: [2048] Declaration of Common\Model\ArticalModel::save() should be compatible with Think\Model::save($data = '', $options = Array) /www/users/HA84691/WEB/multi/Application/Common/Model/ArticalModel.class.php 第 7 行.
SQL: SHOW COLUMNS FROM `multi_artical` [ RunTime:0.0069s ]
SQL: INSERT INTO `multi_artical` (`id`,`title`,`author`,`sub`,`file_id`,`remark`,`content`) VALUES ('0','','','','0','','') [ RunTime:0.0956s ]

[ 2016-05-20T14:38:11+08:00 ] 221.217.244.182 /multi/Admin/Artical/artical/page/1?_pjax=%23pjax-container
INFO: [ app_init ] --START--
INFO: Run Behavior\BuildLiteBehavior [ RunTime:0.000025s ]
INFO: [ app_init ] --END-- [ RunTime:0.000593s ]
INFO: [ app_begin ] --START--
INFO: Run Behavior\ReadHtmlCacheBehavior [ RunTime:0.000607s ]
INFO: [ app_begin ] --END-- [ RunTime:0.000680s ]
NOTIC: [2048] Declaration of Admin\Controller\BaseController::display() should be compatible with Think\Controller::display($templateFile = '', $charset = '', $contentType = '', $content = '', $prefix = '') /www/users/HA84691/WEB/multi/Application/Admin/Controller/BaseController.class.php 第 89 行.
NOTIC: [2048] Declaration of Common\Model\ArticalModel::add() should be compatible with Think\Model::add($data = '', $options = Array, $replace = false) /www/users/HA84691/WEB/multi/Application/Common/Model/ArticalModel.class.php 第 7 行.
NOTIC: [2048] Declaration of Common\Model\ArticalModel::addAll() should be compatible with Think\Model::addAll($dataList, $options = Array, $replace = false) /www/users/HA84691/WEB/multi/Application/Common/Model/ArticalModel.class.php 第 7 行.
NOTIC: [2048] Declaration of Common\Model\ArticalModel::save() should be compatible with Think\Model::save($data = '', $options = Array) /www/users/HA84691/WEB/multi/Application/Common/Model/ArticalModel.class.php 第 7 行.
SQL: SHOW COLUMNS FROM `multi_artical` [ RunTime:0.0030s ]
SQL: SELECT * FROM `multi_artical` ORDER BY id desc LIMIT 0,25   [ RunTime:0.0100s ]
NOTIC: [2048] Declaration of Common\Model\FileModel::add() should be compatible with Think\Model::add($data = '', $options = Array, $replace = false) /www/users/HA84691/WEB/multi/Application/Common/Model/FileModel.class.php 第 137 行.
NOTIC: [2048] Declaration of Common\Model\FileModel::addAll() should be compatible with Think\Model::addAll($dataList, $options = Array, $replace = false) /www/users/HA84691/WEB/multi/Application/Common/Model/FileModel.class.php 第 137 行.
NOTIC: [2048] Declaration of Common\Model\FileModel::save() should be compatible with Think\Model::save($data = '', $options = Array) /www/users/HA84691/WEB/multi/Application/Common/Model/FileModel.class.php 第 137 行.
SQL: SHOW COLUMNS FROM `multi_file` [ RunTime:0.0031s ]
SQL: SELECT * FROM `multi_file` WHERE ( 1=1 AND id='0' ) LIMIT 1   [ RunTime:0.0040s ]
SQL: SHOW COLUMNS FROM `multi_shop` [ RunTime:0.0072s ]
SQL: SELECT * FROM `multi_shop` WHERE ( 1=1 AND id='0' ) LIMIT 1   [ RunTime:0.0103s ]
SQL: SELECT * FROM `multi_file` WHERE ( 1=1 AND id='47' ) LIMIT 1   [ RunTime:0.0072s ]
SQL: SELECT * FROM `multi_shop` WHERE ( 1=1 AND id='136' ) LIMIT 1   [ RunTime:0.0056s ]
SQL: SELECT * FROM `multi_file` WHERE ( 1=1 AND id='47' ) LIMIT 1   [ RunTime:0.0098s ]
SQL: SELECT * FROM `multi_shop` WHERE ( 1=1 AND id='0' ) LIMIT 1   [ RunTime:0.0072s ]
SQL: SELECT * FROM `multi_file` WHERE ( 1=1 AND id='0' ) LIMIT 1   [ RunTime:0.0059s ]
SQL: SELECT * FROM `multi_shop` WHERE ( 1=1 AND id='0' ) LIMIT 1   [ RunTime:0.0088s ]
NOTIC: [2] Missing argument 3 for Common\Model\ArticalModel::getMethod(), called in /www/users/HA84691/WEB/multi/Application/Admin/Controller/ArticalController.class.php on line 15 and defined /www/users/HA84691/WEB/multi/Application/Common/Model/ArticalModel.class.php 第 81 行.
SQL: SELECT COUNT(*) AS tp_count FROM `multi_artical` LIMIT 1   [ RunTime:0.0116s ]
INFO: [ view_parse ] --START--
INFO: [ template_filter ] --START--
INFO: Run Behavior\ContentReplaceBehavior [ RunTime:0.000089s ]
INFO: [ template_filter ] --END-- [ RunTime:0.000163s ]
INFO: Run Behavior\ParseTemplateBehavior [ RunTime:0.057547s ]
INFO: [ view_parse ] --END-- [ RunTime:0.057651s ]
INFO: [ view_filter ] --START--
INFO: Run Behavior\WriteHtmlCacheBehavior [ RunTime:0.000322s ]
INFO: [ view_filter ] --END-- [ RunTime:0.000369s ]
INFO: [ app_end ] --START--
INFO: Run Behavior\ShowPageTraceBehavior [ RunTime:0.000828s ]
INFO: [ app_end ] --END-- [ RunTime:0.000938s ]

[ 2016-05-20T14:38:15+08:00 ] 221.217.244.182 /multi/Admin/Artical/modArtical/id/8?_pjax=%23pjax-container
INFO: [ app_init ] --START--
INFO: Run Behavior\BuildLiteBehavior [ RunTime:0.000024s ]
INFO: [ app_init ] --END-- [ RunTime:0.000513s ]
INFO: [ app_begin ] --START--
INFO: Run Behavior\ReadHtmlCacheBehavior [ RunTime:0.000684s ]
INFO: [ app_begin ] --END-- [ RunTime:0.000769s ]
NOTIC: [2048] Declaration of Admin\Controller\BaseController::display() should be compatible with Think\Controller::display($templateFile = '', $charset = '', $contentType = '', $content = '', $prefix = '') /www/users/HA84691/WEB/multi/Application/Admin/Controller/BaseController.class.php 第 89 行.
NOTIC: [2048] Declaration of Common\Model\ArticalModel::add() should be compatible with Think\Model::add($data = '', $options = Array, $replace = false) /www/users/HA84691/WEB/multi/Application/Common/Model/ArticalModel.class.php 第 7 行.
NOTIC: [2048] Declaration of Common\Model\ArticalModel::addAll() should be compatible with Think\Model::addAll($dataList, $options = Array, $replace = false) /www/users/HA84691/WEB/multi/Application/Common/Model/ArticalModel.class.php 第 7 行.
NOTIC: [2048] Declaration of Common\Model\ArticalModel::save() should be compatible with Think\Model::save($data = '', $options = Array) /www/users/HA84691/WEB/multi/Application/Common/Model/ArticalModel.class.php 第 7 行.
SQL: SHOW COLUMNS FROM `multi_artical` [ RunTime:0.0089s ]
SQL: SELECT * FROM `multi_artical` WHERE `id` = 8 LIMIT 1   [ RunTime:0.0026s ]
NOTIC: [2048] Declaration of Common\Model\FileModel::add() should be compatible with Think\Model::add($data = '', $options = Array, $replace = false) /www/users/HA84691/WEB/multi/Application/Common/Model/FileModel.class.php 第 137 行.
NOTIC: [2048] Declaration of Common\Model\FileModel::addAll() should be compatible with Think\Model::addAll($dataList, $options = Array, $replace = false) /www/users/HA84691/WEB/multi/Application/Common/Model/FileModel.class.php 第 137 行.
NOTIC: [2048] Declaration of Common\Model\FileModel::save() should be compatible with Think\Model::save($data = '', $options = Array) /www/users/HA84691/WEB/multi/Application/Common/Model/FileModel.class.php 第 137 行.
SQL: SHOW COLUMNS FROM `multi_file` [ RunTime:0.0052s ]
SQL: SELECT * FROM `multi_file` WHERE ( 1=1 AND id='0' ) LIMIT 1   [ RunTime:0.0023s ]
SQL: SHOW COLUMNS FROM `multi_shop` [ RunTime:0.0048s ]
SQL: SELECT * FROM `multi_shop` WHERE ( 1=1 AND id='0' ) LIMIT 1   [ RunTime:0.0023s ]
INFO: [ view_parse ] --START--
INFO: [ template_filter ] --START--
INFO: Run Behavior\ContentReplaceBehavior [ RunTime:0.000471s ]
INFO: [ template_filter ] --END-- [ RunTime:0.000559s ]
NOTIC: [8] Array to string conversion /www/users/HA84691/WEB/multi/Application/Runtime/Cache/Admin/a7d652f00d6af7ce52b9df540ad17948.php 第 114 行.
INFO: Run Behavior\ParseTemplateBehavior [ RunTime:0.017246s ]
INFO: [ view_parse ] --END-- [ RunTime:0.017306s ]
INFO: [ view_filter ] --START--
INFO: Run Behavior\WriteHtmlCacheBehavior [ RunTime:0.000326s ]
INFO: [ view_filter ] --END-- [ RunTime:0.000371s ]
INFO: [ app_end ] --START--
INFO: Run Behavior\ShowPageTraceBehavior [ RunTime:0.000864s ]
INFO: [ app_end ] --END-- [ RunTime:0.000934s ]

[ 2016-05-20T14:38:23+08:00 ] 221.217.244.182 /multi/Admin/Artical/delArtical/id/8?_pjax=%23pjax-container
INFO: [ app_init ] --START--
INFO: Run Behavior\BuildLiteBehavior [ RunTime:0.000023s ]
INFO: [ app_init ] --END-- [ RunTime:0.000479s ]
INFO: [ app_begin ] --START--
INFO: Run Behavior\ReadHtmlCacheBehavior [ RunTime:0.000582s ]
INFO: [ app_begin ] --END-- [ RunTime:0.000646s ]
NOTIC: [2048] Declaration of Admin\Controller\BaseController::display() should be compatible with Think\Controller::display($templateFile = '', $charset = '', $contentType = '', $content = '', $prefix = '') /www/users/HA84691/WEB/multi/Application/Admin/Controller/BaseController.class.php 第 89 行.
NOTIC: [2048] Declaration of Common\Model\ArticalModel::add() should be compatible with Think\Model::add($data = '', $options = Array, $replace = false) /www/users/HA84691/WEB/multi/Application/Common/Model/ArticalModel.class.php 第 7 行.
NOTIC: [2048] Declaration of Common\Model\ArticalModel::addAll() should be compatible with Think\Model::addAll($dataList, $options = Array, $replace = false) /www/users/HA84691/WEB/multi/Application/Common/Model/ArticalModel.class.php 第 7 行.
NOTIC: [2048] Declaration of Common\Model\ArticalModel::save() should be compatible with Think\Model::save($data = '', $options = Array) /www/users/HA84691/WEB/multi/Application/Common/Model/ArticalModel.class.php 第 7 行.
SQL: SHOW COLUMNS FROM `multi_artical` [ RunTime:0.0027s ]
SQL: DELETE FROM `multi_artical` WHERE `id` IN ('8') [ RunTime:0.0319s ]

[ 2016-05-20T14:38:24+08:00 ] 221.217.244.182 /multi/Admin/Artical/artical/page/1?_pjax=%23pjax-container
INFO: [ app_init ] --START--
INFO: Run Behavior\BuildLiteBehavior [ RunTime:0.000078s ]
INFO: [ app_init ] --END-- [ RunTime:0.000833s ]
INFO: [ app_begin ] --START--
INFO: Run Behavior\ReadHtmlCacheBehavior [ RunTime:0.000821s ]
INFO: [ app_begin ] --END-- [ RunTime:0.000904s ]
NOTIC: [2048] Declaration of Admin\Controller\BaseController::display() should be compatible with Think\Controller::display($templateFile = '', $charset = '', $contentType = '', $content = '', $prefix = '') /www/users/HA84691/WEB/multi/Application/Admin/Controller/BaseController.class.php 第 89 行.
NOTIC: [2048] Declaration of Common\Model\ArticalModel::add() should be compatible with Think\Model::add($data = '', $options = Array, $replace = false) /www/users/HA84691/WEB/multi/Application/Common/Model/ArticalModel.class.php 第 7 行.
NOTIC: [2048] Declaration of Common\Model\ArticalModel::addAll() should be compatible with Think\Model::addAll($dataList, $options = Array, $replace = false) /www/users/HA84691/WEB/multi/Application/Common/Model/ArticalModel.class.php 第 7 行.
NOTIC: [2048] Declaration of Common\Model\ArticalModel::save() should be compatible with Think\Model::save($data = '', $options = Array) /www/users/HA84691/WEB/multi/Application/Common/Model/ArticalModel.class.php 第 7 行.
SQL: SHOW COLUMNS FROM `multi_artical` [ RunTime:0.0031s ]
SQL: SELECT * FROM `multi_artical` ORDER BY id desc LIMIT 0,25   [ RunTime:0.0025s ]
NOTIC: [2048] Declaration of Common\Model\FileModel::add() should be compatible with Think\Model::add($data = '', $options = Array, $replace = false) /www/users/HA84691/WEB/multi/Application/Common/Model/FileModel.class.php 第 137 行.
NOTIC: [2048] Declaration of Common\Model\FileModel::addAll() should be compatible with Think\Model::addAll($dataList, $options = Array, $replace = false) /www/users/HA84691/WEB/multi/Application/Common/Model/FileModel.class.php 第 137 行.
NOTIC: [2048] Declaration of Common\Model\FileModel::save() should be compatible with Think\Model::save($data = '', $options = Array) /www/users/HA84691/WEB/multi/Application/Common/Model/FileModel.class.php 第 137 行.
SQL: SHOW COLUMNS FROM `multi_file` [ RunTime:0.0020s ]
SQL: SELECT * FROM `multi_file` WHERE ( 1=1 AND id='47' ) LIMIT 1   [ RunTime:0.0021s ]
SQL: SHOW COLUMNS FROM `multi_shop` [ RunTime:0.0043s ]
SQL: SELECT * FROM `multi_shop` WHERE ( 1=1 AND id='136' ) LIMIT 1   [ RunTime:0.0135s ]
SQL: SELECT * FROM `multi_file` WHERE ( 1=1 AND id='47' ) LIMIT 1   [ RunTime:0.0099s ]
SQL: SELECT * FROM `multi_shop` WHERE ( 1=1 AND id='0' ) LIMIT 1   [ RunTime:0.0080s ]
SQL: SELECT * FROM `multi_file` WHERE ( 1=1 AND id='0' ) LIMIT 1   [ RunTime:0.0045s ]
SQL: SELECT * FROM `multi_shop` WHERE ( 1=1 AND id='0' ) LIMIT 1   [ RunTime:0.0029s ]
NOTIC: [2] Missing argument 3 for Common\Model\ArticalModel::getMethod(), called in /www/users/HA84691/WEB/multi/Application/Admin/Controller/ArticalController.class.php on line 15 and defined /www/users/HA84691/WEB/multi/Application/Common/Model/ArticalModel.class.php 第 81 行.
SQL: SELECT COUNT(*) AS tp_count FROM `multi_artical` LIMIT 1   [ RunTime:0.0079s ]
INFO: [ view_parse ] --START--
INFO: [ template_filter ] --START--
INFO: Run Behavior\ContentReplaceBehavior [ RunTime:0.000090s ]
INFO: [ template_filter ] --END-- [ RunTime:0.000169s ]
INFO: Run Behavior\ParseTemplateBehavior [ RunTime:0.037031s ]
INFO: [ view_parse ] --END-- [ RunTime:0.037200s ]
INFO: [ view_filter ] --START--
INFO: Run Behavior\WriteHtmlCacheBehavior [ RunTime:0.000631s ]
INFO: [ view_filter ] --END-- [ RunTime:0.000729s ]
INFO: [ app_end ] --START--
INFO: Run Behavior\ShowPageTraceBehavior [ RunTime:0.003707s ]
INFO: [ app_end ] --END-- [ RunTime:0.003823s ]

[ 2016-05-20T14:50:51+08:00 ] 111.206.36.132 /multi/Admin/Index/orderChart?_pjax=-23pjax-container
INFO: [ app_init ] --START--
INFO: Run Behavior\BuildLiteBehavior [ RunTime:0.000026s ]
INFO: [ app_init ] --END-- [ RunTime:0.000521s ]
INFO: [ app_begin ] --START--
INFO: Run Behavior\ReadHtmlCacheBehavior [ RunTime:0.001439s ]
INFO: [ app_begin ] --END-- [ RunTime:0.001536s ]
NOTIC: [2048] Declaration of Admin\Controller\BaseController::display() should be compatible with Think\Controller::display($templateFile = '', $charset = '', $contentType = '', $content = '', $prefix = '') /www/users/HA84691/WEB/multi/Application/Admin/Controller/BaseController.class.php 第 89 行.

[ 2016-05-20T14:50:52+08:00 ] 111.206.36.132 /multi/Admin/Public/login
INFO: [ app_init ] --START--
INFO: Run Behavior\BuildLiteBehavior [ RunTime:0.000024s ]
INFO: [ app_init ] --END-- [ RunTime:0.000538s ]
INFO: [ app_begin ] --START--
INFO: Run Behavior\ReadHtmlCacheBehavior [ RunTime:0.000697s ]
INFO: [ app_begin ] --END-- [ RunTime:0.000772s ]
INFO: [ view_parse ] --START--
INFO: [ template_filter ] --START--
INFO: Run Behavior\ContentReplaceBehavior [ RunTime:0.000092s ]
INFO: [ template_filter ] --END-- [ RunTime:0.000179s ]
INFO: Run Behavior\ParseTemplateBehavior [ RunTime:0.020175s ]
INFO: [ view_parse ] --END-- [ RunTime:0.020285s ]
INFO: [ view_filter ] --START--
INFO: Run Behavior\WriteHtmlCacheBehavior [ RunTime:0.000517s ]
INFO: [ view_filter ] --END-- [ RunTime:0.000569s ]
INFO: [ app_end ] --START--
INFO: Run Behavior\ShowPageTraceBehavior [ RunTime:0.000729s ]
INFO: [ app_end ] --END-- [ RunTime:0.000801s ]

[ 2016-05-20T14:50:52+08:00 ] 111.206.36.18 /multi/Admin/Public/getVerify
INFO: [ app_init ] --START--
INFO: Run Behavior\BuildLiteBehavior [ RunTime:0.000024s ]
INFO: [ app_init ] --END-- [ RunTime:0.000511s ]
INFO: [ app_begin ] --START--
INFO: Run Behavior\ReadHtmlCacheBehavior [ RunTime:0.000773s ]
INFO: [ app_begin ] --END-- [ RunTime:0.000862s ]
INFO: [ app_end ] --START--
INFO: Run Behavior\ShowPageTraceBehavior [ RunTime:0.005333s ]
INFO: [ app_end ] --END-- [ RunTime:0.005729s ]

[ 2016-05-20T14:51:09+08:00 ] 111.206.36.145 /multi/Admin/Artical/artical?_pjax=-23pjax-container
INFO: [ app_init ] --START--
INFO: Run Behavior\BuildLiteBehavior [ RunTime:0.000022s ]
INFO: [ app_init ] --END-- [ RunTime:0.000481s ]
INFO: [ app_begin ] --START--
INFO: Run Behavior\ReadHtmlCacheBehavior [ RunTime:0.000708s ]
INFO: [ app_begin ] --END-- [ RunTime:0.000774s ]
NOTIC: [2048] Declaration of Admin\Controller\BaseController::display() should be compatible with Think\Controller::display($templateFile = '', $charset = '', $contentType = '', $content = '', $prefix = '') /www/users/HA84691/WEB/multi/Application/Admin/Controller/BaseController.class.php 第 89 行.

[ 2016-05-20T14:51:09+08:00 ] 111.206.36.145 /multi/Admin/Public/login
INFO: [ app_init ] --START--
INFO: Run Behavior\BuildLiteBehavior [ RunTime:0.000024s ]
INFO: [ app_init ] --END-- [ RunTime:0.000552s ]
INFO: [ app_begin ] --START--
INFO: Run Behavior\ReadHtmlCacheBehavior [ RunTime:0.002480s ]
INFO: [ app_begin ] --END-- [ RunTime:0.002609s ]
INFO: [ view_parse ] --START--
INFO: [ template_filter ] --START--
INFO: Run Behavior\ContentReplaceBehavior [ RunTime:0.000116s ]
INFO: [ template_filter ] --END-- [ RunTime:0.000196s ]
INFO: Run Behavior\ParseTemplateBehavior [ RunTime:0.009187s ]
INFO: [ view_parse ] --END-- [ RunTime:0.009324s ]
INFO: [ view_filter ] --START--
INFO: Run Behavior\WriteHtmlCacheBehavior [ RunTime:0.000364s ]
INFO: [ view_filter ] --END-- [ RunTime:0.000422s ]
INFO: [ app_end ] --START--
INFO: Run Behavior\ShowPageTraceBehavior [ RunTime:0.000859s ]
INFO: [ app_end ] --END-- [ RunTime:0.000940s ]

[ 2016-05-20T14:51:10+08:00 ] 111.206.36.12 /multi/Admin/Public/getVerify
INFO: [ app_init ] --START--
INFO: Run Behavior\BuildLiteBehavior [ RunTime:0.000029s ]
INFO: [ app_init ] --END-- [ RunTime:0.001343s ]
INFO: [ app_begin ] --START--
INFO: Run Behavior\ReadHtmlCacheBehavior [ RunTime:0.001010s ]
INFO: [ app_begin ] --END-- [ RunTime:0.001168s ]
INFO: [ app_end ] --START--
INFO: Run Behavior\ShowPageTraceBehavior [ RunTime:0.000873s ]
INFO: [ app_end ] --END-- [ RunTime:0.000964s ]

[ 2016-05-20T14:51:20+08:00 ] 111.206.36.7 /multi/Admin/Artical/addArtical?_pjax=-23pjax-container
INFO: [ app_init ] --START--
INFO: Run Behavior\BuildLiteBehavior [ RunTime:0.000027s ]
INFO: [ app_init ] --END-- [ RunTime:0.003603s ]
INFO: [ app_begin ] --START--
INFO: Run Behavior\ReadHtmlCacheBehavior [ RunTime:0.005381s ]
INFO: [ app_begin ] --END-- [ RunTime:0.005484s ]
NOTIC: [2048] Declaration of Admin\Controller\BaseController::display() should be compatible with Think\Controller::display($templateFile = '', $charset = '', $contentType = '', $content = '', $prefix = '') /www/users/HA84691/WEB/multi/Application/Admin/Controller/BaseController.class.php 第 89 行.

[ 2016-05-20T14:51:20+08:00 ] 111.206.36.7 /multi/Admin/Public/login
INFO: [ app_init ] --START--
INFO: Run Behavior\BuildLiteBehavior [ RunTime:0.000051s ]
INFO: [ app_init ] --END-- [ RunTime:0.001386s ]
INFO: [ app_begin ] --START--
INFO: Run Behavior\ReadHtmlCacheBehavior [ RunTime:0.001281s ]
INFO: [ app_begin ] --END-- [ RunTime:0.001406s ]
INFO: [ view_parse ] --START--
INFO: [ template_filter ] --START--
INFO: Run Behavior\ContentReplaceBehavior [ RunTime:0.000135s ]
INFO: [ template_filter ] --END-- [ RunTime:0.000224s ]
INFO: Run Behavior\ParseTemplateBehavior [ RunTime:0.019124s ]
INFO: [ view_parse ] --END-- [ RunTime:0.019235s ]
INFO: [ view_filter ] --START--
INFO: Run Behavior\WriteHtmlCacheBehavior [ RunTime:0.000523s ]
INFO: [ view_filter ] --END-- [ RunTime:0.000582s ]
INFO: [ app_end ] --START--
INFO: Run Behavior\ShowPageTraceBehavior [ RunTime:0.001226s ]
INFO: [ app_end ] --END-- [ RunTime:0.001317s ]

[ 2016-05-20T14:51:20+08:00 ] 111.206.36.139 /multi/Admin/Public/getVerify
INFO: [ app_init ] --START--
INFO: Run Behavior\BuildLiteBehavior [ RunTime:0.000037s ]
INFO: [ app_init ] --END-- [ RunTime:0.008933s ]
INFO: [ app_begin ] --START--
INFO: Run Behavior\ReadHtmlCacheBehavior [ RunTime:0.001179s ]
INFO: [ app_begin ] --END-- [ RunTime:0.001282s ]
INFO: [ app_end ] --START--
INFO: Run Behavior\ShowPageTraceBehavior [ RunTime:0.000967s ]
INFO: [ app_end ] --END-- [ RunTime:0.001078s ]

[ 2016-05-20T14:51:43+08:00 ] 111.206.36.4 /multi/Admin/Index/index
INFO: [ app_init ] --START--
INFO: Run Behavior\BuildLiteBehavior [ RunTime:0.000023s ]
INFO: [ app_init ] --END-- [ RunTime:0.000517s ]
INFO: [ app_begin ] --START--
INFO: Run Behavior\ReadHtmlCacheBehavior [ RunTime:0.000652s ]
INFO: [ app_begin ] --END-- [ RunTime:0.000719s ]
NOTIC: [2048] Declaration of Admin\Controller\BaseController::display() should be compatible with Think\Controller::display($templateFile = '', $charset = '', $contentType = '', $content = '', $prefix = '') /www/users/HA84691/WEB/multi/Application/Admin/Controller/BaseController.class.php 第 89 行.

[ 2016-05-20T14:51:43+08:00 ] 111.206.36.4 /multi/Admin/Public/login
INFO: [ app_init ] --START--
INFO: Run Behavior\BuildLiteBehavior [ RunTime:0.000023s ]
INFO: [ app_init ] --END-- [ RunTime:0.000571s ]
INFO: [ app_begin ] --START--
INFO: Run Behavior\ReadHtmlCacheBehavior [ RunTime:0.010907s ]
INFO: [ app_begin ] --END-- [ RunTime:0.011004s ]
INFO: [ view_parse ] --START--
INFO: [ template_filter ] --START--
INFO: Run Behavior\ContentReplaceBehavior [ RunTime:0.000086s ]
INFO: [ template_filter ] --END-- [ RunTime:0.000163s ]
INFO: Run Behavior\ParseTemplateBehavior [ RunTime:0.013908s ]
INFO: [ view_parse ] --END-- [ RunTime:0.014010s ]
INFO: [ view_filter ] --START--
INFO: Run Behavior\WriteHtmlCacheBehavior [ RunTime:0.001204s ]
INFO: [ view_filter ] --END-- [ RunTime:0.001510s ]
INFO: [ app_end ] --START--
INFO: Run Behavior\ShowPageTraceBehavior [ RunTime:0.001175s ]
INFO: [ app_end ] --END-- [ RunTime:0.001249s ]

[ 2016-05-20T14:51:44+08:00 ] 111.206.36.8 /multi/Admin/Public/getVerify
INFO: [ app_init ] --START--
INFO: Run Behavior\BuildLiteBehavior [ RunTime:0.000025s ]
INFO: [ app_init ] --END-- [ RunTime:0.000620s ]
INFO: [ app_begin ] --START--
INFO: Run Behavior\ReadHtmlCacheBehavior [ RunTime:0.001916s ]
INFO: [ app_begin ] --END-- [ RunTime:0.002013s ]
INFO: [ app_end ] --START--
INFO: Run Behavior\ShowPageTraceBehavior [ RunTime:0.000796s ]
INFO: [ app_end ] --END-- [ RunTime:0.000952s ]

[ 2016-05-20T14:52:53+08:00 ] 111.206.36.7 /multi/Admin/Artical/artical/page/1?_pjax=-23pjax-container
INFO: [ app_init ] --START--
INFO: Run Behavior\BuildLiteBehavior [ RunTime:0.000029s ]
INFO: [ app_init ] --END-- [ RunTime:0.007916s ]
INFO: [ app_begin ] --START--
INFO: Run Behavior\ReadHtmlCacheBehavior [ RunTime:0.007192s ]
INFO: [ app_begin ] --END-- [ RunTime:0.007318s ]
NOTIC: [2048] Declaration of Admin\Controller\BaseController::display() should be compatible with Think\Controller::display($templateFile = '', $charset = '', $contentType = '', $content = '', $prefix = '') /www/users/HA84691/WEB/multi/Application/Admin/Controller/BaseController.class.php 第 89 行.

[ 2016-05-20T14:52:53+08:00 ] 111.206.36.7 /multi/Admin/Public/login
INFO: [ app_init ] --START--
INFO: Run Behavior\BuildLiteBehavior [ RunTime:0.000029s ]
INFO: [ app_init ] --END-- [ RunTime:0.003274s ]
INFO: [ app_begin ] --START--
INFO: Run Behavior\ReadHtmlCacheBehavior [ RunTime:0.000812s ]
INFO: [ app_begin ] --END-- [ RunTime:0.000901s ]
INFO: [ view_parse ] --START--
INFO: [ template_filter ] --START--
INFO: Run Behavior\ContentReplaceBehavior [ RunTime:0.000096s ]
INFO: [ template_filter ] --END-- [ RunTime:0.000195s ]
INFO: Run Behavior\ParseTemplateBehavior [ RunTime:0.013777s ]
INFO: [ view_parse ] --END-- [ RunTime:0.013916s ]
INFO: [ view_filter ] --START--
INFO: Run Behavior\WriteHtmlCacheBehavior [ RunTime:0.000428s ]
INFO: [ view_filter ] --END-- [ RunTime:0.000477s ]
INFO: [ app_end ] --START--
INFO: Run Behavior\ShowPageTraceBehavior [ RunTime:0.000722s ]
INFO: [ app_end ] --END-- [ RunTime:0.000786s ]

[ 2016-05-20T14:52:54+08:00 ] 111.206.36.19 /multi/Admin/Public/getVerify
INFO: [ app_init ] --START--
INFO: Run Behavior\BuildLiteBehavior [ RunTime:0.000025s ]
INFO: [ app_init ] --END-- [ RunTime:0.000562s ]
INFO: [ app_begin ] --START--
INFO: Run Behavior\ReadHtmlCacheBehavior [ RunTime:0.000728s ]
INFO: [ app_begin ] --END-- [ RunTime:0.000848s ]
INFO: [ app_end ] --START--
INFO: Run Behavior\ShowPageTraceBehavior [ RunTime:0.000904s ]
INFO: [ app_end ] --END-- [ RunTime:0.003977s ]

[ 2016-05-20T14:53:06+08:00 ] 111.206.36.7 /multi/Admin/Artical/delArtical/id/8?_pjax=-23pjax-container
INFO: [ app_init ] --START--
INFO: Run Behavior\BuildLiteBehavior [ RunTime:0.000027s ]
INFO: [ app_init ] --END-- [ RunTime:0.000869s ]
INFO: [ app_begin ] --START--
INFO: Run Behavior\ReadHtmlCacheBehavior [ RunTime:0.001327s ]
INFO: [ app_begin ] --END-- [ RunTime:0.001420s ]
NOTIC: [2048] Declaration of Admin\Controller\BaseController::display() should be compatible with Think\Controller::display($templateFile = '', $charset = '', $contentType = '', $content = '', $prefix = '') /www/users/HA84691/WEB/multi/Application/Admin/Controller/BaseController.class.php 第 89 行.

[ 2016-05-20T14:53:06+08:00 ] 111.206.36.7 /multi/Admin/Public/login
INFO: [ app_init ] --START--
INFO: Run Behavior\BuildLiteBehavior [ RunTime:0.000021s ]
INFO: [ app_init ] --END-- [ RunTime:0.000542s ]
INFO: [ app_begin ] --START--
INFO: Run Behavior\ReadHtmlCacheBehavior [ RunTime:0.002545s ]
INFO: [ app_begin ] --END-- [ RunTime:0.002631s ]
INFO: [ view_parse ] --START--
INFO: [ template_filter ] --START--
INFO: Run Behavior\ContentReplaceBehavior [ RunTime:0.000139s ]
INFO: [ template_filter ] --END-- [ RunTime:0.000242s ]
INFO: Run Behavior\ParseTemplateBehavior [ RunTime:0.017137s ]
INFO: [ view_parse ] --END-- [ RunTime:0.017245s ]
INFO: [ view_filter ] --START--
INFO: Run Behavior\WriteHtmlCacheBehavior [ RunTime:0.000337s ]
INFO: [ view_filter ] --END-- [ RunTime:0.000386s ]
INFO: [ app_end ] --START--
INFO: Run Behavior\ShowPageTraceBehavior [ RunTime:0.000638s ]
INFO: [ app_end ] --END-- [ RunTime:0.000712s ]

[ 2016-05-20T14:53:06+08:00 ] 111.206.36.146 /multi/Admin/Public/getVerify
INFO: [ app_init ] --START--
INFO: Run Behavior\BuildLiteBehavior [ RunTime:0.000024s ]
INFO: [ app_init ] --END-- [ RunTime:0.001343s ]
INFO: [ app_begin ] --START--
INFO: Run Behavior\ReadHtmlCacheBehavior [ RunTime:0.001968s ]
INFO: [ app_begin ] --END-- [ RunTime:0.002066s ]
INFO: [ app_end ] --START--
INFO: Run Behavior\ShowPageTraceBehavior [ RunTime:0.001164s ]
INFO: [ app_end ] --END-- [ RunTime:0.001289s ]

