[ 2016-04-10T12:00:38+08:00 ] 125.47.65.125 /multi/Public/Uploads/nullnull
INFO: [ app_init ] --START--
INFO: Run Behavior\BuildLiteBehavior [ RunTime:0.000025s ]
INFO: [ app_init ] --END-- [ RunTime:0.000475s ]
INFO: [ app_begin ] --START--
INFO: Run Behavior\ReadHtmlCacheBehavior [ RunTime:0.000793s ]
INFO: [ app_begin ] --END-- [ RunTime:0.000901s ]
ERR: 非法操作:Uploads

[ 2016-04-10T12:01:23+08:00 ] 125.47.65.125 /multi/Public/Uploads/nullnull
INFO: [ app_init ] --START--
INFO: Run Behavior\BuildLiteBehavior [ RunTime:0.000028s ]
INFO: [ app_init ] --END-- [ RunTime:0.000625s ]
INFO: [ app_begin ] --START--
INFO: Run Behavior\ReadHtmlCacheBehavior [ RunTime:0.000691s ]
INFO: [ app_begin ] --END-- [ RunTime:0.000782s ]
ERR: 非法操作:Uploads

[ 2016-04-10T12:05:12+08:00 ] 125.47.65.125 /multi/Public/Uploads/nullnull
INFO: [ app_init ] --START--
INFO: Run Behavior\BuildLiteBehavior [ RunTime:0.000057s ]
INFO: [ app_init ] --END-- [ RunTime:0.000831s ]
INFO: [ app_begin ] --START--
INFO: Run Behavior\ReadHtmlCacheBehavior [ RunTime:0.000936s ]
INFO: [ app_begin ] --END-- [ RunTime:0.001031s ]
ERR: 非法操作:Uploads

[ 2016-04-10T12:05:16+08:00 ] 125.47.65.125 /multi/Public/Uploads/nullnull
INFO: [ app_init ] --START--
INFO: Run Behavior\BuildLiteBehavior [ RunTime:0.000022s ]
INFO: [ app_init ] --END-- [ RunTime:0.000449s ]
INFO: [ app_begin ] --START--
INFO: Run Behavior\ReadHtmlCacheBehavior [ RunTime:0.001251s ]
INFO: [ app_begin ] --END-- [ RunTime:0.001330s ]
ERR: 非法操作:Uploads

[ 2016-04-10T14:40:18+08:00 ] 223.104.19.23 /multi/Public/Uploads/nullnull
INFO: [ app_init ] --START--
INFO: Run Behavior\BuildLiteBehavior [ RunTime:0.000023s ]
INFO: [ app_init ] --END-- [ RunTime:0.000479s ]
INFO: [ app_begin ] --START--
INFO: Run Behavior\ReadHtmlCacheBehavior [ RunTime:0.000615s ]
INFO: [ app_begin ] --END-- [ RunTime:0.000685s ]
ERR: 非法操作:Uploads

[ 2016-04-10T21:55:13+08:00 ] 125.47.65.125 /multi/Admin/
INFO: [ app_init ] --START--
INFO: Run Behavior\BuildLiteBehavior [ RunTime:0.000023s ]
INFO: [ app_init ] --END-- [ RunTime:0.000503s ]
INFO: [ app_begin ] --START--
INFO: Run Behavior\ReadHtmlCacheBehavior [ RunTime:0.000723s ]
INFO: [ app_begin ] --END-- [ RunTime:0.000863s ]
NOTIC: [2048] Declaration of Admin\Controller\BaseController::display() should be compatible with Think\Controller::display($templateFile = '', $charset = '', $contentType = '', $content = '', $prefix = '') /www/users/HA84691/WEB/multi/Application/Admin/Controller/BaseController.class.php 第 89 行.

[ 2016-04-10T21:55:14+08:00 ] 125.47.65.125 /multi/Admin/Public/login
INFO: [ app_init ] --START--
INFO: Run Behavior\BuildLiteBehavior [ RunTime:0.000025s ]
INFO: [ app_init ] --END-- [ RunTime:0.000520s ]
INFO: [ app_begin ] --START--
INFO: Run Behavior\ReadHtmlCacheBehavior [ RunTime:0.000700s ]
INFO: [ app_begin ] --END-- [ RunTime:0.000769s ]
INFO: [ view_parse ] --START--
INFO: [ template_filter ] --START--
INFO: Run Behavior\ContentReplaceBehavior [ RunTime:0.000096s ]
INFO: [ template_filter ] --END-- [ RunTime:0.000197s ]
INFO: Run Behavior\ParseTemplateBehavior [ RunTime:0.026807s ]
INFO: [ view_parse ] --END-- [ RunTime:0.026973s ]
INFO: [ view_filter ] --START--
INFO: Run Behavior\WriteHtmlCacheBehavior [ RunTime:0.000367s ]
INFO: [ view_filter ] --END-- [ RunTime:0.000423s ]
INFO: [ app_end ] --START--
INFO: Run Behavior\ShowPageTraceBehavior [ RunTime:0.000723s ]
INFO: [ app_end ] --END-- [ RunTime:0.000816s ]

[ 2016-04-10T21:55:14+08:00 ] 125.47.65.125 /multi/Admin/Public/getVerify
INFO: [ app_init ] --START--
INFO: Run Behavior\BuildLiteBehavior [ RunTime:0.000026s ]
INFO: [ app_init ] --END-- [ RunTime:0.000535s ]
INFO: [ app_begin ] --START--
INFO: Run Behavior\ReadHtmlCacheBehavior [ RunTime:0.000736s ]
INFO: [ app_begin ] --END-- [ RunTime:0.000839s ]
INFO: [ app_end ] --START--
INFO: Run Behavior\ShowPageTraceBehavior [ RunTime:0.000762s ]
INFO: [ app_end ] --END-- [ RunTime:0.000850s ]

[ 2016-04-10T21:55:20+08:00 ] 125.47.65.125 /multi/Admin/Public/login
INFO: [ app_init ] --START--
INFO: Run Behavior\BuildLiteBehavior [ RunTime:0.000023s ]
INFO: [ app_init ] --END-- [ RunTime:0.000474s ]
INFO: [ app_begin ] --START--
INFO: Run Behavior\ReadHtmlCacheBehavior [ RunTime:0.007769s ]
INFO: [ app_begin ] --END-- [ RunTime:0.007866s ]
NOTIC: [2048] Declaration of Common\Model\AdminModel::add() should be compatible with Think\Model::add($data = '', $options = Array, $replace = false) /www/users/HA84691/WEB/multi/Application/Common/Model/AdminModel.class.php 第 7 行.
NOTIC: [2048] Declaration of Common\Model\AdminModel::addAll() should be compatible with Think\Model::addAll($dataList, $options = Array, $replace = false) /www/users/HA84691/WEB/multi/Application/Common/Model/AdminModel.class.php 第 7 行.
NOTIC: [2048] Declaration of Common\Model\AdminModel::save() should be compatible with Think\Model::save($data = '', $options = Array) /www/users/HA84691/WEB/multi/Application/Common/Model/AdminModel.class.php 第 7 行.
SQL: SHOW COLUMNS FROM `multi_admin` [ RunTime:0.0038s ]
SQL: SELECT * FROM `multi_admin` WHERE `username` = 'admin' AND `password` = '21232f297a57a5a743894a0e4a801fc3' LIMIT 1   [ RunTime:0.0017s ]
NOTIC: [2048] Declaration of Common\Model\AuthGroupAccessModel::add() should be compatible with Think\Model::add($data = '', $options = Array, $replace = false) /www/users/HA84691/WEB/multi/Application/Common/Model/AuthGroupAccessModel.class.php 第 23 行.
SQL: SHOW COLUMNS FROM `multi_auth_group_access` [ RunTime:0.0071s ]
SQL: SELECT * FROM `multi_auth_group_access` WHERE ( 1=1 AND uid='1' ) LIMIT 1   [ RunTime:0.0022s ]

[ 2016-04-10T21:55:31+08:00 ] 125.47.65.125 /multi/Admin/Index/index
INFO: [ app_init ] --START--
INFO: Run Behavior\BuildLiteBehavior [ RunTime:0.000025s ]
INFO: [ app_init ] --END-- [ RunTime:0.000588s ]
INFO: [ app_begin ] --START--
INFO: Run Behavior\ReadHtmlCacheBehavior [ RunTime:0.000789s ]
INFO: [ app_begin ] --END-- [ RunTime:0.000859s ]
NOTIC: [2048] Declaration of Admin\Controller\BaseController::display() should be compatible with Think\Controller::display($templateFile = '', $charset = '', $contentType = '', $content = '', $prefix = '') /www/users/HA84691/WEB/multi/Application/Admin/Controller/BaseController.class.php 第 89 行.
NOTIC: [2048] Declaration of Common\Model\OrderModel::add() should be compatible with Think\Model::add($data = '', $options = Array, $replace = false) /www/users/HA84691/WEB/multi/Application/Common/Model/OrderModel.class.php 第 7 行.
NOTIC: [2048] Declaration of Common\Model\OrderModel::addAll() should be compatible with Think\Model::addAll($dataList, $options = Array, $replace = false) /www/users/HA84691/WEB/multi/Application/Common/Model/OrderModel.class.php 第 7 行.
NOTIC: [2048] Declaration of Common\Model\OrderModel::save() should be compatible with Think\Model::save($data = '', $options = Array) /www/users/HA84691/WEB/multi/Application/Common/Model/OrderModel.class.php 第 7 行.
SQL: SHOW COLUMNS FROM `multi_order` [ RunTime:0.0029s ]
NOTIC: [2] Missing argument 3 for Common\Model\OrderModel::getMethod(), called in /www/users/HA84691/WEB/multi/Application/Admin/Controller/IndexController.class.php on line 9 and defined /www/users/HA84691/WEB/multi/Application/Common/Model/OrderModel.class.php 第 73 行.
SQL: SELECT COUNT(*) AS tp_count FROM `multi_order` WHERE `status` = 0 LIMIT 1   [ RunTime:0.0013s ]
SQL: SELECT SUM(totalprice) AS tp_sum FROM `multi_order` WHERE `status` = 0 LIMIT 1   [ RunTime:0.0017s ]
NOTIC: [2048] Declaration of Common\Model\UserModel::add() should be compatible with Think\Model::add($data = '', $options = Array, $replace = false) /www/users/HA84691/WEB/multi/Application/Common/Model/UserModel.class.php 第 139 行.
NOTIC: [2048] Declaration of Common\Model\UserModel::addAll() should be compatible with Think\Model::addAll($dataList, $options = Array, $replace = false) /www/users/HA84691/WEB/multi/Application/Common/Model/UserModel.class.php 第 139 行.
NOTIC: [2048] Declaration of Common\Model\UserModel::save() should be compatible with Think\Model::save($data = '', $options = Array) /www/users/HA84691/WEB/multi/Application/Common/Model/UserModel.class.php 第 139 行.
SQL: SHOW COLUMNS FROM `multi_user` [ RunTime:0.0029s ]
NOTIC: [2] Missing argument 3 for Common\Model\UserModel::getMethod(), called in /www/users/HA84691/WEB/multi/Application/Admin/Controller/IndexController.class.php on line 15 and defined /www/users/HA84691/WEB/multi/Application/Common/Model/UserModel.class.php 第 96 行.
SQL: SELECT COUNT(*) AS tp_count FROM `multi_user` LIMIT 1   [ RunTime:0.0017s ]
NOTIC: [2] Missing argument 3 for Common\Model\OrderModel::getMethod(), called in /www/users/HA84691/WEB/multi/Application/Admin/Controller/IndexController.class.php on line 18 and defined /www/users/HA84691/WEB/multi/Application/Common/Model/OrderModel.class.php 第 73 行.
SQL: SELECT COUNT(*) AS tp_count FROM `multi_order` LIMIT 1   [ RunTime:0.0010s ]
INFO: [ view_parse ] --START--
INFO: [ template_filter ] --START--
INFO: Run Behavior\ContentReplaceBehavior [ RunTime:0.000253s ]
INFO: [ template_filter ] --END-- [ RunTime:0.000462s ]
NOTIC: [8] Undefined variable: ip /www/users/HA84691/WEB/multi/Application/Runtime/Cache/Admin/6fedbbe541e195344bf1450076482852.php 第 397 行.
INFO: Run Behavior\ParseTemplateBehavior [ RunTime:0.078388s ]
INFO: [ view_parse ] --END-- [ RunTime:0.078456s ]
INFO: [ view_filter ] --START--
INFO: Run Behavior\WriteHtmlCacheBehavior [ RunTime:0.000519s ]
INFO: [ view_filter ] --END-- [ RunTime:0.000570s ]
INFO: [ app_end ] --START--
INFO: Run Behavior\ShowPageTraceBehavior [ RunTime:0.000705s ]
INFO: [ app_end ] --END-- [ RunTime:0.000770s ]

[ 2016-04-10T21:55:31+08:00 ] 180.153.206.25 /multi/Admin/Index/index
INFO: [ app_init ] --START--
INFO: Run Behavior\BuildLiteBehavior [ RunTime:0.000024s ]
INFO: [ app_init ] --END-- [ RunTime:0.000543s ]
INFO: [ app_begin ] --START--
INFO: Run Behavior\ReadHtmlCacheBehavior [ RunTime:0.000678s ]
INFO: [ app_begin ] --END-- [ RunTime:0.000748s ]
NOTIC: [2048] Declaration of Admin\Controller\BaseController::display() should be compatible with Think\Controller::display($templateFile = '', $charset = '', $contentType = '', $content = '', $prefix = '') /www/users/HA84691/WEB/multi/Application/Admin/Controller/BaseController.class.php 第 89 行.

[ 2016-04-10T21:55:32+08:00 ] 180.153.206.25 /multi/Admin/Public/login
INFO: [ app_init ] --START--
INFO: Run Behavior\BuildLiteBehavior [ RunTime:0.000023s ]
INFO: [ app_init ] --END-- [ RunTime:0.000473s ]
INFO: [ app_begin ] --START--
INFO: Run Behavior\ReadHtmlCacheBehavior [ RunTime:0.000568s ]
INFO: [ app_begin ] --END-- [ RunTime:0.000633s ]
INFO: [ view_parse ] --START--
INFO: [ template_filter ] --START--
INFO: Run Behavior\ContentReplaceBehavior [ RunTime:0.000086s ]
INFO: [ template_filter ] --END-- [ RunTime:0.000166s ]
INFO: Run Behavior\ParseTemplateBehavior [ RunTime:0.016104s ]
INFO: [ view_parse ] --END-- [ RunTime:0.016188s ]
INFO: [ view_filter ] --START--
INFO: Run Behavior\WriteHtmlCacheBehavior [ RunTime:0.000328s ]
INFO: [ view_filter ] --END-- [ RunTime:0.000377s ]
INFO: [ app_end ] --START--
INFO: Run Behavior\ShowPageTraceBehavior [ RunTime:0.000600s ]
INFO: [ app_end ] --END-- [ RunTime:0.000652s ]

[ 2016-04-10T21:55:39+08:00 ] 112.64.235.251 /multi/Admin/User/authGroup
INFO: [ app_init ] --START--
INFO: Run Behavior\BuildLiteBehavior [ RunTime:0.000146s ]
INFO: [ app_init ] --END-- [ RunTime:0.001292s ]
INFO: [ app_begin ] --START--
INFO: Run Behavior\ReadHtmlCacheBehavior [ RunTime:0.001137s ]
INFO: [ app_begin ] --END-- [ RunTime:0.001291s ]
NOTIC: [2048] Declaration of Admin\Controller\BaseController::display() should be compatible with Think\Controller::display($templateFile = '', $charset = '', $contentType = '', $content = '', $prefix = '') /www/users/HA84691/WEB/multi/Application/Admin/Controller/BaseController.class.php 第 89 行.

[ 2016-04-10T21:55:39+08:00 ] 112.64.235.251 /multi/Admin/Public/login
INFO: [ app_init ] --START--
INFO: Run Behavior\BuildLiteBehavior [ RunTime:0.000028s ]
INFO: [ app_init ] --END-- [ RunTime:0.000773s ]
INFO: [ app_begin ] --START--
INFO: Run Behavior\ReadHtmlCacheBehavior [ RunTime:0.000621s ]
INFO: [ app_begin ] --END-- [ RunTime:0.000693s ]
INFO: [ view_parse ] --START--
INFO: [ template_filter ] --START--
INFO: Run Behavior\ContentReplaceBehavior [ RunTime:0.000102s ]
INFO: [ template_filter ] --END-- [ RunTime:0.000219s ]
INFO: Run Behavior\ParseTemplateBehavior [ RunTime:0.013590s ]
INFO: [ view_parse ] --END-- [ RunTime:0.013680s ]
INFO: [ view_filter ] --START--
INFO: Run Behavior\WriteHtmlCacheBehavior [ RunTime:0.003871s ]
INFO: [ view_filter ] --END-- [ RunTime:0.003962s ]
INFO: [ app_end ] --START--
INFO: Run Behavior\ShowPageTraceBehavior [ RunTime:0.000629s ]
INFO: [ app_end ] --END-- [ RunTime:0.000682s ]

[ 2016-04-10T21:55:40+08:00 ] 125.47.65.125 /multi/Admin/Base/getNotify
INFO: [ app_init ] --START--
INFO: Run Behavior\BuildLiteBehavior [ RunTime:0.000024s ]
INFO: [ app_init ] --END-- [ RunTime:0.000513s ]
INFO: [ app_begin ] --START--
INFO: Run Behavior\ReadHtmlCacheBehavior [ RunTime:0.000678s ]
INFO: [ app_begin ] --END-- [ RunTime:0.000747s ]
NOTIC: [2048] Declaration of Admin\Controller\BaseController::display() should be compatible with Think\Controller::display($templateFile = '', $charset = '', $contentType = '', $content = '', $prefix = '') /www/users/HA84691/WEB/multi/Application/Admin/Controller/BaseController.class.php 第 89 行.
INFO: [ app_end ] --START--
INFO: Run Behavior\ShowPageTraceBehavior [ RunTime:0.001148s ]
INFO: [ app_end ] --END-- [ RunTime:0.001251s ]

[ 2016-04-10T21:55:47+08:00 ] 101.226.33.216 /multi/Admin/User/admin
INFO: [ app_init ] --START--
INFO: Run Behavior\BuildLiteBehavior [ RunTime:0.000046s ]
INFO: [ app_init ] --END-- [ RunTime:0.000509s ]
INFO: [ app_begin ] --START--
INFO: Run Behavior\ReadHtmlCacheBehavior [ RunTime:0.000622s ]
INFO: [ app_begin ] --END-- [ RunTime:0.000819s ]
NOTIC: [2048] Declaration of Admin\Controller\BaseController::display() should be compatible with Think\Controller::display($templateFile = '', $charset = '', $contentType = '', $content = '', $prefix = '') /www/users/HA84691/WEB/multi/Application/Admin/Controller/BaseController.class.php 第 89 行.

[ 2016-04-10T21:55:48+08:00 ] 101.226.33.216 /multi/Admin/Public/login
INFO: [ app_init ] --START--
INFO: Run Behavior\BuildLiteBehavior [ RunTime:0.000026s ]
INFO: [ app_init ] --END-- [ RunTime:0.003350s ]
INFO: [ app_begin ] --START--
INFO: Run Behavior\ReadHtmlCacheBehavior [ RunTime:0.000681s ]
INFO: [ app_begin ] --END-- [ RunTime:0.000765s ]
INFO: [ view_parse ] --START--
INFO: [ template_filter ] --START--
INFO: Run Behavior\ContentReplaceBehavior [ RunTime:0.000087s ]
INFO: [ template_filter ] --END-- [ RunTime:0.000172s ]
INFO: Run Behavior\ParseTemplateBehavior [ RunTime:0.029253s ]
INFO: [ view_parse ] --END-- [ RunTime:0.037156s ]
INFO: [ view_filter ] --START--
INFO: Run Behavior\WriteHtmlCacheBehavior [ RunTime:0.000387s ]
INFO: [ view_filter ] --END-- [ RunTime:0.000441s ]
INFO: [ app_end ] --START--
INFO: Run Behavior\ShowPageTraceBehavior [ RunTime:0.001122s ]
INFO: [ app_end ] --END-- [ RunTime:0.001219s ]

[ 2016-04-10T21:55:50+08:00 ] 125.47.65.125 /multi/Admin/User/authGroup?_pjax=%23pjax-container
INFO: [ app_init ] --START--
INFO: Run Behavior\BuildLiteBehavior [ RunTime:0.000031s ]
INFO: [ app_init ] --END-- [ RunTime:0.000653s ]
INFO: [ app_begin ] --START--
INFO: Run Behavior\ReadHtmlCacheBehavior [ RunTime:0.000804s ]
INFO: [ app_begin ] --END-- [ RunTime:0.000887s ]
NOTIC: [2048] Declaration of Admin\Controller\BaseController::display() should be compatible with Think\Controller::display($templateFile = '', $charset = '', $contentType = '', $content = '', $prefix = '') /www/users/HA84691/WEB/multi/Application/Admin/Controller/BaseController.class.php 第 89 行.
NOTIC: [2048] Declaration of Common\Model\AuthGroupModel::add() should be compatible with Think\Model::add($data = '', $options = Array, $replace = false) /www/users/HA84691/WEB/multi/Application/Common/Model/AuthGroupModel.class.php 第 7 行.
SQL: SHOW COLUMNS FROM `multi_auth_group` [ RunTime:0.0027s ]
SQL: SELECT * FROM `multi_auth_group` ORDER BY id desc  [ RunTime:0.0138s ]
INFO: [ view_parse ] --START--
INFO: [ template_filter ] --START--
INFO: Run Behavior\ContentReplaceBehavior [ RunTime:0.000076s ]
INFO: [ template_filter ] --END-- [ RunTime:0.000167s ]
INFO: Run Behavior\ParseTemplateBehavior [ RunTime:0.018563s ]
INFO: [ view_parse ] --END-- [ RunTime:0.018656s ]
INFO: [ view_filter ] --START--
INFO: Run Behavior\WriteHtmlCacheBehavior [ RunTime:0.000376s ]
INFO: [ view_filter ] --END-- [ RunTime:0.000431s ]
INFO: [ app_end ] --START--
INFO: Run Behavior\ShowPageTraceBehavior [ RunTime:0.006323s ]
INFO: [ app_end ] --END-- [ RunTime:0.006446s ]

[ 2016-04-10T21:55:50+08:00 ] 125.47.65.125 /multi/Admin/User/authGroup?_pjax=%23pjax-container
INFO: [ app_init ] --START--
INFO: Run Behavior\BuildLiteBehavior [ RunTime:0.000023s ]
INFO: [ app_init ] --END-- [ RunTime:0.000505s ]
INFO: [ app_begin ] --START--
INFO: Run Behavior\ReadHtmlCacheBehavior [ RunTime:0.000573s ]
INFO: [ app_begin ] --END-- [ RunTime:0.000667s ]
NOTIC: [2048] Declaration of Admin\Controller\BaseController::display() should be compatible with Think\Controller::display($templateFile = '', $charset = '', $contentType = '', $content = '', $prefix = '') /www/users/HA84691/WEB/multi/Application/Admin/Controller/BaseController.class.php 第 89 行.
NOTIC: [2048] Declaration of Common\Model\AuthGroupModel::add() should be compatible with Think\Model::add($data = '', $options = Array, $replace = false) /www/users/HA84691/WEB/multi/Application/Common/Model/AuthGroupModel.class.php 第 7 行.
SQL: SHOW COLUMNS FROM `multi_auth_group` [ RunTime:0.0068s ]
SQL: SELECT * FROM `multi_auth_group` ORDER BY id desc  [ RunTime:0.0045s ]
INFO: [ view_parse ] --START--
INFO: [ template_filter ] --START--
INFO: Run Behavior\ContentReplaceBehavior [ RunTime:0.000079s ]
INFO: [ template_filter ] --END-- [ RunTime:0.000174s ]
INFO: Run Behavior\ParseTemplateBehavior [ RunTime:0.013617s ]
INFO: [ view_parse ] --END-- [ RunTime:0.013794s ]
INFO: [ view_filter ] --START--
INFO: Run Behavior\WriteHtmlCacheBehavior [ RunTime:0.000347s ]
INFO: [ view_filter ] --END-- [ RunTime:0.000401s ]
INFO: [ app_end ] --START--
INFO: Run Behavior\ShowPageTraceBehavior [ RunTime:0.000724s ]
INFO: [ app_end ] --END-- [ RunTime:0.000779s ]

[ 2016-04-10T21:56:05+08:00 ] 125.47.65.125 /multi/Admin/User/admin?_pjax=%23pjax-container
INFO: [ app_init ] --START--
INFO: Run Behavior\BuildLiteBehavior [ RunTime:0.000025s ]
INFO: [ app_init ] --END-- [ RunTime:0.000524s ]
INFO: [ app_begin ] --START--
INFO: Run Behavior\ReadHtmlCacheBehavior [ RunTime:0.000630s ]
INFO: [ app_begin ] --END-- [ RunTime:0.000698s ]
NOTIC: [2048] Declaration of Admin\Controller\BaseController::display() should be compatible with Think\Controller::display($templateFile = '', $charset = '', $contentType = '', $content = '', $prefix = '') /www/users/HA84691/WEB/multi/Application/Admin/Controller/BaseController.class.php 第 89 行.
NOTIC: [2048] Declaration of Common\Model\AdminModel::add() should be compatible with Think\Model::add($data = '', $options = Array, $replace = false) /www/users/HA84691/WEB/multi/Application/Common/Model/AdminModel.class.php 第 7 行.
NOTIC: [2048] Declaration of Common\Model\AdminModel::addAll() should be compatible with Think\Model::addAll($dataList, $options = Array, $replace = false) /www/users/HA84691/WEB/multi/Application/Common/Model/AdminModel.class.php 第 7 行.
NOTIC: [2048] Declaration of Common\Model\AdminModel::save() should be compatible with Think\Model::save($data = '', $options = Array) /www/users/HA84691/WEB/multi/Application/Common/Model/AdminModel.class.php 第 7 行.
SQL: SHOW COLUMNS FROM `multi_admin` [ RunTime:0.0028s ]
SQL: SELECT * FROM `multi_admin` ORDER BY id desc  [ RunTime:0.0020s ]
NOTIC: [2048] Declaration of Common\Model\AuthGroupAccessModel::add() should be compatible with Think\Model::add($data = '', $options = Array, $replace = false) /www/users/HA84691/WEB/multi/Application/Common/Model/AuthGroupAccessModel.class.php 第 23 行.
SQL: SHOW COLUMNS FROM `multi_auth_group_access` [ RunTime:0.0029s ]
SQL: SELECT * FROM `multi_auth_group_access` WHERE ( 1=1 AND uid='2' ) LIMIT 1   [ RunTime:0.0016s ]
SQL: SELECT * FROM `multi_auth_group_access` WHERE ( 1=1 AND uid='1' ) LIMIT 1   [ RunTime:0.0058s ]
SQL: SHOW COLUMNS FROM `multi_auth_group_access` [ RunTime:0.0025s ]
SQL: SELECT `uid`,`group_id`,`title`,`rules` FROM multi_auth_group_access a INNER JOIN multi_auth_group g on a.group_id=g.id  WHERE ( a.uid='2' and g.status='1' )  [ RunTime:0.0028s ]
SQL: SHOW COLUMNS FROM `multi_auth_group_access` [ RunTime:0.0033s ]
SQL: SELECT `uid`,`group_id`,`title`,`rules` FROM multi_auth_group_access a INNER JOIN multi_auth_group g on a.group_id=g.id  WHERE ( a.uid='1' and g.status='1' )  [ RunTime:0.0118s ]
INFO: [ view_parse ] --START--
INFO: [ template_filter ] --START--
INFO: Run Behavior\ContentReplaceBehavior [ RunTime:0.001857s ]
INFO: [ template_filter ] --END-- [ RunTime:0.001983s ]
NOTIC: [8] Undefined variable: page /www/users/HA84691/WEB/multi/Application/Runtime/Cache/Admin/da139d130d4c6a633eb9290b85f781ae.php 第 76 行.
INFO: Run Behavior\ParseTemplateBehavior [ RunTime:0.040467s ]
INFO: [ view_parse ] --END-- [ RunTime:0.040561s ]
INFO: [ view_filter ] --START--
INFO: Run Behavior\WriteHtmlCacheBehavior [ RunTime:0.000513s ]
INFO: [ view_filter ] --END-- [ RunTime:0.000594s ]
INFO: [ app_end ] --START--
INFO: Run Behavior\ShowPageTraceBehavior [ RunTime:0.000913s ]
INFO: [ app_end ] --END-- [ RunTime:0.000984s ]

[ 2016-04-10T21:56:08+08:00 ] 125.47.65.125 /multi/Admin/User/authGroup?_pjax=%23pjax-container
INFO: [ app_init ] --START--
INFO: Run Behavior\BuildLiteBehavior [ RunTime:0.000024s ]
INFO: [ app_init ] --END-- [ RunTime:0.000563s ]
INFO: [ app_begin ] --START--
INFO: Run Behavior\ReadHtmlCacheBehavior [ RunTime:0.000617s ]
INFO: [ app_begin ] --END-- [ RunTime:0.000690s ]
NOTIC: [2048] Declaration of Admin\Controller\BaseController::display() should be compatible with Think\Controller::display($templateFile = '', $charset = '', $contentType = '', $content = '', $prefix = '') /www/users/HA84691/WEB/multi/Application/Admin/Controller/BaseController.class.php 第 89 行.
NOTIC: [2048] Declaration of Common\Model\AuthGroupModel::add() should be compatible with Think\Model::add($data = '', $options = Array, $replace = false) /www/users/HA84691/WEB/multi/Application/Common/Model/AuthGroupModel.class.php 第 7 行.
SQL: SHOW COLUMNS FROM `multi_auth_group` [ RunTime:0.0040s ]
SQL: SELECT * FROM `multi_auth_group` ORDER BY id desc  [ RunTime:0.0015s ]
INFO: [ view_parse ] --START--
INFO: [ template_filter ] --START--
INFO: Run Behavior\ContentReplaceBehavior [ RunTime:0.000066s ]
INFO: [ template_filter ] --END-- [ RunTime:0.000144s ]
INFO: Run Behavior\ParseTemplateBehavior [ RunTime:0.011120s ]
INFO: [ view_parse ] --END-- [ RunTime:0.011187s ]
INFO: [ view_filter ] --START--
INFO: Run Behavior\WriteHtmlCacheBehavior [ RunTime:0.000318s ]
INFO: [ view_filter ] --END-- [ RunTime:0.000363s ]
INFO: [ app_end ] --START--
INFO: Run Behavior\ShowPageTraceBehavior [ RunTime:0.001127s ]
INFO: [ app_end ] --END-- [ RunTime:0.001176s ]

[ 2016-04-10T21:56:10+08:00 ] 125.47.65.125 /multi/Admin/User/admin?_pjax=%23pjax-container
INFO: [ app_init ] --START--
INFO: Run Behavior\BuildLiteBehavior [ RunTime:0.000028s ]
INFO: [ app_init ] --END-- [ RunTime:0.000647s ]
INFO: [ app_begin ] --START--
INFO: Run Behavior\ReadHtmlCacheBehavior [ RunTime:0.000969s ]
INFO: [ app_begin ] --END-- [ RunTime:0.001049s ]
NOTIC: [2048] Declaration of Admin\Controller\BaseController::display() should be compatible with Think\Controller::display($templateFile = '', $charset = '', $contentType = '', $content = '', $prefix = '') /www/users/HA84691/WEB/multi/Application/Admin/Controller/BaseController.class.php 第 89 行.
NOTIC: [2048] Declaration of Common\Model\AdminModel::add() should be compatible with Think\Model::add($data = '', $options = Array, $replace = false) /www/users/HA84691/WEB/multi/Application/Common/Model/AdminModel.class.php 第 7 行.
NOTIC: [2048] Declaration of Common\Model\AdminModel::addAll() should be compatible with Think\Model::addAll($dataList, $options = Array, $replace = false) /www/users/HA84691/WEB/multi/Application/Common/Model/AdminModel.class.php 第 7 行.
NOTIC: [2048] Declaration of Common\Model\AdminModel::save() should be compatible with Think\Model::save($data = '', $options = Array) /www/users/HA84691/WEB/multi/Application/Common/Model/AdminModel.class.php 第 7 行.
SQL: SHOW COLUMNS FROM `multi_admin` [ RunTime:0.0026s ]
SQL: SELECT * FROM `multi_admin` ORDER BY id desc  [ RunTime:0.0072s ]
NOTIC: [2048] Declaration of Common\Model\AuthGroupAccessModel::add() should be compatible with Think\Model::add($data = '', $options = Array, $replace = false) /www/users/HA84691/WEB/multi/Application/Common/Model/AuthGroupAccessModel.class.php 第 23 行.
SQL: SHOW COLUMNS FROM `multi_auth_group_access` [ RunTime:0.0091s ]
SQL: SELECT * FROM `multi_auth_group_access` WHERE ( 1=1 AND uid='2' ) LIMIT 1   [ RunTime:0.0030s ]
SQL: SELECT * FROM `multi_auth_group_access` WHERE ( 1=1 AND uid='1' ) LIMIT 1   [ RunTime:0.0015s ]
SQL: SHOW COLUMNS FROM `multi_auth_group_access` [ RunTime:0.0023s ]
SQL: SELECT `uid`,`group_id`,`title`,`rules` FROM multi_auth_group_access a INNER JOIN multi_auth_group g on a.group_id=g.id  WHERE ( a.uid='2' and g.status='1' )  [ RunTime:0.0020s ]
SQL: SHOW COLUMNS FROM `multi_auth_group_access` [ RunTime:0.0030s ]
SQL: SELECT `uid`,`group_id`,`title`,`rules` FROM multi_auth_group_access a INNER JOIN multi_auth_group g on a.group_id=g.id  WHERE ( a.uid='1' and g.status='1' )  [ RunTime:0.0019s ]
INFO: [ view_parse ] --START--
INFO: [ template_filter ] --START--
INFO: Run Behavior\ContentReplaceBehavior [ RunTime:0.000108s ]
INFO: [ template_filter ] --END-- [ RunTime:0.000220s ]
NOTIC: [8] Undefined variable: page /www/users/HA84691/WEB/multi/Application/Runtime/Cache/Admin/da139d130d4c6a633eb9290b85f781ae.php 第 76 行.
INFO: Run Behavior\ParseTemplateBehavior [ RunTime:0.033578s ]
INFO: [ view_parse ] --END-- [ RunTime:0.035720s ]
INFO: [ view_filter ] --START--
INFO: Run Behavior\WriteHtmlCacheBehavior [ RunTime:0.000464s ]
INFO: [ view_filter ] --END-- [ RunTime:0.000526s ]
INFO: [ app_end ] --START--
INFO: Run Behavior\ShowPageTraceBehavior [ RunTime:0.000973s ]
INFO: [ app_end ] --END-- [ RunTime:0.001060s ]

[ 2016-04-10T21:56:17+08:00 ] 125.47.65.125 /multi/Admin/User/authGroup?_pjax=%23pjax-container
INFO: [ app_init ] --START--
INFO: Run Behavior\BuildLiteBehavior [ RunTime:0.000024s ]
INFO: [ app_init ] --END-- [ RunTime:0.000484s ]
INFO: [ app_begin ] --START--
INFO: Run Behavior\ReadHtmlCacheBehavior [ RunTime:0.000594s ]
INFO: [ app_begin ] --END-- [ RunTime:0.000659s ]
NOTIC: [2048] Declaration of Admin\Controller\BaseController::display() should be compatible with Think\Controller::display($templateFile = '', $charset = '', $contentType = '', $content = '', $prefix = '') /www/users/HA84691/WEB/multi/Application/Admin/Controller/BaseController.class.php 第 89 行.
NOTIC: [2048] Declaration of Common\Model\AuthGroupModel::add() should be compatible with Think\Model::add($data = '', $options = Array, $replace = false) /www/users/HA84691/WEB/multi/Application/Common/Model/AuthGroupModel.class.php 第 7 行.
SQL: SHOW COLUMNS FROM `multi_auth_group` [ RunTime:0.0025s ]
SQL: SELECT * FROM `multi_auth_group` ORDER BY id desc  [ RunTime:0.0075s ]
INFO: [ view_parse ] --START--
INFO: [ template_filter ] --START--
INFO: Run Behavior\ContentReplaceBehavior [ RunTime:0.000077s ]
INFO: [ template_filter ] --END-- [ RunTime:0.000183s ]
INFO: Run Behavior\ParseTemplateBehavior [ RunTime:0.021259s ]
INFO: [ view_parse ] --END-- [ RunTime:0.021339s ]
INFO: [ view_filter ] --START--
INFO: Run Behavior\WriteHtmlCacheBehavior [ RunTime:0.007882s ]
INFO: [ view_filter ] --END-- [ RunTime:0.007958s ]
INFO: [ app_end ] --START--
INFO: Run Behavior\ShowPageTraceBehavior [ RunTime:0.001329s ]
INFO: [ app_end ] --END-- [ RunTime:0.001975s ]

[ 2016-04-10T21:56:17+08:00 ] 125.47.65.125 /multi/Admin/User/admin?_pjax=%23pjax-container
INFO: [ app_init ] --START--
INFO: Run Behavior\BuildLiteBehavior [ RunTime:0.000023s ]
INFO: [ app_init ] --END-- [ RunTime:0.000501s ]
INFO: [ app_begin ] --START--
INFO: Run Behavior\ReadHtmlCacheBehavior [ RunTime:0.000624s ]
INFO: [ app_begin ] --END-- [ RunTime:0.000687s ]
NOTIC: [2048] Declaration of Admin\Controller\BaseController::display() should be compatible with Think\Controller::display($templateFile = '', $charset = '', $contentType = '', $content = '', $prefix = '') /www/users/HA84691/WEB/multi/Application/Admin/Controller/BaseController.class.php 第 89 行.
NOTIC: [2048] Declaration of Common\Model\AdminModel::add() should be compatible with Think\Model::add($data = '', $options = Array, $replace = false) /www/users/HA84691/WEB/multi/Application/Common/Model/AdminModel.class.php 第 7 行.
NOTIC: [2048] Declaration of Common\Model\AdminModel::addAll() should be compatible with Think\Model::addAll($dataList, $options = Array, $replace = false) /www/users/HA84691/WEB/multi/Application/Common/Model/AdminModel.class.php 第 7 行.
NOTIC: [2048] Declaration of Common\Model\AdminModel::save() should be compatible with Think\Model::save($data = '', $options = Array) /www/users/HA84691/WEB/multi/Application/Common/Model/AdminModel.class.php 第 7 行.
SQL: SHOW COLUMNS FROM `multi_admin` [ RunTime:0.0133s ]
SQL: SELECT * FROM `multi_admin` ORDER BY id desc  [ RunTime:0.0013s ]
NOTIC: [2048] Declaration of Common\Model\AuthGroupAccessModel::add() should be compatible with Think\Model::add($data = '', $options = Array, $replace = false) /www/users/HA84691/WEB/multi/Application/Common/Model/AuthGroupAccessModel.class.php 第 23 行.
SQL: SHOW COLUMNS FROM `multi_auth_group_access` [ RunTime:0.0022s ]
SQL: SELECT * FROM `multi_auth_group_access` WHERE ( 1=1 AND uid='2' ) LIMIT 1   [ RunTime:0.0027s ]
SQL: SELECT * FROM `multi_auth_group_access` WHERE ( 1=1 AND uid='1' ) LIMIT 1   [ RunTime:0.0013s ]
SQL: SHOW COLUMNS FROM `multi_auth_group_access` [ RunTime:0.0035s ]
SQL: SELECT `uid`,`group_id`,`title`,`rules` FROM multi_auth_group_access a INNER JOIN multi_auth_group g on a.group_id=g.id  WHERE ( a.uid='2' and g.status='1' )  [ RunTime:0.0018s ]
SQL: SHOW COLUMNS FROM `multi_auth_group_access` [ RunTime:0.0082s ]
SQL: SELECT `uid`,`group_id`,`title`,`rules` FROM multi_auth_group_access a INNER JOIN multi_auth_group g on a.group_id=g.id  WHERE ( a.uid='1' and g.status='1' )  [ RunTime:0.0089s ]
INFO: [ view_parse ] --START--
INFO: [ template_filter ] --START--
INFO: Run Behavior\ContentReplaceBehavior [ RunTime:0.000079s ]
INFO: [ template_filter ] --END-- [ RunTime:0.000163s ]
NOTIC: [8] Undefined variable: page /www/users/HA84691/WEB/multi/Application/Runtime/Cache/Admin/da139d130d4c6a633eb9290b85f781ae.php 第 76 行.
INFO: Run Behavior\ParseTemplateBehavior [ RunTime:0.029041s ]
INFO: [ view_parse ] --END-- [ RunTime:0.029109s ]
INFO: [ view_filter ] --START--
INFO: Run Behavior\WriteHtmlCacheBehavior [ RunTime:0.000324s ]
INFO: [ view_filter ] --END-- [ RunTime:0.000399s ]
INFO: [ app_end ] --START--
INFO: Run Behavior\ShowPageTraceBehavior [ RunTime:0.000671s ]
INFO: [ app_end ] --END-- [ RunTime:0.000739s ]

[ 2016-04-10T21:56:18+08:00 ] 125.47.65.125 /multi/Admin/User/admin?_pjax=%23pjax-container
INFO: [ app_init ] --START--
INFO: Run Behavior\BuildLiteBehavior [ RunTime:0.000039s ]
INFO: [ app_init ] --END-- [ RunTime:0.000985s ]
INFO: [ app_begin ] --START--
INFO: Run Behavior\ReadHtmlCacheBehavior [ RunTime:0.001071s ]
INFO: [ app_begin ] --END-- [ RunTime:0.001261s ]
NOTIC: [2048] Declaration of Admin\Controller\BaseController::display() should be compatible with Think\Controller::display($templateFile = '', $charset = '', $contentType = '', $content = '', $prefix = '') /www/users/HA84691/WEB/multi/Application/Admin/Controller/BaseController.class.php 第 89 行.
NOTIC: [2048] Declaration of Common\Model\AdminModel::add() should be compatible with Think\Model::add($data = '', $options = Array, $replace = false) /www/users/HA84691/WEB/multi/Application/Common/Model/AdminModel.class.php 第 7 行.
NOTIC: [2048] Declaration of Common\Model\AdminModel::addAll() should be compatible with Think\Model::addAll($dataList, $options = Array, $replace = false) /www/users/HA84691/WEB/multi/Application/Common/Model/AdminModel.class.php 第 7 行.
NOTIC: [2048] Declaration of Common\Model\AdminModel::save() should be compatible with Think\Model::save($data = '', $options = Array) /www/users/HA84691/WEB/multi/Application/Common/Model/AdminModel.class.php 第 7 行.
SQL: SHOW COLUMNS FROM `multi_admin` [ RunTime:0.0026s ]
SQL: SELECT * FROM `multi_admin` ORDER BY id desc  [ RunTime:0.0022s ]
NOTIC: [2048] Declaration of Common\Model\AuthGroupAccessModel::add() should be compatible with Think\Model::add($data = '', $options = Array, $replace = false) /www/users/HA84691/WEB/multi/Application/Common/Model/AuthGroupAccessModel.class.php 第 23 行.
SQL: SHOW COLUMNS FROM `multi_auth_group_access` [ RunTime:0.0025s ]
SQL: SELECT * FROM `multi_auth_group_access` WHERE ( 1=1 AND uid='2' ) LIMIT 1   [ RunTime:0.0025s ]
SQL: SELECT * FROM `multi_auth_group_access` WHERE ( 1=1 AND uid='1' ) LIMIT 1   [ RunTime:0.0032s ]
SQL: SHOW COLUMNS FROM `multi_auth_group_access` [ RunTime:0.0078s ]
SQL: SELECT `uid`,`group_id`,`title`,`rules` FROM multi_auth_group_access a INNER JOIN multi_auth_group g on a.group_id=g.id  WHERE ( a.uid='2' and g.status='1' )  [ RunTime:0.0020s ]
SQL: SHOW COLUMNS FROM `multi_auth_group_access` [ RunTime:0.0085s ]
SQL: SELECT `uid`,`group_id`,`title`,`rules` FROM multi_auth_group_access a INNER JOIN multi_auth_group g on a.group_id=g.id  WHERE ( a.uid='1' and g.status='1' )  [ RunTime:0.0033s ]
INFO: [ view_parse ] --START--
INFO: [ template_filter ] --START--
INFO: Run Behavior\ContentReplaceBehavior [ RunTime:0.000104s ]
INFO: [ template_filter ] --END-- [ RunTime:0.000200s ]
NOTIC: [8] Undefined variable: page /www/users/HA84691/WEB/multi/Application/Runtime/Cache/Admin/da139d130d4c6a633eb9290b85f781ae.php 第 76 行.
INFO: Run Behavior\ParseTemplateBehavior [ RunTime:0.020178s ]
INFO: [ view_parse ] --END-- [ RunTime:0.020257s ]
INFO: [ view_filter ] --START--
INFO: Run Behavior\WriteHtmlCacheBehavior [ RunTime:0.000375s ]
INFO: [ view_filter ] --END-- [ RunTime:0.000421s ]
INFO: [ app_end ] --START--
INFO: Run Behavior\ShowPageTraceBehavior [ RunTime:0.001468s ]
INFO: [ app_end ] --END-- [ RunTime:0.001562s ]

[ 2016-04-10T21:56:33+08:00 ] 125.47.65.125 /multi/Admin/User/admin?_pjax=%23pjax-container
INFO: [ app_init ] --START--
INFO: Run Behavior\BuildLiteBehavior [ RunTime:0.000023s ]
INFO: [ app_init ] --END-- [ RunTime:0.000524s ]
INFO: [ app_begin ] --START--
INFO: Run Behavior\ReadHtmlCacheBehavior [ RunTime:0.000608s ]
INFO: [ app_begin ] --END-- [ RunTime:0.000672s ]
NOTIC: [2048] Declaration of Admin\Controller\BaseController::display() should be compatible with Think\Controller::display($templateFile = '', $charset = '', $contentType = '', $content = '', $prefix = '') /www/users/HA84691/WEB/multi/Application/Admin/Controller/BaseController.class.php 第 89 行.
NOTIC: [2048] Declaration of Common\Model\AdminModel::add() should be compatible with Think\Model::add($data = '', $options = Array, $replace = false) /www/users/HA84691/WEB/multi/Application/Common/Model/AdminModel.class.php 第 7 行.
NOTIC: [2048] Declaration of Common\Model\AdminModel::addAll() should be compatible with Think\Model::addAll($dataList, $options = Array, $replace = false) /www/users/HA84691/WEB/multi/Application/Common/Model/AdminModel.class.php 第 7 行.
NOTIC: [2048] Declaration of Common\Model\AdminModel::save() should be compatible with Think\Model::save($data = '', $options = Array) /www/users/HA84691/WEB/multi/Application/Common/Model/AdminModel.class.php 第 7 行.
SQL: SHOW COLUMNS FROM `multi_admin` [ RunTime:0.0075s ]
SQL: SELECT * FROM `multi_admin` ORDER BY id desc  [ RunTime:0.0083s ]
NOTIC: [2048] Declaration of Common\Model\AuthGroupAccessModel::add() should be compatible with Think\Model::add($data = '', $options = Array, $replace = false) /www/users/HA84691/WEB/multi/Application/Common/Model/AuthGroupAccessModel.class.php 第 23 行.
SQL: SHOW COLUMNS FROM `multi_auth_group_access` [ RunTime:0.0028s ]
SQL: SELECT * FROM `multi_auth_group_access` WHERE ( 1=1 AND uid='2' ) LIMIT 1   [ RunTime:0.0029s ]
SQL: SELECT * FROM `multi_auth_group_access` WHERE ( 1=1 AND uid='1' ) LIMIT 1   [ RunTime:0.0015s ]
SQL: SHOW COLUMNS FROM `multi_auth_group_access` [ RunTime:0.0037s ]
SQL: SELECT `uid`,`group_id`,`title`,`rules` FROM multi_auth_group_access a INNER JOIN multi_auth_group g on a.group_id=g.id  WHERE ( a.uid='2' and g.status='1' )  [ RunTime:0.0016s ]
SQL: SHOW COLUMNS FROM `multi_auth_group_access` [ RunTime:0.0021s ]
SQL: SELECT `uid`,`group_id`,`title`,`rules` FROM multi_auth_group_access a INNER JOIN multi_auth_group g on a.group_id=g.id  WHERE ( a.uid='1' and g.status='1' )  [ RunTime:0.0014s ]
INFO: [ view_parse ] --START--
INFO: [ template_filter ] --START--
INFO: Run Behavior\ContentReplaceBehavior [ RunTime:0.000108s ]
INFO: [ template_filter ] --END-- [ RunTime:0.000221s ]
NOTIC: [8] Undefined variable: page /www/users/HA84691/WEB/multi/Application/Runtime/Cache/Admin/da139d130d4c6a633eb9290b85f781ae.php 第 76 行.
INFO: Run Behavior\ParseTemplateBehavior [ RunTime:0.018195s ]
INFO: [ view_parse ] --END-- [ RunTime:0.018259s ]
INFO: [ view_filter ] --START--
INFO: Run Behavior\WriteHtmlCacheBehavior [ RunTime:0.000382s ]
INFO: [ view_filter ] --END-- [ RunTime:0.000452s ]
INFO: [ app_end ] --START--
INFO: Run Behavior\ShowPageTraceBehavior [ RunTime:0.000616s ]
INFO: [ app_end ] --END-- [ RunTime:0.000671s ]

[ 2016-04-10T21:56:33+08:00 ] 125.47.65.125 /multi/Admin/User/admin?_pjax=%23pjax-container
INFO: [ app_init ] --START--
INFO: Run Behavior\BuildLiteBehavior [ RunTime:0.000022s ]
INFO: [ app_init ] --END-- [ RunTime:0.000509s ]
INFO: [ app_begin ] --START--
INFO: Run Behavior\ReadHtmlCacheBehavior [ RunTime:0.000690s ]
INFO: [ app_begin ] --END-- [ RunTime:0.000778s ]
NOTIC: [2048] Declaration of Admin\Controller\BaseController::display() should be compatible with Think\Controller::display($templateFile = '', $charset = '', $contentType = '', $content = '', $prefix = '') /www/users/HA84691/WEB/multi/Application/Admin/Controller/BaseController.class.php 第 89 行.
NOTIC: [2048] Declaration of Common\Model\AdminModel::add() should be compatible with Think\Model::add($data = '', $options = Array, $replace = false) /www/users/HA84691/WEB/multi/Application/Common/Model/AdminModel.class.php 第 7 行.
NOTIC: [2048] Declaration of Common\Model\AdminModel::addAll() should be compatible with Think\Model::addAll($dataList, $options = Array, $replace = false) /www/users/HA84691/WEB/multi/Application/Common/Model/AdminModel.class.php 第 7 行.
NOTIC: [2048] Declaration of Common\Model\AdminModel::save() should be compatible with Think\Model::save($data = '', $options = Array) /www/users/HA84691/WEB/multi/Application/Common/Model/AdminModel.class.php 第 7 行.
SQL: SHOW COLUMNS FROM `multi_admin` [ RunTime:0.0046s ]
SQL: SELECT * FROM `multi_admin` ORDER BY id desc  [ RunTime:0.0027s ]
NOTIC: [2048] Declaration of Common\Model\AuthGroupAccessModel::add() should be compatible with Think\Model::add($data = '', $options = Array, $replace = false) /www/users/HA84691/WEB/multi/Application/Common/Model/AuthGroupAccessModel.class.php 第 23 行.
SQL: SHOW COLUMNS FROM `multi_auth_group_access` [ RunTime:0.0036s ]
SQL: SELECT * FROM `multi_auth_group_access` WHERE ( 1=1 AND uid='2' ) LIMIT 1   [ RunTime:0.0033s ]
SQL: SELECT * FROM `multi_auth_group_access` WHERE ( 1=1 AND uid='1' ) LIMIT 1   [ RunTime:0.0021s ]
SQL: SHOW COLUMNS FROM `multi_auth_group_access` [ RunTime:0.0036s ]
SQL: SELECT `uid`,`group_id`,`title`,`rules` FROM multi_auth_group_access a INNER JOIN multi_auth_group g on a.group_id=g.id  WHERE ( a.uid='2' and g.status='1' )  [ RunTime:0.0016s ]
SQL: SHOW COLUMNS FROM `multi_auth_group_access` [ RunTime:0.0023s ]
SQL: SELECT `uid`,`group_id`,`title`,`rules` FROM multi_auth_group_access a INNER JOIN multi_auth_group g on a.group_id=g.id  WHERE ( a.uid='1' and g.status='1' )  [ RunTime:0.0029s ]
INFO: [ view_parse ] --START--
INFO: [ template_filter ] --START--
INFO: Run Behavior\ContentReplaceBehavior [ RunTime:0.000109s ]
INFO: [ template_filter ] --END-- [ RunTime:0.000189s ]
NOTIC: [8] Undefined variable: page /www/users/HA84691/WEB/multi/Application/Runtime/Cache/Admin/da139d130d4c6a633eb9290b85f781ae.php 第 76 行.
INFO: Run Behavior\ParseTemplateBehavior [ RunTime:0.027388s ]
INFO: [ view_parse ] --END-- [ RunTime:0.027487s ]
INFO: [ view_filter ] --START--
INFO: Run Behavior\WriteHtmlCacheBehavior [ RunTime:0.000424s ]
INFO: [ view_filter ] --END-- [ RunTime:0.000502s ]
INFO: [ app_end ] --START--
INFO: Run Behavior\ShowPageTraceBehavior [ RunTime:0.001026s ]
INFO: [ app_end ] --END-- [ RunTime:0.001102s ]

[ 2016-04-10T21:56:33+08:00 ] 125.47.65.125 /multi/Admin/User/admin?_pjax=%23pjax-container
INFO: [ app_init ] --START--
INFO: Run Behavior\BuildLiteBehavior [ RunTime:0.000023s ]
INFO: [ app_init ] --END-- [ RunTime:0.004333s ]
INFO: [ app_begin ] --START--
INFO: Run Behavior\ReadHtmlCacheBehavior [ RunTime:0.000666s ]
INFO: [ app_begin ] --END-- [ RunTime:0.000739s ]
NOTIC: [2048] Declaration of Admin\Controller\BaseController::display() should be compatible with Think\Controller::display($templateFile = '', $charset = '', $contentType = '', $content = '', $prefix = '') /www/users/HA84691/WEB/multi/Application/Admin/Controller/BaseController.class.php 第 89 行.
NOTIC: [2048] Declaration of Common\Model\AdminModel::add() should be compatible with Think\Model::add($data = '', $options = Array, $replace = false) /www/users/HA84691/WEB/multi/Application/Common/Model/AdminModel.class.php 第 7 行.
NOTIC: [2048] Declaration of Common\Model\AdminModel::addAll() should be compatible with Think\Model::addAll($dataList, $options = Array, $replace = false) /www/users/HA84691/WEB/multi/Application/Common/Model/AdminModel.class.php 第 7 行.
NOTIC: [2048] Declaration of Common\Model\AdminModel::save() should be compatible with Think\Model::save($data = '', $options = Array) /www/users/HA84691/WEB/multi/Application/Common/Model/AdminModel.class.php 第 7 行.
SQL: SHOW COLUMNS FROM `multi_admin` [ RunTime:0.0034s ]
SQL: SELECT * FROM `multi_admin` ORDER BY id desc  [ RunTime:0.0033s ]
NOTIC: [2048] Declaration of Common\Model\AuthGroupAccessModel::add() should be compatible with Think\Model::add($data = '', $options = Array, $replace = false) /www/users/HA84691/WEB/multi/Application/Common/Model/AuthGroupAccessModel.class.php 第 23 行.
SQL: SHOW COLUMNS FROM `multi_auth_group_access` [ RunTime:0.0026s ]
SQL: SELECT * FROM `multi_auth_group_access` WHERE ( 1=1 AND uid='2' ) LIMIT 1   [ RunTime:0.0019s ]
SQL: SELECT * FROM `multi_auth_group_access` WHERE ( 1=1 AND uid='1' ) LIMIT 1   [ RunTime:0.0021s ]
SQL: SHOW COLUMNS FROM `multi_auth_group_access` [ RunTime:0.0036s ]
SQL: SELECT `uid`,`group_id`,`title`,`rules` FROM multi_auth_group_access a INNER JOIN multi_auth_group g on a.group_id=g.id  WHERE ( a.uid='2' and g.status='1' )  [ RunTime:0.0032s ]
SQL: SHOW COLUMNS FROM `multi_auth_group_access` [ RunTime:0.0047s ]
SQL: SELECT `uid`,`group_id`,`title`,`rules` FROM multi_auth_group_access a INNER JOIN multi_auth_group g on a.group_id=g.id  WHERE ( a.uid='1' and g.status='1' )  [ RunTime:0.0020s ]
INFO: [ view_parse ] --START--
INFO: [ template_filter ] --START--
INFO: Run Behavior\ContentReplaceBehavior [ RunTime:0.005256s ]
INFO: [ template_filter ] --END-- [ RunTime:0.005361s ]
NOTIC: [8] Undefined variable: page /www/users/HA84691/WEB/multi/Application/Runtime/Cache/Admin/da139d130d4c6a633eb9290b85f781ae.php 第 76 行.
INFO: Run Behavior\ParseTemplateBehavior [ RunTime:0.027581s ]
INFO: [ view_parse ] --END-- [ RunTime:0.027640s ]
INFO: [ view_filter ] --START--
INFO: Run Behavior\WriteHtmlCacheBehavior [ RunTime:0.000294s ]
INFO: [ view_filter ] --END-- [ RunTime:0.000338s ]
INFO: [ app_end ] --START--
INFO: Run Behavior\ShowPageTraceBehavior [ RunTime:0.000631s ]
INFO: [ app_end ] --END-- [ RunTime:0.000706s ]

[ 2016-04-10T22:02:40+08:00 ] 101.226.33.205 /multi/Public/Admin/dist/respond.min.js
INFO: [ app_init ] --START--
INFO: Run Behavior\BuildLiteBehavior [ RunTime:0.000033s ]
INFO: [ app_init ] --END-- [ RunTime:0.001201s ]
INFO: [ app_begin ] --START--
INFO: Run Behavior\ReadHtmlCacheBehavior [ RunTime:0.005063s ]
INFO: [ app_begin ] --END-- [ RunTime:0.005181s ]
ERR: 非法操作:Admin

[ 2016-04-10T22:03:07+08:00 ] 180.153.206.29 /multi/Public/Admin/dist/js/1.4.2/respond.min.js
INFO: [ app_init ] --START--
INFO: Run Behavior\BuildLiteBehavior [ RunTime:0.000027s ]
INFO: [ app_init ] --END-- [ RunTime:0.000750s ]
INFO: [ app_begin ] --START--
INFO: Run Behavior\ReadHtmlCacheBehavior [ RunTime:0.000770s ]
INFO: [ app_begin ] --END-- [ RunTime:0.000857s ]
ERR: 非法操作:Admin

[ 2016-04-10T22:03:13+08:00 ] 180.153.161.55 /multi/Public/Admin/dist/js/1.4.2/respond.min.js
INFO: [ app_init ] --START--
INFO: Run Behavior\BuildLiteBehavior [ RunTime:0.000028s ]
INFO: [ app_init ] --END-- [ RunTime:0.000618s ]
INFO: [ app_begin ] --START--
INFO: Run Behavior\ReadHtmlCacheBehavior [ RunTime:0.000951s ]
INFO: [ app_begin ] --END-- [ RunTime:0.001050s ]
ERR: 非法操作:Admin

[ 2016-04-10T22:03:23+08:00 ] 180.153.163.210 /multi/Public/Admin/dist/js/1.4.2/respond.min.js
INFO: [ app_init ] --START--
INFO: Run Behavior\BuildLiteBehavior [ RunTime:0.000030s ]
INFO: [ app_init ] --END-- [ RunTime:0.000612s ]
INFO: [ app_begin ] --START--
INFO: Run Behavior\ReadHtmlCacheBehavior [ RunTime:0.000824s ]
INFO: [ app_begin ] --END-- [ RunTime:0.000925s ]
ERR: 非法操作:Admin

[ 2016-04-10T22:03:51+08:00 ] 101.226.33.227 /multi/Public/Admin/dist/js/1.4.2/respond.min.js
INFO: [ app_init ] --START--
INFO: Run Behavior\BuildLiteBehavior [ RunTime:0.000049s ]
INFO: [ app_init ] --END-- [ RunTime:0.000548s ]
INFO: [ app_begin ] --START--
INFO: Run Behavior\ReadHtmlCacheBehavior [ RunTime:0.000646s ]
INFO: [ app_begin ] --END-- [ RunTime:0.000713s ]
ERR: 非法操作:Admin

[ 2016-04-10T22:03:55+08:00 ] 101.226.33.216 /multi/Public/Admin/dist/js/1.4.2/respond.min.js
INFO: [ app_init ] --START--
INFO: Run Behavior\BuildLiteBehavior [ RunTime:0.000023s ]
INFO: [ app_init ] --END-- [ RunTime:0.000473s ]
INFO: [ app_begin ] --START--
INFO: Run Behavior\ReadHtmlCacheBehavior [ RunTime:0.000598s ]
INFO: [ app_begin ] --END-- [ RunTime:0.000678s ]
ERR: 非法操作:Admin

[ 2016-04-10T22:04:00+08:00 ] 180.153.205.253 /multi/Public/Admin/dist/js/1.4.2/respond.min.js
INFO: [ app_init ] --START--
INFO: Run Behavior\BuildLiteBehavior [ RunTime:0.000029s ]
INFO: [ app_init ] --END-- [ RunTime:0.000595s ]
INFO: [ app_begin ] --START--
INFO: Run Behavior\ReadHtmlCacheBehavior [ RunTime:0.001051s ]
INFO: [ app_begin ] --END-- [ RunTime:0.001150s ]
ERR: 非法操作:Admin

[ 2016-04-10T22:04:31+08:00 ] 180.153.206.25 /multi/Public/Admin/dist/js/1.4.2/respond.min.js
INFO: [ app_init ] --START--
INFO: Run Behavior\BuildLiteBehavior [ RunTime:0.000024s ]
INFO: [ app_init ] --END-- [ RunTime:0.000518s ]
INFO: [ app_begin ] --START--
INFO: Run Behavior\ReadHtmlCacheBehavior [ RunTime:0.000641s ]
INFO: [ app_begin ] --END-- [ RunTime:0.000711s ]
ERR: 非法操作:Admin

[ 2016-04-10T22:04:36+08:00 ] 112.65.193.16 /multi/Public/Admin/dist/js/1.4.2/respond.min.js
INFO: [ app_init ] --START--
INFO: Run Behavior\BuildLiteBehavior [ RunTime:0.000030s ]
INFO: [ app_init ] --END-- [ RunTime:0.000658s ]
INFO: [ app_begin ] --START--
INFO: Run Behavior\ReadHtmlCacheBehavior [ RunTime:0.004325s ]
INFO: [ app_begin ] --END-- [ RunTime:0.004467s ]
ERR: 非法操作:Admin

[ 2016-04-10T22:06:04+08:00 ] 180.153.205.254 /multi/Public/Admin/dist/js/1.4.2/respond.min.js
INFO: [ app_init ] --START--
INFO: Run Behavior\BuildLiteBehavior [ RunTime:0.000027s ]
INFO: [ app_init ] --END-- [ RunTime:0.000591s ]
INFO: [ app_begin ] --START--
INFO: Run Behavior\ReadHtmlCacheBehavior [ RunTime:0.000706s ]
INFO: [ app_begin ] --END-- [ RunTime:0.000786s ]
ERR: 非法操作:Admin

[ 2016-04-10T22:07:11+08:00 ] 180.153.201.15 /multi/Public/Admin/dist/js/1.4.2/respond.min.js
INFO: [ app_init ] --START--
INFO: Run Behavior\BuildLiteBehavior [ RunTime:0.000028s ]
INFO: [ app_init ] --END-- [ RunTime:0.000660s ]
INFO: [ app_begin ] --START--
INFO: Run Behavior\ReadHtmlCacheBehavior [ RunTime:0.001861s ]
INFO: [ app_begin ] --END-- [ RunTime:0.001954s ]
ERR: 非法操作:Admin

[ 2016-04-10T22:07:27+08:00 ] 101.226.33.200 /multi/Public/Admin/dist/js/1.4.2/respond.min.js
INFO: [ app_init ] --START--
INFO: Run Behavior\BuildLiteBehavior [ RunTime:0.000025s ]
INFO: [ app_init ] --END-- [ RunTime:0.000517s ]
INFO: [ app_begin ] --START--
INFO: Run Behavior\ReadHtmlCacheBehavior [ RunTime:0.000836s ]
INFO: [ app_begin ] --END-- [ RunTime:0.000922s ]
ERR: 非法操作:Admin

[ 2016-04-10T22:07:33+08:00 ] 180.153.206.33 /multi/Public/Admin/dist/js/1.4.2/respond.min.js
INFO: [ app_init ] --START--
INFO: Run Behavior\BuildLiteBehavior [ RunTime:0.000022s ]
INFO: [ app_init ] --END-- [ RunTime:0.000503s ]
INFO: [ app_begin ] --START--
INFO: Run Behavior\ReadHtmlCacheBehavior [ RunTime:0.000750s ]
INFO: [ app_begin ] --END-- [ RunTime:0.000821s ]
ERR: 非法操作:Admin

[ 2016-04-10T22:07:43+08:00 ] 180.153.206.26 /multi/Public/Admin/dist/js/1.4.2/respond.min.js
INFO: [ app_init ] --START--
INFO: Run Behavior\BuildLiteBehavior [ RunTime:0.000029s ]
INFO: [ app_init ] --END-- [ RunTime:0.000615s ]
INFO: [ app_begin ] --START--
INFO: Run Behavior\ReadHtmlCacheBehavior [ RunTime:0.000823s ]
INFO: [ app_begin ] --END-- [ RunTime:0.000913s ]
ERR: 非法操作:Admin

[ 2016-04-10T22:07:59+08:00 ] 180.153.206.23 /multi/Public/Admin/dist/js/1.4.2/respond.min.js
INFO: [ app_init ] --START--
INFO: Run Behavior\BuildLiteBehavior [ RunTime:0.000025s ]
INFO: [ app_init ] --END-- [ RunTime:0.000531s ]
INFO: [ app_begin ] --START--
INFO: Run Behavior\ReadHtmlCacheBehavior [ RunTime:0.000694s ]
INFO: [ app_begin ] --END-- [ RunTime:0.000767s ]
ERR: 非法操作:Admin

[ 2016-04-10T22:08:11+08:00 ] 101.226.33.221 /multi/Public/Admin/dist/js/1.4.2/respond.min.js
INFO: [ app_init ] --START--
INFO: Run Behavior\BuildLiteBehavior [ RunTime:0.000066s ]
INFO: [ app_init ] --END-- [ RunTime:0.000675s ]
INFO: [ app_begin ] --START--
INFO: Run Behavior\ReadHtmlCacheBehavior [ RunTime:0.000904s ]
INFO: [ app_begin ] --END-- [ RunTime:0.001010s ]
ERR: 非法操作:Admin

[ 2016-04-10T22:13:13+08:00 ] 101.226.33.228 /multi/Public/Admin/dist/js/1.4.2/respond.min.js
INFO: [ app_init ] --START--
INFO: Run Behavior\BuildLiteBehavior [ RunTime:0.000028s ]
INFO: [ app_init ] --END-- [ RunTime:0.000763s ]
INFO: [ app_begin ] --START--
INFO: Run Behavior\ReadHtmlCacheBehavior [ RunTime:0.000806s ]
INFO: [ app_begin ] --END-- [ RunTime:0.000941s ]
ERR: 非法操作:Admin

