执行日期：2016-03-15-12：02：40
【接收到的notify通知】:
<xml><appid><![CDATA[wx6d040141df50d9a3]]></appid>
<bank_type><![CDATA[CFT]]></bank_type>
<cash_fee><![CDATA[1]]></cash_fee>
<fee_type><![CDATA[CNY]]></fee_type>
<is_subscribe><![CDATA[Y]]></is_subscribe>
<mch_id><![CDATA[1243050102]]></mch_id>
<nonce_str><![CDATA[xhrafsfdkreb888wzlppz2a0sgzar4li]]></nonce_str>
<openid><![CDATA[oojFxs1CQD_2G98Os0bI5qNAIhcw]]></openid>
<out_trade_no><![CDATA[1603151202295]]></out_trade_no>
<result_code><![CDATA[SUCCESS]]></result_code>
<return_code><![CDATA[SUCCESS]]></return_code>
<sign><![CDATA[78FC904EB3DD387FA6D2BA9B8E492461]]></sign>
<time_end><![CDATA[20160315120240]]></time_end>
<total_fee>1</total_fee>
<trade_type><![CDATA[JSAPI]]></trade_type>
<transaction_id><![CDATA[1008000894201603154001182140]]></transaction_id>
</xml>


执行日期：2016-03-15-12：02：40
【支付成功】:
<xml><appid><![CDATA[wx6d040141df50d9a3]]></appid>
<bank_type><![CDATA[CFT]]></bank_type>
<cash_fee><![CDATA[1]]></cash_fee>
<fee_type><![CDATA[CNY]]></fee_type>
<is_subscribe><![CDATA[Y]]></is_subscribe>
<mch_id><![CDATA[1243050102]]></mch_id>
<nonce_str><![CDATA[xhrafsfdkreb888wzlppz2a0sgzar4li]]></nonce_str>
<openid><![CDATA[oojFxs1CQD_2G98Os0bI5qNAIhcw]]></openid>
<out_trade_no><![CDATA[1603151202295]]></out_trade_no>
<result_code><![CDATA[SUCCESS]]></result_code>
<return_code><![CDATA[SUCCESS]]></return_code>
<sign><![CDATA[78FC904EB3DD387FA6D2BA9B8E492461]]></sign>
<time_end><![CDATA[20160315120240]]></time_end>
<total_fee>1</total_fee>
<trade_type><![CDATA[JSAPI]]></trade_type>
<transaction_id><![CDATA[1008000894201603154001182140]]></transaction_id>
</xml>


执行日期：2016-03-15-12：02：56
【接收到的notify通知】:
<xml><appid><![CDATA[wx6d040141df50d9a3]]></appid>
<bank_type><![CDATA[CFT]]></bank_type>
<cash_fee><![CDATA[1]]></cash_fee>
<fee_type><![CDATA[CNY]]></fee_type>
<is_subscribe><![CDATA[Y]]></is_subscribe>
<mch_id><![CDATA[1243050102]]></mch_id>
<nonce_str><![CDATA[xhrafsfdkreb888wzlppz2a0sgzar4li]]></nonce_str>
<openid><![CDATA[oojFxs1CQD_2G98Os0bI5qNAIhcw]]></openid>
<out_trade_no><![CDATA[1603151202295]]></out_trade_no>
<result_code><![CDATA[SUCCESS]]></result_code>
<return_code><![CDATA[SUCCESS]]></return_code>
<sign><![CDATA[78FC904EB3DD387FA6D2BA9B8E492461]]></sign>
<time_end><![CDATA[20160315120240]]></time_end>
<total_fee>1</total_fee>
<trade_type><![CDATA[JSAPI]]></trade_type>
<transaction_id><![CDATA[1008000894201603154001182140]]></transaction_id>
</xml>


执行日期：2016-03-15-12：02：56
【支付成功】:
<xml><appid><![CDATA[wx6d040141df50d9a3]]></appid>
<bank_type><![CDATA[CFT]]></bank_type>
<cash_fee><![CDATA[1]]></cash_fee>
<fee_type><![CDATA[CNY]]></fee_type>
<is_subscribe><![CDATA[Y]]></is_subscribe>
<mch_id><![CDATA[1243050102]]></mch_id>
<nonce_str><![CDATA[xhrafsfdkreb888wzlppz2a0sgzar4li]]></nonce_str>
<openid><![CDATA[oojFxs1CQD_2G98Os0bI5qNAIhcw]]></openid>
<out_trade_no><![CDATA[1603151202295]]></out_trade_no>
<result_code><![CDATA[SUCCESS]]></result_code>
<return_code><![CDATA[SUCCESS]]></return_code>
<sign><![CDATA[78FC904EB3DD387FA6D2BA9B8E492461]]></sign>
<time_end><![CDATA[20160315120240]]></time_end>
<total_fee>1</total_fee>
<trade_type><![CDATA[JSAPI]]></trade_type>
<transaction_id><![CDATA[1008000894201603154001182140]]></transaction_id>
</xml>


执行日期：2016-03-15-12：03：13
【接收到的notify通知】:
<xml><appid><![CDATA[wx6d040141df50d9a3]]></appid>
<bank_type><![CDATA[CFT]]></bank_type>
<cash_fee><![CDATA[1]]></cash_fee>
<fee_type><![CDATA[CNY]]></fee_type>
<is_subscribe><![CDATA[Y]]></is_subscribe>
<mch_id><![CDATA[1243050102]]></mch_id>
<nonce_str><![CDATA[xhrafsfdkreb888wzlppz2a0sgzar4li]]></nonce_str>
<openid><![CDATA[oojFxs1CQD_2G98Os0bI5qNAIhcw]]></openid>
<out_trade_no><![CDATA[1603151202295]]></out_trade_no>
<result_code><![CDATA[SUCCESS]]></result_code>
<return_code><![CDATA[SUCCESS]]></return_code>
<sign><![CDATA[78FC904EB3DD387FA6D2BA9B8E492461]]></sign>
<time_end><![CDATA[20160315120240]]></time_end>
<total_fee>1</total_fee>
<trade_type><![CDATA[JSAPI]]></trade_type>
<transaction_id><![CDATA[1008000894201603154001182140]]></transaction_id>
</xml>


执行日期：2016-03-15-12：03：13
【支付成功】:
<xml><appid><![CDATA[wx6d040141df50d9a3]]></appid>
<bank_type><![CDATA[CFT]]></bank_type>
<cash_fee><![CDATA[1]]></cash_fee>
<fee_type><![CDATA[CNY]]></fee_type>
<is_subscribe><![CDATA[Y]]></is_subscribe>
<mch_id><![CDATA[1243050102]]></mch_id>
<nonce_str><![CDATA[xhrafsfdkreb888wzlppz2a0sgzar4li]]></nonce_str>
<openid><![CDATA[oojFxs1CQD_2G98Os0bI5qNAIhcw]]></openid>
<out_trade_no><![CDATA[1603151202295]]></out_trade_no>
<result_code><![CDATA[SUCCESS]]></result_code>
<return_code><![CDATA[SUCCESS]]></return_code>
<sign><![CDATA[78FC904EB3DD387FA6D2BA9B8E492461]]></sign>
<time_end><![CDATA[20160315120240]]></time_end>
<total_fee>1</total_fee>
<trade_type><![CDATA[JSAPI]]></trade_type>
<transaction_id><![CDATA[1008000894201603154001182140]]></transaction_id>
</xml>


执行日期：2016-03-15-12：03：45
【接收到的notify通知】:
<xml><appid><![CDATA[wx6d040141df50d9a3]]></appid>
<bank_type><![CDATA[CFT]]></bank_type>
<cash_fee><![CDATA[1]]></cash_fee>
<fee_type><![CDATA[CNY]]></fee_type>
<is_subscribe><![CDATA[Y]]></is_subscribe>
<mch_id><![CDATA[1243050102]]></mch_id>
<nonce_str><![CDATA[xhrafsfdkreb888wzlppz2a0sgzar4li]]></nonce_str>
<openid><![CDATA[oojFxs1CQD_2G98Os0bI5qNAIhcw]]></openid>
<out_trade_no><![CDATA[1603151202295]]></out_trade_no>
<result_code><![CDATA[SUCCESS]]></result_code>
<return_code><![CDATA[SUCCESS]]></return_code>
<sign><![CDATA[78FC904EB3DD387FA6D2BA9B8E492461]]></sign>
<time_end><![CDATA[20160315120240]]></time_end>
<total_fee>1</total_fee>
<trade_type><![CDATA[JSAPI]]></trade_type>
<transaction_id><![CDATA[1008000894201603154001182140]]></transaction_id>
</xml>


执行日期：2016-03-15-12：03：45
【支付成功】:
<xml><appid><![CDATA[wx6d040141df50d9a3]]></appid>
<bank_type><![CDATA[CFT]]></bank_type>
<cash_fee><![CDATA[1]]></cash_fee>
<fee_type><![CDATA[CNY]]></fee_type>
<is_subscribe><![CDATA[Y]]></is_subscribe>
<mch_id><![CDATA[1243050102]]></mch_id>
<nonce_str><![CDATA[xhrafsfdkreb888wzlppz2a0sgzar4li]]></nonce_str>
<openid><![CDATA[oojFxs1CQD_2G98Os0bI5qNAIhcw]]></openid>
<out_trade_no><![CDATA[1603151202295]]></out_trade_no>
<result_code><![CDATA[SUCCESS]]></result_code>
<return_code><![CDATA[SUCCESS]]></return_code>
<sign><![CDATA[78FC904EB3DD387FA6D2BA9B8E492461]]></sign>
<time_end><![CDATA[20160315120240]]></time_end>
<total_fee>1</total_fee>
<trade_type><![CDATA[JSAPI]]></trade_type>
<transaction_id><![CDATA[1008000894201603154001182140]]></transaction_id>
</xml>


执行日期：2016-03-15-12：06：49
【接收到的notify通知】:
<xml><appid><![CDATA[wx6d040141df50d9a3]]></appid>
<bank_type><![CDATA[CFT]]></bank_type>
<cash_fee><![CDATA[1]]></cash_fee>
<fee_type><![CDATA[CNY]]></fee_type>
<is_subscribe><![CDATA[Y]]></is_subscribe>
<mch_id><![CDATA[1243050102]]></mch_id>
<nonce_str><![CDATA[xhrafsfdkreb888wzlppz2a0sgzar4li]]></nonce_str>
<openid><![CDATA[oojFxs1CQD_2G98Os0bI5qNAIhcw]]></openid>
<out_trade_no><![CDATA[1603151202295]]></out_trade_no>
<result_code><![CDATA[SUCCESS]]></result_code>
<return_code><![CDATA[SUCCESS]]></return_code>
<sign><![CDATA[78FC904EB3DD387FA6D2BA9B8E492461]]></sign>
<time_end><![CDATA[20160315120240]]></time_end>
<total_fee>1</total_fee>
<trade_type><![CDATA[JSAPI]]></trade_type>
<transaction_id><![CDATA[1008000894201603154001182140]]></transaction_id>
</xml>


执行日期：2016-03-15-12：06：49
【支付成功】:
<xml><appid><![CDATA[wx6d040141df50d9a3]]></appid>
<bank_type><![CDATA[CFT]]></bank_type>
<cash_fee><![CDATA[1]]></cash_fee>
<fee_type><![CDATA[CNY]]></fee_type>
<is_subscribe><![CDATA[Y]]></is_subscribe>
<mch_id><![CDATA[1243050102]]></mch_id>
<nonce_str><![CDATA[xhrafsfdkreb888wzlppz2a0sgzar4li]]></nonce_str>
<openid><![CDATA[oojFxs1CQD_2G98Os0bI5qNAIhcw]]></openid>
<out_trade_no><![CDATA[1603151202295]]></out_trade_no>
<result_code><![CDATA[SUCCESS]]></result_code>
<return_code><![CDATA[SUCCESS]]></return_code>
<sign><![CDATA[78FC904EB3DD387FA6D2BA9B8E492461]]></sign>
<time_end><![CDATA[20160315120240]]></time_end>
<total_fee>1</total_fee>
<trade_type><![CDATA[JSAPI]]></trade_type>
<transaction_id><![CDATA[1008000894201603154001182140]]></transaction_id>
</xml>


执行日期：2016-03-15-12：13：07
【接收到的notify通知】:
<xml><appid><![CDATA[wx6d040141df50d9a3]]></appid>
<bank_type><![CDATA[CFT]]></bank_type>
<cash_fee><![CDATA[1]]></cash_fee>
<fee_type><![CDATA[CNY]]></fee_type>
<is_subscribe><![CDATA[Y]]></is_subscribe>
<mch_id><![CDATA[1243050102]]></mch_id>
<nonce_str><![CDATA[4gh0mhhbqh5zfccwxqz0zb8krb4wg2or]]></nonce_str>
<openid><![CDATA[oojFxs1CQD_2G98Os0bI5qNAIhcw]]></openid>
<out_trade_no><![CDATA[1603151212568]]></out_trade_no>
<result_code><![CDATA[SUCCESS]]></result_code>
<return_code><![CDATA[SUCCESS]]></return_code>
<sign><![CDATA[9C8D97A7EBE0743B7DFB9254FFE78C92]]></sign>
<time_end><![CDATA[20160315121306]]></time_end>
<total_fee>1</total_fee>
<trade_type><![CDATA[JSAPI]]></trade_type>
<transaction_id><![CDATA[1008000894201603153999832163]]></transaction_id>
</xml>


执行日期：2016-03-15-12：13：07
【支付成功】:
<xml><appid><![CDATA[wx6d040141df50d9a3]]></appid>
<bank_type><![CDATA[CFT]]></bank_type>
<cash_fee><![CDATA[1]]></cash_fee>
<fee_type><![CDATA[CNY]]></fee_type>
<is_subscribe><![CDATA[Y]]></is_subscribe>
<mch_id><![CDATA[1243050102]]></mch_id>
<nonce_str><![CDATA[4gh0mhhbqh5zfccwxqz0zb8krb4wg2or]]></nonce_str>
<openid><![CDATA[oojFxs1CQD_2G98Os0bI5qNAIhcw]]></openid>
<out_trade_no><![CDATA[1603151212568]]></out_trade_no>
<result_code><![CDATA[SUCCESS]]></result_code>
<return_code><![CDATA[SUCCESS]]></return_code>
<sign><![CDATA[9C8D97A7EBE0743B7DFB9254FFE78C92]]></sign>
<time_end><![CDATA[20160315121306]]></time_end>
<total_fee>1</total_fee>
<trade_type><![CDATA[JSAPI]]></trade_type>
<transaction_id><![CDATA[1008000894201603153999832163]]></transaction_id>
</xml>


执行日期：2016-03-15-12：13：20
【接收到的notify通知】:
<xml><appid><![CDATA[wx6d040141df50d9a3]]></appid>
<bank_type><![CDATA[CFT]]></bank_type>
<cash_fee><![CDATA[1]]></cash_fee>
<fee_type><![CDATA[CNY]]></fee_type>
<is_subscribe><![CDATA[Y]]></is_subscribe>
<mch_id><![CDATA[1243050102]]></mch_id>
<nonce_str><![CDATA[4gh0mhhbqh5zfccwxqz0zb8krb4wg2or]]></nonce_str>
<openid><![CDATA[oojFxs1CQD_2G98Os0bI5qNAIhcw]]></openid>
<out_trade_no><![CDATA[1603151212568]]></out_trade_no>
<result_code><![CDATA[SUCCESS]]></result_code>
<return_code><![CDATA[SUCCESS]]></return_code>
<sign><![CDATA[9C8D97A7EBE0743B7DFB9254FFE78C92]]></sign>
<time_end><![CDATA[20160315121306]]></time_end>
<total_fee>1</total_fee>
<trade_type><![CDATA[JSAPI]]></trade_type>
<transaction_id><![CDATA[1008000894201603153999832163]]></transaction_id>
</xml>


执行日期：2016-03-15-12：13：20
【支付成功】:
<xml><appid><![CDATA[wx6d040141df50d9a3]]></appid>
<bank_type><![CDATA[CFT]]></bank_type>
<cash_fee><![CDATA[1]]></cash_fee>
<fee_type><![CDATA[CNY]]></fee_type>
<is_subscribe><![CDATA[Y]]></is_subscribe>
<mch_id><![CDATA[1243050102]]></mch_id>
<nonce_str><![CDATA[4gh0mhhbqh5zfccwxqz0zb8krb4wg2or]]></nonce_str>
<openid><![CDATA[oojFxs1CQD_2G98Os0bI5qNAIhcw]]></openid>
<out_trade_no><![CDATA[1603151212568]]></out_trade_no>
<result_code><![CDATA[SUCCESS]]></result_code>
<return_code><![CDATA[SUCCESS]]></return_code>
<sign><![CDATA[9C8D97A7EBE0743B7DFB9254FFE78C92]]></sign>
<time_end><![CDATA[20160315121306]]></time_end>
<total_fee>1</total_fee>
<trade_type><![CDATA[JSAPI]]></trade_type>
<transaction_id><![CDATA[1008000894201603153999832163]]></transaction_id>
</xml>


执行日期：2016-03-15-12：13：38
【接收到的notify通知】:
<xml><appid><![CDATA[wx6d040141df50d9a3]]></appid>
<bank_type><![CDATA[CFT]]></bank_type>
<cash_fee><![CDATA[1]]></cash_fee>
<fee_type><![CDATA[CNY]]></fee_type>
<is_subscribe><![CDATA[Y]]></is_subscribe>
<mch_id><![CDATA[1243050102]]></mch_id>
<nonce_str><![CDATA[4gh0mhhbqh5zfccwxqz0zb8krb4wg2or]]></nonce_str>
<openid><![CDATA[oojFxs1CQD_2G98Os0bI5qNAIhcw]]></openid>
<out_trade_no><![CDATA[1603151212568]]></out_trade_no>
<result_code><![CDATA[SUCCESS]]></result_code>
<return_code><![CDATA[SUCCESS]]></return_code>
<sign><![CDATA[9C8D97A7EBE0743B7DFB9254FFE78C92]]></sign>
<time_end><![CDATA[20160315121306]]></time_end>
<total_fee>1</total_fee>
<trade_type><![CDATA[JSAPI]]></trade_type>
<transaction_id><![CDATA[1008000894201603153999832163]]></transaction_id>
</xml>


执行日期：2016-03-15-12：13：38
【支付成功】:
<xml><appid><![CDATA[wx6d040141df50d9a3]]></appid>
<bank_type><![CDATA[CFT]]></bank_type>
<cash_fee><![CDATA[1]]></cash_fee>
<fee_type><![CDATA[CNY]]></fee_type>
<is_subscribe><![CDATA[Y]]></is_subscribe>
<mch_id><![CDATA[1243050102]]></mch_id>
<nonce_str><![CDATA[4gh0mhhbqh5zfccwxqz0zb8krb4wg2or]]></nonce_str>
<openid><![CDATA[oojFxs1CQD_2G98Os0bI5qNAIhcw]]></openid>
<out_trade_no><![CDATA[1603151212568]]></out_trade_no>
<result_code><![CDATA[SUCCESS]]></result_code>
<return_code><![CDATA[SUCCESS]]></return_code>
<sign><![CDATA[9C8D97A7EBE0743B7DFB9254FFE78C92]]></sign>
<time_end><![CDATA[20160315121306]]></time_end>
<total_fee>1</total_fee>
<trade_type><![CDATA[JSAPI]]></trade_type>
<transaction_id><![CDATA[1008000894201603153999832163]]></transaction_id>
</xml>


执行日期：2016-03-15-12：14：12
【接收到的notify通知】:
<xml><appid><![CDATA[wx6d040141df50d9a3]]></appid>
<bank_type><![CDATA[CFT]]></bank_type>
<cash_fee><![CDATA[1]]></cash_fee>
<fee_type><![CDATA[CNY]]></fee_type>
<is_subscribe><![CDATA[Y]]></is_subscribe>
<mch_id><![CDATA[1243050102]]></mch_id>
<nonce_str><![CDATA[4gh0mhhbqh5zfccwxqz0zb8krb4wg2or]]></nonce_str>
<openid><![CDATA[oojFxs1CQD_2G98Os0bI5qNAIhcw]]></openid>
<out_trade_no><![CDATA[1603151212568]]></out_trade_no>
<result_code><![CDATA[SUCCESS]]></result_code>
<return_code><![CDATA[SUCCESS]]></return_code>
<sign><![CDATA[9C8D97A7EBE0743B7DFB9254FFE78C92]]></sign>
<time_end><![CDATA[20160315121306]]></time_end>
<total_fee>1</total_fee>
<trade_type><![CDATA[JSAPI]]></trade_type>
<transaction_id><![CDATA[1008000894201603153999832163]]></transaction_id>
</xml>


执行日期：2016-03-15-12：14：12
【支付成功】:
<xml><appid><![CDATA[wx6d040141df50d9a3]]></appid>
<bank_type><![CDATA[CFT]]></bank_type>
<cash_fee><![CDATA[1]]></cash_fee>
<fee_type><![CDATA[CNY]]></fee_type>
<is_subscribe><![CDATA[Y]]></is_subscribe>
<mch_id><![CDATA[1243050102]]></mch_id>
<nonce_str><![CDATA[4gh0mhhbqh5zfccwxqz0zb8krb4wg2or]]></nonce_str>
<openid><![CDATA[oojFxs1CQD_2G98Os0bI5qNAIhcw]]></openid>
<out_trade_no><![CDATA[1603151212568]]></out_trade_no>
<result_code><![CDATA[SUCCESS]]></result_code>
<return_code><![CDATA[SUCCESS]]></return_code>
<sign><![CDATA[9C8D97A7EBE0743B7DFB9254FFE78C92]]></sign>
<time_end><![CDATA[20160315121306]]></time_end>
<total_fee>1</total_fee>
<trade_type><![CDATA[JSAPI]]></trade_type>
<transaction_id><![CDATA[1008000894201603153999832163]]></transaction_id>
</xml>


执行日期：2016-03-15-12：17：15
【接收到的notify通知】:
<xml><appid><![CDATA[wx6d040141df50d9a3]]></appid>
<bank_type><![CDATA[CFT]]></bank_type>
<cash_fee><![CDATA[1]]></cash_fee>
<fee_type><![CDATA[CNY]]></fee_type>
<is_subscribe><![CDATA[Y]]></is_subscribe>
<mch_id><![CDATA[1243050102]]></mch_id>
<nonce_str><![CDATA[4gh0mhhbqh5zfccwxqz0zb8krb4wg2or]]></nonce_str>
<openid><![CDATA[oojFxs1CQD_2G98Os0bI5qNAIhcw]]></openid>
<out_trade_no><![CDATA[1603151212568]]></out_trade_no>
<result_code><![CDATA[SUCCESS]]></result_code>
<return_code><![CDATA[SUCCESS]]></return_code>
<sign><![CDATA[9C8D97A7EBE0743B7DFB9254FFE78C92]]></sign>
<time_end><![CDATA[20160315121306]]></time_end>
<total_fee>1</total_fee>
<trade_type><![CDATA[JSAPI]]></trade_type>
<transaction_id><![CDATA[1008000894201603153999832163]]></transaction_id>
</xml>


执行日期：2016-03-15-12：17：15
【支付成功】:
<xml><appid><![CDATA[wx6d040141df50d9a3]]></appid>
<bank_type><![CDATA[CFT]]></bank_type>
<cash_fee><![CDATA[1]]></cash_fee>
<fee_type><![CDATA[CNY]]></fee_type>
<is_subscribe><![CDATA[Y]]></is_subscribe>
<mch_id><![CDATA[1243050102]]></mch_id>
<nonce_str><![CDATA[4gh0mhhbqh5zfccwxqz0zb8krb4wg2or]]></nonce_str>
<openid><![CDATA[oojFxs1CQD_2G98Os0bI5qNAIhcw]]></openid>
<out_trade_no><![CDATA[1603151212568]]></out_trade_no>
<result_code><![CDATA[SUCCESS]]></result_code>
<return_code><![CDATA[SUCCESS]]></return_code>
<sign><![CDATA[9C8D97A7EBE0743B7DFB9254FFE78C92]]></sign>
<time_end><![CDATA[20160315121306]]></time_end>
<total_fee>1</total_fee>
<trade_type><![CDATA[JSAPI]]></trade_type>
<transaction_id><![CDATA[1008000894201603153999832163]]></transaction_id>
</xml>


执行日期：2016-03-15-12：36：52
【接收到的notify通知】:
<xml><appid><![CDATA[wx6d040141df50d9a3]]></appid>
<bank_type><![CDATA[CFT]]></bank_type>
<cash_fee><![CDATA[1]]></cash_fee>
<fee_type><![CDATA[CNY]]></fee_type>
<is_subscribe><![CDATA[Y]]></is_subscribe>
<mch_id><![CDATA[1243050102]]></mch_id>
<nonce_str><![CDATA[xhrafsfdkreb888wzlppz2a0sgzar4li]]></nonce_str>
<openid><![CDATA[oojFxs1CQD_2G98Os0bI5qNAIhcw]]></openid>
<out_trade_no><![CDATA[1603151202295]]></out_trade_no>
<result_code><![CDATA[SUCCESS]]></result_code>
<return_code><![CDATA[SUCCESS]]></return_code>
<sign><![CDATA[78FC904EB3DD387FA6D2BA9B8E492461]]></sign>
<time_end><![CDATA[20160315120240]]></time_end>
<total_fee>1</total_fee>
<trade_type><![CDATA[JSAPI]]></trade_type>
<transaction_id><![CDATA[1008000894201603154001182140]]></transaction_id>
</xml>


执行日期：2016-03-15-12：36：52
【支付成功】:
<xml><appid><![CDATA[wx6d040141df50d9a3]]></appid>
<bank_type><![CDATA[CFT]]></bank_type>
<cash_fee><![CDATA[1]]></cash_fee>
<fee_type><![CDATA[CNY]]></fee_type>
<is_subscribe><![CDATA[Y]]></is_subscribe>
<mch_id><![CDATA[1243050102]]></mch_id>
<nonce_str><![CDATA[xhrafsfdkreb888wzlppz2a0sgzar4li]]></nonce_str>
<openid><![CDATA[oojFxs1CQD_2G98Os0bI5qNAIhcw]]></openid>
<out_trade_no><![CDATA[1603151202295]]></out_trade_no>
<result_code><![CDATA[SUCCESS]]></result_code>
<return_code><![CDATA[SUCCESS]]></return_code>
<sign><![CDATA[78FC904EB3DD387FA6D2BA9B8E492461]]></sign>
<time_end><![CDATA[20160315120240]]></time_end>
<total_fee>1</total_fee>
<trade_type><![CDATA[JSAPI]]></trade_type>
<transaction_id><![CDATA[1008000894201603154001182140]]></transaction_id>
</xml>


执行日期：2016-03-15-12：47：23
【接收到的notify通知】:
<xml><appid><![CDATA[wx6d040141df50d9a3]]></appid>
<bank_type><![CDATA[CFT]]></bank_type>
<cash_fee><![CDATA[1]]></cash_fee>
<fee_type><![CDATA[CNY]]></fee_type>
<is_subscribe><![CDATA[Y]]></is_subscribe>
<mch_id><![CDATA[1243050102]]></mch_id>
<nonce_str><![CDATA[4gh0mhhbqh5zfccwxqz0zb8krb4wg2or]]></nonce_str>
<openid><![CDATA[oojFxs1CQD_2G98Os0bI5qNAIhcw]]></openid>
<out_trade_no><![CDATA[1603151212568]]></out_trade_no>
<result_code><![CDATA[SUCCESS]]></result_code>
<return_code><![CDATA[SUCCESS]]></return_code>
<sign><![CDATA[9C8D97A7EBE0743B7DFB9254FFE78C92]]></sign>
<time_end><![CDATA[20160315121306]]></time_end>
<total_fee>1</total_fee>
<trade_type><![CDATA[JSAPI]]></trade_type>
<transaction_id><![CDATA[1008000894201603153999832163]]></transaction_id>
</xml>


执行日期：2016-03-15-12：47：23
【支付成功】:
<xml><appid><![CDATA[wx6d040141df50d9a3]]></appid>
<bank_type><![CDATA[CFT]]></bank_type>
<cash_fee><![CDATA[1]]></cash_fee>
<fee_type><![CDATA[CNY]]></fee_type>
<is_subscribe><![CDATA[Y]]></is_subscribe>
<mch_id><![CDATA[1243050102]]></mch_id>
<nonce_str><![CDATA[4gh0mhhbqh5zfccwxqz0zb8krb4wg2or]]></nonce_str>
<openid><![CDATA[oojFxs1CQD_2G98Os0bI5qNAIhcw]]></openid>
<out_trade_no><![CDATA[1603151212568]]></out_trade_no>
<result_code><![CDATA[SUCCESS]]></result_code>
<return_code><![CDATA[SUCCESS]]></return_code>
<sign><![CDATA[9C8D97A7EBE0743B7DFB9254FFE78C92]]></sign>
<time_end><![CDATA[20160315121306]]></time_end>
<total_fee>1</total_fee>
<trade_type><![CDATA[JSAPI]]></trade_type>
<transaction_id><![CDATA[1008000894201603153999832163]]></transaction_id>
</xml>


执行日期：2016-03-15-13：06：55
【接收到的notify通知】:
<xml><appid><![CDATA[wx6d040141df50d9a3]]></appid>
<bank_type><![CDATA[CFT]]></bank_type>
<cash_fee><![CDATA[1]]></cash_fee>
<fee_type><![CDATA[CNY]]></fee_type>
<is_subscribe><![CDATA[Y]]></is_subscribe>
<mch_id><![CDATA[1243050102]]></mch_id>
<nonce_str><![CDATA[xhrafsfdkreb888wzlppz2a0sgzar4li]]></nonce_str>
<openid><![CDATA[oojFxs1CQD_2G98Os0bI5qNAIhcw]]></openid>
<out_trade_no><![CDATA[1603151202295]]></out_trade_no>
<result_code><![CDATA[SUCCESS]]></result_code>
<return_code><![CDATA[SUCCESS]]></return_code>
<sign><![CDATA[78FC904EB3DD387FA6D2BA9B8E492461]]></sign>
<time_end><![CDATA[20160315120240]]></time_end>
<total_fee>1</total_fee>
<trade_type><![CDATA[JSAPI]]></trade_type>
<transaction_id><![CDATA[1008000894201603154001182140]]></transaction_id>
</xml>


执行日期：2016-03-15-13：06：55
【支付成功】:
<xml><appid><![CDATA[wx6d040141df50d9a3]]></appid>
<bank_type><![CDATA[CFT]]></bank_type>
<cash_fee><![CDATA[1]]></cash_fee>
<fee_type><![CDATA[CNY]]></fee_type>
<is_subscribe><![CDATA[Y]]></is_subscribe>
<mch_id><![CDATA[1243050102]]></mch_id>
<nonce_str><![CDATA[xhrafsfdkreb888wzlppz2a0sgzar4li]]></nonce_str>
<openid><![CDATA[oojFxs1CQD_2G98Os0bI5qNAIhcw]]></openid>
<out_trade_no><![CDATA[1603151202295]]></out_trade_no>
<result_code><![CDATA[SUCCESS]]></result_code>
<return_code><![CDATA[SUCCESS]]></return_code>
<sign><![CDATA[78FC904EB3DD387FA6D2BA9B8E492461]]></sign>
<time_end><![CDATA[20160315120240]]></time_end>
<total_fee>1</total_fee>
<trade_type><![CDATA[JSAPI]]></trade_type>
<transaction_id><![CDATA[1008000894201603154001182140]]></transaction_id>
</xml>


执行日期：2016-03-15-13：17：25
【接收到的notify通知】:
<xml><appid><![CDATA[wx6d040141df50d9a3]]></appid>
<bank_type><![CDATA[CFT]]></bank_type>
<cash_fee><![CDATA[1]]></cash_fee>
<fee_type><![CDATA[CNY]]></fee_type>
<is_subscribe><![CDATA[Y]]></is_subscribe>
<mch_id><![CDATA[1243050102]]></mch_id>
<nonce_str><![CDATA[4gh0mhhbqh5zfccwxqz0zb8krb4wg2or]]></nonce_str>
<openid><![CDATA[oojFxs1CQD_2G98Os0bI5qNAIhcw]]></openid>
<out_trade_no><![CDATA[1603151212568]]></out_trade_no>
<result_code><![CDATA[SUCCESS]]></result_code>
<return_code><![CDATA[SUCCESS]]></return_code>
<sign><![CDATA[9C8D97A7EBE0743B7DFB9254FFE78C92]]></sign>
<time_end><![CDATA[20160315121306]]></time_end>
<total_fee>1</total_fee>
<trade_type><![CDATA[JSAPI]]></trade_type>
<transaction_id><![CDATA[1008000894201603153999832163]]></transaction_id>
</xml>


执行日期：2016-03-15-13：17：25
【支付成功】:
<xml><appid><![CDATA[wx6d040141df50d9a3]]></appid>
<bank_type><![CDATA[CFT]]></bank_type>
<cash_fee><![CDATA[1]]></cash_fee>
<fee_type><![CDATA[CNY]]></fee_type>
<is_subscribe><![CDATA[Y]]></is_subscribe>
<mch_id><![CDATA[1243050102]]></mch_id>
<nonce_str><![CDATA[4gh0mhhbqh5zfccwxqz0zb8krb4wg2or]]></nonce_str>
<openid><![CDATA[oojFxs1CQD_2G98Os0bI5qNAIhcw]]></openid>
<out_trade_no><![CDATA[1603151212568]]></out_trade_no>
<result_code><![CDATA[SUCCESS]]></result_code>
<return_code><![CDATA[SUCCESS]]></return_code>
<sign><![CDATA[9C8D97A7EBE0743B7DFB9254FFE78C92]]></sign>
<time_end><![CDATA[20160315121306]]></time_end>
<total_fee>1</total_fee>
<trade_type><![CDATA[JSAPI]]></trade_type>
<transaction_id><![CDATA[1008000894201603153999832163]]></transaction_id>
</xml>


执行日期：2016-03-15-13：36：57
【接收到的notify通知】:
<xml><appid><![CDATA[wx6d040141df50d9a3]]></appid>
<bank_type><![CDATA[CFT]]></bank_type>
<cash_fee><![CDATA[1]]></cash_fee>
<fee_type><![CDATA[CNY]]></fee_type>
<is_subscribe><![CDATA[Y]]></is_subscribe>
<mch_id><![CDATA[1243050102]]></mch_id>
<nonce_str><![CDATA[xhrafsfdkreb888wzlppz2a0sgzar4li]]></nonce_str>
<openid><![CDATA[oojFxs1CQD_2G98Os0bI5qNAIhcw]]></openid>
<out_trade_no><![CDATA[1603151202295]]></out_trade_no>
<result_code><![CDATA[SUCCESS]]></result_code>
<return_code><![CDATA[SUCCESS]]></return_code>
<sign><![CDATA[78FC904EB3DD387FA6D2BA9B8E492461]]></sign>
<time_end><![CDATA[20160315120240]]></time_end>
<total_fee>1</total_fee>
<trade_type><![CDATA[JSAPI]]></trade_type>
<transaction_id><![CDATA[1008000894201603154001182140]]></transaction_id>
</xml>


执行日期：2016-03-15-13：36：57
【支付成功】:
<xml><appid><![CDATA[wx6d040141df50d9a3]]></appid>
<bank_type><![CDATA[CFT]]></bank_type>
<cash_fee><![CDATA[1]]></cash_fee>
<fee_type><![CDATA[CNY]]></fee_type>
<is_subscribe><![CDATA[Y]]></is_subscribe>
<mch_id><![CDATA[1243050102]]></mch_id>
<nonce_str><![CDATA[xhrafsfdkreb888wzlppz2a0sgzar4li]]></nonce_str>
<openid><![CDATA[oojFxs1CQD_2G98Os0bI5qNAIhcw]]></openid>
<out_trade_no><![CDATA[1603151202295]]></out_trade_no>
<result_code><![CDATA[SUCCESS]]></result_code>
<return_code><![CDATA[SUCCESS]]></return_code>
<sign><![CDATA[78FC904EB3DD387FA6D2BA9B8E492461]]></sign>
<time_end><![CDATA[20160315120240]]></time_end>
<total_fee>1</total_fee>
<trade_type><![CDATA[JSAPI]]></trade_type>
<transaction_id><![CDATA[1008000894201603154001182140]]></transaction_id>
</xml>


执行日期：2016-03-15-13：47：27
【接收到的notify通知】:
<xml><appid><![CDATA[wx6d040141df50d9a3]]></appid>
<bank_type><![CDATA[CFT]]></bank_type>
<cash_fee><![CDATA[1]]></cash_fee>
<fee_type><![CDATA[CNY]]></fee_type>
<is_subscribe><![CDATA[Y]]></is_subscribe>
<mch_id><![CDATA[1243050102]]></mch_id>
<nonce_str><![CDATA[4gh0mhhbqh5zfccwxqz0zb8krb4wg2or]]></nonce_str>
<openid><![CDATA[oojFxs1CQD_2G98Os0bI5qNAIhcw]]></openid>
<out_trade_no><![CDATA[1603151212568]]></out_trade_no>
<result_code><![CDATA[SUCCESS]]></result_code>
<return_code><![CDATA[SUCCESS]]></return_code>
<sign><![CDATA[9C8D97A7EBE0743B7DFB9254FFE78C92]]></sign>
<time_end><![CDATA[20160315121306]]></time_end>
<total_fee>1</total_fee>
<trade_type><![CDATA[JSAPI]]></trade_type>
<transaction_id><![CDATA[1008000894201603153999832163]]></transaction_id>
</xml>


执行日期：2016-03-15-13：47：27
【支付成功】:
<xml><appid><![CDATA[wx6d040141df50d9a3]]></appid>
<bank_type><![CDATA[CFT]]></bank_type>
<cash_fee><![CDATA[1]]></cash_fee>
<fee_type><![CDATA[CNY]]></fee_type>
<is_subscribe><![CDATA[Y]]></is_subscribe>
<mch_id><![CDATA[1243050102]]></mch_id>
<nonce_str><![CDATA[4gh0mhhbqh5zfccwxqz0zb8krb4wg2or]]></nonce_str>
<openid><![CDATA[oojFxs1CQD_2G98Os0bI5qNAIhcw]]></openid>
<out_trade_no><![CDATA[1603151212568]]></out_trade_no>
<result_code><![CDATA[SUCCESS]]></result_code>
<return_code><![CDATA[SUCCESS]]></return_code>
<sign><![CDATA[9C8D97A7EBE0743B7DFB9254FFE78C92]]></sign>
<time_end><![CDATA[20160315121306]]></time_end>
<total_fee>1</total_fee>
<trade_type><![CDATA[JSAPI]]></trade_type>
<transaction_id><![CDATA[1008000894201603153999832163]]></transaction_id>
</xml>


执行日期：2016-03-15-14：07：00
【接收到的notify通知】:
<xml><appid><![CDATA[wx6d040141df50d9a3]]></appid>
<bank_type><![CDATA[CFT]]></bank_type>
<cash_fee><![CDATA[1]]></cash_fee>
<fee_type><![CDATA[CNY]]></fee_type>
<is_subscribe><![CDATA[Y]]></is_subscribe>
<mch_id><![CDATA[1243050102]]></mch_id>
<nonce_str><![CDATA[xhrafsfdkreb888wzlppz2a0sgzar4li]]></nonce_str>
<openid><![CDATA[oojFxs1CQD_2G98Os0bI5qNAIhcw]]></openid>
<out_trade_no><![CDATA[1603151202295]]></out_trade_no>
<result_code><![CDATA[SUCCESS]]></result_code>
<return_code><![CDATA[SUCCESS]]></return_code>
<sign><![CDATA[78FC904EB3DD387FA6D2BA9B8E492461]]></sign>
<time_end><![CDATA[20160315120240]]></time_end>
<total_fee>1</total_fee>
<trade_type><![CDATA[JSAPI]]></trade_type>
<transaction_id><![CDATA[1008000894201603154001182140]]></transaction_id>
</xml>


执行日期：2016-03-15-14：07：00
【支付成功】:
<xml><appid><![CDATA[wx6d040141df50d9a3]]></appid>
<bank_type><![CDATA[CFT]]></bank_type>
<cash_fee><![CDATA[1]]></cash_fee>
<fee_type><![CDATA[CNY]]></fee_type>
<is_subscribe><![CDATA[Y]]></is_subscribe>
<mch_id><![CDATA[1243050102]]></mch_id>
<nonce_str><![CDATA[xhrafsfdkreb888wzlppz2a0sgzar4li]]></nonce_str>
<openid><![CDATA[oojFxs1CQD_2G98Os0bI5qNAIhcw]]></openid>
<out_trade_no><![CDATA[1603151202295]]></out_trade_no>
<result_code><![CDATA[SUCCESS]]></result_code>
<return_code><![CDATA[SUCCESS]]></return_code>
<sign><![CDATA[78FC904EB3DD387FA6D2BA9B8E492461]]></sign>
<time_end><![CDATA[20160315120240]]></time_end>
<total_fee>1</total_fee>
<trade_type><![CDATA[JSAPI]]></trade_type>
<transaction_id><![CDATA[1008000894201603154001182140]]></transaction_id>
</xml>


执行日期：2016-03-15-14：17：29
【接收到的notify通知】:
<xml><appid><![CDATA[wx6d040141df50d9a3]]></appid>
<bank_type><![CDATA[CFT]]></bank_type>
<cash_fee><![CDATA[1]]></cash_fee>
<fee_type><![CDATA[CNY]]></fee_type>
<is_subscribe><![CDATA[Y]]></is_subscribe>
<mch_id><![CDATA[1243050102]]></mch_id>
<nonce_str><![CDATA[4gh0mhhbqh5zfccwxqz0zb8krb4wg2or]]></nonce_str>
<openid><![CDATA[oojFxs1CQD_2G98Os0bI5qNAIhcw]]></openid>
<out_trade_no><![CDATA[1603151212568]]></out_trade_no>
<result_code><![CDATA[SUCCESS]]></result_code>
<return_code><![CDATA[SUCCESS]]></return_code>
<sign><![CDATA[9C8D97A7EBE0743B7DFB9254FFE78C92]]></sign>
<time_end><![CDATA[20160315121306]]></time_end>
<total_fee>1</total_fee>
<trade_type><![CDATA[JSAPI]]></trade_type>
<transaction_id><![CDATA[1008000894201603153999832163]]></transaction_id>
</xml>


执行日期：2016-03-15-14：17：29
【支付成功】:
<xml><appid><![CDATA[wx6d040141df50d9a3]]></appid>
<bank_type><![CDATA[CFT]]></bank_type>
<cash_fee><![CDATA[1]]></cash_fee>
<fee_type><![CDATA[CNY]]></fee_type>
<is_subscribe><![CDATA[Y]]></is_subscribe>
<mch_id><![CDATA[1243050102]]></mch_id>
<nonce_str><![CDATA[4gh0mhhbqh5zfccwxqz0zb8krb4wg2or]]></nonce_str>
<openid><![CDATA[oojFxs1CQD_2G98Os0bI5qNAIhcw]]></openid>
<out_trade_no><![CDATA[1603151212568]]></out_trade_no>
<result_code><![CDATA[SUCCESS]]></result_code>
<return_code><![CDATA[SUCCESS]]></return_code>
<sign><![CDATA[9C8D97A7EBE0743B7DFB9254FFE78C92]]></sign>
<time_end><![CDATA[20160315121306]]></time_end>
<total_fee>1</total_fee>
<trade_type><![CDATA[JSAPI]]></trade_type>
<transaction_id><![CDATA[1008000894201603153999832163]]></transaction_id>
</xml>


执行日期：2016-03-15-15：07：02
【接收到的notify通知】:
<xml><appid><![CDATA[wx6d040141df50d9a3]]></appid>
<bank_type><![CDATA[CFT]]></bank_type>
<cash_fee><![CDATA[1]]></cash_fee>
<fee_type><![CDATA[CNY]]></fee_type>
<is_subscribe><![CDATA[Y]]></is_subscribe>
<mch_id><![CDATA[1243050102]]></mch_id>
<nonce_str><![CDATA[xhrafsfdkreb888wzlppz2a0sgzar4li]]></nonce_str>
<openid><![CDATA[oojFxs1CQD_2G98Os0bI5qNAIhcw]]></openid>
<out_trade_no><![CDATA[1603151202295]]></out_trade_no>
<result_code><![CDATA[SUCCESS]]></result_code>
<return_code><![CDATA[SUCCESS]]></return_code>
<sign><![CDATA[78FC904EB3DD387FA6D2BA9B8E492461]]></sign>
<time_end><![CDATA[20160315120240]]></time_end>
<total_fee>1</total_fee>
<trade_type><![CDATA[JSAPI]]></trade_type>
<transaction_id><![CDATA[1008000894201603154001182140]]></transaction_id>
</xml>


执行日期：2016-03-15-15：07：02
【支付成功】:
<xml><appid><![CDATA[wx6d040141df50d9a3]]></appid>
<bank_type><![CDATA[CFT]]></bank_type>
<cash_fee><![CDATA[1]]></cash_fee>
<fee_type><![CDATA[CNY]]></fee_type>
<is_subscribe><![CDATA[Y]]></is_subscribe>
<mch_id><![CDATA[1243050102]]></mch_id>
<nonce_str><![CDATA[xhrafsfdkreb888wzlppz2a0sgzar4li]]></nonce_str>
<openid><![CDATA[oojFxs1CQD_2G98Os0bI5qNAIhcw]]></openid>
<out_trade_no><![CDATA[1603151202295]]></out_trade_no>
<result_code><![CDATA[SUCCESS]]></result_code>
<return_code><![CDATA[SUCCESS]]></return_code>
<sign><![CDATA[78FC904EB3DD387FA6D2BA9B8E492461]]></sign>
<time_end><![CDATA[20160315120240]]></time_end>
<total_fee>1</total_fee>
<trade_type><![CDATA[JSAPI]]></trade_type>
<transaction_id><![CDATA[1008000894201603154001182140]]></transaction_id>
</xml>


执行日期：2016-03-15-15：17：33
【接收到的notify通知】:
<xml><appid><![CDATA[wx6d040141df50d9a3]]></appid>
<bank_type><![CDATA[CFT]]></bank_type>
<cash_fee><![CDATA[1]]></cash_fee>
<fee_type><![CDATA[CNY]]></fee_type>
<is_subscribe><![CDATA[Y]]></is_subscribe>
<mch_id><![CDATA[1243050102]]></mch_id>
<nonce_str><![CDATA[4gh0mhhbqh5zfccwxqz0zb8krb4wg2or]]></nonce_str>
<openid><![CDATA[oojFxs1CQD_2G98Os0bI5qNAIhcw]]></openid>
<out_trade_no><![CDATA[1603151212568]]></out_trade_no>
<result_code><![CDATA[SUCCESS]]></result_code>
<return_code><![CDATA[SUCCESS]]></return_code>
<sign><![CDATA[9C8D97A7EBE0743B7DFB9254FFE78C92]]></sign>
<time_end><![CDATA[20160315121306]]></time_end>
<total_fee>1</total_fee>
<trade_type><![CDATA[JSAPI]]></trade_type>
<transaction_id><![CDATA[1008000894201603153999832163]]></transaction_id>
</xml>


执行日期：2016-03-15-15：17：33
【支付成功】:
<xml><appid><![CDATA[wx6d040141df50d9a3]]></appid>
<bank_type><![CDATA[CFT]]></bank_type>
<cash_fee><![CDATA[1]]></cash_fee>
<fee_type><![CDATA[CNY]]></fee_type>
<is_subscribe><![CDATA[Y]]></is_subscribe>
<mch_id><![CDATA[1243050102]]></mch_id>
<nonce_str><![CDATA[4gh0mhhbqh5zfccwxqz0zb8krb4wg2or]]></nonce_str>
<openid><![CDATA[oojFxs1CQD_2G98Os0bI5qNAIhcw]]></openid>
<out_trade_no><![CDATA[1603151212568]]></out_trade_no>
<result_code><![CDATA[SUCCESS]]></result_code>
<return_code><![CDATA[SUCCESS]]></return_code>
<sign><![CDATA[9C8D97A7EBE0743B7DFB9254FFE78C92]]></sign>
<time_end><![CDATA[20160315121306]]></time_end>
<total_fee>1</total_fee>
<trade_type><![CDATA[JSAPI]]></trade_type>
<transaction_id><![CDATA[1008000894201603153999832163]]></transaction_id>
</xml>


执行日期：2016-06-17-17：59：32
【接收到的notify通知】:
<xml><appid><![CDATA[wxf87d88851dd206e5]]></appid>
<bank_type><![CDATA[CFT]]></bank_type>
<cash_fee><![CDATA[1]]></cash_fee>
<fee_type><![CDATA[CNY]]></fee_type>
<is_subscribe><![CDATA[Y]]></is_subscribe>
<mch_id><![CDATA[1349473901]]></mch_id>
<nonce_str><![CDATA[zh6cmnjdpgnr2e189ci93h3lkmm5yowy]]></nonce_str>
<openid><![CDATA[osgdzwlHRG0jdgM3mxrN6IiZoQ7Q]]></openid>
<out_trade_no><![CDATA[1606170559234]]></out_trade_no>
<result_code><![CDATA[SUCCESS]]></result_code>
<return_code><![CDATA[SUCCESS]]></return_code>
<sign><![CDATA[9615C1699A2E86510B39EF4ABB770723]]></sign>
<time_end><![CDATA[20160617175931]]></time_end>
<total_fee>1</total_fee>
<trade_type><![CDATA[JSAPI]]></trade_type>
<transaction_id><![CDATA[4008002001201606177421428050]]></transaction_id>
</xml>


执行日期：2016-06-17-17：59：32
【支付成功】:
<xml><appid><![CDATA[wxf87d88851dd206e5]]></appid>
<bank_type><![CDATA[CFT]]></bank_type>
<cash_fee><![CDATA[1]]></cash_fee>
<fee_type><![CDATA[CNY]]></fee_type>
<is_subscribe><![CDATA[Y]]></is_subscribe>
<mch_id><![CDATA[1349473901]]></mch_id>
<nonce_str><![CDATA[zh6cmnjdpgnr2e189ci93h3lkmm5yowy]]></nonce_str>
<openid><![CDATA[osgdzwlHRG0jdgM3mxrN6IiZoQ7Q]]></openid>
<out_trade_no><![CDATA[1606170559234]]></out_trade_no>
<result_code><![CDATA[SUCCESS]]></result_code>
<return_code><![CDATA[SUCCESS]]></return_code>
<sign><![CDATA[9615C1699A2E86510B39EF4ABB770723]]></sign>
<time_end><![CDATA[20160617175931]]></time_end>
<total_fee>1</total_fee>
<trade_type><![CDATA[JSAPI]]></trade_type>
<transaction_id><![CDATA[4008002001201606177421428050]]></transaction_id>
</xml>


执行日期：2016-06-17-17：59：46
【接收到的notify通知】:
<xml><appid><![CDATA[wxf87d88851dd206e5]]></appid>
<bank_type><![CDATA[CFT]]></bank_type>
<cash_fee><![CDATA[1]]></cash_fee>
<fee_type><![CDATA[CNY]]></fee_type>
<is_subscribe><![CDATA[Y]]></is_subscribe>
<mch_id><![CDATA[1349473901]]></mch_id>
<nonce_str><![CDATA[zh6cmnjdpgnr2e189ci93h3lkmm5yowy]]></nonce_str>
<openid><![CDATA[osgdzwlHRG0jdgM3mxrN6IiZoQ7Q]]></openid>
<out_trade_no><![CDATA[1606170559234]]></out_trade_no>
<result_code><![CDATA[SUCCESS]]></result_code>
<return_code><![CDATA[SUCCESS]]></return_code>
<sign><![CDATA[9615C1699A2E86510B39EF4ABB770723]]></sign>
<time_end><![CDATA[20160617175931]]></time_end>
<total_fee>1</total_fee>
<trade_type><![CDATA[JSAPI]]></trade_type>
<transaction_id><![CDATA[4008002001201606177421428050]]></transaction_id>
</xml>


执行日期：2016-06-17-17：59：46
【支付成功】:
<xml><appid><![CDATA[wxf87d88851dd206e5]]></appid>
<bank_type><![CDATA[CFT]]></bank_type>
<cash_fee><![CDATA[1]]></cash_fee>
<fee_type><![CDATA[CNY]]></fee_type>
<is_subscribe><![CDATA[Y]]></is_subscribe>
<mch_id><![CDATA[1349473901]]></mch_id>
<nonce_str><![CDATA[zh6cmnjdpgnr2e189ci93h3lkmm5yowy]]></nonce_str>
<openid><![CDATA[osgdzwlHRG0jdgM3mxrN6IiZoQ7Q]]></openid>
<out_trade_no><![CDATA[1606170559234]]></out_trade_no>
<result_code><![CDATA[SUCCESS]]></result_code>
<return_code><![CDATA[SUCCESS]]></return_code>
<sign><![CDATA[9615C1699A2E86510B39EF4ABB770723]]></sign>
<time_end><![CDATA[20160617175931]]></time_end>
<total_fee>1</total_fee>
<trade_type><![CDATA[JSAPI]]></trade_type>
<transaction_id><![CDATA[4008002001201606177421428050]]></transaction_id>
</xml>


执行日期：2016-06-17-18：00：04
【接收到的notify通知】:
<xml><appid><![CDATA[wxf87d88851dd206e5]]></appid>
<bank_type><![CDATA[CFT]]></bank_type>
<cash_fee><![CDATA[1]]></cash_fee>
<fee_type><![CDATA[CNY]]></fee_type>
<is_subscribe><![CDATA[Y]]></is_subscribe>
<mch_id><![CDATA[1349473901]]></mch_id>
<nonce_str><![CDATA[zh6cmnjdpgnr2e189ci93h3lkmm5yowy]]></nonce_str>
<openid><![CDATA[osgdzwlHRG0jdgM3mxrN6IiZoQ7Q]]></openid>
<out_trade_no><![CDATA[1606170559234]]></out_trade_no>
<result_code><![CDATA[SUCCESS]]></result_code>
<return_code><![CDATA[SUCCESS]]></return_code>
<sign><![CDATA[9615C1699A2E86510B39EF4ABB770723]]></sign>
<time_end><![CDATA[20160617175931]]></time_end>
<total_fee>1</total_fee>
<trade_type><![CDATA[JSAPI]]></trade_type>
<transaction_id><![CDATA[4008002001201606177421428050]]></transaction_id>
</xml>


执行日期：2016-06-17-18：00：04
【支付成功】:
<xml><appid><![CDATA[wxf87d88851dd206e5]]></appid>
<bank_type><![CDATA[CFT]]></bank_type>
<cash_fee><![CDATA[1]]></cash_fee>
<fee_type><![CDATA[CNY]]></fee_type>
<is_subscribe><![CDATA[Y]]></is_subscribe>
<mch_id><![CDATA[1349473901]]></mch_id>
<nonce_str><![CDATA[zh6cmnjdpgnr2e189ci93h3lkmm5yowy]]></nonce_str>
<openid><![CDATA[osgdzwlHRG0jdgM3mxrN6IiZoQ7Q]]></openid>
<out_trade_no><![CDATA[1606170559234]]></out_trade_no>
<result_code><![CDATA[SUCCESS]]></result_code>
<return_code><![CDATA[SUCCESS]]></return_code>
<sign><![CDATA[9615C1699A2E86510B39EF4ABB770723]]></sign>
<time_end><![CDATA[20160617175931]]></time_end>
<total_fee>1</total_fee>
<trade_type><![CDATA[JSAPI]]></trade_type>
<transaction_id><![CDATA[4008002001201606177421428050]]></transaction_id>
</xml>


执行日期：2016-06-17-18：00：36
【接收到的notify通知】:
<xml><appid><![CDATA[wxf87d88851dd206e5]]></appid>
<bank_type><![CDATA[CFT]]></bank_type>
<cash_fee><![CDATA[1]]></cash_fee>
<fee_type><![CDATA[CNY]]></fee_type>
<is_subscribe><![CDATA[Y]]></is_subscribe>
<mch_id><![CDATA[1349473901]]></mch_id>
<nonce_str><![CDATA[zh6cmnjdpgnr2e189ci93h3lkmm5yowy]]></nonce_str>
<openid><![CDATA[osgdzwlHRG0jdgM3mxrN6IiZoQ7Q]]></openid>
<out_trade_no><![CDATA[1606170559234]]></out_trade_no>
<result_code><![CDATA[SUCCESS]]></result_code>
<return_code><![CDATA[SUCCESS]]></return_code>
<sign><![CDATA[9615C1699A2E86510B39EF4ABB770723]]></sign>
<time_end><![CDATA[20160617175931]]></time_end>
<total_fee>1</total_fee>
<trade_type><![CDATA[JSAPI]]></trade_type>
<transaction_id><![CDATA[4008002001201606177421428050]]></transaction_id>
</xml>


执行日期：2016-06-17-18：00：36
【支付成功】:
<xml><appid><![CDATA[wxf87d88851dd206e5]]></appid>
<bank_type><![CDATA[CFT]]></bank_type>
<cash_fee><![CDATA[1]]></cash_fee>
<fee_type><![CDATA[CNY]]></fee_type>
<is_subscribe><![CDATA[Y]]></is_subscribe>
<mch_id><![CDATA[1349473901]]></mch_id>
<nonce_str><![CDATA[zh6cmnjdpgnr2e189ci93h3lkmm5yowy]]></nonce_str>
<openid><![CDATA[osgdzwlHRG0jdgM3mxrN6IiZoQ7Q]]></openid>
<out_trade_no><![CDATA[1606170559234]]></out_trade_no>
<result_code><![CDATA[SUCCESS]]></result_code>
<return_code><![CDATA[SUCCESS]]></return_code>
<sign><![CDATA[9615C1699A2E86510B39EF4ABB770723]]></sign>
<time_end><![CDATA[20160617175931]]></time_end>
<total_fee>1</total_fee>
<trade_type><![CDATA[JSAPI]]></trade_type>
<transaction_id><![CDATA[4008002001201606177421428050]]></transaction_id>
</xml>


执行日期：2016-06-17-18：03：37
【接收到的notify通知】:
<xml><appid><![CDATA[wxf87d88851dd206e5]]></appid>
<bank_type><![CDATA[CFT]]></bank_type>
<cash_fee><![CDATA[1]]></cash_fee>
<fee_type><![CDATA[CNY]]></fee_type>
<is_subscribe><![CDATA[Y]]></is_subscribe>
<mch_id><![CDATA[1349473901]]></mch_id>
<nonce_str><![CDATA[zh6cmnjdpgnr2e189ci93h3lkmm5yowy]]></nonce_str>
<openid><![CDATA[osgdzwlHRG0jdgM3mxrN6IiZoQ7Q]]></openid>
<out_trade_no><![CDATA[1606170559234]]></out_trade_no>
<result_code><![CDATA[SUCCESS]]></result_code>
<return_code><![CDATA[SUCCESS]]></return_code>
<sign><![CDATA[9615C1699A2E86510B39EF4ABB770723]]></sign>
<time_end><![CDATA[20160617175931]]></time_end>
<total_fee>1</total_fee>
<trade_type><![CDATA[JSAPI]]></trade_type>
<transaction_id><![CDATA[4008002001201606177421428050]]></transaction_id>
</xml>


执行日期：2016-06-17-18：03：37
【支付成功】:
<xml><appid><![CDATA[wxf87d88851dd206e5]]></appid>
<bank_type><![CDATA[CFT]]></bank_type>
<cash_fee><![CDATA[1]]></cash_fee>
<fee_type><![CDATA[CNY]]></fee_type>
<is_subscribe><![CDATA[Y]]></is_subscribe>
<mch_id><![CDATA[1349473901]]></mch_id>
<nonce_str><![CDATA[zh6cmnjdpgnr2e189ci93h3lkmm5yowy]]></nonce_str>
<openid><![CDATA[osgdzwlHRG0jdgM3mxrN6IiZoQ7Q]]></openid>
<out_trade_no><![CDATA[1606170559234]]></out_trade_no>
<result_code><![CDATA[SUCCESS]]></result_code>
<return_code><![CDATA[SUCCESS]]></return_code>
<sign><![CDATA[9615C1699A2E86510B39EF4ABB770723]]></sign>
<time_end><![CDATA[20160617175931]]></time_end>
<total_fee>1</total_fee>
<trade_type><![CDATA[JSAPI]]></trade_type>
<transaction_id><![CDATA[4008002001201606177421428050]]></transaction_id>
</xml>


执行日期：2016-06-17-18：32：35
【接收到的notify通知】:
<xml><appid><![CDATA[wxf87d88851dd206e5]]></appid>
<bank_type><![CDATA[CFT]]></bank_type>
<cash_fee><![CDATA[1]]></cash_fee>
<fee_type><![CDATA[CNY]]></fee_type>
<is_subscribe><![CDATA[Y]]></is_subscribe>
<mch_id><![CDATA[1349473901]]></mch_id>
<nonce_str><![CDATA[yto9m88mzvs9xhnup19j4rblelem57b8]]></nonce_str>
<openid><![CDATA[osgdzwlHRG0jdgM3mxrN6IiZoQ7Q]]></openid>
<out_trade_no><![CDATA[1606170632272]]></out_trade_no>
<result_code><![CDATA[SUCCESS]]></result_code>
<return_code><![CDATA[SUCCESS]]></return_code>
<sign><![CDATA[A60565E3DA2C7C40952A50480AB07825]]></sign>
<time_end><![CDATA[20160617183235]]></time_end>
<total_fee>1</total_fee>
<trade_type><![CDATA[JSAPI]]></trade_type>
<transaction_id><![CDATA[4008002001201606177424451665]]></transaction_id>
</xml>


执行日期：2016-06-17-18：32：35
【支付成功】:
<xml><appid><![CDATA[wxf87d88851dd206e5]]></appid>
<bank_type><![CDATA[CFT]]></bank_type>
<cash_fee><![CDATA[1]]></cash_fee>
<fee_type><![CDATA[CNY]]></fee_type>
<is_subscribe><![CDATA[Y]]></is_subscribe>
<mch_id><![CDATA[1349473901]]></mch_id>
<nonce_str><![CDATA[yto9m88mzvs9xhnup19j4rblelem57b8]]></nonce_str>
<openid><![CDATA[osgdzwlHRG0jdgM3mxrN6IiZoQ7Q]]></openid>
<out_trade_no><![CDATA[1606170632272]]></out_trade_no>
<result_code><![CDATA[SUCCESS]]></result_code>
<return_code><![CDATA[SUCCESS]]></return_code>
<sign><![CDATA[A60565E3DA2C7C40952A50480AB07825]]></sign>
<time_end><![CDATA[20160617183235]]></time_end>
<total_fee>1</total_fee>
<trade_type><![CDATA[JSAPI]]></trade_type>
<transaction_id><![CDATA[4008002001201606177424451665]]></transaction_id>
</xml>


执行日期：2016-06-17-18：32：51
【接收到的notify通知】:
<xml><appid><![CDATA[wxf87d88851dd206e5]]></appid>
<bank_type><![CDATA[CFT]]></bank_type>
<cash_fee><![CDATA[1]]></cash_fee>
<fee_type><![CDATA[CNY]]></fee_type>
<is_subscribe><![CDATA[Y]]></is_subscribe>
<mch_id><![CDATA[1349473901]]></mch_id>
<nonce_str><![CDATA[yto9m88mzvs9xhnup19j4rblelem57b8]]></nonce_str>
<openid><![CDATA[osgdzwlHRG0jdgM3mxrN6IiZoQ7Q]]></openid>
<out_trade_no><![CDATA[1606170632272]]></out_trade_no>
<result_code><![CDATA[SUCCESS]]></result_code>
<return_code><![CDATA[SUCCESS]]></return_code>
<sign><![CDATA[A60565E3DA2C7C40952A50480AB07825]]></sign>
<time_end><![CDATA[20160617183235]]></time_end>
<total_fee>1</total_fee>
<trade_type><![CDATA[JSAPI]]></trade_type>
<transaction_id><![CDATA[4008002001201606177424451665]]></transaction_id>
</xml>


执行日期：2016-06-17-18：32：51
【支付成功】:
<xml><appid><![CDATA[wxf87d88851dd206e5]]></appid>
<bank_type><![CDATA[CFT]]></bank_type>
<cash_fee><![CDATA[1]]></cash_fee>
<fee_type><![CDATA[CNY]]></fee_type>
<is_subscribe><![CDATA[Y]]></is_subscribe>
<mch_id><![CDATA[1349473901]]></mch_id>
<nonce_str><![CDATA[yto9m88mzvs9xhnup19j4rblelem57b8]]></nonce_str>
<openid><![CDATA[osgdzwlHRG0jdgM3mxrN6IiZoQ7Q]]></openid>
<out_trade_no><![CDATA[1606170632272]]></out_trade_no>
<result_code><![CDATA[SUCCESS]]></result_code>
<return_code><![CDATA[SUCCESS]]></return_code>
<sign><![CDATA[A60565E3DA2C7C40952A50480AB07825]]></sign>
<time_end><![CDATA[20160617183235]]></time_end>
<total_fee>1</total_fee>
<trade_type><![CDATA[JSAPI]]></trade_type>
<transaction_id><![CDATA[4008002001201606177424451665]]></transaction_id>
</xml>


执行日期：2016-06-17-18：33：08
【接收到的notify通知】:
<xml><appid><![CDATA[wxf87d88851dd206e5]]></appid>
<bank_type><![CDATA[CFT]]></bank_type>
<cash_fee><![CDATA[1]]></cash_fee>
<fee_type><![CDATA[CNY]]></fee_type>
<is_subscribe><![CDATA[Y]]></is_subscribe>
<mch_id><![CDATA[1349473901]]></mch_id>
<nonce_str><![CDATA[yto9m88mzvs9xhnup19j4rblelem57b8]]></nonce_str>
<openid><![CDATA[osgdzwlHRG0jdgM3mxrN6IiZoQ7Q]]></openid>
<out_trade_no><![CDATA[1606170632272]]></out_trade_no>
<result_code><![CDATA[SUCCESS]]></result_code>
<return_code><![CDATA[SUCCESS]]></return_code>
<sign><![CDATA[A60565E3DA2C7C40952A50480AB07825]]></sign>
<time_end><![CDATA[20160617183235]]></time_end>
<total_fee>1</total_fee>
<trade_type><![CDATA[JSAPI]]></trade_type>
<transaction_id><![CDATA[4008002001201606177424451665]]></transaction_id>
</xml>


执行日期：2016-06-17-18：33：08
【支付成功】:
<xml><appid><![CDATA[wxf87d88851dd206e5]]></appid>
<bank_type><![CDATA[CFT]]></bank_type>
<cash_fee><![CDATA[1]]></cash_fee>
<fee_type><![CDATA[CNY]]></fee_type>
<is_subscribe><![CDATA[Y]]></is_subscribe>
<mch_id><![CDATA[1349473901]]></mch_id>
<nonce_str><![CDATA[yto9m88mzvs9xhnup19j4rblelem57b8]]></nonce_str>
<openid><![CDATA[osgdzwlHRG0jdgM3mxrN6IiZoQ7Q]]></openid>
<out_trade_no><![CDATA[1606170632272]]></out_trade_no>
<result_code><![CDATA[SUCCESS]]></result_code>
<return_code><![CDATA[SUCCESS]]></return_code>
<sign><![CDATA[A60565E3DA2C7C40952A50480AB07825]]></sign>
<time_end><![CDATA[20160617183235]]></time_end>
<total_fee>1</total_fee>
<trade_type><![CDATA[JSAPI]]></trade_type>
<transaction_id><![CDATA[4008002001201606177424451665]]></transaction_id>
</xml>


